 nomega =        19999
  number of time points:       16728
  delta t =   4.000000000000001E-002
 debug for n =          380    i =            0
           0  2.000000000000000E-002  5.102024000000000E-013
         380  3.800000000000001E-002
  5.102022526535539E-013  3.877537866722330E-016
 debug for n =          380    i =          100
         100   4.02000000000000       1.945273000000000E-006
         380  3.800000000000001E-002
  6.469937275515435E-005  7.673925048851779E-006
 debug for n =          380    i =          200
         200   8.02000000000000       5.585330000000000E-007
         380  3.800000000000001E-002
  2.569002610403510E-004  5.070321709600954E-005
 debug for n =          380    i =          300
         300   12.0200000000000      -1.505665000000000E-005
         380  3.800000000000001E-002
 -2.385535543663019E-004 -1.693768965467722E-004
 debug for n =          380    i =          400
         400   16.0200000000000      -1.171970000000000E-005
         380  3.800000000000001E-002
 -2.004627549710642E-003 -1.210557750946397E-003
 debug for n =          380    i =          500
         500   20.0200000000000       5.082374000000000E-005
         380  3.800000000000001E-002
 -2.816205814948303E-004  3.092517991994107E-004
 debug for n =          380    i =          600
         600   24.0200000000000       1.607491000000000E-005
         380  3.800000000000001E-002
  2.402409415991360E-003  3.215538571046347E-003
 debug for n =          380    i =          700
         700   28.0200000000000      -6.380342000000000E-005
         380  3.800000000000001E-002
  1.473966561318766E-003  1.621553878271608E-003
 debug for n =          380    i =          800
         800   32.0200000000000      -8.743095999999999E-005
         380  3.800000000000001E-002
 -2.668335011984460E-003 -7.526268153266557E-003
 debug for n =          380    i =          900
         900   36.0200000000000       1.541124000000000E-004
         380  3.800000000000001E-002
 -1.975677116948081E-003 -3.887918171844901E-003
 debug for n =          380    i =         1000
        1000   40.0200000000000       7.849835000000000E-005
         380  3.800000000000001E-002
 -7.701627326900033E-005  1.028446334296622E-002
 debug for n =          380    i =         1100
        1100   44.0200000000000      -1.102713000000000E-004
         380  3.800000000000001E-002
  1.804353125909522E-004  9.297057365011407E-003
 debug for n =          380    i =         1200
        1200   48.0200000000000      -2.578325000000000E-004
         380  3.800000000000001E-002
  4.362693370937337E-003 -1.263838510933148E-002
 debug for n =          380    i =         1300
        1300   52.0200000000000       2.580164000000000E-004
         380  3.800000000000001E-002
  4.414330950007171E-003 -1.495544219487371E-002
 debug for n =          380    i =         1400
        1400   56.0200000000000       2.248061000000000E-004
         380  3.800000000000001E-002
 -1.014719469372071E-002  1.298165377100303E-002
 debug for n =          380    i =         1500
        1500   60.0200000000000      -1.236565000000000E-004
         380  3.800000000000001E-002
 -1.273216468378095E-002  1.721691780695648E-002
 debug for n =          380    i =         1600
        1600   64.0200000000000      -5.025519000000000E-004
         380  3.800000000000001E-002
  1.230724191592802E-002 -7.009096484503794E-003
 debug for n =          380    i =         1700
        1700   68.0200000000000       2.724060000000000E-004
         380  3.800000000000001E-002
  2.807774611168027E-002 -1.986151342600076E-002
 debug for n =          380    i =         1800
        1800   72.0200000000000       4.835031000000000E-004
         380  3.800000000000001E-002
 -1.829272794248688E-002  4.005607994677683E-003
 debug for n =          380    i =         1900
        1900   76.0200000000000      -8.438249000000000E-005
         380  3.800000000000001E-002
 -3.602334405315617E-002  1.080286687006647E-002
 debug for n =          380    i =         2000
        2000   80.0200000000000      -7.584741000000000E-004
         380  3.800000000000001E-002
  6.537586092030113E-003  4.153478034972325E-003
 debug for n =          380    i =         2100
        2100   84.0200000000000       1.040926000000000E-004
         380  3.800000000000001E-002
  5.793299636379190E-002  1.760498883554661E-003
 debug for n =          380    i =         2200
        2200   88.0200000000000       8.500913000000000E-004
         380  3.800000000000001E-002
 -1.015309706908407E-002 -7.975314208644325E-003
 debug for n =          380    i =         2300
        2300   92.0200000000000       2.568528000000000E-005
         380  3.800000000000001E-002
 -5.265617139045983E-002 -1.906037115350711E-002
 debug for n =          380    i =         2400
        2400   96.0200000000000      -9.485557000000000E-004
         380  3.800000000000001E-002
 -1.355586656279780E-002  3.587036695107905E-004
 debug for n =          380    i =         2500
        2500   100.020000000000      -2.992491000000000E-004
         380  3.800000000000001E-002
  6.303370387886614E-002  4.996762119456139E-002
 debug for n =          380    i =         2600
        2600   104.020000000000       1.263638000000000E-003
         380  3.800000000000001E-002
  1.156008185924101E-002  5.261562184320503E-004
 debug for n =          380    i =         2700
        2700   108.020000000000       2.360237000000000E-004
         380  3.800000000000001E-002
 -4.073706293467923E-002 -6.152368791733983E-002
 debug for n =          380    i =         2800
        2800   112.020000000000      -1.015240000000000E-003
         380  3.800000000000001E-002
 -2.455116006373330E-002 -3.084842000538305E-002
 debug for n =          380    i =         2900
        2900   116.020000000000      -9.148372000000000E-004
         380  3.800000000000001E-002
  2.411228861776685E-002  9.124581897530561E-002
 debug for n =          380    i =         3000
        3000   120.020000000000       1.601307000000000E-003
         380  3.800000000000001E-002
  1.608019420148267E-002  4.126947875733573E-002
 debug for n =          380    i =         3100
        3100   124.020000000000       5.888840000000000E-004
         380  3.800000000000001E-002
  4.993796147275140E-003 -8.693236619946780E-002
 debug for n =          380    i =         3200
        3200   128.020000000000      -9.403021000000000E-004
         380  3.800000000000001E-002
  1.972235168905000E-003 -7.218041029924298E-002
 debug for n =          380    i =         3300
        3300   132.020000000000      -1.638425000000000E-003
         380  3.800000000000001E-002
 -3.596007657243647E-002  8.582369195577873E-002
 debug for n =          380    i =         3400
        3400   136.020000000000       1.702182000000000E-003
         380  3.800000000000001E-002
 -3.119469076820601E-002  8.618381499359552E-002
 debug for n =          380    i =         3500
        3500   140.020000000000       1.120889000000000E-003
         380  3.800000000000001E-002
  5.921206791165609E-002 -6.888123939512622E-002
 debug for n =          380    i =         3600
        3600   144.020000000000      -7.406091000000000E-004
         380  3.800000000000001E-002
  6.815785964685665E-002 -8.343501595436699E-002
 debug for n =          380    i =         3700
        3700   148.020000000000      -2.312228000000000E-003
         380  3.800000000000001E-002
 -6.471862522264255E-002  3.336687249967938E-002
 debug for n =          380    i =         3800
        3800   152.020000000000       1.418315000000000E-003
         380  3.800000000000001E-002
 -0.123087777418510       7.783364211379439E-002
 debug for n =          380    i =         3900
        3900   156.020000000000       1.828732000000000E-003
         380  3.800000000000001E-002
  7.829462296456943E-002 -1.404717607263064E-002
 debug for n =          380    i =         4000
        4000   160.020000000000      -4.429900000000000E-004
         380  3.800000000000001E-002
  0.138078418013917      -3.405375919818261E-002
 debug for n =          380    i =         4100
        4100   164.020000000000      -2.777422000000000E-003
         380  3.800000000000001E-002
 -3.222487902084965E-002 -1.574645513198794E-002
 debug for n =          380    i =         4200
        4200   168.020000000000       6.759987000000001E-004
         380  3.800000000000001E-002
 -0.195053655845145      -1.536509420327584E-002
 debug for n =          380    i =         4300
        4300   172.020000000000       2.635258000000000E-003
         380  3.800000000000001E-002
  3.964166726156713E-002  2.945340848935080E-002
 debug for n =          380    i =         4400
        4400   176.020000000000      -5.396973000000000E-005
         380  3.800000000000001E-002
  0.158655240472212       6.655662016124110E-002
 debug for n =          380    i =         4500
        4500   180.020000000000      -2.929030000000000E-003
         380  3.800000000000001E-002
  3.075147573239153E-002 -4.681804316944274E-003
 debug for n =          380    i =         4600
        4600   184.020000000000      -4.783941000000000E-004
         380  3.800000000000001E-002
 -0.173308906229261      -0.150810419658203     
 debug for n =          380    i =         4700
        4700   188.020000000000       3.377283000000000E-003
         380  3.800000000000001E-002
 -2.285735641963905E-002  7.157488312243028E-003
 debug for n =          380    i =         4800
        4800   192.020000000000       4.554617000000000E-004
         380  3.800000000000001E-002
  9.872271001849933E-002  0.166334341364018     
 debug for n =          380    i =         4900
        4900   196.020000000000      -2.748633000000000E-003
         380  3.800000000000001E-002
  5.359055872031022E-002  7.094230200052210E-002
 debug for n =          380    i =         5000
        5000   200.020000000000      -1.870888000000000E-003
         380  3.800000000000001E-002
 -5.075634569101433E-002 -0.232085109421945     
 debug for n =          380    i =         5100
        5100   204.020000000000       3.830411000000000E-003
         380  3.800000000000001E-002
 -3.181460042277676E-002 -8.198468214002971E-002
 debug for n =          380    i =         5200
        5200   208.020000000000       1.136536000000000E-003
         380  3.800000000000001E-002
 -2.106733062066232E-002  0.200697442260836     
 debug for n =          380    i =         5300
        5300   212.020000000000      -2.299942000000000E-003
         380  3.800000000000001E-002
 -1.029107622585136E-002  0.149973471544816     
 debug for n =          380    i =         5400
        5400   216.020000000000      -3.239336000000000E-003
         380  3.800000000000001E-002
  8.993739533258192E-002 -0.193754088107017     
 debug for n =          380    i =         5500
        5500   220.020000000000       3.770574000000000E-003
         380  3.800000000000001E-002
  6.429525275859763E-002 -0.160901706627360     
 debug for n =          380    i =         5600
        5600   224.020000000000       2.022401000000000E-003
         380  3.800000000000001E-002
 -0.131203355859987       0.140081359156404     
 debug for n =          380    i =         5700
        5700   228.020000000000      -1.689527000000000E-003
         380  3.800000000000001E-002
 -0.137043022745254       0.153296636861389     
 debug for n =          380    i =         5800
        5800   232.020000000000      -4.308688000000000E-003
         380  3.800000000000001E-002
  0.142908010722918      -6.976129688203409E-002
 debug for n =          380    i =         5900
        5900   236.020000000000       3.053776000000000E-003
         380  3.800000000000001E-002
  0.223515123955819      -0.128781841095445     
 debug for n =          380    i =         6000
        6000   240.020000000000       3.078488000000000E-003
         380  3.800000000000001E-002
 -0.157220873087579       2.333887204902000E-002
 debug for n =          380    i =         6100
        6100   244.020000000000      -1.011952000000000E-003
         380  3.800000000000001E-002
 -0.245018981728203       4.886442310693412E-002
 debug for n =          380    i =         6200
        6200   248.020000000000      -4.874631000000000E-003
         380  3.800000000000001E-002
  7.722832489264712E-002  2.990324796344680E-002
 debug for n =          380    i =         6300
        6300   252.020000000000       1.683482000000000E-003
         380  3.800000000000001E-002
  0.323110400818913       3.987616231765590E-002
 debug for n =          380    i =         6400
        6400   256.020000000000       4.169986000000000E-003
         380  3.800000000000001E-002
 -8.279089688137636E-002 -5.772264271252756E-002
 debug for n =          380    i =         6500
        6500   260.020000000000      -3.066245000000000E-004
         380  3.800000000000001E-002
 -0.253119131366636      -0.119691449787214     
 debug for n =          380    i =         6600
        6600   264.020000000000      -4.863007000000000E-003
         380  3.800000000000001E-002
 -3.127561770605759E-002  1.814578676444913E-002
 debug for n =          380    i =         6700
        6700   268.020000000000      -1.642171000000000E-004
         380  3.800000000000001E-002
  0.261755015235696       0.249310189549397     
 debug for n =          380    i =         6800
        6800   272.020000000000       5.068979000000000E-003
         380  3.800000000000001E-002
  2.020064608353910E-002 -2.864661410466563E-002
 debug for n =          380    i =         6900
        6900   276.020000000000       4.512937000000000E-004
         380  3.800000000000001E-002
 -0.138773496223097      -0.258946697047562     
 debug for n =          380    i =         7000
        7000   280.020000000000      -4.341633000000000E-003
         380  3.800000000000001E-002
 -6.790969171838628E-002 -8.970597582662944E-002
 debug for n =          380    i =         7100
        7100   284.020000000000      -2.173129000000000E-003
         380  3.800000000000001E-002
  6.080728517460703E-002  0.351294161466558     
 debug for n =          380    i =         7200
        7200   288.020000000000       5.507974000000000E-003
         380  3.800000000000001E-002
  3.833670176106601E-002  9.188198148249013E-002
 debug for n =          380    i =         7300
        7300   292.020000000000       1.319882000000000E-003
         380  3.800000000000001E-002
  4.226717953665642E-002 -0.285584177513585     
 debug for n =          380    i =         7400
        7400   296.020000000000      -3.480851000000000E-003
         380  3.800000000000001E-002
  1.908559310911425E-002 -0.190365458437901     
 debug for n =          380    i =         7500
        7500   300.020000000000      -3.970136000000000E-003
         380  3.800000000000001E-002
 -0.141387554130803       0.275263727712869     
 debug for n =          380    i =         7600
        7600   304.020000000000       5.265380000000000E-003
         380  3.800000000000001E-002
 -8.155493994994006E-002  0.187966788313875     
 debug for n =          380    i =         7700
        7700   308.020000000000       2.333353000000000E-003
         380  3.800000000000001E-002
  0.186396321183716      -0.183870246328727     
 debug for n =          380    i =         7800
        7800   312.020000000000      -2.480850000000000E-003
         380  3.800000000000001E-002
  0.176204098762991      -0.182003800347559     
 debug for n =          380    i =         7900
        7900   316.020000000000      -5.230941000000000E-003
         380  3.800000000000001E-002
 -0.207207737551164       9.425299568622546E-002
 debug for n =          380    i =         8000
        8000   320.020000000000       4.251754000000000E-003
         380  3.800000000000001E-002
 -0.266313864586137       0.139688634784913     
 debug for n =          380    i =         8100
        8100   324.020000000000       3.447078000000000E-003
         380  3.800000000000001E-002
  0.209662469781830      -2.439590232669706E-002
 debug for n =          380    i =         8200
        8200   328.020000000000      -1.497540000000000E-003
         380  3.800000000000001E-002
  0.291060648026390      -4.514196001704408E-002
 debug for n =          380    i =         8300
        8300   332.020000000000      -5.770195000000000E-003
         380  3.800000000000001E-002
 -0.118967537118218      -4.090170015445569E-002
 debug for n =          380    i =         8400
        8400   336.020000000000       2.561462000000000E-003
         380  3.800000000000001E-002
 -0.363700295032451      -6.074685641932705E-002
 debug for n =          380    i =         8500
        8500   340.020000000000       4.514252000000000E-003
         380  3.800000000000001E-002
  0.113044587338736       7.818770836431434E-002
 debug for n =          380    i =         8600
        8600   344.020000000000      -5.983870000000000E-004
         380  3.800000000000001E-002
  0.278172899774354       0.146986718418525     
 debug for n =          380    i =         8700
        8700   348.020000000000      -5.583487000000000E-003
         380  3.800000000000001E-002
  1.388831015472038E-002 -3.538705617049268E-002
 debug for n =          380    i =         8800
        8800   352.020000000000       4.656217000000000E-004
         380  3.800000000000001E-002
 -0.274825184672664      -0.285465776270816     
 debug for n =          380    i =         8900
        8900   356.020000000000       5.310810000000000E-003
         380  3.800000000000001E-002
 -8.147243427025011E-003  5.174932206591316E-002
 debug for n =          380    i =         9000
        9000   360.020000000000       2.349044000000000E-004
         380  3.800000000000001E-002
  0.136017917726757       0.283618322863290     
 debug for n =          380    i =         9100
        9100   364.020000000000      -4.827814000000000E-003
         380  3.800000000000001E-002
  5.994007987350529E-002  7.522943653147948E-002
 debug for n =          380    i =         9200
        9200   368.020000000000      -1.655450000000000E-003
         380  3.800000000000001E-002
 -4.867298899506179E-002 -0.375347295536087     
 debug for n =          380    i =         9300
        9300   372.020000000000       5.603682000000000E-003
         380  3.800000000000001E-002
 -3.503521454415667E-002 -6.721405693941729E-002
 debug for n =          380    i =         9400
        9400   376.020000000000       1.061761000000000E-003
         380  3.800000000000001E-002
 -5.606335499484378E-002  0.289858926534628     
 debug for n =          380    i =         9500
        9500   380.020000000000      -3.751652000000000E-003
         380  3.800000000000001E-002
 -2.216894193679893E-002  0.170649381635019     
 debug for n =          380    i =         9600
        9600   384.020000000000      -3.417983000000000E-003
         380  3.800000000000001E-002
  0.157168645009953      -0.278396243091917     
 debug for n =          380    i =         9700
        9700   388.020000000000       5.236967000000000E-003
         380  3.800000000000001E-002
  7.111313530519493E-002 -0.155421439117168     
 debug for n =          380    i =         9800
        9800   392.020000000000       1.920226000000000E-003
         380  3.800000000000001E-002
 -0.190505918444804       0.172861622772246     
 debug for n =          380    i =         9900
        9900   396.020000000000      -2.604934000000000E-003
         380  3.800000000000001E-002
 -0.162459991111375       0.155003239361662     
 debug for n =          380    i =        10000
       10000   400.020000000000      -4.541053000000000E-003
         380  3.800000000000001E-002
  0.214027400473068      -8.951104694694274E-002
 debug for n =          380    i =        10100
       10100   404.020000000000       4.200749000000000E-003
         380  3.800000000000001E-002
  0.226573590636292      -0.108394102609675     
 debug for n =          380    i =        10200
       10200   408.020000000000       2.778328000000000E-003
         380  3.800000000000001E-002
 -0.201098580893057       1.631359358412474E-002
 debug for n =          380    i =        10300
       10300   412.020000000000      -1.564905000000000E-003
         380  3.800000000000001E-002
 -0.250210101101307       2.792809891694508E-002
 debug for n =          380    i =        10400
       10400   416.020000000000      -4.915832000000000E-003
         380  3.800000000000001E-002
  0.125434480403206       4.225106021653154E-002
 debug for n =          380    i =        10500
       10500   420.020000000000       2.652720000000000E-003
         380  3.800000000000001E-002
  0.294310160133669       6.206257086631985E-002
 debug for n =          380    i =        10600
       10600   424.020000000000       3.523910000000000E-003
         380  3.800000000000001E-002
 -0.107936891144352      -7.633396782119528E-002
 debug for n =          380    i =        10700
       10700   428.020000000000      -7.041586000000000E-004
         380  3.800000000000001E-002
 -0.221437198389960      -0.129642957726303     
 debug for n =          380    i =        10800
       10800   432.020000000000      -4.615482000000000E-003
         380  3.800000000000001E-002
  4.407241941596522E-003  4.285236187500751E-002
 debug for n =          380    i =        10900
       10900   436.020000000000       8.814424000000000E-004
         380  3.800000000000001E-002
  0.206605441977440       0.234580859623336     
 debug for n =          380    i =        11000
       11000   440.020000000000       3.998995000000000E-003
         380  3.800000000000001E-002
 -2.597967874127349E-003 -5.703445703216985E-002
 debug for n =          380    i =        11100
       11100   444.020000000000      -6.904287000000000E-006
         380  3.800000000000001E-002
 -9.554317122070084E-002 -0.223712711862511     
 debug for n =          380    i =        11200
       11200   448.020000000000      -3.847154000000000E-003
         380  3.800000000000001E-002
 -3.859446001005511E-002 -4.146022192861159E-002
 debug for n =          380    i =        11300
       11300   452.020000000000      -7.762041000000000E-004
         380  3.800000000000001E-002
  2.426008546557943E-002  0.286387366237252     
 debug for n =          380    i =        11400
       11400   456.020000000000       4.063618000000000E-003
         380  3.800000000000001E-002
  2.420263668788489E-002  3.046277437878451E-002
 debug for n =          380    i =        11500
       11500   460.020000000000       5.817053000000000E-004
         380  3.800000000000001E-002
  5.005112000241847E-002 -0.209876146642341     
 debug for n =          380    i =        11600
       11600   464.020000000000      -2.869400000000000E-003
         380  3.800000000000001E-002
  1.632311242941104E-002 -0.107896897517612     
 debug for n =          380    i =        11700
       11700   468.020000000000      -2.032558000000000E-003
         380  3.800000000000001E-002
 -0.123270961493068       0.198196929869981     
 debug for n =          380    i =        11800
       11800   472.020000000000       3.660152000000000E-003
         380  3.800000000000001E-002
 -4.265974797092748E-002  8.985426318283891E-002
 debug for n =          380    i =        11900
       11900   476.020000000000       1.101090000000000E-003
         380  3.800000000000001E-002
  0.136334503806001      -0.113699058489661     
 debug for n =          380    i =        12000
       12000   480.020000000000      -1.909091000000000E-003
         380  3.800000000000001E-002
  0.104409244997677      -9.244554658698818E-002
 debug for n =          380    i =        12100
       12100   484.020000000000      -2.725714000000000E-003
         380  3.800000000000001E-002
 -0.153094438495082       5.764998158029236E-002
 debug for n =          380    i =        12200
       12200   488.020000000000       2.848691000000000E-003
         380  3.800000000000001E-002
 -0.133591689972048       5.803542632398605E-002
 debug for n =          380    i =        12300
       12300   492.020000000000       1.542517000000000E-003
         380  3.800000000000001E-002
  0.131835015739066      -5.644032901926156E-003
 debug for n =          380    i =        12400
       12400   496.020000000000      -1.107812000000000E-003
         380  3.800000000000001E-002
  0.147912624806326      -1.011776358359702E-002
 debug for n =          380    i =        12500
       12500   500.020000000000      -2.849047000000000E-003
         380  3.800000000000001E-002
 -8.715073706793054E-002 -3.049931897346762E-002
 debug for n =          380    i =        12600
       12600   504.020000000000       1.797094000000000E-003
         380  3.800000000000001E-002
 -0.161754228109899      -4.129295725333221E-002
 debug for n =          380    i =        12700
       12700   508.020000000000       1.851728000000000E-003
         380  3.800000000000001E-002
  6.678224659116754E-002  4.979153151986620E-002
 debug for n =          380    i =        12800
       12800   512.020000000000      -5.116097999999999E-004
         380  3.800000000000001E-002
  0.117944099815048       7.648565914120115E-002
 debug for n =          380    i =        12900
       12900   516.020000000000      -2.527770000000000E-003
         380  3.800000000000001E-002
 -9.931526617843090E-003 -3.133585824307726E-002
 debug for n =          380    i =        13000
       13000   520.020000000000       7.294083000000000E-004
         380  3.800000000000001E-002
 -0.102047130664177      -0.126661459264258     
 debug for n =          380    i =        13100
       13100   524.020000000000       1.961899000000000E-003
         380  3.800000000000001E-002
  4.156396215676606E-003  3.714661236219487E-002
 debug for n =          380    i =        13200
       13200   528.020000000000      -9.798975000000000E-005
         380  3.800000000000001E-002
  4.257175139952868E-002  0.114358369257710     
 debug for n =          380    i =        13300
       13300   532.020000000000      -1.957525000000000E-003
         380  3.800000000000001E-002
  1.608960482385196E-002  1.289718450882099E-002
 debug for n =          380    i =        13400
       13400   536.020000000000      -1.456866000000000E-004
         380  3.800000000000001E-002
 -5.571065513013399E-003 -0.137754747396699     
 debug for n =          380    i =        13500
       13500   540.020000000000       1.837088000000000E-003
         380  3.800000000000001E-002
 -1.146170424447084E-002 -6.562943555005402E-003
 debug for n =          380    i =        13600
       13600   544.020000000000       1.805798000000000E-004
         380  3.800000000000001E-002
 -2.714246817356145E-002  9.364854242617322E-002
 debug for n =          380    i =        13700
       13700   548.020000000000      -1.332879000000000E-003
         380  3.800000000000001E-002
 -7.367920999805617E-003  4.174493455327671E-002
 debug for n =          380    i =        13800
       13800   552.020000000000      -6.971625000000000E-004
         380  3.800000000000001E-002
  5.721883950137791E-002 -8.370572215123558E-002
 debug for n =          380    i =        13900
       13900   556.020000000000       1.502272000000000E-003
         380  3.800000000000001E-002
  1.475092878736141E-002 -3.082857858069334E-002
 debug for n =          380    i =        14000
       14000   560.020000000000       3.605542000000000E-004
         380  3.800000000000001E-002
 -5.654858402131936E-002  4.277070647144770E-002
 debug for n =          380    i =        14100
       14100   564.020000000000      -7.933772000000000E-004
         380  3.800000000000001E-002
 -3.892955027227648E-002  3.159866075728066E-002
 debug for n =          380    i =        14200
       14200   568.020000000000      -9.010026000000000E-004
         380  3.800000000000001E-002
  5.983376761341729E-002 -1.979322048642658E-002
 debug for n =          380    i =        14300
       14300   572.020000000000       1.043941000000000E-003
         380  3.800000000000001E-002
  4.322756778523308E-002 -1.690327850936074E-002
 debug for n =          380    i =        14400
       14400   576.020000000000       4.540669000000000E-004
         380  3.800000000000001E-002
 -4.542408586481550E-002 -9.274883206098373E-005
 debug for n =          380    i =        14500
       14500   580.020000000000      -4.030162000000000E-004
         380  3.800000000000001E-002
 -4.623459524070461E-002  9.742799864291929E-004
 debug for n =          380    i =        14600
       14600   584.020000000000      -8.285734000000000E-004
         380  3.800000000000001E-002
  2.872113423411746E-002  1.111900051513280E-002
 debug for n =          380    i =        14700
       14700   588.020000000000       5.807446000000000E-004
         380  3.800000000000001E-002
  4.366455914114153E-002  1.338783691910367E-002
 debug for n =          380    i =        14800
       14800   592.020000000000       4.592647000000000E-004
         380  3.800000000000001E-002
 -1.858736142182612E-002 -1.492879837542569E-002
 debug for n =          380    i =        14900
       14900   596.020000000000      -1.620858000000000E-004
         380  3.800000000000001E-002
 -2.903767378945540E-002 -2.089239785172531E-002
 debug for n =          380    i =        15000
       15000   600.020000000000      -6.037677000000000E-004
         380  3.800000000000001E-002
  3.017970553409098E-003  8.874227068950503E-003
 debug for n =          380    i =        15100
       15100   604.020000000000       2.186739000000000E-004
         380  3.800000000000001E-002
  2.077438546893738E-002  2.885654890626401E-002
 debug for n =          380    i =        15200
       15200   608.020000000000       3.818613000000000E-004
         380  3.800000000000001E-002
 -9.302866335969854E-004 -8.325251628862280E-003
 debug for n =          380    i =        15300
       15300   612.020000000000      -3.673740000000000E-005
         380  3.800000000000001E-002
 -7.036447216619994E-003 -2.215888329610801E-002
 debug for n =          380    i =        15400
       15400   616.020000000000      -3.504735000000000E-004
         380  3.800000000000001E-002
 -2.759990470012424E-003 -1.905326743799801E-003
 debug for n =          380    i =        15500
       15500   620.020000000000       1.246189000000000E-005
         380  3.800000000000001E-002
 -4.606961371831813E-004  2.165641810161063E-002
 debug for n =          380    i =        15600
       15600   624.020000000000       2.506645000000000E-004
         380  3.800000000000001E-002
  1.413627618706981E-003  8.840186442959745E-004
 debug for n =          380    i =        15700
       15700   628.020000000000       1.272426000000000E-005
         380  3.800000000000001E-002
  3.916124218841235E-003 -1.131605050870520E-002
 debug for n =          380    i =        15800
       15800   632.020000000000      -1.527886000000000E-004
         380  3.800000000000001E-002
  1.037221400481413E-003 -4.676964687706653E-003
 debug for n =          380    i =        15900
       15900   636.020000000000      -4.894089000000000E-005
         380  3.800000000000001E-002
 -5.847352373132437E-003  7.305935948854380E-003
 debug for n =          380    i =        16000
       16000   640.020000000000       1.150615000000000E-004
         380  3.800000000000001E-002
 -1.616939271681609E-003  2.453213945057544E-003
 debug for n =          380    i =        16100
       16100   644.020000000000       1.801068000000000E-005
         380  3.800000000000001E-002
  3.326374484144296E-003 -2.197118911928255E-003
 debug for n =          380    i =        16200
       16200   648.020000000000      -4.100445000000000E-005
         380  3.800000000000001E-002
  2.159081290295461E-003 -1.514980568861462E-003
 debug for n =          380    i =        16300
       16300   652.020000000000      -2.744048000000000E-005
         380  3.800000000000001E-002
 -1.953128767426515E-003  3.967901099316028E-004
 debug for n =          380    i =        16400
       16400   656.020000000000       2.432411000000000E-005
         380  3.800000000000001E-002
 -1.383649059097584E-003  3.049503480939766E-004
 debug for n =          380    i =        16500
       16500   660.020000000000       4.957202000000000E-006
         380  3.800000000000001E-002
  1.616236040040713E-004  7.941549348230936E-005
 debug for n =          380    i =        16600
       16600   664.020000000000      -2.279208000000000E-006
         380  3.800000000000001E-002
  1.796420333825264E-004  7.128659352924694E-005
 debug for n =          380    i =        16700
       16700   668.020000000000      -5.357617000000000E-007
         380  3.800000000000001E-002
  5.661142000832744E-007  4.196041337780465E-005
