Creating /work/02971/jvenzke/3pulse-IR/3p-ir-src
Copying /home1/02971/jvenzke/Laser-pulse-project-s14/REU-Files/Development/work-29 to work-29
Copying /home1/02971/jvenzke/Laser-pulse-project-s14/REU-Files/Development/Input-files/tdse-3p-ir-Nicolas.inp to tdse-3p-ir-Nicolas.inp
Copying /home1/02971/jvenzke/Laser-pulse-project-s14/REU-Files/Development/Input-files/ne.wfn to ne.wfn
Creating /work/02971/jvenzke/3pulse-IR/3p-ir-0.685d0-0.00d0
Copying /work/02971/jvenzke/3pulse-IR/3p-ir-src/tdse-3p-ir-Nicolas.inp to ./tdse.inp
Copying /work/02971/jvenzke/3pulse-IR/3p-ir-src/ne.wfn to ./ne.wfn
Creating /work/02971/jvenzke/3pulse-IR/3p-ir-0.685d0-0.05d0
Copying /work/02971/jvenzke/3pulse-IR/3p-ir-src/tdse-3p-ir-Nicolas.inp to ./tdse.inp
Copying /work/02971/jvenzke/3pulse-IR/3p-ir-src/ne.wfn to ./ne.wfn
Creating /work/02971/jvenzke/3pulse-IR/3p-ir-0.685d0-0.10d0
Copying /work/02971/jvenzke/3pulse-IR/3p-ir-src/tdse-3p-ir-Nicolas.inp to ./tdse.inp
Copying /work/02971/jvenzke/3pulse-IR/3p-ir-src/ne.wfn to ./ne.wfn
Creating /work/02971/jvenzke/3pulse-IR/3p-ir-0.685d0-0.15d0
Copying /work/02971/jvenzke/3pulse-IR/3p-ir-src/tdse-3p-ir-Nicolas.inp to ./tdse.inp
Copying /work/02971/jvenzke/3pulse-IR/3p-ir-src/ne.wfn to ./ne.wfn
Creating /work/02971/jvenzke/3pulse-IR/3p-ir-0.685d0-0.20d0
Copying /work/02971/jvenzke/3pulse-IR/3p-ir-src/tdse-3p-ir-Nicolas.inp to ./tdse.inp
Copying /work/02971/jvenzke/3pulse-IR/3p-ir-src/ne.wfn to ./ne.wfn
Creating /work/02971/jvenzke/3pulse-IR/3p-ir-0.685d0-0.25d0
Copying /work/02971/jvenzke/3pulse-IR/3p-ir-src/tdse-3p-ir-Nicolas.inp to ./tdse.inp
Copying /work/02971/jvenzke/3pulse-IR/3p-ir-src/ne.wfn to ./ne.wfn
Creating /work/02971/jvenzke/3pulse-IR/3p-ir-0.685d0-0.30d0
Copying /work/02971/jvenzke/3pulse-IR/3p-ir-src/tdse-3p-ir-Nicolas.inp to ./tdse.inp
Copying /work/02971/jvenzke/3pulse-IR/3p-ir-src/ne.wfn to ./ne.wfn
