Creating /work/02971/jvenzke/fixed-3p/3p-src
Copying /home1/02971/jvenzke/Laser-pulse-project-s14/REU-Files/Development/work-29 to work-29
Copying /home1/02971/jvenzke/Laser-pulse-project-s14/REU-Files/Development/Input-files/tdse-3pulse-IR-klaus.inp to tdse-3pulse-IR-klaus.inp
Copying /home1/02971/jvenzke/Laser-pulse-project-s14/REU-Files/Development/Input-files/ne.wfn to ne.wfn
Creating /work/02971/jvenzke/fixed-3p/3p-0.730d0-0.00d0
Copying /work/02971/jvenzke/fixed-3p/3p-src/tdse-3pulse-IR-klaus.inp to ./tdse.inp
Copying /work/02971/jvenzke/fixed-3p/3p-src/ne.wfn to ./ne.wfn
Creating /work/02971/jvenzke/fixed-3p/3p-0.730d0-0.05d0
Copying /work/02971/jvenzke/fixed-3p/3p-src/tdse-3pulse-IR-klaus.inp to ./tdse.inp
Copying /work/02971/jvenzke/fixed-3p/3p-src/ne.wfn to ./ne.wfn
Creating /work/02971/jvenzke/fixed-3p/3p-0.730d0-0.10d0
Copying /work/02971/jvenzke/fixed-3p/3p-src/tdse-3pulse-IR-klaus.inp to ./tdse.inp
Copying /work/02971/jvenzke/fixed-3p/3p-src/ne.wfn to ./ne.wfn
Creating /work/02971/jvenzke/fixed-3p/3p-0.730d0-0.15d0
Copying /work/02971/jvenzke/fixed-3p/3p-src/tdse-3pulse-IR-klaus.inp to ./tdse.inp
Copying /work/02971/jvenzke/fixed-3p/3p-src/ne.wfn to ./ne.wfn
Creating /work/02971/jvenzke/fixed-3p/3p-0.730d0-0.20d0
Copying /work/02971/jvenzke/fixed-3p/3p-src/tdse-3pulse-IR-klaus.inp to ./tdse.inp
Copying /work/02971/jvenzke/fixed-3p/3p-src/ne.wfn to ./ne.wfn
Creating /work/02971/jvenzke/fixed-3p/3p-0.730d0-0.25d0
Copying /work/02971/jvenzke/fixed-3p/3p-src/tdse-3pulse-IR-klaus.inp to ./tdse.inp
Copying /work/02971/jvenzke/fixed-3p/3p-src/ne.wfn to ./ne.wfn
Creating /work/02971/jvenzke/fixed-3p/3p-0.730d0-0.30d0
Copying /work/02971/jvenzke/fixed-3p/3p-src/tdse-3pulse-IR-klaus.inp to ./tdse.inp
Copying /work/02971/jvenzke/fixed-3p/3p-src/ne.wfn to ./ne.wfn
Creating /work/02971/jvenzke/fixed-3p/3p-0.730d0-0.35d0
Copying /work/02971/jvenzke/fixed-3p/3p-src/tdse-3pulse-IR-klaus.inp to ./tdse.inp
Copying /work/02971/jvenzke/fixed-3p/3p-src/ne.wfn to ./ne.wfn
Creating /work/02971/jvenzke/fixed-3p/3p-0.730d0-0.40d0
Copying /work/02971/jvenzke/fixed-3p/3p-src/tdse-3pulse-IR-klaus.inp to ./tdse.inp
Copying /work/02971/jvenzke/fixed-3p/3p-src/ne.wfn to ./ne.wfn
Creating /work/02971/jvenzke/fixed-3p/3p-0.730d0-0.45d0
Copying /work/02971/jvenzke/fixed-3p/3p-src/tdse-3pulse-IR-klaus.inp to ./tdse.inp
Copying /work/02971/jvenzke/fixed-3p/3p-src/ne.wfn to ./ne.wfn
Creating /work/02971/jvenzke/fixed-3p/3p-0.730d0-0.50d0
Copying /work/02971/jvenzke/fixed-3p/3p-src/tdse-3pulse-IR-klaus.inp to ./tdse.inp
Copying /work/02971/jvenzke/fixed-3p/3p-src/ne.wfn to ./ne.wfn
Creating /work/02971/jvenzke/fixed-3p/3p-0.730d0-0.55d0
Copying /work/02971/jvenzke/fixed-3p/3p-src/tdse-3pulse-IR-klaus.inp to ./tdse.inp
Copying /work/02971/jvenzke/fixed-3p/3p-src/ne.wfn to ./ne.wfn
Creating /work/02971/jvenzke/fixed-3p/3p-0.730d0-0.60d0
Copying /work/02971/jvenzke/fixed-3p/3p-src/tdse-3pulse-IR-klaus.inp to ./tdse.inp
Copying /work/02971/jvenzke/fixed-3p/3p-src/ne.wfn to ./ne.wfn
Creating /work/02971/jvenzke/fixed-3p/3p-0.730d0-0.65d0
Copying /work/02971/jvenzke/fixed-3p/3p-src/tdse-3pulse-IR-klaus.inp to ./tdse.inp
Copying /work/02971/jvenzke/fixed-3p/3p-src/ne.wfn to ./ne.wfn
Creating /work/02971/jvenzke/fixed-3p/3p-0.730d0-0.70d0
Copying /work/02971/jvenzke/fixed-3p/3p-src/tdse-3pulse-IR-klaus.inp to ./tdse.inp
Copying /work/02971/jvenzke/fixed-3p/3p-src/ne.wfn to ./ne.wfn
Creating /work/02971/jvenzke/fixed-3p/3p-0.730d0-0.75d0
Copying /work/02971/jvenzke/fixed-3p/3p-src/tdse-3pulse-IR-klaus.inp to ./tdse.inp
Copying /work/02971/jvenzke/fixed-3p/3p-src/ne.wfn to ./ne.wfn
Creating /work/02971/jvenzke/fixed-3p/3p-0.730d0-0.80d0
Copying /work/02971/jvenzke/fixed-3p/3p-src/tdse-3pulse-IR-klaus.inp to ./tdse.inp
Copying /work/02971/jvenzke/fixed-3p/3p-src/ne.wfn to ./ne.wfn
Creating /work/02971/jvenzke/fixed-3p/3p-0.730d0-0.85d0
Copying /work/02971/jvenzke/fixed-3p/3p-src/tdse-3pulse-IR-klaus.inp to ./tdse.inp
Copying /work/02971/jvenzke/fixed-3p/3p-src/ne.wfn to ./ne.wfn
Creating /work/02971/jvenzke/fixed-3p/3p-0.730d0-0.90d0
Copying /work/02971/jvenzke/fixed-3p/3p-src/tdse-3pulse-IR-klaus.inp to ./tdse.inp
Copying /work/02971/jvenzke/fixed-3p/3p-src/ne.wfn to ./ne.wfn
Creating /work/02971/jvenzke/fixed-3p/3p-0.730d0-0.95d0
Copying /work/02971/jvenzke/fixed-3p/3p-src/tdse-3pulse-IR-klaus.inp to ./tdse.inp
Copying /work/02971/jvenzke/fixed-3p/3p-src/ne.wfn to ./ne.wfn
