  4.000000E-02  5.029851E-01  1.000000E+00  6.138110E-02  1.419874E+00 -3.866355E-01 -1.307514E-01 -1.137211E-02  3.696261E-02  2.338817E-02  3.272846E-03
  6.000000E-02  4.228735E-01  1.000000E+00  4.317989E-01  1.362667E+00  1.859694E-01  4.800929E-01 -1.100875E-01  5.575814E-02  5.415649E-02  9.194443E-03
  8.000000E-02  4.213628E-01  1.000000E+00  8.032293E-01  1.358223E+00  8.512127E-01  1.304975E+00 -1.961106E-01  5.880844E-02  8.692519E-02  1.886549E-02
  1.000000E-01  5.030000E-01  1.000000E+00  8.587305E-01  1.439971E+00  1.087149E+00  1.939626E+00 -2.191606E-01  2.299935E-02  1.067366E-01  2.843375E-02
  1.200000E-01  6.502771E-01  1.000000E+00  6.676278E-01  1.555055E+00  9.211038E-01  2.236415E+00 -1.968366E-01 -4.018376E-02  1.145887E-01  3.556482E-02
  1.400000E-01  8.289117E-01  1.000000E+00  4.287623E-01  1.654557E+00  6.373277E-01  2.326218E+00 -1.657097E-01 -1.126987E-01  1.187672E-01  4.126719E-02
  1.600000E-01  9.971817E-01  1.000000E+00  2.300316E-01  1.724671E+00  3.832568E-01  2.327123E+00 -1.420501E-01 -1.875022E-01  1.237797E-01  4.702464E-02
  1.800000E-01  1.116557E+00  1.000000E+00  8.355212E-02  1.766096E+00  1.914119E-01  2.291521E+00 -1.286928E-01 -2.636888E-01  1.310528E-01  5.386694E-02
  2.000000E-01  1.160981E+00  1.000000E+00 -2.183054E-02  1.782199E+00  5.385271E-02  2.237914E+00 -1.238054E-01 -3.420675E-01  1.410527E-01  6.259683E-02
  2.200000E-01  1.122388E+00  1.000000E+00 -1.002481E-01  1.776119E+00 -4.546431E-02  2.172196E+00 -1.241664E-01 -4.236839E-01  1.542378E-01  7.406643E-02
  2.400000E-01  1.010989E+00  1.000000E+00 -1.632587E-01  1.750539E+00 -1.206693E-01  2.096145E+00 -1.260625E-01 -5.093110E-01  1.714514E-01  8.937770E-02
  2.600000E-01  8.505060E-01  1.000000E+00 -2.187687E-01  1.708105E+00 -1.813871E-01  2.010561E+00 -1.254449E-01 -5.989127E-01  1.942274E-01  1.100604E-01
  2.800000E-01  6.703043E-01  1.000000E+00 -2.709235E-01  1.652262E+00 -2.319957E-01  1.916938E+00 -1.178110E-01 -6.905643E-01  2.252320E-01  1.382451E-01
  3.000000E-01  4.972955E-01  1.000000E+00 -3.197510E-01  1.588830E+00 -2.706708E-01  1.819586E+00 -9.782076E-02 -7.783006E-01  2.689801E-01  1.767557E-01
  3.200000E-01  3.502185E-01  1.000000E+00 -3.599321E-01  1.528816E+00 -2.871930E-01  1.729437E+00 -5.836374E-02 -8.483274E-01  3.328064E-01  2.288253E-01
  3.400000E-01  2.375754E-01  1.000000E+00 -3.784739E-01  1.492247E+00 -2.593118E-01  1.669766E+00  1.154921E-02 -8.740017E-01  4.274537E-01  2.967262E-01
  3.600000E-01  1.589403E-01  1.000000E+00 -3.526784E-01  1.509520E+00 -1.503579E-01  1.679738E+00  1.305296E-01 -8.141719E-01  5.649575E-01  3.783566E-01
  3.800000E-01  1.082609E-01  1.000000E+00 -2.537927E-01  1.610455E+00  8.272544E-02  1.802269E+00  3.277924E-01 -6.267870E-01  7.498905E-01  4.626684E-01
  4.000000E-01  7.749875E-02  1.000000E+00 -6.269005E-02  1.795166E+00  4.615170E-01  2.044602E+00  6.362439E-01 -3.030970E-01  9.653186E-01  5.304059E-01
  4.200000E-01  5.937400E-02  1.000000E+00  2.111805E-01  2.014473E+00  9.553445E-01  2.344540E+00  1.067506E+00  1.133879E-01  1.169099E+00  5.661751E-01
  4.400000E-01  4.871557E-02  1.000000E+00  5.284570E-01  2.198996E+00  1.482103E+00  2.601135E+00  1.580870E+00  5.643327E-01  1.309896E+00  5.696073E-01
  4.600000E-01  4.256433E-02  1.000000E+00  8.295291E-01  2.306878E+00  1.928620E+00  2.741168E+00  2.068312E+00  1.019555E+00  1.343935E+00  5.497911E-01
  4.800000E-01  3.953189E-02  1.000000E+00  1.041553E+00  2.337530E+00  2.171751E+00  2.749338E+00  2.376123E+00  1.461874E+00  1.246762E+00  5.141781E-01
  5.000000E-01  3.896096E-02  1.000000E+00  1.104938E+00  2.317276E+00  2.133205E+00  2.659983E+00  2.387028E+00  1.853841E+00  1.032553E+00  4.673743E-01
  5.200000E-01  4.027462E-02  1.000000E+00  1.015714E+00  2.277946E+00  1.843564E+00  2.528872E+00  2.111898E+00  2.149099E+00  7.581395E-01  4.154086E-01
  5.400000E-01  4.267678E-02  1.000000E+00  8.270948E-01  2.239813E+00  1.421116E+00  2.399098E+00  1.674157E+00  2.329862E+00  4.889346E-01  3.656369E-01
  5.600000E-01  4.517478E-02  1.000000E+00  6.048027E-01  2.208323E+00  9.841932E-01  2.286763E+00  1.207235E+00  2.414095E+00  2.632336E-01  3.232417E-01
  5.800000E-01  4.678866E-02  1.000000E+00  3.923905E-01  2.180905E+00  5.996867E-01  2.189669E+00  7.895429E-01  2.433665E+00  8.871149E-02  2.899067E-01
  6.000000E-01  4.679060E-02  1.000000E+00  2.076890E-01  2.153508E+00  2.878474E-01  2.100051E+00  4.462198E-01  2.415974E+00 -4.299063E-02  2.650005E-01
  6.200000E-01  4.485993E-02  1.000000E+00  5.271633E-02  2.123292E+00  4.443224E-02  2.011168E+00  1.734214E-01  2.378819E+00 -1.441703E-01  2.470558E-01
