  4.000000E-02  5.016419E-01  1.000000E+00  6.482089E-02  1.661688E+00 -2.163355E-01  2.487575E-01  3.418604E-02 -5.749613E-03  3.526438E-02  4.217871E-03  4.574758E-05  3.086630E-04
  6.000000E-02  4.341750E-01  1.000000E+00  4.385855E-01  1.543803E+00  4.208819E-01  8.976237E-01  2.218720E-02  3.269839E-02  6.382260E-02  4.615471E-03  7.352329E-05  4.202063E-04
  8.000000E-02  4.475980E-01  1.000000E+00  7.895661E-01  1.450042E+00  1.038799E+00  1.647193E+00 -4.025262E-03  5.030056E-02  8.155767E-02  4.700330E-03 -1.163204E-04  3.705446E-04
  1.000000E-01  5.418094E-01  1.000000E+00  8.354402E-01  1.464782E+00  1.178785E+00  2.153060E+00 -3.460861E-02  2.875362E-02  7.986423E-02  4.809305E-03 -4.922613E-04  2.159312E-04
  1.200000E-01  6.950877E-01  1.000000E+00  6.589490E-01  1.556025E+00  9.548873E-01  2.367582E+00 -6.021967E-02 -1.637740E-02  6.811884E-02  5.008218E-03 -8.567690E-04  9.090311E-05
  1.400000E-01  8.706899E-01  1.000000E+00  4.360537E-01  1.663336E+00  6.423224E-01  2.424100E+00 -8.200320E-02 -6.894700E-02  5.586967E-02  5.246433E-03 -1.121711E-03  4.193837E-05
  1.600000E-01  1.026847E+00  1.000000E+00  2.449854E-01  1.757636E+00  3.686242E-01  2.415795E+00 -1.039306E-01 -1.235124E-01  4.649120E-02  5.534934E-03 -1.293098E-03  6.226507E-05
  1.800000E-01  1.127287E+00  1.000000E+00  9.892500E-02  1.830776E+00  1.589741E-01  2.380333E+00 -1.286604E-01 -1.796425E-01  4.044467E-02  5.961757E-03 -1.393741E-03  1.420910E-04
  2.000000E-01  1.149756E+00  1.000000E+00 -1.065771E-02  1.882179E+00  3.305555E-03  2.329739E+00 -1.574592E-01 -2.382793E-01  3.745705E-02  6.689576E-03 -1.432543E-03  2.820547E-04
  2.200000E-01  1.090418E+00  1.000000E+00 -9.630521E-02  1.913485E+00 -1.157847E-01  2.266810E+00 -1.909078E-01 -3.007377E-01  3.718966E-02  7.981910E-03 -1.389485E-03  4.953319E-04
  2.400000E-01  9.630249E-01  1.000000E+00 -1.691311E-01  1.926895E+00 -2.144150E-01  2.191089E+00 -2.295639E-01 -3.685317E-01  3.939695E-02  1.026625E-02 -1.191843E-03  8.102920E-04
  2.600000E-01  7.933668E-01  1.000000E+00 -2.374244E-01  1.924787E+00 -3.053004E-01  2.100694E+00 -2.745359E-01 -4.432394E-01  4.400570E-02  1.425365E-02 -6.628080E-04  1.277172E-03
  2.800000E-01  6.111433E-01  1.000000E+00 -3.062035E-01  1.909911E+00 -3.972744E-01  1.993061E+00 -3.279236E-01 -5.259820E-01  5.128511E-02  2.115624E-02  5.884041E-04  1.981367E-03
  3.000000E-01  4.421337E-01  1.000000E+00 -3.763440E-01  1.886177E+00 -4.942685E-01  1.866266E+00 -3.927007E-01 -6.158833E-01  6.224892E-02  3.306781E-02  3.392462E-03  3.067036E-03
  3.200000E-01  3.030854E-01  1.000000E+00 -4.421390E-01  1.860356E+00 -5.917052E-01  1.722805E+00 -4.705123E-01 -7.062170E-01  7.944698E-02  5.354817E-02  9.443417E-03  4.773766E-03
  3.400000E-01  2.003430E-01  1.000000E+00 -4.863098E-01  1.844750E+00 -6.677346E-01  1.578307E+00 -5.536378E-01 -7.764158E-01  1.080353E-01  8.816826E-02  2.191050E-02  7.475371E-03
  3.600000E-01  1.316998E-01  1.000000E+00 -4.745909E-01  1.858405E+00 -6.702603E-01  1.474477E+00 -6.067056E-01 -7.811960E-01  1.555803E-01  1.437411E-01  4.565119E-02  1.166076E-02
  3.800000E-01  8.996950E-02  1.000000E+00 -3.628147E-01  1.918755E+00 -5.191196E-01  1.478490E+00 -5.490126E-01 -6.524980E-01  2.262503E-01  2.236013E-01  8.518103E-02  1.773566E-02
  4.000000E-01  6.662342E-02  1.000000E+00 -1.334296E-01  2.019429E+00 -1.613341E-01  1.634613E+00 -2.868097E-01 -3.415465E-01  3.083945E-01  3.198936E-01  1.395457E-01  2.570065E-02
  4.200000E-01  5.435515E-02  1.000000E+00  1.698271E-01  2.122646E+00  3.525903E-01  1.900776E+00  1.882016E-01  1.290603E-01  3.723152E-01  4.141338E-01  2.003751E-01  3.521168E-02
  4.400000E-01  4.819411E-02  1.000000E+00  4.694388E-01  2.192070E+00  8.891163E-01  2.179703E+00  7.600143E-01  6.879185E-01  3.903912E-01  4.886096E-01  2.582436E-01  4.601695E-02
  4.600000E-01  4.541548E-02  1.000000E+00  7.016975E-01  2.220737E+00  1.317774E+00  2.404577E+00  1.264992E+00  1.269113E+00  3.542971E-01  5.309253E-01  3.074146E-01  5.783158E-02
  4.800000E-01  4.479700E-02  1.000000E+00  8.272616E-01  2.222901E+00  1.552561E+00  2.560081E+00  1.572725E+00  1.813605E+00  2.750566E-01  5.317110E-01  3.442300E-01  6.981653E-02
  5.000000E-01  4.576675E-02  1.000000E+00  8.330984E-01  2.215786E+00  1.567080E+00  2.656614E+00  1.631556E+00  2.260073E+00  1.760965E-01  4.881585E-01  3.664513E-01  8.071993E-02
  5.200000E-01  4.779553E-02  1.000000E+00  7.381353E-01  2.209425E+00  1.400994E+00  2.709274E+00  1.480235E+00  2.566929E+00  8.221790E-02  4.086786E-01  3.750424E-01  8.971209E-02
  5.400000E-01  5.015409E-02  1.000000E+00  5.829668E-01  2.205502E+00  1.133192E+00  2.730233E+00  1.209824E+00  2.733331E+00  8.811951E-03  3.091279E-01  3.742519E-01  9.692744E-02
  5.600000E-01  5.197377E-02  1.000000E+00  4.078357E-01  2.201229E+00  8.381646E-01  2.727866E+00  9.069895E-01  2.789941E+00 -4.068179E-02  2.043550E-01  3.693030E-01  1.032181E-01
  5.800000E-01  5.246050E-02  1.000000E+00  2.389902E-01  2.193309E+00  5.623787E-01  2.707899E+00  6.248013E-01  2.775489E+00 -7.012504E-02  1.035519E-01  3.643448E-01  1.096143E-01
  6.000000E-01  5.110921E-02  1.000000E+00  8.807038E-02  2.179773E+00  3.253666E-01  2.674654E+00  3.844616E-01  2.721659E+00 -8.538518E-02  1.065236E-02  3.619434E-01  1.170037E-01
  6.200000E-01  4.781820E-02  1.000000E+00 -4.287227E-02  2.160226E+00  1.300887E-01  2.631931E+00  1.879507E-01  2.649615E+00 -9.154488E-02 -7.340490E-02  3.635116E-01  1.260726E-01
