  0.04000   -0.12033D+00   -0.15346D-01    0.40692D-01
  0.04000   -0.14155D+01    0.31704D+00   -0.30109D+00
  0.04000   -0.24715D+01    0.22751D+00    0.29797D-01
  0.04000   -0.33386D+01    0.20828D-01    0.71477D-01
  0.04000   -0.40625D+01   -0.15111D-01    0.34467D-02
  0.06000    0.64080D+00    0.72741D-02    0.29587D-01
  0.06000   -0.59652D+00   -0.19102D-02   -0.33763D+00
  0.06000   -0.15614D+01    0.26839D+00   -0.13361D+00
  0.06000   -0.23276D+01    0.70618D-01    0.32706D-01
  0.06000   -0.29527D+01   -0.16307D-01    0.17361D-01
  0.08000    0.10282D+01    0.17255D-01    0.16376D-01
  0.08000   -0.16210D+00   -0.18859D+00   -0.15551D+00
  0.08000   -0.10582D+01    0.19648D+00   -0.32193D+00
  0.08000   -0.17529D+01    0.77914D-01   -0.29906D-01
  0.08000   -0.23115D+01   -0.31251D-02    0.33914D-01
  0.10000    0.12596D+01    0.24125D-01    0.32280D-02
  0.10000    0.10933D+00   -0.16403D+00    0.52792D-01
  0.10000   -0.73174D+00   -0.47486D-02   -0.45921D+00
  0.10000   -0.13723D+01    0.40348D-01   -0.81286D-01
  0.10000   -0.18820D+01    0.26221D-01    0.37408D-01
  0.12000    0.14113D+01    0.26515D-01   -0.17573D-01
  0.12000    0.29601D+00   -0.14009D-01    0.13558D+00
  0.12000   -0.49959D+00   -0.29569D+00   -0.45269D+00
  0.12000   -0.10971D+01   -0.23327D-01   -0.96255D-01
  0.12000   -0.15689D+01    0.56530D-01    0.13381D-01
  0.14000    0.15169D+01    0.10857D-01   -0.43913D-01
  0.14000    0.43283D+00    0.11730D+00    0.69884D-01
  0.14000   -0.32425D+00   -0.56324D+00   -0.24484D+00
  0.14000   -0.88639D+00   -0.84900D-01   -0.66240D-01
  0.14000   -0.13278D+01    0.61729D-01   -0.34365D-01
  0.16000    0.15937D+01   -0.29370D-01   -0.55457D-01
  0.16000    0.53776D+00    0.13822D+00   -0.62402D-01
  0.16000   -0.18608D+00   -0.66028D+00    0.12417D+00
  0.16000   -0.71857D+00   -0.11585D+00   -0.49931D-03
  0.16000   -0.11347D+01    0.25660D-01   -0.78638D-01
  0.18000    0.16514D+01   -0.76277D-01   -0.29601D-01
  0.18000    0.62100D+00    0.51699D-01   -0.15679D+00
  0.18000   -0.73737D-01   -0.49577D+00    0.50473D+00
  0.18000   -0.58084D+00   -0.97276D-01    0.74461D-01
  0.18000   -0.97563D+00   -0.39468D-01   -0.84963D-01
  0.20000    0.16957D+01   -0.94249D-01    0.32637D-01
  0.20000    0.68882D+00   -0.73173D-01   -0.15538D+00
  0.20000    0.19854D-01   -0.11190D+00    0.70845D+00
  0.20000   -0.46520D+00   -0.31687D-01    0.12251D+00
  0.20000   -0.84163D+00   -0.95425D-01   -0.38709D-01
  0.22000    0.17304D+01   -0.58546D-01    0.98000D-01
  0.22000    0.74525D+00   -0.15781D+00   -0.67588D-01
  0.22000    0.99333D-01    0.31952D+00    0.62314D+00
  0.22000   -0.36633D+00    0.52116D-01    0.11593D+00
  0.22000   -0.72675D+00   -0.10293D+00    0.39197D-01
  0.24000    0.17579D+01    0.19662D-01    0.12180D+00
  0.24000    0.79302D+00   -0.15856D+00    0.50651D-01
  0.24000    0.16789D+00    0.59159D+00    0.28994D+00
  0.24000   -0.28055D+00    0.11106D+00    0.54798D-01
  0.24000   -0.62685D+00   -0.50962D-01    0.10290D+00
  0.26000    0.17801D+01    0.96098D-01    0.82416D-01
  0.26000    0.83406D+00   -0.82195D-01    0.13467D+00
  0.26000    0.22779D+00    0.58585D+00   -0.11729D+00
  0.26000   -0.20520D+00    0.11340D+00   -0.28870D-01
  0.26000   -0.53892D+00    0.32835D-01    0.11216D+00
  0.28000    0.17981D+01    0.12389D+00    0.23187D-04
  0.28000    0.86974D+00    0.25201D-01    0.14480D+00
  0.28000    0.28071D+00    0.33890D+00   -0.39782D+00
  0.28000   -0.13834D+00    0.60051D-01   -0.89249D-01
  0.28000   -0.46076D+00    0.99522D-01    0.60142D-01
  0.30000    0.18128D+01    0.87365D-01   -0.76508D-01
  0.30000    0.90109D+00    0.10603D+00    0.83584D-01
  0.30000    0.32789D+00    0.87559D-02   -0.44117D+00
  0.30000   -0.78490D-01   -0.15707D-01   -0.95688D-01
  0.30000   -0.39068D+00    0.11106D+00   -0.22201D-01
  0.32000    0.18249D+01    0.12236D-01   -0.10401D+00
  0.32000    0.92889D+00    0.12215D+00   -0.92867D-02
  0.32000    0.37029D+00   -0.22925D+00   -0.27806D+00
  0.32000   -0.24502D-01   -0.70506D-01   -0.50972D-01
  0.32000   -0.32739D+00    0.63975D-01   -0.87184D-01
  0.34000    0.18350D+01   -0.54323D-01   -0.73435D-01
  0.34000    0.95373D+00    0.73912D-01   -0.81373D-01
  0.34000    0.40866D+00   -0.28312D+00   -0.40271D-01
  0.34000    0.24519D-01   -0.78109D-01    0.13912D-01
  0.34000   -0.26984D+00   -0.10975D-01   -0.10083D+00
  0.36000    0.18432D+01   -0.76658D-01   -0.12072D-01
  0.36000    0.97609D+00   -0.35184D-02   -0.97692D-01
  0.36000    0.44361D+00   -0.17888D+00    0.13228D+00
  0.36000    0.69289D-01   -0.41894D-01    0.62193D-01
  0.36000   -0.21723D+00   -0.70544D-01   -0.61632D-01
  0.38000    0.18501D+01   -0.51664D-01    0.39060D-01
  0.38000    0.99633D+00   -0.63722D-01   -0.58594D-01
  0.38000    0.47560D+00   -0.19672D-01    0.17111D+00
  0.38000    0.11039D+00    0.13237D-01    0.72755D-01
  0.38000   -0.16889D+00   -0.85451D-01    0.26560D-02
  0.40000    0.18558D+01   -0.51044D-02    0.53321D-01
  0.40000    0.10148D+01   -0.76892D-01    0.50960D-02
  0.40000    0.50503D+00    0.91052D-01    0.99757D-01
  0.40000    0.14829D+00    0.59271D-01    0.46785D-01
  0.40000   -0.12426D+00   -0.54683D-01    0.54844D-01
  0.42000    0.18606D+01    0.30139D-01    0.32217D-01
  0.42000    0.10316D+01   -0.44021D-01    0.54291D-01
  0.42000    0.53222D+00    0.10820D+00   -0.41477D-02
  0.42000    0.18340D+00    0.78909D-01    0.46254D-04
  0.42000   -0.82898D-01   -0.14336D-02    0.70022D-01
  0.44000    0.18645D+01    0.36072D-01   -0.15916D-02
  0.44000    0.10471D+01    0.93065D-02    0.64763D-01
  0.44000    0.55744D+00    0.54527D-01   -0.68869D-01
  0.44000    0.21602D+00    0.68102D-01   -0.48684D-01
  0.44000   -0.44423D-01    0.43378D-01    0.46555D-01
  0.46000    0.18677D+01    0.17484D-01   -0.23279D-01
  0.46000    0.10615D+01    0.51634D-01    0.36988D-01
  0.46000    0.58092D+00   -0.12554D-01   -0.69114D-01
  0.46000    0.24646D+00    0.31616D-01   -0.83975D-01
  0.46000   -0.85133D-02    0.58374D-01    0.26824D-02
  0.48000    0.18703D+01   -0.63492D-02   -0.22078D-01
  0.48000    0.10747D+01    0.62838D-01   -0.96479D-02
  0.48000    0.60285D+00   -0.46052D-01   -0.27565D-01
  0.48000    0.27493D+00   -0.20608D-01   -0.94473D-01
  0.48000    0.25104D-01    0.40652D-01   -0.36241D-01
  0.50000    0.18724D+01   -0.17361D-01   -0.50245D-02
  0.50000    0.10870D+01    0.40892D-01   -0.50361D-01
  0.50000    0.62339D+00   -0.35654D-01    0.13482D-01
  0.50000    0.30164D+00   -0.73725D-01   -0.73485D-01
  0.50000    0.56662D-01    0.38794D-02   -0.51401D-01
  0.52000    0.18741D+01   -0.10294D-01    0.11485D-01
  0.52000    0.10985D+01   -0.14018D-02   -0.66747D-01
  0.52000    0.64268D+00   -0.38150D-02    0.25083D-01
  0.52000    0.32677D+00   -0.10881D+00   -0.22769D-01
  0.52000    0.86364D-01   -0.31086D-01   -0.38405D-01
  0.54000    0.18754D+01    0.62752D-02    0.14479D-01
  0.54000    0.11093D+01   -0.44251D-01   -0.52611D-01
  0.54000    0.66084D+00    0.18195D-01    0.73263D-02
  0.54000    0.35046D+00   -0.10870D+00    0.43418D-01
  0.54000    0.11438D+00   -0.47191D-01   -0.70687D-02
  0.56000    0.18764D+01    0.18095D-01    0.26383D-02
  0.56000    0.11194D+01   -0.68911D-01   -0.14572D-01
  0.56000    0.67799D+00    0.14018D-01   -0.18021D-01
  0.56000    0.37285D+00   -0.67800D-01    0.10022D+00
  0.56000    0.14088D+00   -0.38640D-01    0.25253D-01
  0.58000    0.18772D+01    0.15773D-01   -0.14450D-01
  0.58000    0.11288D+01   -0.64452D-01    0.30944D-01
  0.58000    0.69420D+00   -0.96200D-02   -0.27644D-01
  0.58000    0.39405D+00    0.12780D-02    0.12242D+00
  0.58000    0.16597D+00   -0.12146D-01    0.42799D-01
  0.60000    0.18776D+01    0.61108D-03   -0.24081D-01
  0.60000    0.11377D+01   -0.32338D-01    0.63936D-01
  0.60000    0.70956D+00   -0.32109D-01   -0.13508D-01
  0.60000    0.41417D+00    0.70745D-01    0.98254D-01
  0.60000    0.18979D+00    0.17725D-01    0.38667D-01
  0.62000    0.18779D+01   -0.17313D-01   -0.19274D-01
  0.62000    0.11462D+01    0.13319D-01    0.69425D-01
  0.62000    0.72414D+00   -0.35746D-01    0.13984D-01
  0.62000    0.43329D+00    0.11077D+00    0.37417D-01
  0.62000    0.21244D+00    0.36381D-01    0.17136D-01
