
 Autocorr. function: Re = 1.00000004 Im = 0.00000000 Square =  1.00000009

 Overlap with state 1 : n =  1  l = 0 Re =  0.1000D+01 Im =  0.0000D+00  Square =   0.1000D+01

 Overlap with state 2 : n =  2  l = 0 Re =  0.1508D-07 Im =  0.0000D+00  Square =   0.2273D-15

 Overlap with state 3 : n =  2  l = 1 Re =  0.0000D+00 Im =  0.0000D+00  Square =   0.0000D+00

 Overlap with state 4 : n =  3  l = 0 Re =  0.8207D-08 Im =  0.0000D+00  Square =   0.6735D-16

 Overlap with state 5 : n =  3  l = 1 Re =  0.0000D+00 Im =  0.0000D+00  Square =   0.0000D+00

 Overlap with state 6 : n =  3  l = 2 Re =  0.0000D+00 Im =  0.0000D+00  Square =   0.0000D+00

 Overlap with state 7 : n =  4  l = 0 Re =  0.5331D-08 Im =  0.0000D+00  Square =   0.2842D-16

 Overlap with state 8 : n =  4  l = 1 Re =  0.0000D+00 Im =  0.0000D+00  Square =   0.0000D+00

 Overlap with state 9 : n =  4  l = 2 Re =  0.0000D+00 Im =  0.0000D+00  Square =   0.0000D+00

 Overlap with state10 : n =  4  l = 3 Re =  0.0000D+00 Im =  0.0000D+00  Square =   0.0000D+00

 Overlap with state11 : n =  5  l = 0 Re =  0.3814D-08 Im =  0.0000D+00  Square =   0.1455D-16

 Overlap with state12 : n =  5  l = 1 Re =  0.0000D+00 Im =  0.0000D+00  Square =   0.0000D+00

 Overlap with state13 : n =  5  l = 2 Re =  0.0000D+00 Im =  0.0000D+00  Square =   0.0000D+00

 Overlap with state14 : n =  5  l = 3 Re =  0.0000D+00 Im =  0.0000D+00  Square =   0.0000D+00

 Overlap with state15 : n =  5  l = 4 Re =  0.0000D+00 Im =  0.0000D+00  Square =   0.0000D+00

 Overlap with state16 : n =  6  l = 0 Re =  0.2902D-08 Im =  0.0000D+00  Square =   0.8419D-17

 Overlap with state17 : n =  6  l = 1 Re =  0.0000D+00 Im =  0.0000D+00  Square =   0.0000D+00

 Overlap with state18 : n =  6  l = 2 Re =  0.0000D+00 Im =  0.0000D+00  Square =   0.0000D+00

 Overlap with state19 : n =  6  l = 3 Re =  0.0000D+00 Im =  0.0000D+00  Square =   0.0000D+00

 Overlap with state20 : n =  6  l = 4 Re =  0.0000D+00 Im =  0.0000D+00  Square =   0.0000D+00

 Overlap with state21 : n =  6  l = 5 Re =  0.0000D+00 Im =  0.0000D+00  Square =   0.0000D+00

 Overlap with state22 : n =  7  l = 0 Re =  0.2303D-08 Im =  0.0000D+00  Square =   0.5302D-17

 Overlap with state23 : n =  7  l = 1 Re =  0.0000D+00 Im =  0.0000D+00  Square =   0.0000D+00

 Overlap with state24 : n =  7  l = 2 Re =  0.0000D+00 Im =  0.0000D+00  Square =   0.0000D+00

 Overlap with state25 : n =  7  l = 3 Re =  0.0000D+00 Im =  0.0000D+00  Square =   0.0000D+00

 Overlap with state26 : n =  7  l = 4 Re =  0.0000D+00 Im =  0.0000D+00  Square =   0.0000D+00

 Overlap with state27 : n =  7  l = 5 Re =  0.0000D+00 Im =  0.0000D+00  Square =   0.0000D+00

 Overlap with state28 : n =  7  l = 6 Re =  0.0000D+00 Im =  0.0000D+00  Square =   0.0000D+00

 Overlap with state29 : n =  8  l = 0 Re =  0.1885D-08 Im =  0.0000D+00  Square =   0.3552D-17

 Overlap with state30 : n =  8  l = 1 Re =  0.0000D+00 Im =  0.0000D+00  Square =   0.0000D+00

 Overlap with state31 : n =  8  l = 2 Re =  0.0000D+00 Im =  0.0000D+00  Square =   0.0000D+00

 Overlap with state32 : n =  8  l = 3 Re =  0.0000D+00 Im =  0.0000D+00  Square =   0.0000D+00

 Overlap with state33 : n =  8  l = 4 Re =  0.0000D+00 Im =  0.0000D+00  Square =   0.0000D+00

 Overlap with state34 : n =  8  l = 5 Re =  0.0000D+00 Im =  0.0000D+00  Square =   0.0000D+00

 Overlap with state35 : n =  8  l = 6 Re =  0.0000D+00 Im =  0.0000D+00  Square =   0.0000D+00

 Overlap with state36 : n =  8  l = 7 Re =  0.0000D+00 Im =  0.0000D+00  Square =   0.0000D+00

 channel =   0   contribution =    0.1000E+01

 channel =   1   contribution =    0.0000E+00

 channel =   2   contribution =    0.0000E+00

 channel =   3   contribution =    0.0000E+00

 channel =   4   contribution =    0.0000E+00

 channel =   5   contribution =    0.0000E+00

 channel =   6   contribution =    0.0000E+00

 channel =   7   contribution =    0.0000E+00

 channel =   8   contribution =    0.0000E+00

 norm =  1.00000004

 Autocorr. function: Re = 0.91312810 Im = 0.40767284 Square =  1.00000008

 Overlap with state 1 : n =  1  l = 0 Re =  0.9131D+00 Im =  0.4077D+00  Square =   0.1000D+01

 Overlap with state 2 : n =  2  l = 0 Re =  0.3044D-05 Im = -0.1127D-04  Square =   0.1364D-09

 Overlap with state 3 : n =  2  l = 1 Re =  0.4266D-05 Im = -0.1191D-04  Square =   0.1600D-09

 Overlap with state 4 : n =  3  l = 0 Re =  0.1400D-05 Im = -0.5858D-05  Square =   0.3628D-10

 Overlap with state 5 : n =  3  l = 1 Re =  0.1640D-05 Im = -0.4790D-05  Square =   0.2563D-10

 Overlap with state 6 : n =  3  l = 2 Re = -0.7061D-10 Im = -0.2417D-10  Square =   0.5570D-20

 Overlap with state 7 : n =  4  l = 0 Re =  0.8554D-06 Im = -0.3747D-05  Square =   0.1477D-10

 Overlap with state 8 : n =  4  l = 1 Re =  0.9528D-06 Im = -0.2828D-05  Square =   0.8904D-11

 Overlap with state 9 : n =  4  l = 2 Re = -0.4593D-10 Im = -0.1547D-10  Square =   0.2349D-20

 Overlap with state10 : n =  4  l = 3 Re = -0.9738D-16 Im =  0.2879D-15  Square =   0.9239D-31

 Overlap with state11 : n =  5  l = 0 Re =  0.5946D-06 Im = -0.2662D-05  Square =   0.7442D-11

 Overlap with state12 : n =  5  l = 1 Re =  0.6484D-06 Im = -0.1939D-05  Square =   0.4180D-11

 Overlap with state13 : n =  5  l = 2 Re = -0.3255D-10 Im = -0.1088D-10  Square =   0.1178D-20

 Overlap with state14 : n =  5  l = 3 Re = -0.8091D-16 Im =  0.2410D-15  Square =   0.6464D-31

 Overlap with state15 : n =  5  l = 4 Re =  0.9373D-21 Im =  0.3169D-21  Square =   0.9790D-42

 Overlap with state16 : n =  6  l = 0 Re =  0.4452D-06 Im = -0.2018D-05  Square =   0.4269D-11

 Overlap with state17 : n =  6  l = 1 Re =  0.4802D-06 Im = -0.1442D-05  Square =   0.2309D-11

 Overlap with state18 : n =  6  l = 2 Re = -0.2459D-10 Im = -0.8186D-11  Square =   0.6714D-21

 Overlap with state19 : n =  6  l = 3 Re = -0.6506D-16 Im =  0.1946D-15  Square =   0.4210D-31

 Overlap with state20 : n =  6  l = 4 Re =  0.9283D-21 Im =  0.3126D-21  Square =   0.9595D-42

 Overlap with state21 : n =  6  l = 5 Re =  0.8980D-27 Im = -0.2643D-26  Square =   0.7792D-53

 Overlap with state22 : n =  7  l = 0 Re =  0.3499D-06 Im = -0.1598D-05  Square =   0.2675D-11

 Overlap with state23 : n =  7  l = 1 Re =  0.3749D-06 Im = -0.1129D-05  Square =   0.1414D-11

 Overlap with state24 : n =  7  l = 2 Re = -0.1942D-10 Im = -0.6449D-11  Square =   0.4186D-21

 Overlap with state25 : n =  7  l = 3 Re = -0.5307D-16 Im =  0.1591D-15  Square =   0.2814D-31

 Overlap with state26 : n =  7  l = 4 Re =  0.8295D-21 Im =  0.2787D-21  Square =   0.7658D-42

 Overlap with state27 : n =  7  l = 5 Re =  0.1006D-26 Im = -0.2968D-26  Square =   0.9818D-53

 Overlap with state28 : n =  7  l = 6 Re = -0.6784D-32 Im = -0.2322D-32  Square =   0.5142D-64

 Overlap with state29 : n =  8  l = 0 Re =  0.2846D-06 Im = -0.1306D-05  Square =   0.1786D-11

 Overlap with state30 : n =  8  l = 1 Re =  0.3037D-06 Im = -0.9157D-06  Square =   0.9308D-12

 Overlap with state31 : n =  8  l = 2 Re = -0.1584D-10 Im = -0.5252D-11  Square =   0.2785D-21

 Overlap with state32 : n =  8  l = 3 Re = -0.4414D-16 Im =  0.1325D-15  Square =   0.1952D-31

 Overlap with state33 : n =  8  l = 4 Re =  0.7256D-21 Im =  0.2434D-21  Square =   0.5857D-42

 Overlap with state34 : n =  8  l = 5 Re =  0.9752D-27 Im = -0.2881D-26  Square =   0.9253D-53

 Overlap with state35 : n =  8  l = 6 Re = -0.8418D-32 Im = -0.2877D-32  Square =   0.7914D-64

 Overlap with state36 : n =  8  l = 7 Re = -0.5650D-38 Im =  0.1636D-37  Square =   0.2997D-75

 channel =   0   contribution =    0.1000E+01

 channel =   1   contribution =    0.2874E-09

 channel =   2   contribution =    0.4166E-19

 channel =   3   contribution =    0.5123E-29

 channel =   4   contribution =    0.6287E-39

 channel =   5   contribution =    0.8339E-49

 channel =   6   contribution =    0.1248E-58

 channel =   7   contribution =    0.2153E-68

 channel =   8   contribution =    0.4326E-78

 norm =  1.00000004

 Autocorr. function: Re = 0.68235957 Im = 0.73101671 Square =  1.00000001

 Overlap with state 1 : n =  1  l = 0 Re =  0.6824D+00 Im =  0.7310D+00  Square =   0.1000D+01

 Overlap with state 2 : n =  2  l = 0 Re =  0.1109D-04 Im = -0.1961D-04  Square =   0.5075D-09

 Overlap with state 3 : n =  2  l = 1 Re =  0.1233D-03 Im = -0.1515D-03  Square =   0.3816D-07

 Overlap with state 4 : n =  3  l = 0 Re =  0.5106D-05 Im = -0.1038D-04  Square =   0.1338D-09

 Overlap with state 5 : n =  3  l = 1 Re =  0.4773D-04 Im = -0.6178D-04  Square =   0.6095D-08

 Overlap with state 6 : n =  3  l = 2 Re = -0.1418D-07 Im = -0.1094D-07  Square =   0.3208D-15

 Overlap with state 7 : n =  4  l = 0 Re =  0.3119D-05 Im = -0.6674D-05  Square =   0.5426D-10

 Overlap with state 8 : n =  4  l = 1 Re =  0.2779D-04 Im = -0.3664D-04  Square =   0.2115D-08

 Overlap with state 9 : n =  4  l = 2 Re = -0.9269D-08 Im = -0.7024D-08  Square =   0.1352D-15

 Overlap with state10 : n =  4  l = 3 Re = -0.6685D-12 Im =  0.8808D-12  Square =   0.1223D-23

 Overlap with state11 : n =  5  l = 0 Re =  0.2168D-05 Im = -0.4753D-05  Square =   0.2729D-10

 Overlap with state12 : n =  5  l = 1 Re =  0.1893D-04 Im = -0.2517D-04  Square =   0.9922D-09

 Overlap with state13 : n =  5  l = 2 Re = -0.6584D-08 Im = -0.4946D-08  Square =   0.6781D-16

 Overlap with state14 : n =  5  l = 3 Re = -0.5561D-12 Im =  0.7390D-12  Square =   0.8554D-24

 Overlap with state15 : n =  5  l = 4 Re =  0.4179D-16 Im =  0.3153D-16  Square =   0.2741D-32

 Overlap with state16 : n =  6  l = 0 Re =  0.1623D-05 Im = -0.3606D-05  Square =   0.1564D-10

 Overlap with state17 : n =  6  l = 1 Re =  0.1403D-04 Im = -0.1874D-04  Square =   0.5480D-09

 Overlap with state18 : n =  6  l = 2 Re = -0.4979D-08 Im = -0.3723D-08  Square =   0.3866D-16

 Overlap with state19 : n =  6  l = 3 Re = -0.4475D-12 Im =  0.5974D-12  Square =   0.5571D-24

 Overlap with state20 : n =  6  l = 4 Re =  0.4144D-16 Im =  0.3113D-16  Square =   0.2686D-32

 Overlap with state21 : n =  6  l = 5 Re =  0.1228D-20 Im = -0.1628D-20  Square =   0.4159D-41

 Overlap with state22 : n =  7  l = 0 Re =  0.1276D-05 Im = -0.2858D-05  Square =   0.9792D-11

 Overlap with state23 : n =  7  l = 1 Re =  0.1096D-04 Im = -0.1468D-04  Square =   0.3356D-09

 Overlap with state24 : n =  7  l = 2 Re = -0.3935D-08 Im = -0.2934D-08  Square =   0.2410D-16

 Overlap with state25 : n =  7  l = 3 Re = -0.3652D-12 Im =  0.4889D-12  Square =   0.3724D-24

 Overlap with state26 : n =  7  l = 4 Re =  0.3706D-16 Im =  0.2776D-16  Square =   0.2144D-32

 Overlap with state27 : n =  7  l = 5 Re =  0.1376D-20 Im = -0.1830D-20  Square =   0.5241D-41

 Overlap with state28 : n =  7  l = 6 Re = -0.5457D-25 Im = -0.4122D-25  Square =   0.4677D-50

 Overlap with state29 : n =  8  l = 0 Re =  0.1037D-05 Im = -0.2337D-05  Square =   0.6536D-11

 Overlap with state30 : n =  8  l = 1 Re =  0.8879D-05 Im = -0.1192D-04  Square =   0.2208D-09

 Overlap with state31 : n =  8  l = 2 Re = -0.3212D-08 Im = -0.2390D-08  Square =   0.1603D-16

 Overlap with state32 : n =  8  l = 3 Re = -0.3038D-12 Im =  0.4074D-12  Square =   0.2583D-24

 Overlap with state33 : n =  8  l = 4 Re =  0.3243D-16 Im =  0.2425D-16  Square =   0.1640D-32

 Overlap with state34 : n =  8  l = 5 Re =  0.1334D-20 Im = -0.1777D-20  Square =   0.4939D-41

 Overlap with state35 : n =  8  l = 6 Re = -0.6774D-25 Im = -0.5108D-25  Square =   0.7198D-50

 Overlap with state36 : n =  8  l = 7 Re = -0.1232D-29 Im =  0.1625D-29  Square =   0.4156D-59

 channel =   0   contribution =    0.1000E+01

 channel =   1   contribution =    0.6799E-07

 channel =   2   contribution =    0.2387E-14

 channel =   3   contribution =    0.6762E-22

 channel =   4   contribution =    0.1757E-29

 channel =   5   contribution =    0.4445E-37

 channel =   6   contribution =    0.1134E-44

 channel =   7   contribution =    0.2983E-52

 channel =   8   contribution =    0.8229E-60

 norm =  1.00000004

 Autocorr. function: Re = 0.34391069 Im = 0.93900160 Square =  0.99999857

 Overlap with state 1 : n =  1  l = 0 Re =  0.3439D+00 Im =  0.9390D+00  Square =   0.1000D+01

 Overlap with state 2 : n =  2  l = 0 Re =  0.2314D-04 Im = -0.2310D-04  Square =   0.1069D-08

 Overlap with state 3 : n =  2  l = 1 Re =  0.7889D-03 Im = -0.4851D-03  Square =   0.8576D-06

 Overlap with state 4 : n =  3  l = 0 Re =  0.1067D-04 Im = -0.1280D-04  Square =   0.2778D-09

 Overlap with state 5 : n =  3  l = 1 Re =  0.3072D-03 Im = -0.2048D-03  Square =   0.1363D-06

 Overlap with state 6 : n =  3  l = 2 Re = -0.2263D-06 Im = -0.3382D-06  Square =   0.1656D-12

 Overlap with state 7 : n =  4  l = 0 Re =  0.6518D-05 Im = -0.8339D-05  Square =   0.1120D-09

 Overlap with state 8 : n =  4  l = 1 Re =  0.1792D-03 Im = -0.1229D-03  Square =   0.4720D-07

 Overlap with state 9 : n =  4  l = 2 Re = -0.1498D-06 Im = -0.2176D-06  Square =   0.6977D-13

 Overlap with state10 : n =  4  l = 3 Re = -0.9846D-10 Im =  0.6763D-10  Square =   0.1427D-19

 Overlap with state11 : n =  5  l = 0 Re =  0.4530D-05 Im = -0.5971D-05  Square =   0.5618D-10

 Overlap with state12 : n =  5  l = 1 Re =  0.1222D-03 Im = -0.8484D-04  Square =   0.2212D-07

 Overlap with state13 : n =  5  l = 2 Re = -0.1070D-06 Im = -0.1534D-06  Square =   0.3497D-13

 Overlap with state14 : n =  5  l = 3 Re = -0.8201D-10 Im =  0.5706D-10  Square =   0.9981D-20

 Overlap with state15 : n =  5  l = 4 Re =  0.1520D-13 Im =  0.2189D-13  Square =   0.7099D-27

 Overlap with state16 : n =  6  l = 0 Re =  0.3392D-05 Im = -0.4544D-05  Square =   0.3215D-10

 Overlap with state17 : n =  6  l = 1 Re =  0.9057D-04 Im = -0.6333D-04  Square =   0.1221D-07

 Overlap with state18 : n =  6  l = 2 Re = -0.8114D-07 Im = -0.1155D-06  Square =   0.1993D-13

 Overlap with state19 : n =  6  l = 3 Re = -0.6603D-10 Im =  0.4626D-10  Square =   0.6501D-20

 Overlap with state20 : n =  6  l = 4 Re =  0.1511D-13 Im =  0.2162D-13  Square =   0.6957D-27

 Overlap with state21 : n =  6  l = 5 Re =  0.3962D-17 Im = -0.2763D-17  Square =   0.2333D-34

 Overlap with state22 : n =  7  l = 0 Re =  0.2666D-05 Im = -0.3606D-05  Square =   0.2011D-10

 Overlap with state23 : n =  7  l = 1 Re =  0.7077D-04 Im = -0.4969D-04  Square =   0.7477D-08

 Overlap with state24 : n =  7  l = 2 Re = -0.6424D-07 Im = -0.9109D-07  Square =   0.1242D-13

 Overlap with state25 : n =  7  l = 3 Re = -0.5391D-10 Im =  0.3793D-10  Square =   0.4345D-20

 Overlap with state26 : n =  7  l = 4 Re =  0.1354D-13 Im =  0.1928D-13  Square =   0.5552D-27

 Overlap with state27 : n =  7  l = 5 Re =  0.4441D-17 Im = -0.3110D-17  Square =   0.2940D-34

 Overlap with state28 : n =  7  l = 6 Re = -0.4250D-21 Im = -0.6089D-21  Square =   0.5513D-42

 Overlap with state29 : n =  8  l = 0 Re =  0.2168D-05 Im = -0.2952D-05  Square =   0.1341D-10

 Overlap with state30 : n =  8  l = 1 Re =  0.5735D-04 Im = -0.4037D-04  Square =   0.4919D-08

 Overlap with state31 : n =  8  l = 2 Re = -0.5249D-07 Im = -0.7423D-07  Square =   0.8265D-14

 Overlap with state32 : n =  8  l = 3 Re = -0.4485D-10 Im =  0.3164D-10  Square =   0.3013D-20

 Overlap with state33 : n =  8  l = 4 Re =  0.1186D-13 Im =  0.1685D-13  Square =   0.4247D-27

 Overlap with state34 : n =  8  l = 5 Re =  0.4308D-17 Im = -0.3025D-17  Square =   0.2770D-34

 Overlap with state35 : n =  8  l = 6 Re = -0.5281D-21 Im = -0.7547D-21  Square =   0.8484D-42

 Overlap with state36 : n =  8  l = 7 Re = -0.8181D-25 Im =  0.5702D-25  Square =   0.9944D-50

 channel =   0   contribution =    0.1000E+01

 channel =   1   contribution =    0.1509E-05

 channel =   2   contribution =    0.1220E-11

 channel =   3   contribution =    0.7855E-18

 channel =   4   contribution =    0.4538E-24

 channel =   5   contribution =    0.2488E-30

 channel =   6   contribution =    0.1334E-36

 channel =   7   contribution =    0.7128E-43

 channel =   8   contribution =    0.3845E-49

 norm =  1.00000004

 Autocorr. function: Re =-0.04880989 Im = 0.99880198 Square =  0.99998780

 Overlap with state 1 : n =  1  l = 0 Re = -0.4881D-01 Im =  0.9988D+00  Square =   0.1000D+01

 Overlap with state 2 : n =  2  l = 0 Re =  0.3758D-04 Im = -0.1601D-04  Square =   0.1669D-08

 Overlap with state 3 : n =  2  l = 1 Re =  0.2598D-02 Im = -0.5781D-03  Square =   0.7086D-05

 Overlap with state 4 : n =  3  l = 0 Re =  0.1747D-04 Im = -0.1094D-04  Square =   0.4246D-09

 Overlap with state 5 : n =  3  l = 1 Re =  0.1020D-02 Im = -0.2799D-03  Square =   0.1118D-05

 Overlap with state 6 : n =  3  l = 2 Re = -0.9159D-06 Im = -0.3289D-05  Square =   0.1166D-10

 Overlap with state 7 : n =  4  l = 0 Re =  0.1069D-04 Im = -0.7467D-05  Square =   0.1700D-09

 Overlap with state 8 : n =  4  l = 1 Re =  0.5962D-03 Im = -0.1747D-03  Square =   0.3860D-06

 Overlap with state 9 : n =  4  l = 2 Re = -0.6320D-06 Im = -0.2123D-05  Square =   0.4909D-11

 Overlap with state10 : n =  4  l = 3 Re = -0.2788D-08 Im =  0.8249D-09  Square =   0.8456D-17

 Overlap with state11 : n =  5  l = 0 Re =  0.7433D-05 Im = -0.5449D-05  Square =   0.8493D-10

 Overlap with state12 : n =  5  l = 1 Re =  0.4070D-03 Im = -0.1227D-03  Square =   0.1807D-06

 Overlap with state13 : n =  5  l = 2 Re = -0.4597D-06 Im = -0.1499D-05  Square =   0.2460D-11

 Overlap with state14 : n =  5  l = 3 Re = -0.2326D-08 Im =  0.7087D-09  Square =   0.5914D-17

 Overlap with state15 : n =  5  l = 4 Re =  0.5444D-12 Im =  0.1793D-11  Square =   0.3511D-23

 Overlap with state16 : n =  6  l = 0 Re =  0.5566D-05 Im = -0.4186D-05  Square =   0.4850D-10

 Overlap with state17 : n =  6  l = 1 Re =  0.3019D-03 Im = -0.9243D-04  Square =   0.9966D-07

 Overlap with state18 : n =  6  l = 2 Re = -0.3520D-06 Im = -0.1130D-05  Square =   0.1402D-11

 Overlap with state19 : n =  6  l = 3 Re = -0.1875D-08 Im =  0.5802D-09  Square =   0.3852D-17

 Overlap with state20 : n =  6  l = 4 Re =  0.5467D-12 Im =  0.1772D-11  Square =   0.3440D-23

 Overlap with state21 : n =  6  l = 5 Re =  0.9335D-15 Im = -0.2870D-15  Square =   0.9537D-30

 Overlap with state22 : n =  7  l = 0 Re =  0.4375D-05 Im = -0.3341D-05  Square =   0.3030D-10

 Overlap with state23 : n =  7  l = 1 Re =  0.2359D-03 Im = -0.7291D-04  Square =   0.6099D-07

 Overlap with state24 : n =  7  l = 2 Re = -0.2803D-06 Im = -0.8916D-06  Square =   0.8735D-12

 Overlap with state25 : n =  7  l = 3 Re = -0.1531D-08 Im =  0.4784D-09  Square =   0.2574D-17

 Overlap with state26 : n =  7  l = 4 Re =  0.4926D-12 Im =  0.1582D-11  Square =   0.2746D-23

 Overlap with state27 : n =  7  l = 5 Re =  0.1047D-14 Im = -0.3249D-15  Square =   0.1202D-29

 Overlap with state28 : n =  7  l = 6 Re = -0.1267D-18 Im = -0.4100D-18  Square =   0.1841D-36

 Overlap with state29 : n =  8  l = 0 Re =  0.3559D-05 Im = -0.2744D-05  Square =   0.2020D-10

 Overlap with state30 : n =  8  l = 1 Re =  0.1912D-03 Im = -0.5945D-04  Square =   0.4011D-07

 Overlap with state31 : n =  8  l = 2 Re = -0.2299D-06 Im = -0.7267D-06  Square =   0.5810D-12

 Overlap with state32 : n =  8  l = 3 Re = -0.1275D-08 Im =  0.4006D-09  Square =   0.1785D-17

 Overlap with state33 : n =  8  l = 4 Re =  0.4332D-12 Im =  0.1383D-11  Square =   0.2100D-23

 Overlap with state34 : n =  8  l = 5 Re =  0.1016D-14 Im = -0.3172D-15  Square =   0.1132D-29

 Overlap with state35 : n =  8  l = 6 Re = -0.1581D-18 Im = -0.5083D-18  Square =   0.2834D-36

 Overlap with state36 : n =  8  l = 7 Re = -0.1563D-21 Im =  0.4835D-22  Square =   0.2676D-43

 channel =   0   contribution =    0.1000E+01

 channel =   1   contribution =    0.1227E-04

 channel =   2   contribution =    0.8472E-10

 channel =   3   contribution =    0.4624E-15

 channel =   4   contribution =    0.2236E-20

 channel =   5   contribution =    0.1015E-25

 channel =   6   contribution =    0.4447E-31

 channel =   7   contribution =    0.1915E-36

 channel =   8   contribution =    0.8198E-42

 norm =  1.00000004

 Autocorr. function: Re =-0.43382285 Im = 0.90096730 Square =  0.99994434

 Overlap with state 1 : n =  1  l = 0 Re = -0.4338D+00 Im =  0.9010D+00  Square =   0.9999D+00

 Overlap with state 2 : n =  2  l = 0 Re =  0.4607D-04 Im =  0.1620D-04  Square =   0.2385D-08

 Overlap with state 3 : n =  2  l = 1 Re =  0.5693D-02 Im =  0.6137D-03  Square =   0.3279D-04

 Overlap with state 4 : n =  3  l = 0 Re =  0.2275D-04 Im =  0.7546D-06  Square =   0.5181D-09

 Overlap with state 5 : n =  3  l = 1 Re =  0.2261D-02 Im =  0.1026D-03  Square =   0.5122D-05

 Overlap with state 6 : n =  3  l = 2 Re =  0.6140D-06 Im = -0.1612D-04  Square =   0.2603D-09

 Overlap with state 7 : n =  4  l = 0 Re =  0.1412D-04 Im = -0.8524D-06  Square =   0.2002D-09

 Overlap with state 8 : n =  4  l = 1 Re =  0.1327D-02 Im =  0.3158D-04  Square =   0.1762D-05

 Overlap with state 9 : n =  4  l = 2 Re =  0.1597D-06 Im = -0.1046D-04  Square =   0.1095D-09

 Overlap with state10 : n =  4  l = 3 Re = -0.2998D-07 Im = -0.5444D-09  Square =   0.8991D-15

 Overlap with state11 : n =  5  l = 0 Re =  0.9878D-05 Im = -0.1007D-05  Square =   0.9859D-10

 Overlap with state12 : n =  5  l = 1 Re =  0.9071D-03 Im =  0.1256D-04  Square =   0.8230D-06

 Overlap with state13 : n =  5  l = 2 Re =  0.3479D-07 Im = -0.7405D-05  Square =   0.5484D-10

 Overlap with state14 : n =  5  l = 3 Re = -0.2507D-07 Im = -0.1946D-09  Square =   0.6288D-15

 Overlap with state15 : n =  5  l = 4 Re = -0.3735D-12 Im =  0.4201D-10  Square =   0.1765D-20

 Overlap with state16 : n =  6  l = 0 Re =  0.7419D-05 Im = -0.9214D-06  Square =   0.5590D-10

 Overlap with state17 : n =  6  l = 1 Re =  0.6734D-03 Im =  0.5687D-05  Square =   0.4535D-06

 Overlap with state18 : n =  6  l = 2 Re = -0.5854D-08 Im = -0.5589D-05  Square =   0.3124D-10

 Overlap with state19 : n =  6  l = 3 Re = -0.2024D-07 Im = -0.4268D-10  Square =   0.4095D-15

 Overlap with state20 : n =  6  l = 4 Re = -0.1363D-12 Im =  0.4159D-10  Square =   0.1730D-20

 Overlap with state21 : n =  6  l = 5 Re =  0.4751D-13 Im =  0.1918D-15  Square =   0.2257D-26

 Overlap with state22 : n =  7  l = 0 Re =  0.5842D-05 Im = -0.8033D-06  Square =   0.3477D-10

 Overlap with state23 : n =  7  l = 1 Re =  0.5266D-03 Im =  0.2734D-05  Square =   0.2774D-06

 Overlap with state24 : n =  7  l = 2 Re = -0.1991D-07 Im = -0.4412D-05  Square =   0.1946D-10

 Overlap with state25 : n =  7  l = 3 Re = -0.1654D-07 Im =  0.2148D-10  Square =   0.2736D-15

 Overlap with state26 : n =  7  l = 4 Re =  0.3955D-14 Im =  0.3716D-10  Square =   0.1381D-20

 Overlap with state27 : n =  7  l = 5 Re =  0.5333D-13 Im =  0.3523D-16  Square =   0.2844D-26

 Overlap with state28 : n =  7  l = 6 Re =  0.6992D-19 Im = -0.4516D-16  Square =   0.2040D-32

 Overlap with state29 : n =  8  l = 0 Re =  0.4757D-05 Im = -0.6950D-06  Square =   0.2311D-10

 Overlap with state30 : n =  8  l = 1 Re =  0.4270D-03 Im =  0.1316D-05  Square =   0.1823D-06

 Overlap with state31 : n =  8  l = 2 Re = -0.2433D-07 Im = -0.3598D-05  Square =   0.1295D-10

 Overlap with state32 : n =  8  l = 3 Re = -0.1378D-07 Im =  0.4835D-10  Square =   0.1898D-15

 Overlap with state33 : n =  8  l = 4 Re =  0.7482D-13 Im =  0.3249D-10  Square =   0.1056D-20

 Overlap with state34 : n =  8  l = 5 Re =  0.5177D-13 Im = -0.7923D-16  Square =   0.2680D-26

 Overlap with state35 : n =  8  l = 6 Re = -0.3573D-19 Im = -0.5603D-16  Square =   0.3139D-32

 Overlap with state36 : n =  8  l = 7 Re = -0.3712D-19 Im = -0.1581D-22  Square =   0.1378D-38

 channel =   0   contribution =    0.9999E+00

 channel =   1   contribution =    0.5573E-04

 channel =   2   contribution =    0.1855E-08

 channel =   3   contribution =    0.4873E-13

 channel =   4   contribution =    0.1120E-17

 channel =   5   contribution =    0.2395E-22

 channel =   6   contribution =    0.4914E-27

 channel =   7   contribution =    0.9842E-32

 channel =   8   contribution =    0.1944E-36

 norm =  1.00000004

 Autocorr. function: Re =-0.75034482 Im = 0.66091844 Square =  0.99983054

 Overlap with state 1 : n =  1  l = 0 Re = -0.7503D+00 Im =  0.6609D+00  Square =   0.9998D+00

 Overlap with state 2 : n =  2  l = 0 Re =  0.1988D-04 Im =  0.9161D-04  Square =   0.8788D-08

 Overlap with state 3 : n =  2  l = 1 Re =  0.9201D-02 Im =  0.4156D-02  Square =   0.1019D-03

 Overlap with state 4 : n =  3  l = 0 Re =  0.1694D-04 Im =  0.2989D-04  Square =   0.1181D-08

 Overlap with state 5 : n =  3  l = 1 Re =  0.3727D-02 Im =  0.1351D-02  Square =   0.1572D-04

 Overlap with state 6 : n =  3  l = 2 Re =  0.1695D-04 Im = -0.4868D-04  Square =   0.2657D-08

 Overlap with state 7 : n =  4  l = 0 Re =  0.1154D-04 Im =  0.1606D-04  Square =   0.3910D-09

 Overlap with state 8 : n =  4  l = 1 Re =  0.2201D-02 Im =  0.7323D-03  Square =   0.5379D-05

 Overlap with state 9 : n =  4  l = 2 Re =  0.1008D-04 Im = -0.3185D-04  Square =   0.1116D-08

 Overlap with state10 : n =  4  l = 3 Re = -0.1640D-06 Im = -0.5274D-07  Square =   0.2967D-13

 Overlap with state11 : n =  5  l = 0 Re =  0.8364D-05 Im =  0.1049D-04  Square =   0.1799D-09

 Overlap with state12 : n =  5  l = 1 Re =  0.1508D-02 Im =  0.4815D-03  Square =   0.2507D-05

 Overlap with state13 : n =  5  l = 2 Re =  0.6828D-05 Im = -0.2262D-04  Square =   0.5585D-09

 Overlap with state14 : n =  5  l = 3 Re = -0.1377D-06 Im = -0.4231D-07  Square =   0.2075D-13

 Overlap with state15 : n =  5  l = 4 Re = -0.1277D-09 Im =  0.4131D-09  Square =   0.1870D-18

 Overlap with state16 : n =  6  l = 0 Re =  0.6393D-05 Im =  0.7585D-05  Square =   0.9841D-10

 Overlap with state17 : n =  6  l = 1 Re =  0.1121D-02 Im =  0.3498D-03  Square =   0.1380D-05

 Overlap with state18 : n =  6  l = 2 Re =  0.5029D-05 Im = -0.1711D-04  Square =   0.3180D-09

 Overlap with state19 : n =  6  l = 3 Re = -0.1113D-06 Im = -0.3336D-07  Square =   0.1351D-13

 Overlap with state20 : n =  6  l = 4 Re = -0.1236D-09 Im =  0.4098D-09  Square =   0.1832D-18

 Overlap with state21 : n =  6  l = 5 Re =  0.8371D-12 Im =  0.2530D-12  Square =   0.7648D-24

 Overlap with state22 : n =  7  l = 0 Re =  0.5085D-05 Im =  0.5837D-05  Square =   0.5992D-10

 Overlap with state23 : n =  7  l = 1 Re =  0.8776D-03 Im =  0.2699D-03  Square =   0.8430D-06

 Overlap with state24 : n =  7  l = 2 Re =  0.3910D-05 Im = -0.1352D-04  Square =   0.1981D-09

 Overlap with state25 : n =  7  l = 3 Re = -0.9113D-07 Im = -0.2688D-07  Square =   0.9028D-14

 Overlap with state26 : n =  7  l = 4 Re = -0.1088D-09 Im =  0.3665D-09  Square =   0.1462D-18

 Overlap with state27 : n =  7  l = 5 Re =  0.9408D-12 Im =  0.2801D-12  Square =   0.9636D-24

 Overlap with state28 : n =  7  l = 6 Re =  0.4245D-15 Im = -0.1422D-14  Square =   0.2204D-29

 Overlap with state29 : n =  8  l = 0 Re =  0.4167D-05 Im =  0.4682D-05  Square =   0.3928D-10

 Overlap with state30 : n =  8  l = 1 Re =  0.7119D-03 Im =  0.2169D-03  Square =   0.5539D-06

 Overlap with state31 : n =  8  l = 2 Re =  0.3157D-05 Im = -0.1103D-04  Square =   0.1317D-09

 Overlap with state32 : n =  8  l = 3 Re = -0.7595D-07 Im = -0.2217D-07  Square =   0.6261D-14

 Overlap with state33 : n =  8  l = 4 Re = -0.9430D-10 Im =  0.3208D-09  Square =   0.1118D-18

 Overlap with state34 : n =  8  l = 5 Re =  0.9141D-12 Im =  0.2694D-12  Square =   0.9081D-24

 Overlap with state35 : n =  8  l = 6 Re =  0.5218D-15 Im = -0.1766D-14  Square =   0.3391D-29

 Overlap with state36 : n =  8  l = 7 Re = -0.2085D-17 Im = -0.6178D-18  Square =   0.4729D-35

 channel =   0   contribution =    0.9998E+00

 channel =   1   contribution =    0.1695E-03

 channel =   2   contribution =    0.1847E-07

 channel =   3   contribution =    0.1589E-11

 channel =   4   contribution =    0.1182E-15

 channel =   5   contribution =    0.8096E-20

 channel =   6   contribution =    0.5298E-24

 channel =   7   contribution =    0.3373E-28

 channel =   8   contribution =    0.2109E-32

 norm =  1.00000004

 Autocorr. function: Re =-0.94837952 Im = 0.31654146 Square =  0.99962221

 Overlap with state 1 : n =  1  l = 0 Re = -0.9484D+00 Im =  0.3165D+00  Square =   0.9996D+00

 Overlap with state 2 : n =  2  l = 0 Re = -0.8853D-04 Im =  0.2042D-03  Square =   0.4955D-07

 Overlap with state 3 : n =  2  l = 1 Re =  0.1141D-01 Im =  0.1013D-01  Square =   0.2328D-03

 Overlap with state 4 : n =  3  l = 0 Re = -0.1641D-04 Im =  0.7693D-04  Square =   0.6188D-08

 Overlap with state 5 : n =  3  l = 1 Re =  0.4792D-02 Im =  0.3515D-02  Square =   0.3532D-04

 Overlap with state 6 : n =  3  l = 2 Re =  0.7012D-04 Im = -0.9971D-04  Square =   0.1486D-07

 Overlap with state 7 : n =  4  l = 0 Re = -0.6202D-05 Im =  0.4401D-04  Square =   0.1975D-08

 Overlap with state 8 : n =  4  l = 1 Re =  0.2859D-02 Im =  0.1958D-02  Square =   0.1201D-04

 Overlap with state 9 : n =  4  l = 2 Re =  0.4306D-04 Im = -0.6613D-04  Square =   0.6228D-08

 Overlap with state10 : n =  4  l = 3 Re = -0.5267D-06 Im = -0.3485D-06  Square =   0.3989D-12

 Overlap with state11 : n =  5  l = 0 Re = -0.3207D-05 Im =  0.2969D-04  Square =   0.8921D-09

 Overlap with state12 : n =  5  l = 1 Re =  0.1968D-02 Im =  0.1306D-02  Square =   0.5580D-05

 Overlap with state13 : n =  5  l = 2 Re =  0.2967D-04 Im = -0.4726D-04  Square =   0.3114D-08

 Overlap with state14 : n =  5  l = 3 Re = -0.4450D-06 Im = -0.2843D-06  Square =   0.2789D-12

 Overlap with state15 : n =  5  l = 4 Re = -0.1323D-08 Im =  0.2058D-08  Square =   0.5986D-17

 Overlap with state16 : n =  6  l = 0 Re = -0.1975D-05 Im =  0.2188D-04  Square =   0.4826D-09

 Overlap with state17 : n =  6  l = 1 Re =  0.1467D-02 Im =  0.9560D-03  Square =   0.3065D-05

 Overlap with state18 : n =  6  l = 2 Re =  0.2206D-04 Im = -0.3585D-04  Square =   0.1772D-08

 Overlap with state19 : n =  6  l = 3 Re = -0.3611D-06 Im = -0.2262D-06  Square =   0.1816D-12

 Overlap with state20 : n =  6  l = 4 Re = -0.1292D-08 Im =  0.2049D-08  Square =   0.5866D-17

 Overlap with state21 : n =  6  l = 5 Re =  0.6450D-11 Im =  0.4073D-11  Square =   0.5819D-22

 Overlap with state22 : n =  7  l = 0 Re = -0.1356D-05 Im =  0.1703D-04  Square =   0.2919D-09

 Overlap with state23 : n =  7  l = 1 Re =  0.1150D-02 Im =  0.7413D-03  Square =   0.1871D-05

 Overlap with state24 : n =  7  l = 2 Re =  0.1726D-04 Im = -0.2838D-04  Square =   0.1103D-08

 Overlap with state25 : n =  7  l = 3 Re = -0.2961D-06 Im = -0.1834D-06  Square =   0.1213D-12

 Overlap with state26 : n =  7  l = 4 Re = -0.1144D-08 Im =  0.1836D-08  Square =   0.4681D-17

 Overlap with state27 : n =  7  l = 5 Re =  0.7264D-11 Im =  0.4534D-11  Square =   0.7332D-22

 Overlap with state28 : n =  7  l = 6 Re =  0.1057D-13 Im = -0.1691D-13  Square =   0.3977D-27

 Overlap with state29 : n =  8  l = 0 Re = -0.1001D-05 Im =  0.1377D-04  Square =   0.1905D-09

 Overlap with state30 : n =  8  l = 1 Re =  0.9333D-03 Im =  0.5977D-03  Square =   0.1228D-05

 Overlap with state31 : n =  8  l = 2 Re =  0.1399D-04 Im = -0.2319D-04  Square =   0.7336D-09

 Overlap with state32 : n =  8  l = 3 Re = -0.2471D-06 Im = -0.1518D-06  Square =   0.8414D-13

 Overlap with state33 : n =  8  l = 4 Re = -0.9954D-09 Im =  0.1609D-08  Square =   0.3580D-17

 Overlap with state34 : n =  8  l = 5 Re =  0.7067D-11 Im =  0.4378D-11  Square =   0.6910D-22

 Overlap with state35 : n =  8  l = 6 Re =  0.1304D-13 Im = -0.2102D-13  Square =   0.6120D-27

 Overlap with state36 : n =  8  l = 7 Re = -0.3817D-16 Im = -0.2371D-16  Square =   0.2019D-32

 channel =   0   contribution =    0.9996E+00

 channel =   1   contribution =    0.3777E-03

 channel =   2   contribution =    0.1002E-06

 channel =   3   contribution =    0.2104E-10

 channel =   4   contribution =    0.3772E-14

 channel =   5   contribution =    0.6158E-18

 channel =   6   contribution =    0.9555E-22

 channel =   7   contribution =    0.1440E-25

 channel =   8   contribution =    0.2132E-29

 norm =  1.00000004

 Autocorr. function: Re =-0.99664820 Im =-0.07776701 Square =  0.99935535

 Overlap with state 1 : n =  1  l = 0 Re = -0.9966D+00 Im = -0.7777D-01  Square =   0.9994D+00

 Overlap with state 2 : n =  2  l = 0 Re = -0.2988D-03 Im =  0.3014D-03  Square =   0.1802D-06

 Overlap with state 3 : n =  2  l = 1 Re =  0.1085D-01 Im =  0.1704D-01  Square =   0.4081D-03

 Overlap with state 4 : n =  3  l = 0 Re = -0.8524D-04 Im =  0.1261D-03  Square =   0.2316D-07

 Overlap with state 5 : n =  3  l = 1 Re =  0.4910D-02 Im =  0.6047D-02  Square =   0.6067D-04

 Overlap with state 6 : n =  3  l = 2 Re =  0.1690D-03 Im = -0.1454D-03  Square =   0.4968D-07

 Overlap with state 7 : n =  4  l = 0 Re = -0.4368D-04 Im =  0.7462D-04  Square =   0.7476D-08

 Overlap with state 8 : n =  4  l = 1 Re =  0.2989D-02 Im =  0.3396D-02  Square =   0.2046D-04

 Overlap with state 9 : n =  4  l = 2 Re =  0.1050D-03 Im = -0.9878D-04  Square =   0.2077D-07

 Overlap with state10 : n =  4  l = 3 Re = -0.1069D-05 Im = -0.1161D-05  Square =   0.2491D-11

 Overlap with state11 : n =  5  l = 0 Re = -0.2792D-04 Im =  0.5114D-04  Square =   0.3395D-08

 Overlap with state12 : n =  5  l = 1 Re =  0.2075D-02 Im =  0.2273D-02  Square =   0.9471D-05

 Overlap with state13 : n =  5  l = 2 Re =  0.7271D-04 Im = -0.7132D-04  Square =   0.1037D-07

 Overlap with state14 : n =  5  l = 3 Re = -0.9132D-06 Im = -0.9525D-06  Square =   0.1741D-11

 Overlap with state15 : n =  5  l = 4 Re = -0.6022D-08 Im =  0.5725D-08  Square =   0.6903D-16

 Overlap with state16 : n =  6  l = 0 Re = -0.1995D-04 Im =  0.3800D-04  Square =   0.1842D-08

 Overlap with state17 : n =  6  l = 1 Re =  0.1553D-02 Im =  0.1667D-02  Square =   0.5192D-05

 Overlap with state18 : n =  6  l = 2 Re =  0.5423D-04 Im = -0.5439D-04  Square =   0.5899D-08

 Overlap with state19 : n =  6  l = 3 Re = -0.7452D-06 Im = -0.7605D-06  Square =   0.1134D-11

 Overlap with state20 : n =  6  l = 4 Re = -0.5900D-08 Im =  0.5731D-08  Square =   0.6765D-16

 Overlap with state21 : n =  6  l = 5 Re =  0.2448D-10 Im =  0.2524D-10  Square =   0.1237D-20

 Overlap with state22 : n =  7  l = 0 Re = -0.1524D-04 Im =  0.2973D-04  Square =   0.1116D-08

 Overlap with state23 : n =  7  l = 1 Re =  0.1220D-02 Im =  0.1295D-02  Square =   0.3165D-05

 Overlap with state24 : n =  7  l = 2 Re =  0.4249D-04 Im = -0.4320D-04  Square =   0.3672D-08

 Overlap with state25 : n =  7  l = 3 Re = -0.6132D-06 Im = -0.6176D-06  Square =   0.7575D-12

 Overlap with state26 : n =  7  l = 4 Re = -0.5238D-08 Im =  0.5153D-08  Square =   0.5399D-16

 Overlap with state27 : n =  7  l = 5 Re =  0.2766D-10 Im =  0.2816D-10  Square =   0.1558D-20

 Overlap with state28 : n =  7  l = 6 Re =  0.8901D-13 Im = -0.8737D-13  Square =   0.1556D-25

 Overlap with state29 : n =  8  l = 0 Re = -0.1217D-04 Im =  0.2411D-04  Square =   0.7295D-09

 Overlap with state30 : n =  8  l = 1 Re =  0.9923D-03 Im =  0.1045D-02  Square =   0.2076D-05

 Overlap with state31 : n =  8  l = 2 Re =  0.3449D-04 Im = -0.3537D-04  Square =   0.2441D-08

 Overlap with state32 : n =  8  l = 3 Re = -0.5129D-06 Im = -0.5121D-06  Square =   0.5253D-12

 Overlap with state33 : n =  8  l = 4 Re = -0.4562D-08 Im =  0.4526D-08  Square =   0.4129D-16

 Overlap with state34 : n =  8  l = 5 Re =  0.2697D-10 Im =  0.2722D-10  Square =   0.1469D-20

 Overlap with state35 : n =  8  l = 6 Re =  0.1100D-12 Im = -0.1089D-12  Square =   0.2394D-25

 Overlap with state36 : n =  8  l = 7 Re = -0.2679D-15 Im = -0.2709D-15  Square =   0.1451D-30

 channel =   0   contribution =    0.9994E+00

 channel =   1   contribution =    0.6442E-03

 channel =   2   contribution =    0.3237E-06

 channel =   3   contribution =    0.1291E-09

 channel =   4   contribution =    0.4339E-13

 channel =   5   contribution =    0.1311E-16

 channel =   6   contribution =    0.3742E-20

 channel =   7   contribution =    0.1039E-23

 channel =   8   contribution =    0.2856E-27

 norm =  1.00000004

 Autocorr. function: Re =-0.88758383 Im =-0.45971388 Square =  0.99914191

 Overlap with state 1 : n =  1  l = 0 Re = -0.8876D+00 Im = -0.4597D+00  Square =   0.9991D+00

 Overlap with state 2 : n =  2  l = 0 Re = -0.5379D-03 Im =  0.3205D-03  Square =   0.3921D-06

 Overlap with state 3 : n =  2  l = 1 Re =  0.7759D-02 Im =  0.2231D-01  Square =   0.5578D-03

 Overlap with state 4 : n =  3  l = 0 Re = -0.1660D-03 Im =  0.1543D-03  Square =   0.5137D-07

 Overlap with state 5 : n =  3  l = 1 Re =  0.4159D-02 Im =  0.7988D-02  Square =   0.8111D-04

 Overlap with state 6 : n =  3  l = 2 Re =  0.2775D-03 Im = -0.1573D-03  Square =   0.1018D-06

 Overlap with state 7 : n =  4  l = 0 Re = -0.8795D-04 Im =  0.9474D-04  Square =   0.1671D-07

 Overlap with state 8 : n =  4  l = 1 Re =  0.2634D-02 Im =  0.4492D-02  Square =   0.2711D-04

 Overlap with state 9 : n =  4  l = 2 Re =  0.1732D-03 Im = -0.1115D-03  Square =   0.4245D-07

 Overlap with state10 : n =  4  l = 3 Re = -0.1446D-05 Im = -0.2320D-05  Square =   0.7472D-11

 Overlap with state11 : n =  5  l = 0 Re = -0.5716D-04 Im =  0.6594D-04  Square =   0.7614D-08

 Overlap with state12 : n =  5  l = 1 Re =  0.1858D-02 Im =  0.3007D-02  Square =   0.1250D-04

 Overlap with state13 : n =  5  l = 2 Re =  0.1202D-03 Im = -0.8192D-04  Square =   0.2117D-07

 Overlap with state14 : n =  5  l = 3 Re = -0.1258D-05 Im = -0.1908D-05  Square =   0.5223D-11

 Overlap with state15 : n =  5  l = 4 Re = -0.1451D-07 Im =  0.9440D-08  Square =   0.2996D-15

 Overlap with state16 : n =  6  l = 0 Re = -0.4124D-04 Im =  0.4939D-04  Square =   0.4140D-08

 Overlap with state17 : n =  6  l = 1 Re =  0.1402D-02 Im =  0.2206D-02  Square =   0.6833D-05

 Overlap with state18 : n =  6  l = 2 Re =  0.8976D-04 Im = -0.6304D-04  Square =   0.1203D-07

 Overlap with state19 : n =  6  l = 3 Re = -0.1036D-05 Im = -0.1525D-05  Square =   0.3400D-11

 Overlap with state20 : n =  6  l = 4 Re = -0.1424D-07 Im =  0.9538D-08  Square =   0.2937D-15

 Overlap with state21 : n =  6  l = 5 Re =  0.4894D-10 Im =  0.7319D-10  Square =   0.7752D-20

 Overlap with state22 : n =  7  l = 0 Re = -0.3169D-04 Im =  0.3883D-04  Square =   0.2512D-08

 Overlap with state23 : n =  7  l = 1 Re =  0.1107D-02 Im =  0.1713D-02  Square =   0.4159D-05

 Overlap with state24 : n =  7  l = 2 Re =  0.7037D-04 Im = -0.5033D-04  Square =   0.7485D-08

 Overlap with state25 : n =  7  l = 3 Re = -0.8571D-06 Im = -0.1240D-05  Square =   0.2272D-11

 Overlap with state26 : n =  7  l = 4 Re = -0.1265D-07 Im =  0.8624D-08  Square =   0.2343D-15

 Overlap with state27 : n =  7  l = 5 Re =  0.5561D-10 Im =  0.8171D-10  Square =   0.9768D-20

 Overlap with state28 : n =  7  l = 6 Re =  0.3102D-12 Im = -0.2110D-12  Square =   0.1407D-24

 Overlap with state29 : n =  8  l = 0 Re = -0.2541D-04 Im =  0.3158D-04  Square =   0.1643D-08

 Overlap with state30 : n =  8  l = 1 Re =  0.9025D-03 Im =  0.1382D-02  Square =   0.2726D-05

 Overlap with state31 : n =  8  l = 2 Re =  0.5713D-04 Im = -0.4134D-04  Square =   0.4973D-08

 Overlap with state32 : n =  8  l = 3 Re = -0.7193D-06 Im = -0.1029D-05  Square =   0.1575D-11

 Overlap with state33 : n =  8  l = 4 Re = -0.1102D-07 Im =  0.7600D-08  Square =   0.1792D-15

 Overlap with state34 : n =  8  l = 5 Re =  0.5440D-10 Im =  0.7904D-10  Square =   0.9206D-20

 Overlap with state35 : n =  8  l = 6 Re =  0.3835D-12 Im = -0.2638D-12  Square =   0.2166D-24

 Overlap with state36 : n =  8  l = 7 Re = -0.7795D-15 Im = -0.1134D-14  Square =   0.1894D-29

 channel =   0   contribution =    0.9991E+00

 channel =   1   contribution =    0.8570E-03

 channel =   2   contribution =    0.6419E-06

 channel =   3   contribution =    0.3807E-09

 channel =   4   contribution =    0.1879E-12

 channel =   5   contribution =    0.8241E-16

 channel =   6   contribution =    0.3395E-19

 channel =   7   contribution =    0.1366E-22

 channel =   8   contribution =    0.5573E-26

 norm =  1.00000004

 Autocorr. function: Re =-0.63851972 Im =-0.76901251 Square =  0.99908767

 Overlap with state 1 : n =  1  l = 0 Re = -0.6385D+00 Im = -0.7690D+00  Square =   0.9991D+00

 Overlap with state 2 : n =  2  l = 0 Re = -0.6453D-03 Im =  0.2720D-03  Square =   0.4904D-06

 Overlap with state 3 : n =  2  l = 1 Re =  0.4703D-02 Im =  0.2403D-01  Square =   0.5996D-03

 Overlap with state 4 : n =  3  l = 0 Re = -0.2023D-03 Im =  0.1559D-03  Square =   0.6521D-07

 Overlap with state 5 : n =  3  l = 1 Re =  0.3504D-02 Im =  0.8605D-02  Square =   0.8632D-04

 Overlap with state 6 : n =  3  l = 2 Re =  0.3190D-03 Im = -0.1440D-03  Square =   0.1225D-06

 Overlap with state 7 : n =  4  l = 0 Re = -0.1072D-03 Im =  0.9913D-04  Square =   0.2133D-07

 Overlap with state 8 : n =  4  l = 1 Re =  0.2350D-02 Im =  0.4819D-02  Square =   0.2874D-04

 Overlap with state 9 : n =  4  l = 2 Re =  0.1986D-03 Im = -0.1078D-03  Square =   0.5104D-07

 Overlap with state10 : n =  4  l = 3 Re = -0.1460D-05 Im = -0.2798D-05  Square =   0.9960D-11

 Overlap with state11 : n =  5  l = 0 Re = -0.6967D-04 Im =  0.6993D-04  Square =   0.9744D-08

 Overlap with state12 : n =  5  l = 1 Re =  0.1694D-02 Im =  0.3217D-02  Square =   0.1322D-04

 Overlap with state13 : n =  5  l = 2 Re =  0.1375D-03 Im = -0.8080D-04  Square =   0.2544D-07

 Overlap with state14 : n =  5  l = 3 Re = -0.1298D-05 Im = -0.2297D-05  Square =   0.6961D-11

 Overlap with state15 : n =  5  l = 4 Re = -0.1834D-07 Im =  0.1020D-07  Square =   0.4402D-15

 Overlap with state16 : n =  6  l = 0 Re = -0.5024D-04 Im =  0.5274D-04  Square =   0.5306D-08

 Overlap with state17 : n =  6  l = 1 Re =  0.1292D-02 Im =  0.2357D-02  Square =   0.7222D-05

 Overlap with state18 : n =  6  l = 2 Re =  0.1025D-03 Im = -0.6281D-04  Square =   0.1445D-07

 Overlap with state19 : n =  6  l = 3 Re = -0.1080D-05 Im = -0.1834D-05  Square =   0.4532D-11

 Overlap with state20 : n =  6  l = 4 Re = -0.1797D-07 Im =  0.1041D-07  Square =   0.4314D-15

 Overlap with state21 : n =  6  l = 5 Re =  0.5607D-10 Im =  0.9695D-10  Square =   0.1254D-19

 Overlap with state22 : n =  7  l = 0 Re = -0.3860D-04 Im =  0.4162D-04  Square =   0.3222D-08

 Overlap with state23 : n =  7  l = 1 Re =  0.1026D-02 Im =  0.1828D-02  Square =   0.4393D-05

 Overlap with state24 : n =  7  l = 2 Re =  0.8029D-04 Im = -0.5044D-04  Square =   0.8990D-08

 Overlap with state25 : n =  7  l = 3 Re = -0.8994D-06 Im = -0.1490D-05  Square =   0.3028D-11

 Overlap with state26 : n =  7  l = 4 Re = -0.1595D-07 Im =  0.9475D-08  Square =   0.3443D-15

 Overlap with state27 : n =  7  l = 5 Re =  0.6410D-10 Im =  0.1082D-09  Square =   0.1581D-19

 Overlap with state28 : n =  7  l = 6 Re =  0.4309D-12 Im = -0.2552D-12  Square =   0.2508D-24

 Overlap with state29 : n =  8  l = 0 Re = -0.3093D-04 Im =  0.3394D-04  Square =   0.2108D-08

 Overlap with state30 : n =  8  l = 1 Re =  0.8400D-03 Im =  0.1474D-02  Square =   0.2878D-05

 Overlap with state31 : n =  8  l = 2 Re =  0.6514D-04 Im = -0.4158D-04  Square =   0.5972D-08

 Overlap with state32 : n =  8  l = 3 Re = -0.7577D-06 Im = -0.1235D-05  Square =   0.2099D-11

 Overlap with state33 : n =  8  l = 4 Re = -0.1390D-07 Im =  0.8383D-08  Square =   0.2633D-15

 Overlap with state34 : n =  8  l = 5 Re =  0.6295D-10 Im =  0.1046D-09  Square =   0.1490D-19

 Overlap with state35 : n =  8  l = 6 Re =  0.5323D-12 Im = -0.3203D-12  Square =   0.3860D-24

 Overlap with state36 : n =  8  l = 7 Re = -0.9932D-15 Im = -0.1652D-14  Square =   0.3714D-29

 channel =   0   contribution =    0.9991E+00

 channel =   1   contribution =    0.9109E-03

 channel =   2   contribution =    0.7630E-06

 channel =   3   contribution =    0.5041E-09

 channel =   4   contribution =    0.2758E-12

 channel =   5   contribution =    0.1335E-15

 channel =   6   contribution =    0.6056E-19

 channel =   7   contribution =    0.2689E-22

 channel =   8   contribution =    0.1229E-25

 norm =  1.00000004

 Autocorr. function: Re =-0.28886587 Im =-0.95689709 Square =  0.99909553

 Overlap with state 1 : n =  1  l = 0 Re = -0.2889D+00 Im = -0.9569D+00  Square =   0.9991D+00

 Overlap with state 2 : n =  2  l = 0 Re = -0.4730D-03 Im =  0.2455D-03  Square =   0.2840D-06

 Overlap with state 3 : n =  2  l = 1 Re =  0.5645D-02 Im =  0.2290D-01  Square =   0.5563D-03

 Overlap with state 4 : n =  3  l = 0 Re = -0.1344D-03 Im =  0.1415D-03  Square =   0.3809D-07

 Overlap with state 5 : n =  3  l = 1 Re =  0.4450D-02 Im =  0.8123D-02  Square =   0.8579D-04

 Overlap with state 6 : n =  3  l = 2 Re =  0.2269D-03 Im = -0.1532D-03  Square =   0.7494D-07

 Overlap with state 7 : n =  4  l = 0 Re = -0.6723D-04 Im =  0.8923D-04  Square =   0.1248D-07

 Overlap with state 8 : n =  4  l = 1 Re =  0.3010D-02 Im =  0.4498D-02  Square =   0.2930D-04

 Overlap with state 9 : n =  4  l = 2 Re =  0.1362D-03 Im = -0.1139D-03  Square =   0.3152D-07

 Overlap with state10 : n =  4  l = 3 Re = -0.1336D-05 Im = -0.1616D-05  Square =   0.4396D-11

 Overlap with state11 : n =  5  l = 0 Re = -0.4225D-04 Im =  0.6261D-04  Square =   0.5705D-08

 Overlap with state12 : n =  5  l = 1 Re =  0.2177D-02 Im =  0.2983D-02  Square =   0.1364D-04

 Overlap with state13 : n =  5  l = 2 Re =  0.9245D-04 Im = -0.8508D-04  Square =   0.1579D-07

 Overlap with state14 : n =  5  l = 3 Re = -0.1181D-05 Im = -0.1297D-05  Square =   0.3077D-11

 Overlap with state15 : n =  5  l = 4 Re = -0.8940D-08 Im =  0.8079D-08  Square =   0.1452D-15

 Overlap with state16 : n =  6  l = 0 Re = -0.2987D-04 Im =  0.4706D-04  Square =   0.3107D-08

 Overlap with state17 : n =  6  l = 1 Re =  0.1662D-02 Im =  0.2176D-02  Square =   0.7497D-05

 Overlap with state18 : n =  6  l = 2 Re =  0.6810D-04 Im = -0.6599D-04  Square =   0.8992D-08

 Overlap with state19 : n =  6  l = 3 Re = -0.9797D-06 Im = -0.1022D-05  Square =   0.2004D-11

 Overlap with state20 : n =  6  l = 4 Re = -0.8644D-08 Im =  0.8224D-08  Square =   0.1424D-15

 Overlap with state21 : n =  6  l = 5 Re =  0.3842D-10 Im =  0.4044D-10  Square =   0.3112D-20

 Overlap with state22 : n =  7  l = 0 Re = -0.2265D-04 Im =  0.3706D-04  Square =   0.1887D-08

 Overlap with state23 : n =  7  l = 1 Re =  0.1321D-02 Im =  0.1683D-02  Square =   0.4579D-05

 Overlap with state24 : n =  7  l = 2 Re =  0.5294D-04 Im = -0.5292D-04  Square =   0.5602D-08

 Overlap with state25 : n =  7  l = 3 Re = -0.8139D-06 Im = -0.8231D-06  Square =   0.1340D-11

 Overlap with state26 : n =  7  l = 4 Re = -0.7608D-08 Im =  0.7466D-08  Square =   0.1136D-15

 Overlap with state27 : n =  7  l = 5 Re =  0.4383D-10 Im =  0.4473D-10  Square =   0.3922D-20

 Overlap with state28 : n =  7  l = 6 Re =  0.1547D-12 Im = -0.1515D-12  Square =   0.4688D-25

 Overlap with state29 : n =  8  l = 0 Re = -0.1799D-04 Im =  0.3018D-04  Square =   0.1235D-08

 Overlap with state30 : n =  8  l = 1 Re =  0.1082D-02 Im =  0.1355D-02  Square =   0.3007D-05

 Overlap with state31 : n =  8  l = 2 Re =  0.4273D-04 Im = -0.4359D-04  Square =   0.3726D-08

 Overlap with state32 : n =  8  l = 3 Re = -0.6847D-06 Im = -0.6786D-06  Square =   0.9293D-12

 Overlap with state33 : n =  8  l = 4 Re = -0.6589D-08 Im =  0.6596D-08  Square =   0.8692D-16

 Overlap with state34 : n =  8  l = 5 Re =  0.4298D-10 Im =  0.4300D-10  Square =   0.3696D-20

 Overlap with state35 : n =  8  l = 6 Re =  0.1900D-12 Im = -0.1899D-12  Square =   0.7216D-25

 Overlap with state36 : n =  8  l = 7 Re = -0.5115D-15 Im = -0.5123D-15  Square =   0.5241D-30

 channel =   0   contribution =    0.9991E+00

 channel =   1   contribution =    0.9036E-03

 channel =   2   contribution =    0.5118E-06

 channel =   3   contribution =    0.2354E-09

 channel =   4   contribution =    0.9343E-13

 channel =   5   contribution =    0.3364E-16

 channel =   6   contribution =    0.1148E-19

 channel =   7   contribution =    0.3808E-23

 channel =   8   contribution =    0.1249E-26

 norm =  1.00000004

 Autocorr. function: Re = 0.10613505 Im =-0.99367268 Square =  0.99865005

 Overlap with state 1 : n =  1  l = 0 Re =  0.1061D+00 Im = -0.9937D+00  Square =   0.9987D+00

 Overlap with state 2 : n =  2  l = 0 Re =  0.7050D-04 Im =  0.2521D-03  Square =   0.6855D-07

 Overlap with state 3 : n =  2  l = 1 Re =  0.1350D-01 Im =  0.2294D-01  Square =   0.7087D-03

 Overlap with state 4 : n =  3  l = 0 Re =  0.8706D-04 Im =  0.8360D-04  Square =   0.1457D-07

 Overlap with state 5 : n =  3  l = 1 Re =  0.8144D-02 Im =  0.8029D-02  Square =   0.1308D-03

 Overlap with state 6 : n =  3  l = 2 Re = -0.3141D-04 Im = -0.1930D-03  Square =   0.3823D-07

 Overlap with state 7 : n =  4  l = 0 Re =  0.6171D-04 Im =  0.4180D-04  Square =   0.5556D-08

 Overlap with state 8 : n =  4  l = 1 Re =  0.5286D-02 Im =  0.4381D-02  Square =   0.4713D-04

 Overlap with state 9 : n =  4  l = 2 Re = -0.3922D-04 Im = -0.1289D-03  Square =   0.1816D-07

 Overlap with state10 : n =  4  l = 3 Re = -0.4526D-06 Im =  0.4448D-06  Square =   0.4027D-12

 Overlap with state11 : n =  5  l = 0 Re =  0.4527D-04 Im =  0.2587D-04  Square =   0.2718D-08

 Overlap with state12 : n =  5  l = 1 Re =  0.3764D-02 Im =  0.2878D-02  Square =   0.2245D-04

 Overlap with state13 : n =  5  l = 2 Re = -0.3413D-04 Im = -0.9189D-04  Square =   0.9609D-08

 Overlap with state14 : n =  5  l = 3 Re = -0.3551D-06 Im =  0.4172D-06  Square =   0.3001D-12

 Overlap with state15 : n =  5  l = 4 Re =  0.1175D-08 Im =  0.1023D-08  Square =   0.2427D-17

 Overlap with state16 : n =  6  l = 0 Re =  0.3478D-04 Im =  0.1804D-04  Square =   0.1535D-08

 Overlap with state17 : n =  6  l = 1 Re =  0.2853D-02 Im =  0.2088D-02  Square =   0.1250D-04

 Overlap with state18 : n =  6  l = 2 Re = -0.2841D-04 Im = -0.6949D-04  Square =   0.5636D-08

 Overlap with state19 : n =  6  l = 3 Re = -0.2749D-06 Im =  0.3561D-06  Square =   0.2024D-12

 Overlap with state20 : n =  6  l = 4 Re =  0.1226D-08 Im =  0.9513D-09  Square =   0.2407D-17

 Overlap with state21 : n =  6  l = 5 Re =  0.2745D-11 Im = -0.2958D-11  Square =   0.1629D-22

 Overlap with state22 : n =  7  l = 0 Re =  0.2774D-04 Im =  0.1354D-04  Square =   0.9527D-09

 Overlap with state23 : n =  7  l = 1 Re =  0.2258D-02 Im =  0.1609D-02  Square =   0.7689D-05

 Overlap with state24 : n =  7  l = 2 Re = -0.2369D-04 Im = -0.5489D-04  Square =   0.3574D-08

 Overlap with state25 : n =  7  l = 3 Re = -0.2186D-06 Im =  0.3006D-06  Square =   0.1381D-12

 Overlap with state26 : n =  7  l = 4 Re =  0.1127D-08 Im =  0.8154D-09  Square =   0.1936D-17

 Overlap with state27 : n =  7  l = 5 Re =  0.2981D-11 Im = -0.3419D-11  Square =   0.2057D-22

 Overlap with state28 : n =  7  l = 6 Re = -0.6950D-14 Im = -0.5932D-14  Square =   0.8350D-28

 Overlap with state29 : n =  8  l = 0 Re =  0.2277D-04 Im =  0.1067D-04  Square =   0.6322D-09

 Overlap with state30 : n =  8  l = 1 Re =  0.1845D-02 Im =  0.1292D-02  Square =   0.5074D-05

 Overlap with state31 : n =  8  l = 2 Re = -0.1999D-04 Im = -0.4477D-04  Square =   0.2404D-08

 Overlap with state32 : n =  8  l = 3 Re = -0.1787D-06 Im =  0.2554D-06  Square =   0.9714D-13

 Overlap with state33 : n =  8  l = 4 Re =  0.1004D-08 Im =  0.6931D-09  Square =   0.1488D-17

 Overlap with state34 : n =  8  l = 5 Re =  0.2828D-11 Im = -0.3379D-11  Square =   0.1942D-22

 Overlap with state35 : n =  8  l = 6 Re = -0.8776D-14 Im = -0.7196D-14  Square =   0.1288D-27

 Overlap with state36 : n =  8  l = 7 Re = -0.1072D-16 Im =  0.1391D-16  Square =   0.3084D-33

 channel =   0   contribution =    0.9987E+00

 channel =   1   contribution =    0.1349E-02

 channel =   2   contribution =    0.5721E-06

 channel =   3   contribution =    0.1203E-09

 channel =   4   contribution =    0.1538E-13

 channel =   5   contribution =    0.1369E-17

 channel =   6   contribution =    0.1006E-21

 channel =   7   contribution =    0.7731E-26

 channel =   8   contribution =    0.6928E-30

 norm =  1.00000004
