#   time (a.u.)   time(fs)      envelope1     envelope2      field1        field2        field
  4.000000E-02  9.675536E-04  3.999995E-06  3.999995E-06  1.080272E-08  0.000000E+00  1.080272E-08
  1.200000E-01  2.902661E-03  3.599957E-05  3.599957E-05  2.915709E-07  0.000000E+00  2.915709E-07
  2.000000E-01  4.837768E-03  9.999667E-05  9.999667E-05  1.348915E-06  0.000000E+00  1.348915E-06
  2.800000E-01  6.772875E-03  1.959872E-04  1.959872E-04  3.697514E-06  0.000000E+00  3.697514E-06
  3.600000E-01  8.707982E-03  3.239650E-04  3.239650E-04  7.847496E-06  0.000000E+00  7.847496E-06
  4.400000E-01  1.064309E-02  4.839219E-04  4.839219E-04  1.430263E-05  0.000000E+00  1.430263E-05
  5.200000E-01  1.257820E-02  6.758477E-04  6.758477E-04  2.355855E-05  0.000000E+00  2.355855E-05
  6.000000E-01  1.451330E-02  8.997300E-04  8.997300E-04  3.610095E-05  0.000000E+00  3.610095E-05
  6.800000E-01  1.644841E-02  1.155555E-03  1.155555E-03  5.240388E-05  0.000000E+00  5.240388E-05
  7.600000E-01  1.838352E-02  1.443305E-03  1.443305E-03  7.292797E-05  0.000000E+00  7.292797E-05
  8.400000E-01  2.031863E-02  1.762963E-03  1.762963E-03  9.811881E-05  0.000000E+00  9.811881E-05
  9.200000E-01  2.225373E-02  2.114508E-03  2.114508E-03  1.284052E-04  0.000000E+00  1.284052E-04
  1.000000E+00  2.418884E-02  2.497917E-03  2.497917E-03  1.641976E-04  0.000000E+00  1.641976E-04
  1.080000E+00  2.612395E-02  2.913167E-03  2.913167E-03  2.058867E-04  0.000000E+00  2.058867E-04
  1.160000E+00  2.805905E-02  3.360230E-03  3.360230E-03  2.538413E-04  0.000000E+00  2.538413E-04
  1.240000E+00  2.999416E-02  3.839077E-03  3.839077E-03  3.084078E-04  0.000000E+00  3.084078E-04
  1.320000E+00  3.192927E-02  4.349679E-03  4.349679E-03  3.699079E-04  0.000000E+00  3.699079E-04
  1.400000E+00  3.386438E-02  4.892002E-03  4.892002E-03  4.386376E-04  0.000000E+00  4.386376E-04
  1.480000E+00  3.579948E-02  5.466012E-03  5.466012E-03  5.148659E-04  0.000000E+00  5.148659E-04
  1.560000E+00  3.773459E-02  6.071672E-03  6.071672E-03  5.988337E-04  0.000000E+00  5.988337E-04
  1.640000E+00  3.966970E-02  6.708943E-03  6.708943E-03  6.907520E-04  0.000000E+00  6.907520E-04
  1.720000E+00  4.160480E-02  7.377784E-03  7.377784E-03  7.908018E-04  0.000000E+00  7.908018E-04
  1.800000E+00  4.353991E-02  8.078154E-03  8.078154E-03  8.991319E-04  0.000000E+00  8.991319E-04
  1.880000E+00  4.547502E-02  8.810006E-03  8.810006E-03  1.015859E-03  0.000000E+00  1.015859E-03
  1.960000E+00  4.741013E-02  9.573294E-03  9.573294E-03  1.141066E-03  0.000000E+00  1.141066E-03
  2.040000E+00  4.934523E-02  1.036797E-02  1.036797E-02  1.274802E-03  0.000000E+00  1.274802E-03
  2.120000E+00  5.128034E-02  1.119398E-02  1.119398E-02  1.417080E-03  0.000000E+00  1.417080E-03
  2.200000E+00  5.321545E-02  1.205128E-02  1.205128E-02  1.567880E-03  0.000000E+00  1.567880E-03
  2.280000E+00  5.515056E-02  1.293980E-02  1.293980E-02  1.727142E-03  0.000000E+00  1.727142E-03
  2.360000E+00  5.708566E-02  1.385949E-02  1.385949E-02  1.894772E-03  0.000000E+00  1.894772E-03
  2.440000E+00  5.902077E-02  1.481030E-02  1.481030E-02  2.070639E-03  0.000000E+00  2.070639E-03
  2.520000E+00  6.095588E-02  1.579216E-02  1.579216E-02  2.254574E-03  0.000000E+00  2.254574E-03
  2.600000E+00  6.289098E-02  1.680501E-02  1.680501E-02  2.446370E-03  0.000000E+00  2.446370E-03
  2.680000E+00  6.482609E-02  1.784878E-02  1.784878E-02  2.645783E-03  0.000000E+00  2.645783E-03
  2.760000E+00  6.676120E-02  1.892342E-02  1.892342E-02  2.852532E-03  0.000000E+00  2.852532E-03
  2.840000E+00  6.869631E-02  2.002883E-02  2.002883E-02  3.066297E-03  0.000000E+00  3.066297E-03
  2.920000E+00  7.063141E-02  2.116497E-02  2.116497E-02  3.286723E-03  0.000000E+00  3.286723E-03
  3.000000E+00  7.256652E-02  2.233176E-02  2.233176E-02  3.513415E-03  0.000000E+00  3.513415E-03
  3.080000E+00  7.450163E-02  2.352911E-02  2.352911E-02  3.745943E-03  0.000000E+00  3.745943E-03
  3.160000E+00  7.643673E-02  2.475696E-02  2.475696E-02  3.983841E-03  0.000000E+00  3.983841E-03
  3.240000E+00  7.837184E-02  2.601522E-02  2.601522E-02  4.226607E-03  0.000000E+00  4.226607E-03
  3.320000E+00  8.030695E-02  2.730382E-02  2.730382E-02  4.473703E-03  0.000000E+00  4.473703E-03
  3.400000E+00  8.224206E-02  2.862267E-02  2.862267E-02  4.724559E-03  0.000000E+00  4.724559E-03
  3.480000E+00  8.417716E-02  2.997169E-02  2.997169E-02  4.978569E-03  0.000000E+00  4.978569E-03
  3.560000E+00  8.611227E-02  3.135079E-02  3.135079E-02  5.235096E-03  0.000000E+00  5.235096E-03
  3.640000E+00  8.804738E-02  3.275988E-02  3.275988E-02  5.493471E-03  0.000000E+00  5.493471E-03
  3.720000E+00  8.998248E-02  3.419887E-02  3.419887E-02  5.752995E-03  0.000000E+00  5.752995E-03
  3.800000E+00  9.191759E-02  3.566768E-02  3.566768E-02  6.012939E-03  0.000000E+00  6.012939E-03
  3.880000E+00  9.385270E-02  3.716621E-02  3.716621E-02  6.272547E-03  0.000000E+00  6.272547E-03
  3.960000E+00  9.578781E-02  3.869435E-02  3.869435E-02  6.531037E-03  0.000000E+00  6.531037E-03
  4.040000E+00  9.772291E-02  4.025202E-02  4.025202E-02  6.787601E-03  0.000000E+00  6.787601E-03
  4.120000E+00  9.965802E-02  4.183911E-02  4.183911E-02  7.041406E-03  0.000000E+00  7.041406E-03
  4.200000E+00  1.015931E-01  4.345553E-02  4.345553E-02  7.291599E-03  0.000000E+00  7.291599E-03
  4.280000E+00  1.035282E-01  4.510116E-02  4.510116E-02  7.537306E-03  0.000000E+00  7.537306E-03
  4.360000E+00  1.054633E-01  4.677591E-02  4.677591E-02  7.777635E-03  0.000000E+00  7.777635E-03
  4.440000E+00  1.073984E-01  4.847966E-02  4.847966E-02  8.011676E-03  0.000000E+00  8.011676E-03
  4.520000E+00  1.093336E-01  5.021231E-02  5.021231E-02  8.238506E-03  0.000000E+00  8.238506E-03
  4.600000E+00  1.112687E-01  5.197375E-02  5.197375E-02  8.457186E-03  0.000000E+00  8.457186E-03
  4.680000E+00  1.132038E-01  5.376386E-02  5.376386E-02  8.666769E-03  0.000000E+00  8.666769E-03
  4.760000E+00  1.151389E-01  5.558253E-02  5.558253E-02  8.866297E-03  0.000000E+00  8.866297E-03
  4.840000E+00  1.170740E-01  5.742964E-02  5.742964E-02  9.054806E-03  0.000000E+00  9.054806E-03
  4.920000E+00  1.190091E-01  5.930508E-02  5.930508E-02  9.231328E-03  0.000000E+00  9.231328E-03
  5.000000E+00  1.209442E-01  6.120872E-02  6.120872E-02  9.394890E-03  0.000000E+00  9.394890E-03
  5.080000E+00  1.228793E-01  6.314044E-02  6.314044E-02  9.544521E-03  0.000000E+00  9.544521E-03
  5.160000E+00  1.248144E-01  6.510012E-02  6.510012E-02  9.679250E-03  0.000000E+00  9.679250E-03
  5.240000E+00  1.267495E-01  6.708764E-02  6.708764E-02  9.798113E-03  0.000000E+00  9.798113E-03
  5.320000E+00  1.286846E-01  6.910286E-02  6.910286E-02  9.900148E-03  0.000000E+00  9.900148E-03
  5.400000E+00  1.306197E-01  7.114566E-02  7.114566E-02  9.984406E-03  0.000000E+00  9.984406E-03
  5.480000E+00  1.325548E-01  7.321590E-02  7.321590E-02  1.004995E-02  0.000000E+00  1.004995E-02
  5.560000E+00  1.344900E-01  7.531346E-02  7.531346E-02  1.009584E-02  0.000000E+00  1.009584E-02
  5.640000E+00  1.364251E-01  7.743820E-02  7.743820E-02  1.012119E-02  0.000000E+00  1.012119E-02
  5.720000E+00  1.383602E-01  7.958999E-02  7.958999E-02  1.012508E-02  0.000000E+00  1.012508E-02
  5.800000E+00  1.402953E-01  8.176868E-02  8.176868E-02  1.010666E-02  0.000000E+00  1.010666E-02
  5.880000E+00  1.422304E-01  8.397413E-02  8.397413E-02  1.006507E-02  0.000000E+00  1.006507E-02
  5.960000E+00  1.441655E-01  8.620621E-02  8.620621E-02  9.999495E-03  0.000000E+00  9.999495E-03
  6.040000E+00  1.461006E-01  8.846478E-02  8.846478E-02  9.909127E-03  0.000000E+00  9.909127E-03
  6.120000E+00  1.480357E-01  9.074968E-02  9.074968E-02  9.793206E-03  0.000000E+00  9.793206E-03
  6.200000E+00  1.499708E-01  9.306077E-02  9.306077E-02  9.650995E-03  0.000000E+00  9.650995E-03
  6.280000E+00  1.519059E-01  9.539791E-02  9.539791E-02  9.481795E-03  0.000000E+00  9.481795E-03
  6.360000E+00  1.538410E-01  9.776094E-02  9.776094E-02  9.284942E-03  0.000000E+00  9.284942E-03
  6.440000E+00  1.557761E-01  1.001497E-01  1.001497E-01  9.059810E-03  0.000000E+00  9.059810E-03
  6.520000E+00  1.577112E-01  1.025641E-01  1.025641E-01  8.805815E-03  0.000000E+00  8.805815E-03
  6.600000E+00  1.596463E-01  1.050039E-01  1.050039E-01  8.522415E-03  0.000000E+00  8.522415E-03
  6.680000E+00  1.615815E-01  1.074690E-01  1.074690E-01  8.209113E-03  0.000000E+00  8.209113E-03
  6.760000E+00  1.635166E-01  1.099592E-01  1.099592E-01  7.865458E-03  0.000000E+00  7.865458E-03
  6.840000E+00  1.654517E-01  1.124743E-01  1.124743E-01  7.491050E-03  0.000000E+00  7.491050E-03
  6.920000E+00  1.673868E-01  1.150143E-01  1.150143E-01  7.085535E-03  0.000000E+00  7.085535E-03
  7.000000E+00  1.693219E-01  1.175789E-01  1.175789E-01  6.648617E-03  0.000000E+00  6.648617E-03
  7.080000E+00  1.712570E-01  1.201680E-01  1.201680E-01  6.180049E-03  0.000000E+00  6.180049E-03
  7.160000E+00  1.731921E-01  1.227814E-01  1.227814E-01  5.679641E-03  0.000000E+00  5.679641E-03
  7.240000E+00  1.751272E-01  1.254189E-01  1.254189E-01  5.147261E-03  0.000000E+00  5.147261E-03
  7.320000E+00  1.770623E-01  1.280804E-01  1.280804E-01  4.582835E-03  0.000000E+00  4.582835E-03
  7.400000E+00  1.789974E-01  1.307657E-01  1.307657E-01  3.986347E-03  0.000000E+00  3.986347E-03
  7.480000E+00  1.809325E-01  1.334747E-01  1.334747E-01  3.357844E-03  0.000000E+00  3.357844E-03
  7.560000E+00  1.828676E-01  1.362071E-01  1.362071E-01  2.697434E-03  0.000000E+00  2.697434E-03
  7.640000E+00  1.848027E-01  1.389627E-01  1.389627E-01  2.005289E-03  0.000000E+00  2.005289E-03
  7.720000E+00  1.867378E-01  1.417415E-01  1.417415E-01  1.281642E-03  0.000000E+00  1.281642E-03
  7.800000E+00  1.886730E-01  1.445432E-01  1.445432E-01  5.267960E-04  0.000000E+00  5.267960E-04
  7.880000E+00  1.906081E-01  1.473677E-01  1.473677E-01 -2.588850E-04  0.000000E+00 -2.588850E-04
  7.960000E+00  1.925432E-01  1.502147E-01  1.502147E-01 -1.074969E-03  0.000000E+00 -1.074969E-03
  8.040000E+00  1.944783E-01  1.530841E-01  1.530841E-01 -1.920957E-03  0.000000E+00 -1.920957E-03
  8.120000E+00  1.964134E-01  1.559758E-01  1.559758E-01 -2.796284E-03  0.000000E+00 -2.796284E-03
  8.200000E+00  1.983485E-01  1.588894E-01  1.588894E-01 -3.700318E-03  0.000000E+00 -3.700318E-03
  8.280000E+00  2.002836E-01  1.618249E-01  1.618249E-01 -4.632358E-03  0.000000E+00 -4.632358E-03
  8.360000E+00  2.022187E-01  1.647820E-01  1.647820E-01 -5.591637E-03  0.000000E+00 -5.591637E-03
  8.440000E+00  2.041538E-01  1.677605E-01  1.677605E-01 -6.577320E-03  0.000000E+00 -6.577320E-03
  8.520000E+00  2.060889E-01  1.707604E-01  1.707604E-01 -7.588507E-03  0.000000E+00 -7.588507E-03
  8.600000E+00  2.080240E-01  1.737813E-01  1.737813E-01 -8.624228E-03  0.000000E+00 -8.624228E-03
  8.680000E+00  2.099591E-01  1.768230E-01  1.768230E-01 -9.683450E-03  0.000000E+00 -9.683450E-03
  8.760000E+00  2.118942E-01  1.798855E-01  1.798855E-01 -1.076507E-02  0.000000E+00 -1.076507E-02
  8.840000E+00  2.138293E-01  1.829685E-01  1.829685E-01 -1.186793E-02  0.000000E+00 -1.186793E-02
  8.920000E+00  2.157645E-01  1.860717E-01  1.860717E-01 -1.299080E-02  0.000000E+00 -1.299080E-02
  9.000000E+00  2.176996E-01  1.891950E-01  1.891950E-01 -1.413239E-02  0.000000E+00 -1.413239E-02
  9.080000E+00  2.196347E-01  1.923382E-01  1.923382E-01 -1.529133E-02  0.000000E+00 -1.529133E-02
  9.160000E+00  2.215698E-01  1.955011E-01  1.955011E-01 -1.646623E-02  0.000000E+00 -1.646623E-02
  9.240000E+00  2.235049E-01  1.986835E-01  1.986835E-01 -1.765561E-02  0.000000E+00 -1.765561E-02
  9.320000E+00  2.254400E-01  2.018852E-01  2.018852E-01 -1.885794E-02  0.000000E+00 -1.885794E-02
  9.400000E+00  2.273751E-01  2.051060E-01  2.051060E-01 -2.007163E-02  0.000000E+00 -2.007163E-02
  9.480000E+00  2.293102E-01  2.083456E-01  2.083456E-01 -2.129505E-02  0.000000E+00 -2.129505E-02
  9.560000E+00  2.312453E-01  2.116039E-01  2.116039E-01 -2.252649E-02  0.000000E+00 -2.252649E-02
  9.640000E+00  2.331804E-01  2.148807E-01  2.148807E-01 -2.376423E-02  0.000000E+00 -2.376423E-02
  9.720000E+00  2.351155E-01  2.181757E-01  2.181757E-01 -2.500646E-02  0.000000E+00 -2.500646E-02
  9.800000E+00  2.370506E-01  2.214887E-01  2.214887E-01 -2.625135E-02  0.000000E+00 -2.625135E-02
  9.880000E+00  2.389857E-01  2.248196E-01  2.248196E-01 -2.749703E-02  0.000000E+00 -2.749703E-02
  9.960000E+00  2.409208E-01  2.281681E-01  2.281681E-01 -2.874156E-02  0.000000E+00 -2.874156E-02
  1.004000E+01  2.428560E-01  2.315339E-01  2.315339E-01 -2.998300E-02  0.000000E+00 -2.998300E-02
  1.012000E+01  2.447911E-01  2.349170E-01  2.349170E-01 -3.121934E-02  0.000000E+00 -3.121934E-02
  1.020000E+01  2.467262E-01  2.383170E-01  2.383170E-01 -3.244855E-02  0.000000E+00 -3.244855E-02
  1.028000E+01  2.486613E-01  2.417338E-01  2.417338E-01 -3.366858E-02  0.000000E+00 -3.366858E-02
  1.036000E+01  2.505964E-01  2.451671E-01  2.451671E-01 -3.487734E-02  0.000000E+00 -3.487734E-02
  1.044000E+01  2.525315E-01  2.486167E-01  2.486167E-01 -3.607271E-02  0.000000E+00 -3.607271E-02
  1.052000E+01  2.544666E-01  2.520824E-01  2.520824E-01 -3.725257E-02  0.000000E+00 -3.725257E-02
  1.060000E+01  2.564017E-01  2.555640E-01  2.555640E-01 -3.841476E-02  0.000000E+00 -3.841476E-02
  1.068000E+01  2.583368E-01  2.590612E-01  2.590612E-01 -3.955711E-02  0.000000E+00 -3.955711E-02
  1.076000E+01  2.602719E-01  2.625738E-01  2.625738E-01 -4.067746E-02  0.000000E+00 -4.067746E-02
  1.084000E+01  2.622070E-01  2.661016E-01  2.661016E-01 -4.177361E-02  0.000000E+00 -4.177361E-02
  1.092000E+01  2.641421E-01  2.696444E-01  2.696444E-01 -4.284337E-02  0.000000E+00 -4.284337E-02
  1.100000E+01  2.660772E-01  2.732019E-01  2.732019E-01 -4.388455E-02  0.000000E+00 -4.388455E-02
  1.108000E+01  2.680123E-01  2.767740E-01  2.767740E-01 -4.489496E-02  0.000000E+00 -4.489496E-02
  1.116000E+01  2.699475E-01  2.803603E-01  2.803603E-01 -4.587241E-02  0.000000E+00 -4.587241E-02
  1.124000E+01  2.718826E-01  2.839607E-01  2.839607E-01 -4.681474E-02  0.000000E+00 -4.681474E-02
  1.132000E+01  2.738177E-01  2.875749E-01  2.875749E-01 -4.771978E-02  0.000000E+00 -4.771978E-02
  1.140000E+01  2.757528E-01  2.912027E-01  2.912027E-01 -4.858538E-02  0.000000E+00 -4.858538E-02
  1.148000E+01  2.776879E-01  2.948439E-01  2.948439E-01 -4.940942E-02  0.000000E+00 -4.940942E-02
  1.156000E+01  2.796230E-01  2.984982E-01  2.984982E-01 -5.018980E-02  0.000000E+00 -5.018980E-02
  1.164000E+01  2.815581E-01  3.021654E-01  3.021654E-01 -5.092446E-02  0.000000E+00 -5.092446E-02
  1.172000E+01  2.834932E-01  3.058453E-01  3.058453E-01 -5.161133E-02  0.000000E+00 -5.161133E-02
  1.180000E+01  2.854283E-01  3.095376E-01  3.095376E-01 -5.224843E-02  0.000000E+00 -5.224843E-02
  1.188000E+01  2.873634E-01  3.132421E-01  3.132421E-01 -5.283378E-02  0.000000E+00 -5.283378E-02
  1.196000E+01  2.892985E-01  3.169585E-01  3.169585E-01 -5.336547E-02  0.000000E+00 -5.336547E-02
  1.204000E+01  2.912336E-01  3.206866E-01  3.206866E-01 -5.384161E-02  0.000000E+00 -5.384161E-02
  1.212000E+01  2.931687E-01  3.244263E-01  3.244263E-01 -5.426037E-02  0.000000E+00 -5.426037E-02
  1.220000E+01  2.951038E-01  3.281771E-01  3.281771E-01 -5.461998E-02  0.000000E+00 -5.461998E-02
  1.228000E+01  2.970390E-01  3.319390E-01  3.319390E-01 -5.491873E-02  0.000000E+00 -5.491873E-02
  1.236000E+01  2.989741E-01  3.357116E-01  3.357116E-01 -5.515496E-02  0.000000E+00 -5.515496E-02
  1.244000E+01  3.009092E-01  3.394947E-01  3.394947E-01 -5.532707E-02  0.000000E+00 -5.532707E-02
  1.252000E+01  3.028443E-01  3.432881E-01  3.432881E-01 -5.543354E-02  0.000000E+00 -5.543354E-02
  1.260000E+01  3.047794E-01  3.470915E-01  3.470915E-01 -5.547292E-02  0.000000E+00 -5.547292E-02
  1.268000E+01  3.067145E-01  3.509048E-01  3.509048E-01 -5.544383E-02  0.000000E+00 -5.544383E-02
  1.276000E+01  3.086496E-01  3.547275E-01  3.547275E-01 -5.534496E-02  0.000000E+00 -5.534496E-02
  1.284000E+01  3.105847E-01  3.585596E-01  3.585596E-01 -5.517510E-02  0.000000E+00 -5.517510E-02
  1.292000E+01  3.125198E-01  3.624007E-01  3.624007E-01 -5.493310E-02  0.000000E+00 -5.493310E-02
  1.300000E+01  3.144549E-01  3.662506E-01  3.662506E-01 -5.461790E-02  0.000000E+00 -5.461790E-02
  1.308000E+01  3.163900E-01  3.701091E-01  3.701091E-01 -5.422856E-02  0.000000E+00 -5.422856E-02
  1.316000E+01  3.183251E-01  3.739758E-01  3.739758E-01 -5.376419E-02  0.000000E+00 -5.376419E-02
  1.324000E+01  3.202602E-01  3.778507E-01  3.778507E-01 -5.322402E-02  0.000000E+00 -5.322402E-02
  1.332000E+01  3.221953E-01  3.817334E-01  3.817334E-01 -5.260737E-02  0.000000E+00 -5.260737E-02
  1.340000E+01  3.241305E-01  3.856236E-01  3.856236E-01 -5.191365E-02  0.000000E+00 -5.191365E-02
  1.348000E+01  3.260656E-01  3.895212E-01  3.895212E-01 -5.114239E-02  0.000000E+00 -5.114239E-02
  1.356000E+01  3.280007E-01  3.934258E-01  3.934258E-01 -5.029321E-02  0.000000E+00 -5.029321E-02
  1.364000E+01  3.299358E-01  3.973372E-01  3.973372E-01 -4.936584E-02  0.000000E+00 -4.936584E-02
  1.372000E+01  3.318709E-01  4.012552E-01  4.012552E-01 -4.836012E-02  0.000000E+00 -4.836012E-02
  1.380000E+01  3.338060E-01  4.051796E-01  4.051796E-01 -4.727598E-02  0.000000E+00 -4.727598E-02
  1.388000E+01  3.357411E-01  4.091100E-01  4.091100E-01 -4.611349E-02  0.000000E+00 -4.611349E-02
  1.396000E+01  3.376762E-01  4.130462E-01  4.130462E-01 -4.487282E-02  0.000000E+00 -4.487282E-02
  1.404000E+01  3.396113E-01  4.169880E-01  4.169880E-01 -4.355423E-02  0.000000E+00 -4.355423E-02
  1.412000E+01  3.415464E-01  4.209351E-01  4.209351E-01 -4.215814E-02  0.000000E+00 -4.215814E-02
  1.420000E+01  3.434815E-01  4.248873E-01  4.248873E-01 -4.068505E-02  0.000000E+00 -4.068505E-02
  1.428000E+01  3.454166E-01  4.288442E-01  4.288442E-01 -3.913558E-02  0.000000E+00 -3.913558E-02
  1.436000E+01  3.473517E-01  4.328058E-01  4.328058E-01 -3.751048E-02  0.000000E+00 -3.751048E-02
  1.444000E+01  3.492868E-01  4.367716E-01  4.367716E-01 -3.581061E-02  0.000000E+00 -3.581061E-02
  1.452000E+01  3.512220E-01  4.407414E-01  4.407414E-01 -3.403694E-02  0.000000E+00 -3.403694E-02
  1.460000E+01  3.531571E-01  4.447151E-01  4.447151E-01 -3.219056E-02  0.000000E+00 -3.219056E-02
  1.468000E+01  3.550922E-01  4.486923E-01  4.486923E-01 -3.027269E-02  0.000000E+00 -3.027269E-02
  1.476000E+01  3.570273E-01  4.526728E-01  4.526728E-01 -2.828465E-02  0.000000E+00 -2.828465E-02
  1.484000E+01  3.589624E-01  4.566563E-01  4.566563E-01 -2.622788E-02  0.000000E+00 -2.622788E-02
  1.492000E+01  3.608975E-01  4.606426E-01  4.606426E-01 -2.410393E-02  0.000000E+00 -2.410393E-02
  1.500000E+01  3.628326E-01  4.646314E-01  4.646314E-01 -2.191450E-02  0.000000E+00 -2.191450E-02
  1.508000E+01  3.647677E-01  4.686225E-01  4.686225E-01 -1.966135E-02  0.000000E+00 -1.966135E-02
  1.516000E+01  3.667028E-01  4.726155E-01  4.726155E-01 -1.734638E-02  0.000000E+00 -1.734638E-02
  1.524000E+01  3.686379E-01  4.766104E-01  4.766104E-01 -1.497161E-02  0.000000E+00 -1.497161E-02
  1.532000E+01  3.705730E-01  4.806067E-01  4.806067E-01 -1.253916E-02  0.000000E+00 -1.253916E-02
  1.540000E+01  3.725081E-01  4.846043E-01  4.846043E-01 -1.005124E-02  0.000000E+00 -1.005124E-02
  1.548000E+01  3.744432E-01  4.886028E-01  4.886028E-01 -7.510196E-03  0.000000E+00 -7.510196E-03
  1.556000E+01  3.763784E-01  4.926021E-01  4.926021E-01 -4.918459E-03  0.000000E+00 -4.918459E-03
  1.564000E+01  3.783135E-01  4.966019E-01  4.966019E-01 -2.278566E-03  0.000000E+00 -2.278566E-03
  1.572000E+01  3.802486E-01  5.006018E-01  5.006018E-01  4.068476E-04  0.000000E+00  4.068476E-04
  1.580000E+01  3.821837E-01  5.046018E-01  5.046018E-01  3.135049E-03  0.000000E+00  3.135049E-03
  1.588000E+01  3.841188E-01  5.086014E-01  5.086014E-01  5.903212E-03  0.000000E+00  5.903212E-03
  1.596000E+01  3.860539E-01  5.126005E-01  5.126005E-01  8.708420E-03  0.000000E+00  8.708420E-03
  1.604000E+01  3.879890E-01  5.165988E-01  5.165988E-01  1.154767E-02  0.000000E+00  1.154767E-02
  1.612000E+01  3.899241E-01  5.205960E-01  5.205960E-01  1.441787E-02  0.000000E+00  1.441787E-02
  1.620000E+01  3.918592E-01  5.245919E-01  5.245919E-01  1.731586E-02  0.000000E+00  1.731586E-02
  1.628000E+01  3.937943E-01  5.285862E-01  5.285862E-01  2.023839E-02  0.000000E+00  2.023839E-02
  1.636000E+01  3.957294E-01  5.325787E-01  5.325787E-01  2.318213E-02  0.000000E+00  2.318213E-02
  1.644000E+01  3.976645E-01  5.365692E-01  5.365692E-01  2.614370E-02  0.000000E+00  2.614370E-02
  1.652000E+01  3.995996E-01  5.405572E-01  5.405572E-01  2.911964E-02  0.000000E+00  2.911964E-02
  1.660000E+01  4.015347E-01  5.445427E-01  5.445427E-01  3.210644E-02  0.000000E+00  3.210644E-02
  1.668000E+01  4.034699E-01  5.485253E-01  5.485253E-01  3.510052E-02  0.000000E+00  3.510052E-02
  1.676000E+01  4.054050E-01  5.525049E-01  5.525049E-01  3.809825E-02  0.000000E+00  3.809825E-02
  1.684000E+01  4.073401E-01  5.564810E-01  5.564810E-01  4.109596E-02  0.000000E+00  4.109596E-02
  1.692000E+01  4.092752E-01  5.604536E-01  5.604536E-01  4.408993E-02  0.000000E+00  4.408993E-02
  1.700000E+01  4.112103E-01  5.644222E-01  5.644222E-01  4.707639E-02  0.000000E+00  4.707639E-02
  1.708000E+01  4.131454E-01  5.683868E-01  5.683868E-01  5.005156E-02  0.000000E+00  5.005156E-02
  1.716000E+01  4.150805E-01  5.723470E-01  5.723470E-01  5.301160E-02  0.000000E+00  5.301160E-02
  1.724000E+01  4.170156E-01  5.763025E-01  5.763025E-01  5.595268E-02  0.000000E+00  5.595268E-02
  1.732000E+01  4.189507E-01  5.802532E-01  5.802532E-01  5.887092E-02  0.000000E+00  5.887092E-02
  1.740000E+01  4.208858E-01  5.841987E-01  5.841987E-01  6.176245E-02  0.000000E+00  6.176245E-02
  1.748000E+01  4.228209E-01  5.881389E-01  5.881389E-01  6.462336E-02  0.000000E+00  6.462336E-02
  1.756000E+01  4.247560E-01  5.920734E-01  5.920734E-01  6.744978E-02  0.000000E+00  6.744978E-02
  1.764000E+01  4.266911E-01  5.960020E-01  5.960020E-01  7.023779E-02  0.000000E+00  7.023779E-02
  1.772000E+01  4.286262E-01  5.999244E-01  5.999244E-01  7.298352E-02  0.000000E+00  7.298352E-02
  1.780000E+01  4.305614E-01  6.038405E-01  6.038405E-01  7.568310E-02  0.000000E+00  7.568310E-02
  1.788000E+01  4.324965E-01  6.077499E-01  6.077499E-01  7.833265E-02  0.000000E+00  7.833265E-02
  1.796000E+01  4.344316E-01  6.116524E-01  6.116524E-01  8.092836E-02  0.000000E+00  8.092836E-02
  1.804000E+01  4.363667E-01  6.155478E-01  6.155478E-01  8.346641E-02  0.000000E+00  8.346641E-02
  1.812000E+01  4.383018E-01  6.194358E-01  6.194358E-01  8.594303E-02  0.000000E+00  8.594303E-02
  1.820000E+01  4.402369E-01  6.233162E-01  6.233162E-01  8.835449E-02  0.000000E+00  8.835449E-02
  1.828000E+01  4.421720E-01  6.271886E-01  6.271886E-01  9.069709E-02  0.000000E+00  9.069709E-02
  1.836000E+01  4.441071E-01  6.310529E-01  6.310529E-01  9.296721E-02  0.000000E+00  9.296721E-02
  1.844000E+01  4.460422E-01  6.349088E-01  6.349088E-01  9.516126E-02  0.000000E+00  9.516126E-02
  1.852000E+01  4.479773E-01  6.387561E-01  6.387561E-01  9.727571E-02  0.000000E+00  9.727571E-02
  1.860000E+01  4.499124E-01  6.425945E-01  6.425945E-01  9.930711E-02  0.000000E+00  9.930711E-02
  1.868000E+01  4.518475E-01  6.464238E-01  6.464238E-01  1.012521E-01  0.000000E+00  1.012521E-01
  1.876000E+01  4.537826E-01  6.502437E-01  6.502437E-01  1.031073E-01  0.000000E+00  1.031073E-01
  1.884000E+01  4.557177E-01  6.540540E-01  6.540540E-01  1.048696E-01  0.000000E+00  1.048696E-01
  1.892000E+01  4.576529E-01  6.578545E-01  6.578545E-01  1.065357E-01  0.000000E+00  1.065357E-01
  1.900000E+01  4.595880E-01  6.616448E-01  6.616448E-01  1.081027E-01  0.000000E+00  1.081027E-01
  1.908000E+01  4.615231E-01  6.654248E-01  6.654248E-01  1.095676E-01  0.000000E+00  1.095676E-01
  1.916000E+01  4.634582E-01  6.691942E-01  6.691942E-01  1.109276E-01  0.000000E+00  1.109276E-01
  1.924000E+01  4.653933E-01  6.729527E-01  6.729527E-01  1.121798E-01  0.000000E+00  1.121798E-01
  1.932000E+01  4.673284E-01  6.767002E-01  6.767002E-01  1.133217E-01  0.000000E+00  1.133217E-01
  1.940000E+01  4.692635E-01  6.804364E-01  6.804364E-01  1.143508E-01  0.000000E+00  1.143508E-01
  1.948000E+01  4.711986E-01  6.841611E-01  6.841611E-01  1.152646E-01  0.000000E+00  1.152646E-01
  1.956000E+01  4.731337E-01  6.878739E-01  6.878739E-01  1.160609E-01  0.000000E+00  1.160609E-01
  1.964000E+01  4.750688E-01  6.915748E-01  6.915748E-01  1.167376E-01  0.000000E+00  1.167376E-01
  1.972000E+01  4.770039E-01  6.952634E-01  6.952634E-01  1.172926E-01  0.000000E+00  1.172926E-01
  1.980000E+01  4.789390E-01  6.989394E-01  6.989394E-01  1.177240E-01  0.000000E+00  1.177240E-01
  1.988000E+01  4.808741E-01  7.026028E-01  7.026028E-01  1.180301E-01  0.000000E+00  1.180301E-01
  1.996000E+01  4.828092E-01  7.062532E-01  7.062532E-01  1.182093E-01  0.000000E+00  1.182093E-01
  2.004000E+01  4.847444E-01  7.098903E-01  7.098903E-01  1.182602E-01  0.000000E+00  1.182602E-01
  2.012000E+01  4.866795E-01  7.135141E-01  7.135141E-01  1.181814E-01  0.000000E+00  1.181814E-01
  2.020000E+01  4.886146E-01  7.171242E-01  7.171242E-01  1.179718E-01  0.000000E+00  1.179718E-01
  2.028000E+01  4.905497E-01  7.207204E-01  7.207204E-01  1.176304E-01  0.000000E+00  1.176304E-01
  2.036000E+01  4.924848E-01  7.243024E-01  7.243024E-01  1.171564E-01  0.000000E+00  1.171564E-01
  2.044000E+01  4.944199E-01  7.278701E-01  7.278701E-01  1.165491E-01  0.000000E+00  1.165491E-01
  2.052000E+01  4.963550E-01  7.314232E-01  7.314232E-01  1.158079E-01  0.000000E+00  1.158079E-01
  2.060000E+01  4.982901E-01  7.349616E-01  7.349616E-01  1.149325E-01  0.000000E+00  1.149325E-01
  2.068000E+01  5.002252E-01  7.384848E-01  7.384848E-01  1.139227E-01  0.000000E+00  1.139227E-01
  2.076000E+01  5.021603E-01  7.419928E-01  7.419928E-01  1.127786E-01  0.000000E+00  1.127786E-01
  2.084000E+01  5.040954E-01  7.454854E-01  7.454854E-01  1.115001E-01  0.000000E+00  1.115001E-01
  2.092000E+01  5.060305E-01  7.489622E-01  7.489622E-01  1.100877E-01  0.000000E+00  1.100877E-01
  2.100000E+01  5.079656E-01  7.524231E-01  7.524231E-01  1.085418E-01  0.000000E+00  1.085418E-01
  2.108000E+01  5.099007E-01  7.558678E-01  7.558678E-01  1.068630E-01  0.000000E+00  1.068630E-01
  2.116000E+01  5.118359E-01  7.592961E-01  7.592961E-01  1.050523E-01  0.000000E+00  1.050523E-01
  2.124000E+01  5.137710E-01  7.627079E-01  7.627079E-01  1.031105E-01  0.000000E+00  1.031105E-01
  2.132000E+01  5.157061E-01  7.661028E-01  7.661028E-01  1.010389E-01  0.000000E+00  1.010389E-01
  2.140000E+01  5.176412E-01  7.694807E-01  7.694807E-01  9.883870E-02  0.000000E+00  9.883870E-02
  2.148000E+01  5.195763E-01  7.728414E-01  7.728414E-01  9.651150E-02  0.000000E+00  9.651150E-02
  2.156000E+01  5.215114E-01  7.761846E-01  7.761846E-01  9.405895E-02  0.000000E+00  9.405895E-02
  2.164000E+01  5.234465E-01  7.795101E-01  7.795101E-01  9.148288E-02  0.000000E+00  9.148288E-02
  2.172000E+01  5.253816E-01  7.828177E-01  7.828177E-01  8.878529E-02  0.000000E+00  8.878529E-02
  2.180000E+01  5.273167E-01  7.861073E-01  7.861073E-01  8.596835E-02  0.000000E+00  8.596835E-02
  2.188000E+01  5.292518E-01  7.893785E-01  7.893785E-01  8.303439E-02  0.000000E+00  8.303439E-02
  2.196000E+01  5.311869E-01  7.926312E-01  7.926312E-01  7.998591E-02  0.000000E+00  7.998591E-02
  2.204000E+01  5.331220E-01  7.958652E-01  7.958652E-01  7.682557E-02  0.000000E+00  7.682557E-02
  2.212000E+01  5.350571E-01  7.990802E-01  7.990802E-01  7.355616E-02  0.000000E+00  7.355616E-02
  2.220000E+01  5.369922E-01  8.022761E-01  8.022761E-01  7.018065E-02  0.000000E+00  7.018065E-02
  2.228000E+01  5.389274E-01  8.054527E-01  8.054527E-01  6.670215E-02  0.000000E+00  6.670215E-02
  2.236000E+01  5.408625E-01  8.086097E-01  8.086097E-01  6.312394E-02  0.000000E+00  6.312394E-02
  2.244000E+01  5.427976E-01  8.117470E-01  8.117470E-01  5.944941E-02  0.000000E+00  5.944941E-02
  2.252000E+01  5.447327E-01  8.148643E-01  8.148643E-01  5.568212E-02  0.000000E+00  5.568212E-02
  2.260000E+01  5.466678E-01  8.179614E-01  8.179614E-01  5.182574E-02  0.000000E+00  5.182574E-02
  2.268000E+01  5.486029E-01  8.210382E-01  8.210382E-01  4.788411E-02  0.000000E+00  4.788411E-02
  2.276000E+01  5.505380E-01  8.240945E-01  8.240945E-01  4.386117E-02  0.000000E+00  4.386117E-02
  2.284000E+01  5.524731E-01  8.271300E-01  8.271300E-01  3.976099E-02  0.000000E+00  3.976099E-02
  2.292000E+01  5.544082E-01  8.301446E-01  8.301446E-01  3.558778E-02  0.000000E+00  3.558778E-02
  2.300000E+01  5.563433E-01  8.331380E-01  8.331380E-01  3.134583E-02  0.000000E+00  3.134583E-02
  2.308000E+01  5.582784E-01  8.361101E-01  8.361101E-01  2.703958E-02  0.000000E+00  2.703958E-02
  2.316000E+01  5.602135E-01  8.390608E-01  8.390608E-01  2.267356E-02  0.000000E+00  2.267356E-02
  2.324000E+01  5.621486E-01  8.419897E-01  8.419897E-01  1.825239E-02  0.000000E+00  1.825239E-02
  2.332000E+01  5.640837E-01  8.448967E-01  8.448967E-01  1.378080E-02  0.000000E+00  1.378080E-02
  2.340000E+01  5.660189E-01  8.477817E-01  8.477817E-01  9.263604E-03  0.000000E+00  9.263604E-03
  2.348000E+01  5.679540E-01  8.506444E-01  8.506444E-01  4.705704E-03  0.000000E+00  4.705704E-03
  2.356000E+01  5.698891E-01  8.534846E-01  8.534846E-01  1.120794E-04  0.000000E+00  1.120794E-04
  2.364000E+01  5.718242E-01  8.563023E-01  8.563023E-01 -4.512220E-03  0.000000E+00 -4.512220E-03
  2.372000E+01  5.737593E-01  8.590971E-01  8.590971E-01 -9.162075E-03  0.000000E+00 -9.162075E-03
  2.380000E+01  5.756944E-01  8.618689E-01  8.618689E-01 -1.383231E-02  0.000000E+00 -1.383231E-02
  2.388000E+01  5.776295E-01  8.646176E-01  8.646176E-01 -1.851769E-02  0.000000E+00 -1.851769E-02
  2.396000E+01  5.795646E-01  8.673430E-01  8.673430E-01 -2.321293E-02  0.000000E+00 -2.321293E-02
  2.404000E+01  5.814997E-01  8.700448E-01  8.700448E-01 -2.791271E-02  0.000000E+00 -2.791271E-02
  2.412000E+01  5.834348E-01  8.727230E-01  8.727230E-01 -3.261169E-02  0.000000E+00 -3.261169E-02
  2.420000E+01  5.853699E-01  8.753773E-01  8.753773E-01 -3.730446E-02  0.000000E+00 -3.730446E-02
  2.428000E+01  5.873050E-01  8.780076E-01  8.780076E-01 -4.198563E-02  0.000000E+00 -4.198563E-02
  2.436000E+01  5.892401E-01  8.806137E-01  8.806137E-01 -4.664978E-02  0.000000E+00 -4.664978E-02
  2.444000E+01  5.911752E-01  8.831954E-01  8.831954E-01 -5.129147E-02  0.000000E+00 -5.129147E-02
  2.452000E+01  5.931104E-01  8.857526E-01  8.857526E-01 -5.590528E-02  0.000000E+00 -5.590528E-02
  2.460000E+01  5.950455E-01  8.882851E-01  8.882851E-01 -6.048578E-02  0.000000E+00 -6.048578E-02
  2.468000E+01  5.969806E-01  8.907928E-01  8.907928E-01 -6.502757E-02  0.000000E+00 -6.502757E-02
  2.476000E+01  5.989157E-01  8.932755E-01  8.932755E-01 -6.952526E-02  0.000000E+00 -6.952526E-02
  2.484000E+01  6.008508E-01  8.957330E-01  8.957330E-01 -7.397347E-02  0.000000E+00 -7.397347E-02
  2.492000E+01  6.027859E-01  8.981651E-01  8.981651E-01 -7.836688E-02  0.000000E+00 -7.836688E-02
  2.500000E+01  6.047210E-01  9.005718E-01  9.005718E-01 -8.270020E-02  0.000000E+00 -8.270020E-02
  2.508000E+01  6.066561E-01  9.029529E-01  9.029529E-01 -8.696818E-02  0.000000E+00 -8.696818E-02
  2.516000E+01  6.085912E-01  9.053081E-01  9.053081E-01 -9.116564E-02  0.000000E+00 -9.116564E-02
  2.524000E+01  6.105263E-01  9.076374E-01  9.076374E-01 -9.528745E-02  0.000000E+00 -9.528745E-02
  2.532000E+01  6.124614E-01  9.099407E-01  9.099407E-01 -9.932854E-02  0.000000E+00 -9.932854E-02
  2.540000E+01  6.143965E-01  9.122176E-01  9.122176E-01 -1.032839E-01  0.000000E+00 -1.032839E-01
  2.548000E+01  6.163316E-01  9.144683E-01  9.144683E-01 -1.071487E-01  0.000000E+00 -1.071487E-01
  2.556000E+01  6.182668E-01  9.166923E-01  9.166923E-01 -1.109181E-01  0.000000E+00 -1.109181E-01
  2.564000E+01  6.202019E-01  9.188898E-01  9.188898E-01 -1.145873E-01  0.000000E+00 -1.145873E-01
  2.572000E+01  6.221370E-01  9.210604E-01  9.210604E-01 -1.181518E-01  0.000000E+00 -1.181518E-01
  2.580000E+01  6.240721E-01  9.232040E-01  9.232040E-01 -1.216070E-01  0.000000E+00 -1.216070E-01
  2.588000E+01  6.260072E-01  9.253206E-01  9.253206E-01 -1.249484E-01  0.000000E+00 -1.249484E-01
  2.596000E+01  6.279423E-01  9.274099E-01  9.274099E-01 -1.281719E-01  0.000000E+00 -1.281719E-01
  2.604000E+01  6.298774E-01  9.294719E-01  9.294719E-01 -1.312733E-01  0.000000E+00 -1.312733E-01
  2.612000E+01  6.318125E-01  9.315065E-01  9.315065E-01 -1.342485E-01  0.000000E+00 -1.342485E-01
  2.620000E+01  6.337476E-01  9.335134E-01  9.335134E-01 -1.370936E-01  0.000000E+00 -1.370936E-01
  2.628000E+01  6.356827E-01  9.354925E-01  9.354925E-01 -1.398048E-01  0.000000E+00 -1.398048E-01
  2.636000E+01  6.376178E-01  9.374438E-01  9.374438E-01 -1.423787E-01  0.000000E+00 -1.423787E-01
  2.644000E+01  6.395529E-01  9.393671E-01  9.393671E-01 -1.448116E-01  0.000000E+00 -1.448116E-01
  2.652000E+01  6.414880E-01  9.412622E-01  9.412622E-01 -1.471003E-01  0.000000E+00 -1.471003E-01
  2.660000E+01  6.434231E-01  9.431292E-01  9.431292E-01 -1.492417E-01  0.000000E+00 -1.492417E-01
  2.668000E+01  6.453583E-01  9.449677E-01  9.449677E-01 -1.512328E-01  0.000000E+00 -1.512328E-01
  2.676000E+01  6.472934E-01  9.467778E-01  9.467778E-01 -1.530707E-01  0.000000E+00 -1.530707E-01
  2.684000E+01  6.492285E-01  9.485593E-01  9.485593E-01 -1.547528E-01  0.000000E+00 -1.547528E-01
  2.692000E+01  6.511636E-01  9.503121E-01  9.503121E-01 -1.562767E-01  0.000000E+00 -1.562767E-01
  2.700000E+01  6.530987E-01  9.520361E-01  9.520361E-01 -1.576401E-01  0.000000E+00 -1.576401E-01
  2.708000E+01  6.550338E-01  9.537311E-01  9.537311E-01 -1.588408E-01  0.000000E+00 -1.588408E-01
  2.716000E+01  6.569689E-01  9.553971E-01  9.553971E-01 -1.598771E-01  0.000000E+00 -1.598771E-01
  2.724000E+01  6.589040E-01  9.570340E-01  9.570340E-01 -1.607471E-01  0.000000E+00 -1.607471E-01
  2.732000E+01  6.608391E-01  9.586416E-01  9.586416E-01 -1.614494E-01  0.000000E+00 -1.614494E-01
  2.740000E+01  6.627742E-01  9.602198E-01  9.602198E-01 -1.619826E-01  0.000000E+00 -1.619826E-01
  2.748000E+01  6.647093E-01  9.617686E-01  9.617686E-01 -1.623455E-01  0.000000E+00 -1.623455E-01
  2.756000E+01  6.666444E-01  9.632878E-01  9.632878E-01 -1.625373E-01  0.000000E+00 -1.625373E-01
  2.764000E+01  6.685795E-01  9.647774E-01  9.647774E-01 -1.625572E-01  0.000000E+00 -1.625572E-01
  2.772000E+01  6.705146E-01  9.662373E-01  9.662373E-01 -1.624047E-01  0.000000E+00 -1.624047E-01
  2.780000E+01  6.724498E-01  9.676673E-01  9.676673E-01 -1.620795E-01  0.000000E+00 -1.620795E-01
  2.788000E+01  6.743849E-01  9.690674E-01  9.690674E-01 -1.615813E-01  0.000000E+00 -1.615813E-01
  2.796000E+01  6.763200E-01  9.704374E-01  9.704374E-01 -1.609105E-01  0.000000E+00 -1.609105E-01
  2.804000E+01  6.782551E-01  9.717774E-01  9.717774E-01 -1.600671E-01  0.000000E+00 -1.600671E-01
  2.812000E+01  6.801902E-01  9.730871E-01  9.730871E-01 -1.590517E-01  0.000000E+00 -1.590517E-01
  2.820000E+01  6.821253E-01  9.743666E-01  9.743666E-01 -1.578650E-01  0.000000E+00 -1.578650E-01
  2.828000E+01  6.840604E-01  9.756157E-01  9.756157E-01 -1.565080E-01  0.000000E+00 -1.565080E-01
  2.836000E+01  6.859955E-01  9.768344E-01  9.768344E-01 -1.549817E-01  0.000000E+00 -1.549817E-01
  2.844000E+01  6.879306E-01  9.780226E-01  9.780226E-01 -1.532874E-01  0.000000E+00 -1.532874E-01
  2.852000E+01  6.898657E-01  9.791801E-01  9.791801E-01 -1.514266E-01  0.000000E+00 -1.514266E-01
  2.860000E+01  6.918008E-01  9.803070E-01  9.803070E-01 -1.494011E-01  0.000000E+00 -1.494011E-01
  2.868000E+01  6.937359E-01  9.814032E-01  9.814032E-01 -1.472128E-01  0.000000E+00 -1.472128E-01
  2.876000E+01  6.956710E-01  9.824686E-01  9.824686E-01 -1.448638E-01  0.000000E+00 -1.448638E-01
  2.884000E+01  6.976061E-01  9.835030E-01  9.835030E-01 -1.423564E-01  0.000000E+00 -1.423564E-01
  2.892000E+01  6.995413E-01  9.845066E-01  9.845066E-01 -1.396931E-01  0.000000E+00 -1.396931E-01
  2.900000E+01  7.014764E-01  9.854791E-01  9.854791E-01 -1.368766E-01  0.000000E+00 -1.368766E-01
  2.908000E+01  7.034115E-01  9.864205E-01  9.864205E-01 -1.339098E-01  0.000000E+00 -1.339098E-01
  2.916000E+01  7.053466E-01  9.873309E-01  9.873309E-01 -1.307956E-01  0.000000E+00 -1.307956E-01
  2.924000E+01  7.072817E-01  9.882100E-01  9.882100E-01 -1.275374E-01  0.000000E+00 -1.275374E-01
  2.932000E+01  7.092168E-01  9.890579E-01  9.890579E-01 -1.241386E-01  0.000000E+00 -1.241386E-01
  2.940000E+01  7.111519E-01  9.898745E-01  9.898745E-01 -1.206028E-01  0.000000E+00 -1.206028E-01
  2.948000E+01  7.130870E-01  9.906597E-01  9.906597E-01 -1.169337E-01  0.000000E+00 -1.169337E-01
  2.956000E+01  7.150221E-01  9.914135E-01  9.914135E-01 -1.131351E-01  0.000000E+00 -1.131351E-01
  2.964000E+01  7.169572E-01  9.921359E-01  9.921359E-01 -1.092113E-01  0.000000E+00 -1.092113E-01
  2.972000E+01  7.188923E-01  9.928268E-01  9.928268E-01 -1.051664E-01  0.000000E+00 -1.051664E-01
  2.980000E+01  7.208274E-01  9.934861E-01  9.934861E-01 -1.010048E-01  0.000000E+00 -1.010048E-01
  2.988000E+01  7.227625E-01  9.941139E-01  9.941139E-01 -9.673107E-02  0.000000E+00 -9.673107E-02
  2.996000E+01  7.246976E-01  9.947100E-01  9.947100E-01 -9.234978E-02  0.000000E+00 -9.234978E-02
  3.004000E+01  7.266328E-01  9.952745E-01  9.952745E-01 -8.786575E-02  0.000000E+00 -8.786575E-02
  3.012000E+01  7.285679E-01  9.958073E-01  9.958073E-01 -8.328392E-02  0.000000E+00 -8.328392E-02
  3.020000E+01  7.305030E-01  9.963084E-01  9.963084E-01 -7.860930E-02  0.000000E+00 -7.860930E-02
  3.028000E+01  7.324381E-01  9.967776E-01  9.967776E-01 -7.384706E-02  0.000000E+00 -7.384706E-02
  3.036000E+01  7.343732E-01  9.972151E-01  9.972151E-01 -6.900245E-02  0.000000E+00 -6.900245E-02
  3.044000E+01  7.363083E-01  9.976208E-01  9.976208E-01 -6.408084E-02  0.000000E+00 -6.408084E-02
  3.052000E+01  7.382434E-01  9.979946E-01  9.979946E-01 -5.908767E-02  0.000000E+00 -5.908767E-02
  3.060000E+01  7.401785E-01  9.983366E-01  9.983366E-01 -5.402850E-02  0.000000E+00 -5.402850E-02
  3.068000E+01  7.421136E-01  9.986466E-01  9.986466E-01 -4.890894E-02  0.000000E+00 -4.890894E-02
  3.076000E+01  7.440487E-01  9.989248E-01  9.989248E-01 -4.373471E-02  0.000000E+00 -4.373471E-02
  3.084000E+01  7.459838E-01  9.991710E-01  9.991710E-01 -3.851156E-02  0.000000E+00 -3.851156E-02
  3.092000E+01  7.479189E-01  9.993853E-01  9.993853E-01 -3.324533E-02  0.000000E+00 -3.324533E-02
  3.100000E+01  7.498540E-01  9.995676E-01  9.995676E-01 -2.794190E-02  0.000000E+00 -2.794190E-02
  3.108000E+01  7.517891E-01  9.997179E-01  9.997179E-01 -2.260719E-02  0.000000E+00 -2.260719E-02
  3.116000E+01  7.537243E-01  9.998363E-01  9.998363E-01 -1.724717E-02  0.000000E+00 -1.724717E-02
  3.124000E+01  7.556594E-01  9.999226E-01  9.999226E-01 -1.186784E-02  0.000000E+00 -1.186784E-02
  3.132000E+01  7.575945E-01  9.999770E-01  9.999770E-01 -6.475222E-03  0.000000E+00 -6.475222E-03
  3.140000E+01  7.595296E-01  9.999994E-01  9.999994E-01 -1.075352E-03  0.000000E+00 -1.075352E-03
  3.148000E+01  7.614647E-01  9.999897E-01  9.999897E-01  4.325722E-03  0.000000E+00  4.325722E-03
  3.156000E+01  7.633998E-01  9.999481E-01  9.999481E-01  9.721952E-03  0.000000E+00  9.721952E-03
  3.164000E+01  7.653349E-01  9.998745E-01  9.998745E-01  1.510730E-02  0.000000E+00  1.510730E-02
  3.172000E+01  7.672700E-01  9.997689E-01  9.997689E-01  2.047572E-02  0.000000E+00  2.047572E-02
  3.180000E+01  7.692051E-01  9.996313E-01  9.996313E-01  2.582123E-02  0.000000E+00  2.582123E-02
  3.188000E+01  7.711402E-01  9.994617E-01  9.994617E-01  3.113783E-02  0.000000E+00  3.113783E-02
  3.196000E+01  7.730753E-01  9.992601E-01  9.992601E-01  3.641958E-02  0.000000E+00  3.641958E-02
  3.204000E+01  7.750104E-01  9.990266E-01  9.990266E-01  4.166058E-02  0.000000E+00  4.166058E-02
  3.212000E+01  7.769455E-01  9.987612E-01  9.987612E-01  4.685499E-02  0.000000E+00  4.685499E-02
  3.220000E+01  7.788806E-01  9.984639E-01  9.984639E-01  5.199700E-02  0.000000E+00  5.199700E-02
  3.228000E+01  7.808158E-01  9.981346E-01  9.981346E-01  5.708089E-02  0.000000E+00  5.708089E-02
  3.236000E+01  7.827509E-01  9.977735E-01  9.977735E-01  6.210101E-02  0.000000E+00  6.210101E-02
  3.244000E+01  7.846860E-01  9.973805E-01  9.973805E-01  6.705177E-02  0.000000E+00  6.705177E-02
  3.252000E+01  7.866211E-01  9.969556E-01  9.969556E-01  7.192769E-02  0.000000E+00  7.192769E-02
  3.260000E+01  7.885562E-01  9.964990E-01  9.964990E-01  7.672336E-02  0.000000E+00  7.672336E-02
  3.268000E+01  7.904913E-01  9.960106E-01  9.960106E-01  8.143349E-02  0.000000E+00  8.143349E-02
  3.276000E+01  7.924264E-01  9.954905E-01  9.954905E-01  8.605287E-02  0.000000E+00  8.605287E-02
  3.284000E+01  7.943615E-01  9.949386E-01  9.949386E-01  9.057644E-02  0.000000E+00  9.057644E-02
  3.292000E+01  7.962966E-01  9.943551E-01  9.943551E-01  9.499921E-02  0.000000E+00  9.499921E-02
  3.300000E+01  7.982317E-01  9.937399E-01  9.937399E-01  9.931636E-02  0.000000E+00  9.931636E-02
  3.308000E+01  8.001668E-01  9.930931E-01  9.930931E-01  1.035232E-01  0.000000E+00  1.035232E-01
  3.316000E+01  8.021019E-01  9.924148E-01  9.924148E-01  1.076151E-01  0.000000E+00  1.076151E-01
  3.324000E+01  8.040370E-01  9.917049E-01  9.917049E-01  1.115876E-01  0.000000E+00  1.115876E-01
  3.332000E+01  8.059721E-01  9.909636E-01  9.909636E-01  1.154365E-01  0.000000E+00  1.154365E-01
  3.340000E+01  8.079073E-01  9.901909E-01  9.901909E-01  1.191576E-01  0.000000E+00  1.191576E-01
  3.348000E+01  8.098424E-01  9.893868E-01  9.893868E-01  1.227470E-01  0.000000E+00  1.227470E-01
  3.356000E+01  8.117775E-01  9.885513E-01  9.885513E-01  1.262008E-01  0.000000E+00  1.262008E-01
  3.364000E+01  8.137126E-01  9.876846E-01  9.876846E-01  1.295154E-01  0.000000E+00  1.295154E-01
  3.372000E+01  8.156477E-01  9.867867E-01  9.867867E-01  1.326873E-01  0.000000E+00  1.326873E-01
  3.380000E+01  8.175828E-01  9.858577E-01  9.858577E-01  1.357132E-01  0.000000E+00  1.357132E-01
  3.388000E+01  8.195179E-01  9.848975E-01  9.848975E-01  1.385899E-01  0.000000E+00  1.385899E-01
  3.396000E+01  8.214530E-01  9.839063E-01  9.839063E-01  1.413145E-01  0.000000E+00  1.413145E-01
  3.404000E+01  8.233881E-01  9.828841E-01  9.828841E-01  1.438843E-01  0.000000E+00  1.438843E-01
  3.412000E+01  8.253232E-01  9.818311E-01  9.818311E-01  1.462967E-01  0.000000E+00  1.462967E-01
  3.420000E+01  8.272583E-01  9.807472E-01  9.807472E-01  1.485492E-01  0.000000E+00  1.485492E-01
  3.428000E+01  8.291934E-01  9.796325E-01  9.796325E-01  1.506398E-01  0.000000E+00  1.506398E-01
  3.436000E+01  8.311285E-01  9.784871E-01  9.784871E-01  1.525663E-01  0.000000E+00  1.525663E-01
  3.444000E+01  8.330636E-01  9.773112E-01  9.773112E-01  1.543271E-01  0.000000E+00  1.543271E-01
  3.452000E+01  8.349988E-01  9.761046E-01  9.761046E-01  1.559205E-01  0.000000E+00  1.559205E-01
  3.460000E+01  8.369339E-01  9.748676E-01  9.748676E-01  1.573451E-01  0.000000E+00  1.573451E-01
  3.468000E+01  8.388690E-01  9.736002E-01  9.736002E-01  1.585997E-01  0.000000E+00  1.585997E-01
  3.476000E+01  8.408041E-01  9.723025E-01  9.723025E-01  1.596834E-01  0.000000E+00  1.596834E-01
  3.484000E+01  8.427392E-01  9.709746E-01  9.709746E-01  1.605953E-01  0.000000E+00  1.605953E-01
  3.492000E+01  8.446743E-01  9.696165E-01  9.696165E-01  1.613349E-01  0.000000E+00  1.613349E-01
  3.500000E+01  8.466094E-01  9.682283E-01  9.682283E-01  1.619018E-01  0.000000E+00  1.619018E-01
  3.508000E+01  8.485445E-01  9.668102E-01  9.668102E-01  1.622959E-01  0.000000E+00  1.622959E-01
  3.516000E+01  8.504796E-01  9.653623E-01  9.653623E-01  1.625172E-01  0.000000E+00  1.625172E-01
  3.524000E+01  8.524147E-01  9.638845E-01  9.638845E-01  1.625659E-01  0.000000E+00  1.625659E-01
  3.532000E+01  8.543498E-01  9.623771E-01  9.623771E-01  1.624424E-01  0.000000E+00  1.624424E-01
  3.540000E+01  8.562849E-01  9.608400E-01  9.608400E-01  1.621475E-01  0.000000E+00  1.621475E-01
  3.548000E+01  8.582200E-01  9.592735E-01  9.592735E-01  1.616820E-01  0.000000E+00  1.616820E-01
  3.556000E+01  8.601552E-01  9.576776E-01  9.576776E-01  1.610469E-01  0.000000E+00  1.610469E-01
  3.564000E+01  8.620903E-01  9.560523E-01  9.560523E-01  1.602435E-01  0.000000E+00  1.602435E-01
  3.572000E+01  8.640254E-01  9.543979E-01  9.543979E-01  1.592733E-01  0.000000E+00  1.592733E-01
  3.580000E+01  8.659605E-01  9.527144E-01  9.527144E-01  1.581378E-01  0.000000E+00  1.581378E-01
  3.588000E+01  8.678956E-01  9.510020E-01  9.510020E-01  1.568389E-01  0.000000E+00  1.568389E-01
  3.596000E+01  8.698307E-01  9.492607E-01  9.492607E-01  1.553786E-01  0.000000E+00  1.553786E-01
  3.604000E+01  8.717658E-01  9.474906E-01  9.474906E-01  1.537592E-01  0.000000E+00  1.537592E-01
  3.612000E+01  8.737009E-01  9.456919E-01  9.456919E-01  1.519830E-01  0.000000E+00  1.519830E-01
  3.620000E+01  8.756360E-01  9.438646E-01  9.438646E-01  1.500526E-01  0.000000E+00  1.500526E-01
  3.628000E+01  8.775711E-01  9.420090E-01  9.420090E-01  1.479708E-01  0.000000E+00  1.479708E-01
  3.636000E+01  8.795062E-01  9.401250E-01  9.401250E-01  1.457404E-01  0.000000E+00  1.457404E-01
  3.644000E+01  8.814413E-01  9.382129E-01  9.382129E-01  1.433645E-01  0.000000E+00  1.433645E-01
  3.652000E+01  8.833764E-01  9.362728E-01  9.362728E-01  1.408463E-01  0.000000E+00  1.408463E-01
  3.660000E+01  8.853115E-01  9.343047E-01  9.343047E-01  1.381893E-01  0.000000E+00  1.381893E-01
  3.668000E+01  8.872467E-01  9.323089E-01  9.323089E-01  1.353971E-01  0.000000E+00  1.353971E-01
  3.676000E+01  8.891818E-01  9.302853E-01  9.302853E-01  1.324732E-01  0.000000E+00  1.324732E-01
  3.684000E+01  8.911169E-01  9.282342E-01  9.282342E-01  1.294216E-01  0.000000E+00  1.294216E-01
  3.692000E+01  8.930520E-01  9.261558E-01  9.261558E-01  1.262463E-01  0.000000E+00  1.262463E-01
  3.700000E+01  8.949871E-01  9.240500E-01  9.240500E-01  1.229513E-01  0.000000E+00  1.229513E-01
  3.708000E+01  8.969222E-01  9.219171E-01  9.219171E-01  1.195409E-01  0.000000E+00  1.195409E-01
  3.716000E+01  8.988573E-01  9.197572E-01  9.197572E-01  1.160194E-01  0.000000E+00  1.160194E-01
  3.724000E+01  9.007924E-01  9.175705E-01  9.175705E-01  1.123913E-01  0.000000E+00  1.123913E-01
  3.732000E+01  9.027275E-01  9.153570E-01  9.153570E-01  1.086613E-01  0.000000E+00  1.086613E-01
  3.740000E+01  9.046626E-01  9.131169E-01  9.131169E-01  1.048339E-01  0.000000E+00  1.048339E-01
  3.748000E+01  9.065977E-01  9.108504E-01  9.108504E-01  1.009140E-01  0.000000E+00  1.009140E-01
  3.756000E+01  9.085328E-01  9.085576E-01  9.085576E-01  9.690641E-02  0.000000E+00  9.690641E-02
  3.764000E+01  9.104679E-01  9.062387E-01  9.062387E-01  9.281614E-02  0.000000E+00  9.281614E-02
  3.772000E+01  9.124030E-01  9.038937E-01  9.038937E-01  8.864819E-02  0.000000E+00  8.864819E-02
  3.780000E+01  9.143382E-01  9.015229E-01  9.015229E-01  8.440767E-02  0.000000E+00  8.440767E-02
  3.788000E+01  9.162733E-01  8.991264E-01  8.991264E-01  8.009974E-02  0.000000E+00  8.009974E-02
  3.796000E+01  9.182084E-01  8.967044E-01  8.967044E-01  7.572963E-02  0.000000E+00  7.572963E-02
  3.804000E+01  9.201435E-01  8.942570E-01  8.942570E-01  7.130260E-02  0.000000E+00  7.130260E-02
  3.812000E+01  9.220786E-01  8.917843E-01  8.917843E-01  6.682397E-02  0.000000E+00  6.682397E-02
  3.820000E+01  9.240137E-01  8.892866E-01  8.892866E-01  6.229910E-02  0.000000E+00  6.229910E-02
  3.828000E+01  9.259488E-01  8.867639E-01  8.867639E-01  5.773336E-02  0.000000E+00  5.773336E-02
  3.836000E+01  9.278839E-01  8.842165E-01  8.842165E-01  5.313216E-02  0.000000E+00  5.313216E-02
  3.844000E+01  9.298190E-01  8.816446E-01  8.816446E-01  4.850092E-02  0.000000E+00  4.850092E-02
  3.852000E+01  9.317541E-01  8.790481E-01  8.790481E-01  4.384506E-02  0.000000E+00  4.384506E-02
  3.860000E+01  9.336892E-01  8.764275E-01  8.764275E-01  3.917002E-02  0.000000E+00  3.917002E-02
  3.868000E+01  9.356243E-01  8.737827E-01  8.737827E-01  3.448122E-02  0.000000E+00  3.448122E-02
  3.876000E+01  9.375594E-01  8.711140E-01  8.711140E-01  2.978407E-02  0.000000E+00  2.978407E-02
  3.884000E+01  9.394945E-01  8.684216E-01  8.684216E-01  2.508396E-02  0.000000E+00  2.508396E-02
  3.892000E+01  9.414297E-01  8.657056E-01  8.657056E-01  2.038627E-02  0.000000E+00  2.038627E-02
  3.900000E+01  9.433648E-01  8.629662E-01  8.629662E-01  1.569633E-02  0.000000E+00  1.569633E-02
  3.908000E+01  9.452999E-01  8.602035E-01  8.602035E-01  1.101944E-02  0.000000E+00  1.101944E-02
  3.916000E+01  9.472350E-01  8.574178E-01  8.574178E-01  6.360848E-03  0.000000E+00  6.360848E-03
  3.924000E+01  9.491701E-01  8.546092E-01  8.546092E-01  1.725756E-03  0.000000E+00  1.725756E-03
  3.932000E+01  9.511052E-01  8.517779E-01  8.517779E-01 -2.880691E-03  0.000000E+00 -2.880691E-03
  3.940000E+01  9.530403E-01  8.489242E-01  8.489242E-01 -7.453416E-03  0.000000E+00 -7.453416E-03
  3.948000E+01  9.549754E-01  8.460480E-01  8.460480E-01 -1.198741E-02  0.000000E+00 -1.198741E-02
  3.956000E+01  9.569105E-01  8.431498E-01  8.431498E-01 -1.647774E-02  0.000000E+00 -1.647774E-02
  3.964000E+01  9.588456E-01  8.402296E-01  8.402296E-01 -2.091956E-02  0.000000E+00 -2.091956E-02
  3.972000E+01  9.607807E-01  8.372876E-01  8.372876E-01 -2.530810E-02  0.000000E+00 -2.530810E-02
  3.980000E+01  9.627158E-01  8.343240E-01  8.343240E-01 -2.963870E-02  0.000000E+00 -2.963870E-02
  3.988000E+01  9.646509E-01  8.313390E-01  8.313390E-01 -3.390678E-02  0.000000E+00 -3.390678E-02
  3.996000E+01  9.665860E-01  8.283328E-01  8.283328E-01 -3.810788E-02  0.000000E+00 -3.810788E-02
  4.004000E+01  9.685212E-01  8.253056E-01  8.253056E-01 -4.223765E-02  0.000000E+00 -4.223765E-02
  4.012000E+01  9.704563E-01  8.222576E-01  8.222576E-01 -4.629184E-02  0.000000E+00 -4.629184E-02
  4.020000E+01  9.723914E-01  8.191889E-01  8.191889E-01 -5.026633E-02  0.000000E+00 -5.026633E-02
  4.028000E+01  9.743265E-01  8.160999E-01  8.160999E-01 -5.415711E-02  0.000000E+00 -5.415711E-02
  4.036000E+01  9.762616E-01  8.129906E-01  8.129906E-01 -5.796032E-02  0.000000E+00 -5.796032E-02
  4.044000E+01  9.781967E-01  8.098612E-01  8.098612E-01 -6.167222E-02  0.000000E+00 -6.167222E-02
  4.052000E+01  9.801318E-01  8.067120E-01  8.067120E-01 -6.528920E-02  0.000000E+00 -6.528920E-02
  4.060000E+01  9.820669E-01  8.035433E-01  8.035433E-01 -6.880780E-02  0.000000E+00 -6.880780E-02
  4.068000E+01  9.840020E-01  8.003550E-01  8.003550E-01 -7.222469E-02  0.000000E+00 -7.222469E-02
  4.076000E+01  9.859371E-01  7.971476E-01  7.971476E-01 -7.553671E-02  0.000000E+00 -7.553671E-02
  4.084000E+01  9.878722E-01  7.939211E-01  7.939211E-01 -7.874083E-02  0.000000E+00 -7.874083E-02
  4.092000E+01  9.898073E-01  7.906758E-01  7.906758E-01 -8.183418E-02  0.000000E+00 -8.183418E-02
  4.100000E+01  9.917424E-01  7.874120E-01  7.874120E-01 -8.481404E-02  0.000000E+00 -8.481404E-02
  4.108000E+01  9.936775E-01  7.841297E-01  7.841297E-01 -8.767786E-02  0.000000E+00 -8.767786E-02
  4.116000E+01  9.956127E-01  7.808292E-01  7.808292E-01 -9.042324E-02  0.000000E+00 -9.042324E-02
  4.124000E+01  9.975478E-01  7.775108E-01  7.775108E-01 -9.304794E-02  0.000000E+00 -9.304794E-02
  4.132000E+01  9.994829E-01  7.741746E-01  7.741746E-01 -9.554991E-02  0.000000E+00 -9.554991E-02
  4.140000E+01  1.001418E+00  7.708209E-01  7.708209E-01 -9.792722E-02  0.000000E+00 -9.792722E-02
  4.148000E+01  1.003353E+00  7.674498E-01  7.674498E-01 -1.001782E-01  0.000000E+00 -1.001782E-01
  4.156000E+01  1.005288E+00  7.640616E-01  7.640616E-01 -1.023011E-01  0.000000E+00 -1.023011E-01
  4.164000E+01  1.007223E+00  7.606566E-01  7.606566E-01 -1.042948E-01  0.000000E+00 -1.042948E-01
  4.172000E+01  1.009158E+00  7.572348E-01  7.572348E-01 -1.061578E-01  0.000000E+00 -1.061578E-01
  4.180000E+01  1.011094E+00  7.537966E-01  7.537966E-01 -1.078892E-01  0.000000E+00 -1.078892E-01
  4.188000E+01  1.013029E+00  7.503421E-01  7.503421E-01 -1.094881E-01  0.000000E+00 -1.094881E-01
  4.196000E+01  1.014964E+00  7.468716E-01  7.468716E-01 -1.109537E-01  0.000000E+00 -1.109537E-01
  4.204000E+01  1.016899E+00  7.433853E-01  7.433853E-01 -1.122856E-01  0.000000E+00 -1.122856E-01
  4.212000E+01  1.018834E+00  7.398834E-01  7.398834E-01 -1.134833E-01  0.000000E+00 -1.134833E-01
  4.220000E+01  1.020769E+00  7.363662E-01  7.363662E-01 -1.145466E-01  0.000000E+00 -1.145466E-01
  4.228000E+01  1.022704E+00  7.328339E-01  7.328339E-01 -1.154754E-01  0.000000E+00 -1.154754E-01
  4.236000E+01  1.024639E+00  7.292866E-01  7.292866E-01 -1.162700E-01  0.000000E+00 -1.162700E-01
  4.244000E+01  1.026574E+00  7.257247E-01  7.257247E-01 -1.169306E-01  0.000000E+00 -1.169306E-01
  4.252000E+01  1.028509E+00  7.221483E-01  7.221483E-01 -1.174576E-01  0.000000E+00 -1.174576E-01
  4.260000E+01  1.030445E+00  7.185577E-01  7.185577E-01 -1.178517E-01  0.000000E+00 -1.178517E-01
  4.268000E+01  1.032380E+00  7.149531E-01  7.149531E-01 -1.181137E-01  0.000000E+00 -1.181137E-01
  4.276000E+01  1.034315E+00  7.113348E-01  7.113348E-01 -1.182444E-01  0.000000E+00 -1.182444E-01
  4.284000E+01  1.036250E+00  7.077030E-01  7.077030E-01 -1.182450E-01  0.000000E+00 -1.182450E-01
  4.292000E+01  1.038185E+00  7.040578E-01  7.040578E-01 -1.181167E-01  0.000000E+00 -1.181167E-01
  4.300000E+01  1.040120E+00  7.003996E-01  7.003996E-01 -1.178610E-01  0.000000E+00 -1.178610E-01
  4.308000E+01  1.042055E+00  6.967285E-01  6.967285E-01 -1.174792E-01  0.000000E+00 -1.174792E-01
  4.316000E+01  1.043990E+00  6.930449E-01  6.930449E-01 -1.169732E-01  0.000000E+00 -1.169732E-01
  4.324000E+01  1.045925E+00  6.893489E-01  6.893489E-01 -1.163448E-01  0.000000E+00 -1.163448E-01
  4.332000E+01  1.047861E+00  6.856408E-01  6.856408E-01 -1.155959E-01  0.000000E+00 -1.155959E-01
  4.340000E+01  1.049796E+00  6.819209E-01  6.819209E-01 -1.147286E-01  0.000000E+00 -1.147286E-01
  4.348000E+01  1.051731E+00  6.781892E-01  6.781892E-01 -1.137451E-01  0.000000E+00 -1.137451E-01
  4.356000E+01  1.053666E+00  6.744462E-01  6.744462E-01 -1.126478E-01  0.000000E+00 -1.126478E-01
  4.364000E+01  1.055601E+00  6.706920E-01  6.706920E-01 -1.114392E-01  0.000000E+00 -1.114392E-01
  4.372000E+01  1.057536E+00  6.669269E-01  6.669269E-01 -1.101218E-01  0.000000E+00 -1.101218E-01
  4.380000E+01  1.059471E+00  6.631511E-01  6.631511E-01 -1.086984E-01  0.000000E+00 -1.086984E-01
  4.388000E+01  1.061406E+00  6.593648E-01  6.593648E-01 -1.071717E-01  0.000000E+00 -1.071717E-01
  4.396000E+01  1.063341E+00  6.555684E-01  6.555684E-01 -1.055447E-01  0.000000E+00 -1.055447E-01
  4.404000E+01  1.065277E+00  6.517620E-01  6.517620E-01 -1.038203E-01  0.000000E+00 -1.038203E-01
  4.412000E+01  1.067212E+00  6.479459E-01  6.479459E-01 -1.020017E-01  0.000000E+00 -1.020017E-01
  4.420000E+01  1.069147E+00  6.441203E-01  6.441203E-01 -1.000921E-01  0.000000E+00 -1.000921E-01
  4.428000E+01  1.071082E+00  6.402855E-01  6.402855E-01 -9.809468E-02  0.000000E+00 -9.809468E-02
  4.436000E+01  1.073017E+00  6.364417E-01  6.364417E-01 -9.601289E-02  0.000000E+00 -9.601289E-02
  4.444000E+01  1.074952E+00  6.325892E-01  6.325892E-01 -9.385011E-02  0.000000E+00 -9.385011E-02
  4.452000E+01  1.076887E+00  6.287282E-01  6.287282E-01 -9.160986E-02  0.000000E+00 -9.160986E-02
  4.460000E+01  1.078822E+00  6.248590E-01  6.248590E-01 -8.929568E-02  0.000000E+00 -8.929568E-02
  4.468000E+01  1.080757E+00  6.209818E-01  6.209818E-01 -8.691120E-02  0.000000E+00 -8.691120E-02
  4.476000E+01  1.082692E+00  6.170968E-01  6.170968E-01 -8.446008E-02  0.000000E+00 -8.446008E-02
  4.484000E+01  1.084628E+00  6.132043E-01  6.132043E-01 -8.194604E-02  0.000000E+00 -8.194604E-02
  4.492000E+01  1.086563E+00  6.093046E-01  6.093046E-01 -7.937284E-02  0.000000E+00 -7.937284E-02
  4.500000E+01  1.088498E+00  6.053979E-01  6.053979E-01 -7.674426E-02  0.000000E+00 -7.674426E-02
  4.508000E+01  1.090433E+00  6.014844E-01  6.014844E-01 -7.406414E-02  0.000000E+00 -7.406414E-02
  4.516000E+01  1.092368E+00  5.975645E-01  5.975645E-01 -7.133633E-02  0.000000E+00 -7.133633E-02
  4.524000E+01  1.094303E+00  5.936383E-01  5.936383E-01 -6.856468E-02  0.000000E+00 -6.856468E-02
  4.532000E+01  1.096238E+00  5.897061E-01  5.897061E-01 -6.575309E-02  0.000000E+00 -6.575309E-02
  4.540000E+01  1.098173E+00  5.857682E-01  5.857682E-01 -6.290544E-02  0.000000E+00 -6.290544E-02
  4.548000E+01  1.100108E+00  5.818248E-01  5.818248E-01 -6.002564E-02  0.000000E+00 -6.002564E-02
  4.556000E+01  1.102044E+00  5.778761E-01  5.778761E-01 -5.711757E-02  0.000000E+00 -5.711757E-02
  4.564000E+01  1.103979E+00  5.739225E-01  5.739225E-01 -5.418512E-02  0.000000E+00 -5.418512E-02
  4.572000E+01  1.105914E+00  5.699641E-01  5.699641E-01 -5.123216E-02  0.000000E+00 -5.123216E-02
  4.580000E+01  1.107849E+00  5.660013E-01  5.660013E-01 -4.826256E-02  0.000000E+00 -4.826256E-02
  4.588000E+01  1.109784E+00  5.620342E-01  5.620342E-01 -4.528014E-02  0.000000E+00 -4.528014E-02
  4.596000E+01  1.111719E+00  5.580632E-01  5.580632E-01 -4.228871E-02  0.000000E+00 -4.228871E-02
  4.604000E+01  1.113654E+00  5.540884E-01  5.540884E-01 -3.929204E-02  0.000000E+00 -3.929204E-02
  4.612000E+01  1.115589E+00  5.501102E-01  5.501102E-01 -3.629388E-02  0.000000E+00 -3.629388E-02
  4.620000E+01  1.117524E+00  5.461288E-01  5.461288E-01 -3.329791E-02  0.000000E+00 -3.329791E-02
  4.628000E+01  1.119460E+00  5.421444E-01  5.421444E-01 -3.030778E-02  0.000000E+00 -3.030778E-02
  4.636000E+01  1.121395E+00  5.381574E-01  5.381574E-01 -2.732709E-02  0.000000E+00 -2.732709E-02
  4.644000E+01  1.123330E+00  5.341678E-01  5.341678E-01 -2.435938E-02  0.000000E+00 -2.435938E-02
  4.652000E+01  1.125265E+00  5.301761E-01  5.301761E-01 -2.140812E-02  0.000000E+00 -2.140812E-02
  4.660000E+01  1.127200E+00  5.261825E-01  5.261825E-01 -1.847675E-02  0.000000E+00 -1.847675E-02
  4.668000E+01  1.129135E+00  5.221872E-01  5.221872E-01 -1.556860E-02  0.000000E+00 -1.556860E-02
  4.676000E+01  1.131070E+00  5.181905E-01  5.181905E-01 -1.268695E-02  0.000000E+00 -1.268695E-02
  4.684000E+01  1.133005E+00  5.141926E-01  5.141926E-01 -9.834998E-03  0.000000E+00 -9.834998E-03
  4.692000E+01  1.134940E+00  5.101938E-01  5.101938E-01 -7.015870E-03  0.000000E+00 -7.015870E-03
  4.700000E+01  1.136875E+00  5.061943E-01  5.061943E-01 -4.232603E-03  0.000000E+00 -4.232603E-03
  4.708000E+01  1.138811E+00  5.021945E-01  5.021945E-01 -1.488147E-03  0.000000E+00 -1.488147E-03
  4.716000E+01  1.140746E+00  4.981945E-01  4.981945E-01  1.214636E-03  0.000000E+00  1.214636E-03
  4.724000E+01  1.142681E+00  4.941946E-01  4.941946E-01  3.872975E-03  0.000000E+00  3.872975E-03
  4.732000E+01  1.144616E+00  4.901951E-01  4.901951E-01  6.484195E-03  0.000000E+00  6.484195E-03
  4.740000E+01  1.146551E+00  4.861962E-01  4.861962E-01  9.045721E-03  0.000000E+00  9.045721E-03
  4.748000E+01  1.148486E+00  4.821983E-01  4.821983E-01  1.155508E-02  0.000000E+00  1.155508E-02
  4.756000E+01  1.150421E+00  4.782014E-01  4.782014E-01  1.400989E-02  0.000000E+00  1.400989E-02
  4.764000E+01  1.152356E+00  4.742059E-01  4.742059E-01  1.640788E-02  0.000000E+00  1.640788E-02
  4.772000E+01  1.154291E+00  4.702121E-01  4.702121E-01  1.874691E-02  0.000000E+00  1.874691E-02
  4.780000E+01  1.156227E+00  4.662202E-01  4.662202E-01  2.102490E-02  0.000000E+00  2.102490E-02
  4.788000E+01  1.158162E+00  4.622305E-01  4.622305E-01  2.323993E-02  0.000000E+00  2.323993E-02
  4.796000E+01  1.160097E+00  4.582432E-01  4.582432E-01  2.539016E-02  0.000000E+00  2.539016E-02
  4.804000E+01  1.162032E+00  4.542585E-01  4.542585E-01  2.747387E-02  0.000000E+00  2.747387E-02
  4.812000E+01  1.163967E+00  4.502768E-01  4.502768E-01  2.948945E-02  0.000000E+00  2.948945E-02
  4.820000E+01  1.165902E+00  4.462983E-01  4.462983E-01  3.143543E-02  0.000000E+00  3.143543E-02
  4.828000E+01  1.167837E+00  4.423232E-01  4.423232E-01  3.331043E-02  0.000000E+00  3.331043E-02
  4.836000E+01  1.169772E+00  4.383518E-01  4.383518E-01  3.511318E-02  0.000000E+00  3.511318E-02
  4.844000E+01  1.171707E+00  4.343843E-01  4.343843E-01  3.684256E-02  0.000000E+00  3.684256E-02
  4.852000E+01  1.173643E+00  4.304210E-01  4.304210E-01  3.849755E-02  0.000000E+00  3.849755E-02
  4.860000E+01  1.175578E+00  4.264622E-01  4.264622E-01  4.007722E-02  0.000000E+00  4.007722E-02
  4.868000E+01  1.177513E+00  4.225081E-01  4.225081E-01  4.158081E-02  0.000000E+00  4.158081E-02
  4.876000E+01  1.179448E+00  4.185590E-01  4.185590E-01  4.300762E-02  0.000000E+00  4.300762E-02
  4.884000E+01  1.181383E+00  4.146150E-01  4.146150E-01  4.435712E-02  0.000000E+00  4.435712E-02
  4.892000E+01  1.183318E+00  4.106766E-01  4.106766E-01  4.562885E-02  0.000000E+00  4.562885E-02
  4.900000E+01  1.185253E+00  4.067438E-01  4.067438E-01  4.682250E-02  0.000000E+00  4.682250E-02
  4.908000E+01  1.187188E+00  4.028170E-01  4.028170E-01  4.793785E-02  0.000000E+00  4.793785E-02
  4.916000E+01  1.189123E+00  3.988965E-01  3.988965E-01  4.897479E-02  0.000000E+00  4.897479E-02
  4.924000E+01  1.191058E+00  3.949824E-01  3.949824E-01  4.993335E-02  0.000000E+00  4.993335E-02
  4.932000E+01  1.192994E+00  3.910750E-01  3.910750E-01  5.081364E-02  0.000000E+00  5.081364E-02
  4.940000E+01  1.194929E+00  3.871746E-01  3.871746E-01  5.161588E-02  0.000000E+00  5.161588E-02
  4.948000E+01  1.196864E+00  3.832814E-01  3.832814E-01  5.234042E-02  0.000000E+00  5.234042E-02
  4.956000E+01  1.198799E+00  3.793957E-01  3.793957E-01  5.298769E-02  0.000000E+00  5.298769E-02
  4.964000E+01  1.200734E+00  3.755177E-01  3.755177E-01  5.355824E-02  0.000000E+00  5.355824E-02
  4.972000E+01  1.202669E+00  3.716477E-01  3.716477E-01  5.405270E-02  0.000000E+00  5.405270E-02
  4.980000E+01  1.204604E+00  3.677859E-01  3.677859E-01  5.447182E-02  0.000000E+00  5.447182E-02
  4.988000E+01  1.206539E+00  3.639325E-01  3.639325E-01  5.481642E-02  0.000000E+00  5.481642E-02
  4.996000E+01  1.208474E+00  3.600879E-01  3.600879E-01  5.508744E-02  0.000000E+00  5.508744E-02
  5.004000E+01  1.210410E+00  3.562522E-01  3.562522E-01  5.528590E-02  0.000000E+00  5.528590E-02
  5.012000E+01  1.212345E+00  3.524257E-01  3.524257E-01  5.541289E-02  0.000000E+00  5.541289E-02
  5.020000E+01  1.214280E+00  3.486087E-01  3.486087E-01  5.546962E-02  0.000000E+00  5.546962E-02
  5.028000E+01  1.216215E+00  3.448013E-01  3.448013E-01  5.545734E-02  0.000000E+00  5.545734E-02
  5.036000E+01  1.218150E+00  3.410039E-01  3.410039E-01  5.537741E-02  0.000000E+00  5.537741E-02
  5.044000E+01  1.220085E+00  3.372167E-01  3.372167E-01  5.523125E-02  0.000000E+00  5.523125E-02
  5.052000E+01  1.222020E+00  3.334398E-01  3.334398E-01  5.502037E-02  0.000000E+00  5.502037E-02
  5.060000E+01  1.223955E+00  3.296737E-01  3.296737E-01  5.474632E-02  0.000000E+00  5.474632E-02
  5.068000E+01  1.225890E+00  3.259184E-01  3.259184E-01  5.441074E-02  0.000000E+00  5.441074E-02
  5.076000E+01  1.227826E+00  3.221743E-01  3.221743E-01  5.401532E-02  0.000000E+00  5.401532E-02
  5.084000E+01  1.229761E+00  3.184415E-01  3.184415E-01  5.356181E-02  0.000000E+00  5.356181E-02
  5.092000E+01  1.231696E+00  3.147204E-01  3.147204E-01  5.305202E-02  0.000000E+00  5.305202E-02
  5.100000E+01  1.233631E+00  3.110111E-01  3.110111E-01  5.248781E-02  0.000000E+00  5.248781E-02
  5.108000E+01  1.235566E+00  3.073140E-01  3.073140E-01  5.187108E-02  0.000000E+00  5.187108E-02
  5.116000E+01  1.237501E+00  3.036291E-01  3.036291E-01  5.120378E-02  0.000000E+00  5.120378E-02
  5.124000E+01  1.239436E+00  2.999568E-01  2.999568E-01  5.048791E-02  0.000000E+00  5.048791E-02
  5.132000E+01  1.241371E+00  2.962974E-01  2.962974E-01  4.972549E-02  0.000000E+00  4.972549E-02
  5.140000E+01  1.243306E+00  2.926509E-01  2.926509E-01  4.891858E-02  0.000000E+00  4.891858E-02
  5.148000E+01  1.245241E+00  2.890178E-01  2.890178E-01  4.806927E-02  0.000000E+00  4.806927E-02
  5.156000E+01  1.247177E+00  2.853981E-01  2.853981E-01  4.717968E-02  0.000000E+00  4.717968E-02
  5.164000E+01  1.249112E+00  2.817922E-01  2.817922E-01  4.625194E-02  0.000000E+00  4.625194E-02
  5.172000E+01  1.251047E+00  2.782002E-01  2.782002E-01  4.528821E-02  0.000000E+00  4.528821E-02
  5.180000E+01  1.252982E+00  2.746225E-01  2.746225E-01  4.429066E-02  0.000000E+00  4.429066E-02
  5.188000E+01  1.254917E+00  2.710591E-01  2.710591E-01  4.326147E-02  0.000000E+00  4.326147E-02
  5.196000E+01  1.256852E+00  2.675104E-01  2.675104E-01  4.220283E-02  0.000000E+00  4.220283E-02
  5.204000E+01  1.258787E+00  2.639766E-01  2.639766E-01  4.111692E-02  0.000000E+00  4.111692E-02
  5.212000E+01  1.260722E+00  2.604579E-01  2.604579E-01  4.000595E-02  0.000000E+00  4.000595E-02
  5.220000E+01  1.262657E+00  2.569546E-01  2.569546E-01  3.887210E-02  0.000000E+00  3.887210E-02
  5.228000E+01  1.264593E+00  2.534667E-01  2.534667E-01  3.771754E-02  0.000000E+00  3.771754E-02
  5.236000E+01  1.266528E+00  2.499947E-01  2.499947E-01  3.654446E-02  0.000000E+00  3.654446E-02
  5.244000E+01  1.268463E+00  2.465387E-01  2.465387E-01  3.535501E-02  0.000000E+00  3.535501E-02
  5.252000E+01  1.270398E+00  2.430988E-01  2.430988E-01  3.415133E-02  0.000000E+00  3.415133E-02
  5.260000E+01  1.272333E+00  2.396755E-01  2.396755E-01  3.293554E-02  0.000000E+00  3.293554E-02
  5.268000E+01  1.274268E+00  2.362687E-01  2.362687E-01  3.170973E-02  0.000000E+00  3.170973E-02
  5.276000E+01  1.276203E+00  2.328789E-01  2.328789E-01  3.047598E-02  0.000000E+00  3.047598E-02
  5.284000E+01  1.278138E+00  2.295062E-01  2.295062E-01  2.923634E-02  0.000000E+00  2.923634E-02
  5.292000E+01  1.280073E+00  2.261507E-01  2.261507E-01  2.799280E-02  0.000000E+00  2.799280E-02
  5.300000E+01  1.282009E+00  2.228128E-01  2.228128E-01  2.674735E-02  0.000000E+00  2.674735E-02
  5.308000E+01  1.283944E+00  2.194927E-01  2.194927E-01  2.550191E-02  0.000000E+00  2.550191E-02
  5.316000E+01  1.285879E+00  2.161905E-01  2.161905E-01  2.425840E-02  0.000000E+00  2.425840E-02
  5.324000E+01  1.287814E+00  2.129064E-01  2.129064E-01  2.301866E-02  0.000000E+00  2.301866E-02
  5.332000E+01  1.289749E+00  2.096407E-01  2.096407E-01  2.178450E-02  0.000000E+00  2.178450E-02
  5.340000E+01  1.291684E+00  2.063936E-01  2.063936E-01  2.055768E-02  0.000000E+00  2.055768E-02
  5.348000E+01  1.293619E+00  2.031653E-01  2.031653E-01  1.933992E-02  0.000000E+00  1.933992E-02
  5.356000E+01  1.295554E+00  1.999560E-01  1.999560E-01  1.813287E-02  0.000000E+00  1.813287E-02
  5.364000E+01  1.297489E+00  1.967659E-01  1.967659E-01  1.693815E-02  0.000000E+00  1.693815E-02
  5.372000E+01  1.299424E+00  1.935952E-01  1.935952E-01  1.575731E-02  0.000000E+00  1.575731E-02
  5.380000E+01  1.301360E+00  1.904442E-01  1.904442E-01  1.459183E-02  0.000000E+00  1.459183E-02
  5.388000E+01  1.303295E+00  1.873129E-01  1.873129E-01  1.344317E-02  0.000000E+00  1.344317E-02
  5.396000E+01  1.305230E+00  1.842016E-01  1.842016E-01  1.231269E-02  0.000000E+00  1.231269E-02
  5.404000E+01  1.307165E+00  1.811106E-01  1.811106E-01  1.120171E-02  0.000000E+00  1.120171E-02
  5.412000E+01  1.309100E+00  1.780399E-01  1.780399E-01  1.011149E-02  0.000000E+00  1.011149E-02
  5.420000E+01  1.311035E+00  1.749899E-01  1.749899E-01  9.043216E-03  0.000000E+00  9.043216E-03
  5.428000E+01  1.312970E+00  1.719607E-01  1.719607E-01  7.998010E-03  0.000000E+00  7.998010E-03
  5.436000E+01  1.314905E+00  1.689524E-01  1.689524E-01  6.976935E-03  0.000000E+00  6.976935E-03
  5.444000E+01  1.316840E+00  1.659654E-01  1.659654E-01  5.980985E-03  0.000000E+00  5.980985E-03
  5.452000E+01  1.318776E+00  1.629997E-01  1.629997E-01  5.011089E-03  0.000000E+00  5.011089E-03
  5.460000E+01  1.320711E+00  1.600556E-01  1.600556E-01  4.068108E-03  0.000000E+00  4.068108E-03
  5.468000E+01  1.322646E+00  1.571332E-01  1.571332E-01  3.152835E-03  0.000000E+00  3.152835E-03
  5.476000E+01  1.324581E+00  1.542328E-01  1.542328E-01  2.265999E-03  0.000000E+00  2.265999E-03
  5.484000E+01  1.326516E+00  1.513545E-01  1.513545E-01  1.408257E-03  0.000000E+00  1.408257E-03
  5.492000E+01  1.328451E+00  1.484986E-01  1.484986E-01  5.802033E-04  0.000000E+00  5.802033E-04
  5.500000E+01  1.330386E+00  1.456651E-01  1.456651E-01 -2.176384E-04  0.000000E+00 -2.176384E-04
  5.508000E+01  1.332321E+00  1.428543E-01  1.428543E-01 -9.848095E-04  0.000000E+00 -9.848095E-04
  5.516000E+01  1.334256E+00  1.400664E-01  1.400664E-01 -1.720918E-03  0.000000E+00 -1.720918E-03
  5.524000E+01  1.336192E+00  1.373015E-01  1.373015E-01 -2.425638E-03  0.000000E+00 -2.425638E-03
  5.532000E+01  1.338127E+00  1.345598E-01  1.345598E-01 -3.098708E-03  0.000000E+00 -3.098708E-03
  5.540000E+01  1.340062E+00  1.318415E-01  1.318415E-01 -3.739932E-03  0.000000E+00 -3.739932E-03
  5.548000E+01  1.341997E+00  1.291468E-01  1.291468E-01 -4.349176E-03  0.000000E+00 -4.349176E-03
  5.556000E+01  1.343932E+00  1.264758E-01  1.264758E-01 -4.926369E-03  0.000000E+00 -4.926369E-03
  5.564000E+01  1.345867E+00  1.238287E-01  1.238287E-01 -5.471503E-03  0.000000E+00 -5.471503E-03
  5.572000E+01  1.347802E+00  1.212056E-01  1.212056E-01 -5.984628E-03  0.000000E+00 -5.984628E-03
  5.580000E+01  1.349737E+00  1.186069E-01  1.186069E-01 -6.465854E-03  0.000000E+00 -6.465854E-03
  5.588000E+01  1.351672E+00  1.160325E-01  1.160325E-01 -6.915348E-03  0.000000E+00 -6.915348E-03
  5.596000E+01  1.353607E+00  1.134827E-01  1.134827E-01 -7.333333E-03  0.000000E+00 -7.333333E-03
  5.604000E+01  1.355543E+00  1.109576E-01  1.109576E-01 -7.720088E-03  0.000000E+00 -7.720088E-03
  5.612000E+01  1.357478E+00  1.084575E-01  1.084575E-01 -8.075943E-03  0.000000E+00 -8.075943E-03
  5.620000E+01  1.359413E+00  1.059824E-01  1.059824E-01 -8.401279E-03  0.000000E+00 -8.401279E-03
  5.628000E+01  1.361348E+00  1.035325E-01  1.035325E-01 -8.696528E-03  0.000000E+00 -8.696528E-03
  5.636000E+01  1.363283E+00  1.011080E-01  1.011080E-01 -8.962168E-03  0.000000E+00 -8.962168E-03
  5.644000E+01  1.365218E+00  9.870899E-02  9.870899E-02 -9.198725E-03  0.000000E+00 -9.198725E-03
  5.652000E+01  1.367153E+00  9.633569E-02  9.633569E-02 -9.406765E-03  0.000000E+00 -9.406765E-03
  5.660000E+01  1.369088E+00  9.398822E-02  9.398822E-02 -9.586898E-03  0.000000E+00 -9.586898E-03
  5.668000E+01  1.371023E+00  9.166674E-02  9.166674E-02 -9.739772E-03  0.000000E+00 -9.739772E-03
  5.676000E+01  1.372959E+00  8.937139E-02  8.937139E-02 -9.866075E-03  0.000000E+00 -9.866075E-03
  5.684000E+01  1.374894E+00  8.710232E-02  8.710232E-02 -9.966527E-03  0.000000E+00 -9.966527E-03
  5.692000E+01  1.376829E+00  8.485968E-02  8.485968E-02 -1.004188E-02  0.000000E+00 -1.004188E-02
  5.700000E+01  1.378764E+00  8.264361E-02  8.264361E-02 -1.009293E-02  0.000000E+00 -1.009293E-02
  5.708000E+01  1.380699E+00  8.045424E-02  8.045424E-02 -1.012047E-02  0.000000E+00 -1.012047E-02
  5.716000E+01  1.382634E+00  7.829173E-02  7.829173E-02 -1.012536E-02  0.000000E+00 -1.012536E-02
  5.724000E+01  1.384569E+00  7.615621E-02  7.615621E-02 -1.010845E-02  0.000000E+00 -1.010845E-02
  5.732000E+01  1.386504E+00  7.404781E-02  7.404781E-02 -1.007063E-02  0.000000E+00 -1.007063E-02
  5.740000E+01  1.388439E+00  7.196667E-02  7.196667E-02 -1.001280E-02  0.000000E+00 -1.001280E-02
  5.748000E+01  1.390375E+00  6.991293E-02  6.991293E-02 -9.935879E-03  0.000000E+00 -9.935879E-03
  5.756000E+01  1.392310E+00  6.788671E-02  6.788671E-02 -9.840809E-03  0.000000E+00 -9.840809E-03
  5.764000E+01  1.394245E+00  6.588815E-02  6.588815E-02 -9.728532E-03  0.000000E+00 -9.728532E-03
  5.772000E+01  1.396180E+00  6.391737E-02  6.391737E-02 -9.600005E-03  0.000000E+00 -9.600005E-03
  5.780000E+01  1.398115E+00  6.197450E-02  6.197450E-02 -9.456191E-03  0.000000E+00 -9.456191E-03
  5.788000E+01  1.400050E+00  6.005967E-02  6.005967E-02 -9.298059E-03  0.000000E+00 -9.298059E-03
  5.796000E+01  1.401985E+00  5.817299E-02  5.817299E-02 -9.126581E-03  0.000000E+00 -9.126581E-03
  5.804000E+01  1.403920E+00  5.631458E-02  5.631458E-02 -8.942729E-03  0.000000E+00 -8.942729E-03
  5.812000E+01  1.405855E+00  5.448457E-02  5.448457E-02 -8.747472E-03  0.000000E+00 -8.747472E-03
  5.820000E+01  1.407790E+00  5.268308E-02  5.268308E-02 -8.541777E-03  0.000000E+00 -8.541777E-03
  5.828000E+01  1.409726E+00  5.091021E-02  5.091021E-02 -8.326605E-03  0.000000E+00 -8.326605E-03
  5.836000E+01  1.411661E+00  4.916609E-02  4.916609E-02 -8.102908E-03  0.000000E+00 -8.102908E-03
  5.844000E+01  1.413596E+00  4.745081E-02  4.745081E-02 -7.871626E-03  0.000000E+00 -7.871626E-03
  5.852000E+01  1.415531E+00  4.576450E-02  4.576450E-02 -7.633691E-03  0.000000E+00 -7.633691E-03
  5.860000E+01  1.417466E+00  4.410727E-02  4.410727E-02 -7.390017E-03  0.000000E+00 -7.390017E-03
  5.868000E+01  1.419401E+00  4.247920E-02  4.247920E-02 -7.141504E-03  0.000000E+00 -7.141504E-03
  5.876000E+01  1.421336E+00  4.088042E-02  4.088042E-02 -6.889034E-03  0.000000E+00 -6.889034E-03
  5.884000E+01  1.423271E+00  3.931103E-02  3.931103E-02 -6.633468E-03  0.000000E+00 -6.633468E-03
  5.892000E+01  1.425206E+00  3.777111E-02  3.777111E-02 -6.375647E-03  0.000000E+00 -6.375647E-03
  5.900000E+01  1.427142E+00  3.626078E-02  3.626078E-02 -6.116389E-03  0.000000E+00 -6.116389E-03
  5.908000E+01  1.429077E+00  3.478013E-02  3.478013E-02 -5.856486E-03  0.000000E+00 -5.856486E-03
  5.916000E+01  1.431012E+00  3.332926E-02  3.332926E-02 -5.596706E-03  0.000000E+00 -5.596706E-03
  5.924000E+01  1.432947E+00  3.190825E-02  3.190825E-02 -5.337788E-03  0.000000E+00 -5.337788E-03
  5.932000E+01  1.434882E+00  3.051719E-02  3.051719E-02 -5.080443E-03  0.000000E+00 -5.080443E-03
  5.940000E+01  1.436817E+00  2.915619E-02  2.915619E-02 -4.825353E-03  0.000000E+00 -4.825353E-03
  5.948000E+01  1.438752E+00  2.782531E-02  2.782531E-02 -4.573167E-03  0.000000E+00 -4.573167E-03
  5.956000E+01  1.440687E+00  2.652466E-02  2.652466E-02 -4.324504E-03  0.000000E+00 -4.324504E-03
  5.964000E+01  1.442622E+00  2.525431E-02  2.525431E-02 -4.079948E-03  0.000000E+00 -4.079948E-03
  5.972000E+01  1.444558E+00  2.401434E-02  2.401434E-02 -3.840049E-03  0.000000E+00 -3.840049E-03
  5.980000E+01  1.446493E+00  2.280484E-02  2.280484E-02 -3.605325E-03  0.000000E+00 -3.605325E-03
  5.988000E+01  1.448428E+00  2.162588E-02  2.162588E-02 -3.376256E-03  0.000000E+00 -3.376256E-03
  5.996000E+01  1.450363E+00  2.047753E-02  2.047753E-02 -3.153286E-03  0.000000E+00 -3.153286E-03
  6.004000E+01  1.452298E+00  1.935987E-02  1.935987E-02 -2.936824E-03  0.000000E+00 -2.936824E-03
  6.012000E+01  1.454233E+00  1.827297E-02  1.827297E-02 -2.727241E-03  0.000000E+00 -2.727241E-03
  6.020000E+01  1.456168E+00  1.721690E-02  1.721690E-02 -2.524871E-03  0.000000E+00 -2.524871E-03
  6.028000E+01  1.458103E+00  1.619173E-02  1.619173E-02 -2.330011E-03  0.000000E+00 -2.330011E-03
  6.036000E+01  1.460038E+00  1.519753E-02  1.519753E-02 -2.142919E-03  0.000000E+00 -2.142919E-03
  6.044000E+01  1.461973E+00  1.423435E-02  1.423435E-02 -1.963818E-03  0.000000E+00 -1.963818E-03
  6.052000E+01  1.463909E+00  1.330226E-02  1.330226E-02 -1.792890E-03  0.000000E+00 -1.792890E-03
  6.060000E+01  1.465844E+00  1.240131E-02  1.240131E-02 -1.630282E-03  0.000000E+00 -1.630282E-03
  6.068000E+01  1.467779E+00  1.153158E-02  1.153158E-02 -1.476105E-03  0.000000E+00 -1.476105E-03
  6.076000E+01  1.469714E+00  1.069310E-02  1.069310E-02 -1.330429E-03  0.000000E+00 -1.330429E-03
  6.084000E+01  1.471649E+00  9.885946E-03  9.885946E-03 -1.193291E-03  0.000000E+00 -1.193291E-03
  6.092000E+01  1.473584E+00  9.110155E-03  9.110155E-03 -1.064692E-03  0.000000E+00 -1.064692E-03
  6.100000E+01  1.475519E+00  8.365781E-03  8.365781E-03 -9.445969E-04  0.000000E+00 -9.445969E-04
  6.108000E+01  1.477454E+00  7.652871E-03  7.652871E-03 -8.329355E-04  0.000000E+00 -8.329355E-04
  6.116000E+01  1.479389E+00  6.971471E-03  6.971471E-03 -7.296049E-04  0.000000E+00 -7.296049E-04
  6.124000E+01  1.481325E+00  6.321624E-03  6.321624E-03 -6.344688E-04  0.000000E+00 -6.344688E-04
  6.132000E+01  1.483260E+00  5.703373E-03  5.703373E-03 -5.473591E-04  0.000000E+00 -5.473591E-04
  6.140000E+01  1.485195E+00  5.116757E-03  5.116757E-03 -4.680764E-04  0.000000E+00 -4.680764E-04
  6.148000E+01  1.487130E+00  4.561813E-03  4.561813E-03 -3.963917E-04  0.000000E+00 -3.963917E-04
  6.156000E+01  1.489065E+00  4.038577E-03  4.038577E-03 -3.320470E-04  0.000000E+00 -3.320470E-04
  6.164000E+01  1.491000E+00  3.547082E-03  3.547082E-03 -2.747570E-04  0.000000E+00 -2.747570E-04
  6.172000E+01  1.492935E+00  3.087361E-03  3.087361E-03 -2.242099E-04  0.000000E+00 -2.242099E-04
  6.180000E+01  1.494870E+00  2.659441E-03  2.659441E-03 -1.800691E-04  0.000000E+00 -1.800691E-04
  6.188000E+01  1.496805E+00  2.263351E-03  2.263351E-03 -1.419745E-04  0.000000E+00 -1.419745E-04
  6.196000E+01  1.498741E+00  1.899116E-03  1.899116E-03 -1.095439E-04  0.000000E+00 -1.095439E-04
  6.204000E+01  1.500676E+00  1.566759E-03  1.566759E-03 -8.237456E-05  0.000000E+00 -8.237456E-05
  6.212000E+01  1.502611E+00  1.266302E-03  1.266302E-03 -6.004483E-05  0.000000E+00 -6.004483E-05
  6.220000E+01  1.504546E+00  9.977637E-04  9.977637E-04 -4.211557E-05  0.000000E+00 -4.211557E-05
  6.228000E+01  1.506481E+00  7.611613E-04  7.611613E-04 -2.813195E-05  0.000000E+00 -2.813195E-05
  6.236000E+01  1.508416E+00  5.565100E-04  5.565100E-04 -1.762506E-05  0.000000E+00 -1.762506E-05
  6.244000E+01  1.510351E+00  3.838230E-04  3.838230E-04 -1.011363E-05  0.000000E+00 -1.011363E-05
  6.252000E+01  1.512286E+00  2.431111E-04  2.431111E-04 -5.105761E-06  0.000000E+00 -5.105761E-06
  6.260000E+01  1.514221E+00  1.343836E-04  1.343836E-04 -2.100723E-06  0.000000E+00 -2.100723E-06
  6.268000E+01  1.516156E+00  5.764728E-05  5.764728E-05 -5.907011E-07  0.000000E+00 -5.907011E-07
  6.276000E+01  1.518092E+00  1.290710E-05  1.290710E-05 -6.261045E-08  0.000000E+00 -6.261045E-08
  6.284000E+01  1.520027E+00  1.659311E-07  1.659311E-07  9.127531E-11  0.000000E+00  9.127531E-11
