 === subroutine output: k =            0
  time step:           0
  time step:           1
  time step:           2
  time step:           3
  time step:           4
  time step:           5
  time step:           6
  time step:           7
  time step:           8
  time step:           9
  time step:          10
  time step:          11
  time step:          12
  time step:          13
  time step:          14
  time step:          15
  time step:          16
  time step:          17
  time step:          18
  time step:          19
  time step:          20
  time step:          21
  time step:          22
  time step:          23
  time step:          24
  time step:          25
  time step:          26
  time step:          27
  time step:          28
  time step:          29
  time step:          30
  time step:          31
  time step:          32
  time step:          33
  time step:          34
  time step:          35
  time step:          36
  time step:          37
  time step:          38
  time step:          39
  time step:          40
  time step:          41
  time step:          42
  time step:          43
  time step:          44
  time step:          45
  time step:          46
  time step:          47
  time step:          48
  time step:          49
 === subroutine output: k =           49
  time step:          50
  time step:          51
  time step:          52
  time step:          53
  time step:          54
  time step:          55
  time step:          56
  time step:          57
  time step:          58
  time step:          59
  time step:          60
  time step:          61
  time step:          62
  time step:          63
  time step:          64
  time step:          65
  time step:          66
  time step:          67
  time step:          68
  time step:          69
  time step:          70
  time step:          71
  time step:          72
  time step:          73
  time step:          74
  time step:          75
  time step:          76
  time step:          77
  time step:          78
  time step:          79
  time step:          80
  time step:          81
  time step:          82
  time step:          83
  time step:          84
  time step:          85
  time step:          86
  time step:          87
  time step:          88
  time step:          89
  time step:          90
  time step:          91
  time step:          92
  time step:          93
  time step:          94
  time step:          95
  time step:          96
  time step:          97
  time step:          98
  time step:          99
 === subroutine output: k =           99
  time step:         100
  time step:         101
  time step:         102
  time step:         103
  time step:         104
  time step:         105
  time step:         106
  time step:         107
  time step:         108
  time step:         109
  time step:         110
  time step:         111
  time step:         112
  time step:         113
  time step:         114
  time step:         115
  time step:         116
  time step:         117
  time step:         118
  time step:         119
  time step:         120
  time step:         121
  time step:         122
  time step:         123
  time step:         124
  time step:         125
  time step:         126
  time step:         127
  time step:         128
  time step:         129
  time step:         130
  time step:         131
  time step:         132
  time step:         133
  time step:         134
  time step:         135
  time step:         136
  time step:         137
  time step:         138
  time step:         139
  time step:         140
  time step:         141
  time step:         142
  time step:         143
  time step:         144
  time step:         145
  time step:         146
  time step:         147
  time step:         148
  time step:         149
 === subroutine output: k =          149
  time step:         150
  time step:         151
  time step:         152
  time step:         153
  time step:         154
  time step:         155
  time step:         156
  time step:         157
  time step:         158
  time step:         159
  time step:         160
  time step:         161
  time step:         162
  time step:         163
  time step:         164
  time step:         165
  time step:         166
  time step:         167
  time step:         168
  time step:         169
  time step:         170
  time step:         171
  time step:         172
  time step:         173
  time step:         174
  time step:         175
  time step:         176
  time step:         177
  time step:         178
  time step:         179
  time step:         180
  time step:         181
  time step:         182
  time step:         183
  time step:         184
  time step:         185
  time step:         186
  time step:         187
  time step:         188
  time step:         189
  time step:         190
  time step:         191
  time step:         192
  time step:         193
  time step:         194
  time step:         195
  time step:         196
  time step:         197
  time step:         198
  time step:         199
 === subroutine output: k =          199
  time step:         200
  time step:         201
  time step:         202
  time step:         203
  time step:         204
  time step:         205
  time step:         206
  time step:         207
  time step:         208
  time step:         209
  time step:         210
  time step:         211
  time step:         212
  time step:         213
  time step:         214
  time step:         215
  time step:         216
  time step:         217
  time step:         218
  time step:         219
  time step:         220
  time step:         221
  time step:         222
  time step:         223
  time step:         224
  time step:         225
  time step:         226
  time step:         227
  time step:         228
  time step:         229
  time step:         230
  time step:         231
  time step:         232
  time step:         233
  time step:         234
  time step:         235
  time step:         236
  time step:         237
  time step:         238
  time step:         239
  time step:         240
  time step:         241
  time step:         242
  time step:         243
  time step:         244
  time step:         245
  time step:         246
  time step:         247
  time step:         248
  time step:         249
 === subroutine output: k =          249
  time step:         250
  time step:         251
  time step:         252
  time step:         253
  time step:         254
  time step:         255
  time step:         256
  time step:         257
  time step:         258
  time step:         259
  time step:         260
  time step:         261
  time step:         262
  time step:         263
  time step:         264
  time step:         265
  time step:         266
  time step:         267
  time step:         268
  time step:         269
  time step:         270
  time step:         271
  time step:         272
  time step:         273
  time step:         274
forrtl: error (69): process interrupted (SIGINT)
Image              PC                Routine            Line        Source             
work15b-all        000000000040A1D0  MAIN__                    305  work15b-all.f
work15b-all        00000000004035AC  Unknown               Unknown  Unknown
libc.so.6          00000036D621D994  Unknown               Unknown  Unknown
work15b-all        00000000004034B9  Unknown               Unknown  Unknown
