  2.000000E-03  3.790184E-03  1.000000E+00 -2.484390E-02  1.999664E+00 -3.912626E-02  7.019418E-04  1.611077E-06  4.935897E-09 -1.763500E-14  1.257860E-14
  4.000000E-03  3.686871E-03  1.000000E+00 -2.764885E-02  1.999654E+00 -4.365680E-02  7.183102E-04  1.795443E-06  4.045483E-09 -1.478673E-12  1.463942E-14
  6.000000E-03  3.585409E-03  1.000000E+00 -3.123482E-02  1.999666E+00 -4.745661E-02  7.428397E-04  1.959559E-06  3.591073E-09 -1.886323E-12  1.535091E-14
  8.000000E-03  3.486306E-03  1.000000E+00 -3.526156E-02  1.999666E+00 -5.098699E-02  7.720155E-04  2.113860E-06  2.828446E-09 -3.113620E-12  1.792690E-14
  1.000000E-02  3.388925E-03  1.000000E+00 -3.828091E-02  1.999637E+00 -5.433262E-02  8.033617E-04  2.278852E-06  2.195631E-09 -4.117721E-12  2.004224E-14
  1.200000E-02  3.292649E-03  1.000000E+00 -3.980754E-02  1.999597E+00 -5.742423E-02  8.342263E-04  2.462139E-06  1.489764E-09 -5.248892E-12  2.304036E-14
  1.400000E-02  3.198411E-03  1.000000E+00 -4.128554E-02  1.999585E+00 -6.047103E-02  8.707339E-04  2.622378E-06  1.048582E-09 -5.651558E-12  2.479420E-14
  1.600000E-02  3.106577E-03  1.000000E+00 -4.411801E-02  1.999606E+00 -6.354236E-02  9.099094E-04  2.784274E-06  1.430421E-10 -7.186451E-12  3.010810E-14
  1.800000E-02  3.015706E-03  1.000000E+00 -4.770162E-02  1.999619E+00 -6.644166E-02  9.498682E-04  2.946059E-06 -2.944891E-10 -7.640850E-12  3.384478E-14
  2.000000E-02  2.927229E-03  1.000000E+00 -5.076838E-02  1.999599E+00 -6.948432E-02  9.953061E-04  3.118543E-06 -1.102485E-09 -8.653517E-12  3.668987E-14
  2.200000E-02  2.839694E-03  1.000000E+00 -5.228174E-02  1.999555E+00 -7.234637E-02  1.039716E-03  3.313568E-06 -2.264123E-09 -1.019210E-11  4.312080E-14
  2.400000E-02  2.754944E-03  1.000000E+00 -5.360960E-02  1.999535E+00 -7.537815E-02  1.089894E-03  3.470864E-06 -2.963773E-09 -1.109664E-11  4.934277E-14
  2.600000E-02  2.671557E-03  1.000000E+00 -5.605336E-02  1.999553E+00 -7.831462E-02  1.140993E-03  3.651954E-06 -3.575848E-09 -1.157821E-11  5.432230E-14
  2.800000E-02  2.590336E-03  1.000000E+00 -5.977167E-02  1.999579E+00 -8.136761E-02  1.196163E-03  3.851369E-06 -4.633608E-09 -1.299134E-11  5.984018E-14
  3.000000E-02  2.510565E-03  1.000000E+00 -6.307436E-02  1.999565E+00 -8.445402E-02  1.257662E-03  4.028394E-06 -5.715813E-09 -1.392749E-11  6.581463E-14
  3.200000E-02  2.432045E-03  1.000000E+00 -6.478938E-02  1.999515E+00 -8.741865E-02  1.316656E-03  4.230512E-06 -6.901214E-09 -1.519903E-11  7.387305E-14
  3.400000E-02  2.356052E-03  1.000000E+00 -6.608107E-02  1.999482E+00 -9.057890E-02  1.382675E-03  4.430502E-06 -8.338936E-09 -1.671984E-11  8.162242E-14
  3.600000E-02  2.281513E-03  1.000000E+00 -6.843973E-02  1.999497E+00 -9.371504E-02  1.451440E-03  4.637535E-06 -9.787991E-09 -1.801190E-11  9.250388E-14
  3.800000E-02  2.208659E-03  1.000000E+00 -7.223940E-02  1.999532E+00 -9.687470E-02  1.522658E-03  4.851196E-06 -1.115345E-08 -1.941956E-11  1.026549E-13
  4.000000E-02  2.137884E-03  1.000000E+00 -7.609330E-02  1.999535E+00 -1.001573E-01  1.601235E-03  5.051337E-06 -1.313901E-08 -2.121524E-11  1.139077E-13
  4.200000E-02  2.068478E-03  1.000000E+00 -7.841249E-02  1.999491E+00 -1.033958E-01  1.680272E-03  5.287754E-06 -1.534010E-08 -2.312605E-11  1.284292E-13
  4.400000E-02  2.000607E-03  1.000000E+00 -7.981676E-02  1.999449E+00 -1.067136E-01  1.762893E-03  5.533142E-06 -1.698700E-08 -2.464579E-11  1.384989E-13
  4.600000E-02  1.934648E-03  1.000000E+00 -8.222495E-02  1.999462E+00 -1.101697E-01  1.854680E-03  5.734707E-06 -1.919744E-08 -2.632073E-11  1.520899E-13
  4.800000E-02  1.870318E-03  1.000000E+00 -8.624700E-02  1.999513E+00 -1.136094E-01  1.948885E-03  5.946550E-06 -2.146276E-08 -2.766097E-11  1.673271E-13
  5.000000E-02  1.807396E-03  1.000000E+00 -9.050558E-02  1.999534E+00 -1.170798E-01  2.045360E-03  6.192379E-06 -2.344240E-08 -2.902057E-11  1.830376E-13
  5.200000E-02  1.746224E-03  1.000000E+00 -9.337113E-02  1.999496E+00 -1.206559E-01  2.148839E-03  6.421086E-06 -2.615707E-08 -3.098886E-11  2.040371E-13
  5.400000E-02  1.686981E-03  1.000000E+00 -9.507040E-02  1.999447E+00 -1.243439E-01  2.259160E-03  6.652681E-06 -2.942877E-08 -3.312149E-11  2.240118E-13
  5.600000E-02  1.628966E-03  1.000000E+00 -9.739453E-02  1.999452E+00 -1.280880E-01  2.375715E-03  6.875354E-06 -3.201023E-08 -3.418617E-11  2.416753E-13
  5.800000E-02  1.572205E-03  1.000000E+00 -1.014429E-01  1.999512E+00 -1.317772E-01  2.493419E-03  7.090759E-06 -3.465049E-08 -3.507166E-11  2.669413E-13
  6.000000E-02  1.517403E-03  1.000000E+00 -1.062710E-01  1.999558E+00 -1.356338E-01  2.617533E-03  7.364589E-06 -3.891581E-08 -3.803690E-11  2.996569E-13
  6.200000E-02  1.464061E-03  1.000000E+00 -1.098678E-01  1.999533E+00 -1.397022E-01  2.756441E-03  7.586173E-06 -4.289988E-08 -4.004361E-11  3.234247E-13
  6.400000E-02  1.411946E-03  1.000000E+00 -1.118248E-01  1.999475E+00 -1.436826E-01  2.897081E-03  7.768767E-06 -4.621005E-08 -4.025098E-11  3.517248E-13
  6.600000E-02  1.361345E-03  1.000000E+00 -1.141254E-01  1.999470E+00 -1.477278E-01  3.040252E-03  8.051170E-06 -5.068022E-08 -4.233871E-11  3.900836E-13
  6.800000E-02  1.312196E-03  1.000000E+00 -1.183587E-01  1.999539E+00 -1.518937E-01  3.193848E-03  8.282045E-06 -5.506255E-08 -4.415101E-11  4.181653E-13
  7.000000E-02  1.264808E-03  1.000000E+00 -1.237108E-01  1.999610E+00 -1.561865E-01  3.356098E-03  8.464900E-06 -5.953496E-08 -4.479947E-11  4.576785E-13
  7.200000E-02  1.218675E-03  1.000000E+00 -1.279658E-01  1.999600E+00 -1.606665E-01  3.532171E-03  8.693080E-06 -6.561403E-08 -4.685900E-11  5.051027E-13
  7.400000E-02  1.173607E-03  1.000000E+00 -1.303187E-01  1.999532E+00 -1.650550E-01  3.710087E-03  8.867054E-06 -7.026982E-08 -4.662598E-11  5.400712E-13
  7.600000E-02  1.129927E-03  1.000000E+00 -1.327142E-01  1.999510E+00 -1.695601E-01  3.894000E-03  9.109045E-06 -7.623265E-08 -4.749116E-11  6.019473E-13
  7.800000E-02  1.087549E-03  1.000000E+00 -1.371073E-01  1.999582E+00 -1.741956E-01  4.090546E-03  9.323826E-06 -8.280851E-08 -4.944345E-11  6.456004E-13
  8.000000E-02  1.046769E-03  1.000000E+00 -1.430604E-01  1.999682E+00 -1.789816E-01  4.298039E-03  9.461345E-06 -8.852857E-08 -4.874654E-11  6.959594E-13
  8.200000E-02  1.007136E-03  1.000000E+00 -1.481939E-01  1.999697E+00 -1.839627E-01  4.522906E-03  9.631269E-06 -9.705093E-08 -4.952124E-11  7.743842E-13
  8.400000E-02  9.686624E-04  1.000000E+00 -1.512351E-01  1.999631E+00 -1.888720E-01  4.750449E-03  9.733096E-06 -1.035650E-07 -4.770171E-11  8.276748E-13
  8.600000E-02  9.313447E-04  1.000000E+00 -1.538994E-01  1.999595E+00 -1.939329E-01  4.989008E-03  9.935501E-06 -1.126447E-07 -4.795684E-11  9.177614E-13
  8.800000E-02  8.952241E-04  1.000000E+00 -1.584380E-01  1.999673E+00 -1.990083E-01  5.235121E-03  1.006302E-05 -1.205245E-07 -4.746186E-11  9.751800E-13
  9.000000E-02  8.604994E-04  1.000000E+00 -1.649880E-01  1.999809E+00 -2.043434E-01  5.498332E-03  1.017367E-05 -1.292882E-07 -4.549588E-11  1.067891E-12
  9.200000E-02  8.268382E-04  1.000000E+00 -1.710618E-01  1.999866E+00 -2.098304E-01  5.780602E-03  1.020945E-05 -1.395808E-07 -4.393623E-11  1.152248E-12
  9.400000E-02  7.943470E-04  1.000000E+00 -1.750065E-01  1.999813E+00 -2.154397E-01  6.075058E-03  1.022115E-05 -1.498469E-07 -3.965858E-11  1.260896E-12
  9.600000E-02  7.626955E-04  1.000000E+00 -1.780692E-01  1.999765E+00 -2.211551E-01  6.385684E-03  1.025169E-05 -1.618680E-07 -3.739716E-11  1.362901E-12
  9.800000E-02  7.321497E-04  1.000000E+00 -1.828291E-01  1.999847E+00 -2.268551E-01  6.700476E-03  1.023319E-05 -1.719355E-07 -3.161511E-11  1.466435E-12
  1.000000E-01  7.025844E-04  1.000000E+00 -1.898740E-01  2.000018E+00 -2.327665E-01  7.035597E-03  1.026862E-05 -1.853471E-07 -2.888821E-11  1.589684E-12
  1.020000E-01  6.741744E-04  1.000000E+00 -1.968320E-01  2.000126E+00 -2.387403E-01  7.382271E-03  1.015812E-05 -1.973430E-07 -2.194882E-11  1.713211E-12
  1.040000E-01  6.467977E-04  1.000000E+00 -2.016608E-01  2.000091E+00 -2.450523E-01  7.758664E-03  1.008061E-05 -2.139663E-07 -1.786551E-11  1.870225E-12
  1.060000E-01  6.204262E-04  1.000000E+00 -2.051333E-01  2.000032E+00 -2.514141E-01  8.150191E-03  9.785898E-06 -2.282408E-07 -6.967230E-12  2.023844E-12
  1.080000E-01  5.949805E-04  1.000000E+00 -2.101829E-01  2.000108E+00 -2.580298E-01  8.566886E-03  9.570461E-06 -2.456052E-07  1.648310E-12  2.196191E-12
  1.100000E-01  5.703562E-04  1.000000E+00 -2.177576E-01  2.000320E+00 -2.646008E-01  8.993899E-03  9.181372E-06 -2.608406E-07  1.629224E-11  2.367983E-12
  1.120000E-01  5.465899E-04  1.000000E+00 -2.257494E-01  2.000487E+00 -2.713838E-01  9.442063E-03  8.933094E-06 -2.801204E-07  2.635764E-11  2.560282E-12
  1.140000E-01  5.235989E-04  1.000000E+00 -2.314299E-01  2.000483E+00 -2.781977E-01  9.905599E-03  8.502419E-06 -2.986709E-07  4.244076E-11  2.776409E-12
  1.160000E-01  5.015320E-04  1.000000E+00 -2.353417E-01  2.000407E+00 -2.853068E-01  1.039715E-02  8.087240E-06 -3.179760E-07  5.500845E-11  2.956824E-12
  1.180000E-01  4.802834E-04  1.000000E+00 -2.404744E-01  2.000471E+00 -2.925419E-01  1.091409E-02  7.467496E-06 -3.403669E-07  7.447434E-11  3.216738E-12
  1.200000E-01  4.599550E-04  1.000000E+00 -2.486130E-01  2.000721E+00 -3.000719E-01  1.146372E-02  6.761844E-06 -3.624444E-07  9.409690E-11  3.441520E-12
  1.220000E-01  4.403463E-04  1.000000E+00 -2.577030E-01  2.000964E+00 -3.077065E-01  1.204025E-02  5.919865E-06 -3.904058E-07  1.209525E-10  3.789669E-12
  1.240000E-01  4.215140E-04  1.000000E+00 -2.646515E-01  2.001009E+00 -3.155681E-01  1.264646E-02  4.926977E-06 -4.124342E-07  1.487307E-10  4.022633E-12
  1.260000E-01  4.033044E-04  1.000000E+00 -2.691738E-01  2.000920E+00 -3.234856E-01  1.327539E-02  3.922026E-06 -4.430852E-07  1.784749E-10  4.378016E-12
  1.280000E-01  3.858367E-04  1.000000E+00 -2.744695E-01  2.000958E+00 -3.315877E-01  1.393070E-02  2.803931E-06 -4.689132E-07  2.125326E-10  4.684619E-12
  1.300000E-01  3.690089E-04  1.000000E+00 -2.828787E-01  2.001235E+00 -3.397467E-01  1.461009E-02  1.594859E-06 -5.008850E-07  2.469784E-10  5.050017E-12
  1.320000E-01  3.529157E-04  1.000000E+00 -2.929900E-01  2.001565E+00 -3.481520E-01  1.532274E-02  2.851368E-07 -5.330360E-07  2.895509E-10  5.477012E-12
  1.340000E-01  3.374258E-04  1.000000E+00 -3.012112E-01  2.001684E+00 -3.567117E-01  1.607076E-02 -1.371170E-06 -5.642593E-07  3.317487E-10  5.813632E-12
  1.360000E-01  3.226289E-04  1.000000E+00 -3.067421E-01  2.001607E+00 -3.656080E-01  1.686186E-02 -2.989469E-06 -6.042023E-07  3.819264E-10  6.337351E-12
  1.380000E-01  3.084054E-04  1.000000E+00 -3.125468E-01  2.001632E+00 -3.746625E-01  1.769375E-02 -5.177320E-06 -6.367074E-07  4.375530E-10  6.706215E-12
  1.400000E-01  2.948329E-04  1.000000E+00 -3.217551E-01  2.001958E+00 -3.840163E-01  1.857085E-02 -7.263718E-06 -6.823299E-07  4.975979E-10  7.281807E-12
  1.420000E-01  2.817734E-04  1.000000E+00 -3.332393E-01  2.002411E+00 -3.934427E-01  1.948412E-02 -9.861138E-06 -7.251869E-07  5.749747E-10  7.881374E-12
  1.440000E-01  2.692577E-04  1.000000E+00 -3.431593E-01  2.002644E+00 -4.031619E-01  2.044496E-02 -1.252309E-05 -7.678733E-07  6.479776E-10  8.405584E-12
  1.460000E-01  2.572117E-04  1.000000E+00 -3.497291E-01  2.002599E+00 -4.129026E-01  2.143438E-02 -1.538578E-05 -8.189325E-07  7.355203E-10  9.119358E-12
  1.480000E-01  2.456694E-04  1.000000E+00 -3.559384E-01  2.002601E+00 -4.229559E-01  2.247703E-02 -1.855328E-05 -8.628311E-07  8.217818E-10  9.672328E-12
  1.500000E-01  2.346343E-04  1.000000E+00 -3.654040E-01  2.002961E+00 -4.329666E-01  2.354282E-02 -2.185330E-05 -9.202272E-07  9.191384E-10  1.044810E-11
  1.520000E-01  2.240821E-04  1.000000E+00 -3.779909E-01  2.003543E+00 -4.433377E-01  2.467182E-02 -2.545642E-05 -9.758713E-07  1.032927E-09  1.129114E-11
  1.540000E-01  2.140105E-04  1.000000E+00 -3.894035E-01  2.003931E+00 -4.537227E-01  2.583165E-02 -2.958478E-05 -1.024864E-06  1.141981E-09  1.190520E-11
  1.560000E-01  2.043649E-04  1.000000E+00 -3.972908E-01  2.003948E+00 -4.645820E-01  2.707003E-02 -3.382107E-05 -1.092810E-06  1.269289E-09  1.287904E-11
  1.580000E-01  1.951795E-04  1.000000E+00 -4.039558E-01  2.003941E+00 -4.754954E-01  2.834585E-02 -3.874368E-05 -1.155143E-06  1.414953E-09  1.380630E-11
  1.600000E-01  1.863881E-04  1.000000E+00 -4.139755E-01  2.004325E+00 -4.868465E-01  2.970742E-02 -4.410931E-05 -1.222216E-06  1.564729E-09  1.473398E-11
  1.620000E-01  1.780414E-04  1.000000E+00 -4.276669E-01  2.005059E+00 -4.981974E-01  3.110249E-02 -4.973652E-05 -1.299375E-06  1.744028E-09  1.595788E-11
  1.640000E-01  1.700052E-04  1.000000E+00 -4.410127E-01  2.005640E+00 -5.099651E-01  3.259023E-02 -5.629971E-05 -1.364801E-06  1.925529E-09  1.689679E-11
  1.660000E-01  1.623565E-04  1.000000E+00 -4.502984E-01  2.005760E+00 -5.218004E-01  3.411652E-02 -6.293906E-05 -1.448556E-06  2.125982E-09  1.815496E-11
  1.680000E-01  1.549838E-04  1.000000E+00 -4.575982E-01  2.005729E+00 -5.339596E-01  3.572643E-02 -7.028017E-05 -1.537831E-06  2.365605E-09  1.966428E-11
  1.700000E-01  1.479863E-04  1.000000E+00 -4.677276E-01  2.006114E+00 -5.461808E-01  3.737989E-02 -7.811730E-05 -1.611517E-06  2.591113E-09  2.077539E-11
  1.720000E-01  1.412800E-04  1.000000E+00 -4.822355E-01  2.006984E+00 -5.585017E-01  3.909534E-02 -8.643851E-05 -1.706463E-06  2.844727E-09  2.225929E-11
  1.740000E-01  1.349068E-04  1.000000E+00 -4.970343E-01  2.007785E+00 -5.710137E-01  4.087274E-02 -9.508122E-05 -1.807482E-06  3.136856E-09  2.404320E-11
  1.760000E-01  1.287930E-04  1.000000E+00 -5.076577E-01  2.008040E+00 -5.836183E-01  4.270978E-02 -1.049039E-04 -1.891307E-06  3.423793E-09  2.537889E-11
  1.780000E-01  1.229771E-04  1.000000E+00 -5.153432E-01  2.007989E+00 -5.965893E-01  4.463273E-02 -1.147885E-04 -1.996921E-06  3.733438E-09  2.711230E-11
  1.800000E-01  1.174479E-04  1.000000E+00 -5.253497E-01  2.008348E+00 -6.094902E-01  4.659633E-02 -1.256813E-04 -2.106283E-06  4.091968E-09  2.907754E-11
  1.820000E-01  1.121875E-04  1.000000E+00 -5.404513E-01  2.009341E+00 -6.227825E-01  4.866954E-02 -1.375731E-04 -2.206904E-06  4.448049E-09  3.075383E-11
  1.840000E-01  1.072094E-04  1.000000E+00 -5.566027E-01  2.010397E+00 -6.359555E-01  5.077375E-02 -1.498983E-04 -2.330426E-06  4.854753E-09  3.295690E-11
  1.860000E-01  1.024315E-04  1.000000E+00 -5.688024E-01  2.010826E+00 -6.496749E-01  5.301353E-02 -1.634224E-04 -2.454750E-06  5.306802E-09  3.530865E-11
  1.880000E-01  9.790800E-05  1.000000E+00 -5.769364E-01  2.010769E+00 -6.634101E-01  5.530153E-02 -1.780724E-04 -2.563582E-06  5.752936E-09  3.722917E-11
  1.900000E-01  9.357869E-05  1.000000E+00 -5.868854E-01  2.011050E+00 -6.774803E-01  5.770510E-02 -1.937484E-04 -2.699345E-06  6.262875E-09  3.972711E-11
  1.920000E-01  8.950238E-05  1.000000E+00 -6.022209E-01  2.012136E+00 -6.915134E-01  6.015888E-02 -2.099386E-04 -2.841791E-06  6.829781E-09  4.259312E-11
  1.940000E-01  8.560061E-05  1.000000E+00 -6.198329E-01  2.013473E+00 -7.056444E-01  6.270151E-02 -2.280769E-04 -2.964042E-06  7.398299E-09  4.492260E-11
  1.960000E-01  8.189748E-05  1.000000E+00 -6.335168E-01  2.014141E+00 -7.200314E-01  6.533554E-02 -2.465964E-04 -3.112798E-06  8.018176E-09  4.781079E-11
  1.980000E-01  7.835759E-05  1.000000E+00 -6.422443E-01  2.014109E+00 -7.343872E-01  6.802066E-02 -2.663754E-04 -3.273643E-06  8.731422E-09  5.124751E-11
  2.000000E-01  7.498780E-05  1.000000E+00 -6.518529E-01  2.014300E+00 -7.490730E-01  7.082529E-02 -2.875546E-04 -3.411039E-06  9.428969E-09  5.409327E-11
  2.020000E-01  7.181360E-05  1.000000E+00 -6.669749E-01  2.015460E+00 -7.633080E-01  7.361732E-02 -3.095982E-04 -3.558293E-06  1.016314E-08  5.711379E-11
  2.040000E-01  6.878108E-05  1.000000E+00 -6.855861E-01  2.017099E+00 -7.778035E-01  7.652876E-02 -3.325708E-04 -3.731807E-06  1.099923E-08  6.095554E-11
  2.060000E-01  6.591177E-05  1.000000E+00 -7.005328E-01  2.018096E+00 -7.920862E-01  7.945179E-02 -3.566979E-04 -3.883075E-06  1.184277E-08  6.439012E-11
  2.080000E-01  6.314575E-05  1.000000E+00 -7.098405E-01  2.018146E+00 -8.067170E-01  8.250100E-02 -3.828588E-04 -4.035533E-06  1.271352E-08  6.769612E-11
  2.100000E-01  6.054014E-05  1.000000E+00 -7.186701E-01  2.018235E+00 -8.212525E-01  8.558122E-02 -4.090086E-04 -4.225823E-06  1.370086E-08  7.213288E-11
  2.120000E-01  5.805785E-05  1.000000E+00 -7.333091E-01  2.019421E+00 -8.355831E-01  8.870412E-02 -4.371797E-04 -4.399136E-06  1.474631E-08  7.643628E-11
  2.140000E-01  5.571042E-05  1.000000E+00 -7.524934E-01  2.021373E+00 -8.499868E-01  9.191695E-02 -4.668077E-04 -4.547630E-06  1.574869E-08  7.996578E-11
  2.160000E-01  5.347874E-05  1.000000E+00 -7.687242E-01  2.022766E+00 -8.641090E-01  9.513045E-02 -4.976372E-04 -4.722187E-06  1.685437E-08  8.420376E-11
  2.180000E-01  5.133461E-05  1.000000E+00 -7.786332E-01  2.022960E+00 -8.787817E-01  9.850944E-02 -5.298017E-04 -4.924988E-06  1.810355E-08  8.944794E-11
  2.200000E-01  4.931514E-05  1.000000E+00 -7.866688E-01  2.022943E+00 -8.930887E-01  1.018649E-01 -5.636678E-04 -5.094400E-06  1.935611E-08  9.404873E-11
  2.220000E-01  4.739122E-05  1.000000E+00 -8.004565E-01  2.024076E+00 -9.074585E-01  1.053248E-01 -5.998589E-04 -5.253527E-06  2.061068E-08  9.820567E-11
  2.240000E-01  4.560066E-05  1.000000E+00 -8.195768E-01  2.026283E+00 -9.213286E-01  1.087474E-01 -6.358346E-04 -5.456519E-06  2.201661E-08  1.037430E-10
  2.260000E-01  4.388769E-05  1.000000E+00 -8.368420E-01  2.028098E+00 -9.351313E-01  1.122234E-01 -6.744973E-04 -5.657586E-06  2.357520E-08  1.097581E-10
  2.280000E-01  4.226050E-05  1.000000E+00 -8.469888E-01  2.028478E+00 -9.492222E-01  1.158029E-01 -7.150239E-04 -5.808732E-06  2.503647E-08  1.143593E-10
  2.300000E-01  4.072368E-05  1.000000E+00 -8.537802E-01  2.028299E+00 -9.628696E-01  1.193232E-01 -7.568099E-04 -5.970561E-06  2.655528E-08  1.191882E-10
  2.320000E-01  3.927023E-05  1.000000E+00 -8.657394E-01  2.029227E+00 -9.765361E-01  1.229308E-01 -7.997011E-04 -6.188400E-06  2.833661E-08  1.259944E-10
  2.340000E-01  3.792026E-05  1.000000E+00 -8.838959E-01  2.031565E+00 -9.893009E-01  1.264019E-01 -8.436863E-04 -6.361119E-06  3.012543E-08  1.321139E-10
  2.360000E-01  3.662145E-05  1.000000E+00 -9.014260E-01  2.033745E+00 -1.002198E+00  1.299724E-01 -8.905437E-04 -6.493216E-06  3.182196E-08  1.368625E-10
  2.380000E-01  3.539548E-05  1.000000E+00 -9.112709E-01  2.034309E+00 -1.014971E+00  1.335238E-01 -9.371949E-04 -6.686436E-06  3.374555E-08  1.435390E-10
  2.400000E-01  3.421591E-05  1.000000E+00 -9.165600E-01  2.033931E+00 -1.027628E+00  1.370794E-01 -9.862119E-04 -6.884446E-06  3.588573E-08  1.511057E-10
  2.420000E-01  3.310107E-05  1.000000E+00 -9.261161E-01  2.034526E+00 -1.040161E+00  1.406795E-01 -1.036822E-03 -7.019742E-06  3.786981E-08  1.568857E-10
  2.440000E-01  3.205874E-05  1.000000E+00 -9.427255E-01  2.036844E+00 -1.051648E+00  1.440927E-01 -1.088410E-03 -7.138517E-06  3.985819E-08  1.622995E-10
  2.460000E-01  3.105392E-05  1.000000E+00 -9.601274E-01  2.039345E+00 -1.063307E+00  1.476135E-01 -1.141246E-03 -7.306804E-06  4.208930E-08  1.694081E-10
  2.480000E-01  3.010097E-05  1.000000E+00 -9.698598E-01  2.040172E+00 -1.074622E+00  1.510378E-01 -1.194225E-03 -7.479031E-06  4.447009E-08  1.772700E-10
  2.500000E-01  2.917033E-05  1.000000E+00 -9.738776E-01  2.039651E+00 -1.086176E+00  1.545457E-01 -1.251295E-03 -7.592595E-06  4.681671E-08  1.837450E-10
  2.520000E-01  2.829908E-05  1.000000E+00 -9.808076E-01  2.039842E+00 -1.097254E+00  1.579800E-01 -1.308028E-03 -7.688468E-06  4.906355E-08  1.895012E-10
  2.540000E-01  2.748311E-05  1.000000E+00 -9.953725E-01  2.041994E+00 -1.107222E+00  1.611882E-01 -1.364545E-03 -7.836996E-06  5.162681E-08  1.974503E-10
  2.560000E-01  2.670332E-05  1.000000E+00 -1.012092E+00  2.044735E+00 -1.117161E+00  1.644498E-01 -1.422324E-03 -7.987482E-06  5.437720E-08  2.061963E-10
  2.580000E-01  2.596422E-05  1.000000E+00 -1.021414E+00  2.045835E+00 -1.126565E+00  1.675343E-01 -1.481111E-03 -8.032899E-06  5.681162E-08  2.119422E-10
  2.600000E-01  2.524186E-05  1.000000E+00 -1.023700E+00  2.045149E+00 -1.136331E+00  1.707083E-01 -1.542718E-03 -8.078495E-06  5.927774E-08  2.175219E-10
  2.620000E-01  2.457362E-05  1.000000E+00 -1.027315E+00  2.044812E+00 -1.145287E+00  1.736756E-01 -1.601808E-03 -8.191715E-06  6.208043E-08  2.257744E-10
  2.640000E-01  2.394520E-05  1.000000E+00 -1.039054E+00  2.046620E+00 -1.153206E+00  1.764212E-01 -1.661405E-03 -8.280935E-06  6.499507E-08  2.341748E-10
  2.660000E-01  2.335043E-05  1.000000E+00 -1.054399E+00  2.049473E+00 -1.160855E+00  1.791490E-01 -1.721994E-03 -8.308974E-06  6.772056E-08  2.408101E-10
  2.680000E-01  2.278529E-05  1.000000E+00 -1.063110E+00  2.050857E+00 -1.167906E+00  1.816536E-01 -1.782691E-03 -8.287817E-06  7.029038E-08  2.460451E-10
  2.700000E-01  2.222795E-05  1.000000E+00 -1.063800E+00  2.050100E+00 -1.175509E+00  1.842806E-01 -1.844943E-03 -8.335189E-06  7.322936E-08  2.536801E-10
  2.720000E-01  2.171101E-05  1.000000E+00 -1.064338E+00  2.049279E+00 -1.182273E+00  1.866618E-01 -1.904952E-03 -8.408827E-06  7.646852E-08  2.631901E-10
  2.740000E-01  2.121924E-05  1.000000E+00 -1.073200E+00  2.050665E+00 -1.188205E+00  1.888741E-01 -1.966928E-03 -8.356467E-06  7.931666E-08  2.691289E-10
  2.760000E-01  2.075678E-05  1.000000E+00 -1.087149E+00  2.053556E+00 -1.193687E+00  1.910159E-01 -2.028426E-03 -8.264880E-06  8.187967E-08  2.733460E-10
  2.780000E-01  2.031461E-05  1.000000E+00 -1.095650E+00  2.055287E+00 -1.198602E+00  1.929283E-01 -2.089039E-03 -8.220683E-06  8.480100E-08  2.798054E-10
  2.800000E-01  1.987259E-05  1.000000E+00 -1.095479E+00  2.054632E+00 -1.204276E+00  1.950134E-01 -2.151559E-03 -8.224465E-06  8.811550E-08  2.884179E-10
  2.820000E-01  1.946064E-05  1.000000E+00 -1.093593E+00  2.053445E+00 -1.209185E+00  1.968464E-01 -2.212517E-03 -8.186028E-06  9.139006E-08  2.964189E-10
  2.840000E-01  1.906796E-05  1.000000E+00 -1.099782E+00  2.054383E+00 -1.213342E+00  1.985205E-01 -2.275250E-03 -8.029585E-06  9.419108E-08  3.007096E-10
  2.860000E-01  1.870450E-05  1.000000E+00 -1.112339E+00  2.057231E+00 -1.216813E+00  2.000495E-01 -2.335163E-03 -7.900973E-06  9.697126E-08  3.055355E-10
  2.880000E-01  1.835906E-05  1.000000E+00 -1.120732E+00  2.059301E+00 -1.219627E+00  2.013101E-01 -2.393396E-03 -7.839415E-06  1.003575E-07  3.139025E-10
  2.900000E-01  1.801156E-05  1.000000E+00 -1.119926E+00  2.058836E+00 -1.223263E+00  2.027520E-01 -2.454317E-03 -7.743564E-06  1.037586E-07  3.216364E-10
  2.920000E-01  1.768896E-05  1.000000E+00 -1.115640E+00  2.057319E+00 -1.226176E+00  2.039228E-01 -2.513482E-03 -7.556897E-06  1.067111E-07  3.264698E-10
  2.940000E-01  1.738404E-05  1.000000E+00 -1.118568E+00  2.057662E+00 -1.228293E+00  2.049002E-01 -2.573065E-03 -7.300036E-06  1.093278E-07  3.290189E-10
  2.960000E-01  1.710534E-05  1.000000E+00 -1.129060E+00  2.060246E+00 -1.229602E+00  2.057020E-01 -2.628253E-03 -7.119123E-06  1.121943E-07  3.339528E-10
  2.980000E-01  1.684238E-05  1.000000E+00 -1.136907E+00  2.062518E+00 -1.230157E+00  2.062108E-01 -2.681334E-03 -6.989199E-06  1.156644E-07  3.421239E-10
  3.000000E-01  1.657195E-05  1.000000E+00 -1.135539E+00  2.062273E+00 -1.231676E+00  2.069466E-01 -2.738225E-03 -6.777208E-06  1.188522E-07  3.477747E-10
  3.020000E-01  1.631884E-05  1.000000E+00 -1.129057E+00  2.060487E+00 -1.232670E+00  2.074577E-01 -2.793140E-03 -6.488363E-06  1.215487E-07  3.506518E-10
  3.040000E-01  1.607658E-05  1.000000E+00 -1.128856E+00  2.060214E+00 -1.233006E+00  2.078085E-01 -2.848029E-03 -6.183864E-06  1.242424E-07  3.533796E-10
  3.060000E-01  1.585408E-05  1.000000E+00 -1.137201E+00  2.062390E+00 -1.232622E+00  2.080293E-01 -2.898533E-03 -5.957365E-06  1.272668E-07  3.587458E-10
  3.080000E-01  1.564256E-05  1.000000E+00 -1.144705E+00  2.064782E+00 -1.231513E+00  2.079867E-01 -2.947281E-03 -5.741636E-06  1.307052E-07  3.659392E-10
  3.100000E-01  1.541727E-05  1.000000E+00 -1.143269E+00  2.064795E+00 -1.231567E+00  2.082392E-01 -3.001433E-03 -5.409656E-06  1.335971E-07  3.691335E-10
  3.120000E-01  1.520278E-05  1.000000E+00 -1.135266E+00  2.062841E+00 -1.231372E+00  2.083448E-01 -3.053709E-03 -5.026100E-06  1.360454E-07  3.701751E-10
  3.140000E-01  1.499358E-05  1.000000E+00 -1.132230E+00  2.061935E+00 -1.230675E+00  2.083220E-01 -3.105961E-03 -4.659607E-06  1.387439E-07  3.724793E-10
  3.160000E-01  1.480008E-05  1.000000E+00 -1.138663E+00  2.063642E+00 -1.229355E+00  2.082120E-01 -3.154142E-03 -4.377773E-06  1.418606E-07  3.777170E-10
  3.180000E-01  1.461673E-05  1.000000E+00 -1.145941E+00  2.066061E+00 -1.227260E+00  2.078395E-01 -3.200044E-03 -4.093711E-06  1.453046E-07  3.842350E-10
  3.200000E-01  1.442053E-05  1.000000E+00 -1.145052E+00  2.066429E+00 -1.226250E+00  2.077327E-01 -3.251615E-03 -3.687570E-06  1.481318E-07  3.865497E-10
  3.220000E-01  1.423077E-05  1.000000E+00 -1.136228E+00  2.064468E+00 -1.225271E+00  2.075609E-01 -3.301728E-03 -3.244351E-06  1.505700E-07  3.871579E-10
  3.240000E-01  1.404853E-05  1.000000E+00 -1.130785E+00  2.063066E+00 -1.223657E+00  2.071913E-01 -3.350393E-03 -2.818421E-06  1.532820E-07  3.891755E-10
  3.260000E-01  1.387929E-05  1.000000E+00 -1.135194E+00  2.064266E+00 -1.221508E+00  2.067662E-01 -3.395634E-03 -2.473864E-06  1.564482E-07  3.940633E-10
  3.280000E-01  1.372401E-05  1.000000E+00 -1.142138E+00  2.066663E+00 -1.218359E+00  2.060293E-01 -3.436876E-03 -2.104799E-06  1.596500E-07  3.989311E-10
  3.300000E-01  1.355698E-05  1.000000E+00 -1.141681E+00  2.067353E+00 -1.216140E+00  2.055081E-01 -3.483668E-03 -1.601253E-06  1.620970E-07  3.991397E-10
  3.320000E-01  1.339298E-05  1.000000E+00 -1.132290E+00  2.065496E+00 -1.214205E+00  2.050081E-01 -3.529881E-03 -1.077035E-06  1.642458E-07  3.982166E-10
  3.340000E-01  1.323641E-05  1.000000E+00 -1.124375E+00  2.063644E+00 -1.211577E+00  2.042753E-01 -3.573501E-03 -5.591967E-07  1.665075E-07  3.980726E-10
  3.360000E-01  1.308739E-05  1.000000E+00 -1.126489E+00  2.064281E+00 -1.208606E+00  2.035528E-01 -3.614906E-03 -1.472223E-07  1.695358E-07  4.020188E-10
  3.380000E-01  1.295191E-05  1.000000E+00 -1.133019E+00  2.066574E+00 -1.204615E+00  2.025511E-01 -3.651381E-03  2.584526E-07  1.727580E-07  4.068545E-10
  3.400000E-01  1.280407E-05  1.000000E+00 -1.133286E+00  2.067598E+00 -1.201400E+00  2.017225E-01 -3.693393E-03  7.986212E-07  1.752441E-07  4.072770E-10
  3.420000E-01  1.265131E-05  1.000000E+00 -1.123997E+00  2.065971E+00 -1.198961E+00  2.010824E-01 -3.737725E-03  1.376523E-06  1.774174E-07  4.061834E-10
  3.440000E-01  1.250421E-05  1.000000E+00 -1.114414E+00  2.063839E+00 -1.195890E+00  2.002220E-01 -3.779317E-03  1.969142E-06  1.794844E-07  4.049034E-10
  3.460000E-01  1.235853E-05  1.000000E+00 -1.114734E+00  2.063995E+00 -1.192705E+00  1.994315E-01 -3.820758E-03  2.466854E-06  1.824110E-07  4.076918E-10
  3.480000E-01  1.222401E-05  1.000000E+00 -1.121171E+00  2.066147E+00 -1.188687E+00  1.984542E-01 -3.857191E-03  2.943020E-06  1.855113E-07  4.114002E-10
  3.500000E-01  1.208007E-05  1.000000E+00 -1.122727E+00  2.067531E+00 -1.185118E+00  1.975488E-01 -3.898008E-03  3.530969E-06  1.881143E-07  4.120029E-10
  3.520000E-01  1.192502E-05  1.000000E+00 -1.114493E+00  2.066299E+00 -1.182759E+00  1.969642E-01 -3.944394E-03  4.197700E-06  1.901734E-07  4.097753E-10
  3.540000E-01  1.177600E-05  1.000000E+00 -1.104027E+00  2.064047E+00 -1.179852E+00  1.961789E-01 -3.987552E-03  4.895944E-06  1.918194E-07  4.062949E-10
  3.560000E-01  1.162778E-05  1.000000E+00 -1.102909E+00  2.063804E+00 -1.176767E+00  1.954131E-01 -4.031110E-03  5.503798E-06  1.945170E-07  4.073665E-10
  3.580000E-01  1.149003E-05  1.000000E+00 -1.109614E+00  2.065865E+00 -1.173035E+00  1.945407E-01 -4.069528E-03  6.047471E-06  1.975832E-07  4.104261E-10
  3.600000E-01  1.135031E-05  1.000000E+00 -1.112786E+00  2.067632E+00 -1.169222E+00  1.935832E-01 -4.108709E-03  6.634419E-06  2.007833E-07  4.133465E-10
  3.620000E-01  1.119733E-05  1.000000E+00 -1.106078E+00  2.066904E+00 -1.166780E+00  1.929815E-01 -4.155531E-03  7.341595E-06  2.032320E-07  4.122901E-10
  3.640000E-01  1.105091E-05  1.000000E+00 -1.095252E+00  2.064694E+00 -1.163960E+00  1.922383E-01 -4.199444E-03  8.112767E-06  2.048095E-07  4.082471E-10
  3.660000E-01  1.090784E-05  1.000000E+00 -1.092607E+00  2.064097E+00 -1.160665E+00  1.913963E-01 -4.242759E-03  8.863154E-06  2.068417E-07  4.061153E-10
  3.680000E-01  1.077240E-05  1.000000E+00 -1.099184E+00  2.065979E+00 -1.156999E+00  1.905491E-01 -4.282387E-03  9.520075E-06  2.094291E-07  4.068492E-10
  3.700000E-01  1.064107E-05  1.000000E+00 -1.103726E+00  2.068020E+00 -1.152824E+00  1.895183E-01 -4.318998E-03  1.014687E-05  2.127062E-07  4.099933E-10
  3.720000E-01  1.049512E-05  1.000000E+00 -1.098470E+00  2.067766E+00 -1.149982E+00  1.888149E-01 -4.364051E-03  1.090188E-05  2.153228E-07  4.094772E-10
  3.740000E-01  1.035046E-05  1.000000E+00 -1.087523E+00  2.065659E+00 -1.147306E+00  1.881559E-01 -4.409486E-03  1.172268E-05  2.171870E-07  4.062375E-10
  3.760000E-01  1.020995E-05  1.000000E+00 -1.083251E+00  2.064688E+00 -1.143929E+00  1.873208E-01 -4.453505E-03  1.261705E-05  2.184229E-07  4.008385E-10
  3.780000E-01  1.007075E-05  1.000000E+00 -1.089592E+00  2.066329E+00 -1.140555E+00  1.865979E-01 -4.497794E-03  1.343247E-05  2.203377E-07  3.985145E-10
  3.800000E-01  9.936299E-06  1.000000E+00 -1.095835E+00  2.068603E+00 -1.136698E+00  1.857456E-01 -4.537853E-03  1.415448E-05  2.234027E-07  4.004936E-10
  3.820000E-01  9.788143E-06  1.000000E+00 -1.092558E+00  2.068864E+00 -1.133913E+00  1.851225E-01 -4.585233E-03  1.492881E-05  2.269081E-07  4.029565E-10
  3.840000E-01  9.632883E-06  1.000000E+00 -1.082387E+00  2.067004E+00 -1.132081E+00  1.847804E-01 -4.638421E-03  1.577140E-05  2.301275E-07  4.036533E-10
  3.860000E-01  9.483056E-06  1.000000E+00 -1.077239E+00  2.065763E+00 -1.129476E+00  1.842430E-01 -4.689546E-03  1.675899E-05  2.317445E-07  3.988393E-10
  3.880000E-01  9.331513E-06  1.000000E+00 -1.083597E+00  2.067163E+00 -1.126958E+00  1.838223E-01 -4.744579E-03  1.777861E-05  2.333637E-07  3.940865E-10
  3.900000E-01  9.183341E-06  1.000000E+00 -1.092015E+00  2.069665E+00 -1.124316E+00  1.834119E-01 -4.797346E-03  1.874069E-05  2.353834E-07  3.912849E-10
  3.920000E-01  9.028185E-06  1.000000E+00 -1.091075E+00  2.070421E+00 -1.122190E+00  1.830507E-01 -4.853329E-03  1.966479E-05  2.389127E-07  3.930136E-10
  3.940000E-01  8.862084E-06  1.000000E+00 -1.082033E+00  2.068852E+00 -1.121489E+00  1.830730E-01 -4.918380E-03  2.063478E-05  2.428364E-07  3.949719E-10
  3.960000E-01  8.703597E-06  1.000000E+00 -1.076136E+00  2.067350E+00 -1.120129E+00  1.829444E-01 -4.980345E-03  2.168420E-05  2.457454E-07  3.936577E-10
  3.980000E-01  8.546904E-06  1.000000E+00 -1.081871E+00  2.068388E+00 -1.118401E+00  1.827698E-01 -5.044864E-03  2.287668E-05  2.475375E-07  3.884397E-10
  4.000000E-01  8.391372E-06  1.000000E+00 -1.092024E+00  2.071017E+00 -1.116965E+00  1.827466E-01 -5.111555E-03  2.409860E-05  2.487042E-07  3.818987E-10
  4.020000E-01  8.236224E-06  1.000000E+00 -1.093324E+00  2.072226E+00 -1.115564E+00  1.826505E-01 -5.177463E-03  2.527301E-05  2.511188E-07  3.794092E-10
  4.040000E-01  8.071186E-06  1.000000E+00 -1.085097E+00  2.070939E+00 -1.115504E+00  1.828607E-01 -5.252163E-03  2.644959E-05  2.547793E-07  3.800750E-10
  4.060000E-01  7.911613E-06  1.000000E+00 -1.078209E+00  2.069190E+00 -1.115307E+00  1.830870E-01 -5.325393E-03  2.756023E-05  2.594612E-07  3.835500E-10
  4.080000E-01  7.759990E-06  1.000000E+00 -1.082514E+00  2.069758E+00 -1.114041E+00  1.830586E-01 -5.395083E-03  2.880176E-05  2.627277E-07  3.824603E-10
  4.100000E-01  7.606429E-06  1.000000E+00 -1.093677E+00  2.072413E+00 -1.113277E+00  1.832474E-01 -5.471974E-03  3.017204E-05  2.649843E-07  3.781001E-10
  4.120000E-01  7.453955E-06  1.000000E+00 -1.097363E+00  2.074089E+00 -1.112703E+00  1.834660E-01 -5.550026E-03  3.164358E-05  2.660223E-07  3.706072E-10
  4.140000E-01  7.294493E-06  1.000000E+00 -1.090078E+00  2.073144E+00 -1.113014E+00  1.838319E-01 -5.635627E-03  3.317055E-05  2.679274E-07  3.655071E-10
  4.160000E-01  7.133445E-06  1.000000E+00 -1.082650E+00  2.071290E+00 -1.114033E+00  1.844506E-01 -5.726420E-03  3.464312E-05  2.712256E-07  3.641601E-10
  4.180000E-01  6.982989E-06  1.000000E+00 -1.085941E+00  2.071474E+00 -1.113736E+00  1.847755E-01 -5.809071E-03  3.605047E-05  2.752260E-07  3.650047E-10
  4.200000E-01  6.830523E-06  1.000000E+00 -1.098192E+00  2.074179E+00 -1.113616E+00  1.852071E-01 -5.898330E-03  3.757542E-05  2.792068E-07  3.647140E-10
  4.220000E-01  6.674405E-06  1.000000E+00 -1.105200E+00  2.076476E+00 -1.114419E+00  1.859318E-01 -5.996191E-03  3.925697E-05  2.817313E-07  3.602748E-10
  4.240000E-01  6.514250E-06  1.000000E+00 -1.100040E+00  2.076075E+00 -1.115758E+00  1.867190E-01 -6.100994E-03  4.112110E-05  2.835892E-07  3.538185E-10
  4.260000E-01  6.347558E-06  1.000000E+00 -1.093026E+00  2.074328E+00 -1.118307E+00  1.878585E-01 -6.218781E-03  4.313251E-05  2.850841E-07  3.465299E-10
  4.280000E-01  6.188966E-06  1.000000E+00 -1.096436E+00  2.074318E+00 -1.120115E+00  1.889104E-01 -6.332386E-03  4.501990E-05  2.883023E-07  3.442122E-10
  4.300000E-01  6.034447E-06  1.000000E+00 -1.110159E+00  2.077100E+00 -1.121210E+00  1.897915E-01 -6.444016E-03  4.690935E-05  2.925976E-07  3.443516E-10
  4.320000E-01  5.873953E-06  1.000000E+00 -1.121080E+00  2.080111E+00 -1.123681E+00  1.910918E-01 -6.569705E-03  4.885264E-05  2.986930E-07  3.475247E-10
  4.340000E-01  5.712112E-06  1.000000E+00 -1.119022E+00  2.080394E+00 -1.126787E+00  1.925211E-01 -6.701947E-03  5.098076E-05  3.036771E-07  3.471463E-10
  4.360000E-01  5.546597E-06  1.000000E+00 -1.112466E+00  2.078784E+00 -1.130670E+00  1.941204E-01 -6.846938E-03  5.340177E-05  3.073454E-07  3.430201E-10
  4.380000E-01  5.384405E-06  1.000000E+00 -1.116000E+00  2.078595E+00 -1.134710E+00  1.959044E-01 -6.998775E-03  5.599698E-05  3.089211E-07  3.345412E-10
  4.400000E-01  5.232412E-06  1.000000E+00 -1.130990E+00  2.081390E+00 -1.137319E+00  1.973461E-01 -7.141948E-03  5.858973E-05  3.102427E-07  3.268413E-10
  4.420000E-01  5.077461E-06  1.000000E+00 -1.145253E+00  2.085037E+00 -1.140816E+00  1.990206E-01 -7.297023E-03  6.128418E-05  3.131964E-07  3.223673E-10
  4.440000E-01  4.920521E-06  1.000000E+00 -1.146553E+00  2.086099E+00 -1.145638E+00  2.010599E-01 -7.463565E-03  6.398910E-05  3.183250E-07  3.221516E-10
  4.460000E-01  4.765653E-06  1.000000E+00 -1.140046E+00  2.084608E+00 -1.150469E+00  2.030309E-01 -7.633506E-03  6.682575E-05  3.242674E-07  3.225075E-10
  4.480000E-01  4.612024E-06  1.000000E+00 -1.142589E+00  2.084144E+00 -1.155669E+00  2.052084E-01 -7.815200E-03  6.991688E-05  3.286621E-07  3.190786E-10
  4.500000E-01  4.467363E-06  1.000000E+00 -1.158466E+00  2.086915E+00 -1.159784E+00  2.072491E-01 -7.993698E-03  7.312655E-05  3.308509E-07  3.116494E-10
  4.520000E-01  4.325183E-06  1.000000E+00 -1.175562E+00  2.091136E+00 -1.163658E+00  2.091941E-01 -8.176672E-03  7.663212E-05  3.304882E-07  3.002050E-10
  4.540000E-01  4.177177E-06  1.000000E+00 -1.180664E+00  2.093144E+00 -1.169730E+00  2.117754E-01 -8.386244E-03  8.039170E-05  3.314663E-07  2.913395E-10
  4.560000E-01  4.031936E-06  1.000000E+00 -1.175329E+00  2.092023E+00 -1.176156E+00  2.144474E-01 -8.600716E-03  8.420431E-05  3.337252E-07  2.854840E-10
  4.580000E-01  3.889977E-06  1.000000E+00 -1.176849E+00  2.091312E+00 -1.182273E+00  2.170701E-01 -8.820581E-03  8.808739E-05  3.390986E-07  2.845057E-10
  4.600000E-01  3.752567E-06  1.000000E+00 -1.194029E+00  2.094134E+00 -1.188228E+00  2.198897E-01 -9.048562E-03  9.207846E-05  3.443328E-07  2.825258E-10
  4.620000E-01  3.620872E-06  1.000000E+00 -1.214830E+00  2.099053E+00 -1.193371E+00  2.225518E-01 -9.276497E-03  9.624217E-05  3.488897E-07  2.788067E-10
  4.640000E-01  3.483900E-06  1.000000E+00 -1.224344E+00  2.102180E+00 -1.200598E+00  2.257845E-01 -9.538174E-03  1.011058E-04  3.498134E-07  2.684644E-10
  4.660000E-01  3.344762E-06  1.000000E+00 -1.221969E+00  2.101816E+00 -1.209916E+00  2.297271E-01 -9.832377E-03  1.064505E-04  3.491890E-07  2.562868E-10
  4.680000E-01  3.211670E-06  1.000000E+00 -1.223561E+00  2.101018E+00 -1.218462E+00  2.335015E-01 -1.012859E-02  1.120823E-04  3.463286E-07  2.424165E-10
  4.700000E-01  3.082402E-06  1.000000E+00 -1.242301E+00  2.103916E+00 -1.226887E+00  2.374514E-01 -1.043932E-02  1.179051E-04  3.455164E-07  2.328239E-10
  4.720000E-01  2.958253E-06  1.000000E+00 -1.268166E+00  2.109775E+00 -1.235206E+00  2.416016E-01 -1.075887E-02  1.237730E-04  3.467985E-07  2.264936E-10
  4.740000E-01  2.834867E-06  1.000000E+00 -1.282696E+00  2.114178E+00 -1.244462E+00  2.459540E-01 -1.109819E-02  1.299914E-04  3.512107E-07  2.237391E-10
  4.760000E-01  2.707222E-06  1.000000E+00 -1.283873E+00  2.114769E+00 -1.257000E+00  2.513651E-01 -1.149250E-02  1.370227E-04  3.555847E-07  2.189509E-10
  4.780000E-01  2.585101E-06  1.000000E+00 -1.286554E+00  2.114050E+00 -1.269580E+00  2.569973E-01 -1.190271E-02  1.444696E-04  3.573456E-07  2.110559E-10
  4.800000E-01  2.470190E-06  1.000000E+00 -1.306343E+00  2.116893E+00 -1.280682E+00  2.623486E-01 -1.231658E-02  1.524416E-04  3.541935E-07  1.981619E-10
  4.820000E-01  2.358532E-06  1.000000E+00 -1.337535E+00  2.123851E+00 -1.292442E+00  2.682305E-01 -1.276153E-02  1.609774E-04  3.484223E-07  1.845009E-10
  4.840000E-01  2.250212E-06  1.000000E+00 -1.358378E+00  2.129925E+00 -1.305050E+00  2.744331E-01 -1.322874E-02  1.699336E-04  3.435161E-07  1.734913E-10
  4.860000E-01  2.140983E-06  1.000000E+00 -1.362777E+00  2.131556E+00 -1.320278E+00  2.813450E-01 -1.374504E-02  1.797146E-04  3.419066E-07  1.670911E-10
  4.880000E-01  2.034004E-06  1.000000E+00 -1.366461E+00  2.130960E+00 -1.337232E+00  2.891232E-01 -1.430737E-02  1.900157E-04  3.450695E-07  1.642283E-10
  4.900000E-01  1.936841E-06  1.000000E+00 -1.386173E+00  2.133481E+00 -1.351369E+00  2.962861E-01 -1.485057E-02  2.002992E-04  3.482937E-07  1.610385E-10
  4.920000E-01  1.843984E-06  1.000000E+00 -1.420397E+00  2.141215E+00 -1.364859E+00  3.035240E-01 -1.541689E-02  2.113277E-04  3.493366E-07  1.540548E-10
  4.940000E-01  1.751835E-06  1.000000E+00 -1.447562E+00  2.149278E+00 -1.380681E+00  3.118615E-01 -1.604633E-02  2.235733E-04  3.436303E-07  1.417701E-10
  4.960000E-01  1.660628E-06  1.000000E+00 -1.455189E+00  2.152216E+00 -1.398638E+00  3.208478E-01 -1.673105E-02  2.372368E-04  3.324273E-07  1.266756E-10
  4.980000E-01  1.569709E-06  1.000000E+00 -1.459084E+00  2.151752E+00 -1.419101E+00  3.309327E-01 -1.749497E-02  2.526098E-04  3.147986E-07  1.107220E-10
  5.000000E-01  1.485228E-06  1.000000E+00 -1.479475E+00  2.154179E+00 -1.437957E+00  3.412006E-01 -1.827764E-02  2.683638E-04  2.976920E-07  9.859894E-11
  5.020000E-01  1.407772E-06  1.000000E+00 -1.516446E+00  2.162801E+00 -1.453630E+00  3.507222E-01 -1.904421E-02  2.843369E-04  2.808877E-07  9.011349E-11
  5.040000E-01  1.329692E-06  1.000000E+00 -1.550487E+00  2.173522E+00 -1.472292E+00  3.617334E-01 -1.991199E-02  3.019550E-04  2.707692E-07  8.516084E-11
  5.060000E-01  1.251161E-06  1.000000E+00 -1.564133E+00  2.178944E+00 -1.495112E+00  3.746037E-01 -2.089547E-02  3.215793E-04  2.606020E-07  7.951264E-11
  5.080000E-01  1.174184E-06  1.000000E+00 -1.568962E+00  2.179042E+00 -1.519812E+00  3.883903E-01 -2.197001E-02  3.434687E-04  2.481251E-07  7.148528E-11
  5.100000E-01  1.100335E-06  1.000000E+00 -1.591197E+00  2.181863E+00 -1.544537E+00  4.033488E-01 -2.314069E-02  3.677024E-04  2.218473E-07  5.900148E-11
  5.120000E-01  1.032998E-06  1.000000E+00 -1.633802E+00  2.192559E+00 -1.565608E+00  4.181123E-01 -2.432828E-02  3.929695E-04  1.852341E-07  4.648000E-11
  5.140000E-01  9.675795E-07  1.000000E+00 -1.676198E+00  2.207300E+00 -1.587846E+00  4.337863E-01 -2.561869E-02  4.212404E-04  1.337603E-07  3.654441E-11
  5.160000E-01  9.001804E-07  1.000000E+00 -1.699457E+00  2.217315E+00 -1.617758E+00  4.533429E-01 -2.717042E-02  4.542706E-04  8.047684E-08  3.299345E-11
  5.180000E-01  8.352157E-07  1.000000E+00 -1.708772E+00  2.219518E+00 -1.650823E+00  4.749377E-01 -2.888020E-02  4.906439E-04  2.419400E-08  3.530160E-11
  5.200000E-01  7.750328E-07  1.000000E+00 -1.732556E+00  2.223045E+00 -1.681952E+00  4.969284E-01 -3.067569E-02  5.294175E-04 -2.653364E-08  4.136374E-11
  5.220000E-01  7.201342E-07  1.000000E+00 -1.781388E+00  2.237132E+00 -1.709335E+00  5.197109E-01 -3.255292E-02  5.701303E-04 -8.353130E-08  4.754521E-11
  5.240000E-01  6.696314E-07  1.000000E+00 -1.832014E+00  2.257867E+00 -1.734856E+00  5.429090E-01 -3.450754E-02  6.132609E-04 -1.451429E-07  5.338730E-11
  5.260000E-01  6.186397E-07  1.000000E+00 -1.862961E+00  2.274135E+00 -1.768403E+00  5.704016E-01 -3.681270E-02  6.647496E-04 -2.373967E-07  6.409333E-11
  5.280000E-01  5.682490E-07  1.000000E+00 -1.877468E+00  2.280413E+00 -1.809617E+00  6.034837E-01 -3.953001E-02  7.249478E-04 -3.568406E-07  8.503802E-11
  5.300000E-01  5.234574E-07  1.000000E+00 -1.900598E+00  2.285161E+00 -1.846204E+00  6.363480E-01 -4.231281E-02  7.887853E-04 -5.137823E-07  1.262692E-10
  5.320000E-01  4.840866E-07  1.000000E+00 -1.949541E+00  2.302854E+00 -1.874401E+00  6.681677E-01 -4.511624E-02  8.549803E-04 -6.885097E-07  1.883984E-10
  5.340000E-01  4.482762E-07  1.000000E+00 -2.004139E+00  2.331986E+00 -1.899099E+00  7.015747E-01 -4.806607E-02  9.246748E-04 -8.794079E-07  2.721080E-10
  5.360000E-01  4.137152E-07  1.000000E+00 -2.036479E+00  2.356208E+00 -1.929785E+00  7.385920E-01 -5.134999E-02  1.002210E-03 -1.065556E-06  3.658353E-10
  5.380000E-01  3.788148E-07  1.000000E+00 -2.049200E+00  2.366974E+00 -1.971468E+00  7.836674E-01 -5.529165E-02  1.094271E-03 -1.270258E-06  4.732251E-10
  5.400000E-01  3.473921E-07  1.000000E+00 -2.064991E+00  2.372986E+00 -2.008651E+00  8.312220E-01 -5.947230E-02  1.191660E-03 -1.473454E-06  5.791593E-10
  5.420000E-01  3.215531E-07  1.000000E+00 -2.101131E+00  2.392567E+00 -2.027883E+00  8.725443E-01 -6.333514E-02  1.285979E-03 -1.699912E-06  6.978420E-10
  5.440000E-01  2.980737E-07  1.000000E+00 -2.145284E+00  2.430437E+00 -2.038356E+00  9.145949E-01 -6.737066E-02  1.386421E-03 -1.961353E-06  8.381836E-10
  5.460000E-01  2.746421E-07  1.000000E+00 -2.168639E+00  2.466341E+00 -2.055613E+00  9.652736E-01 -7.212551E-02  1.504182E-03 -2.303659E-06  1.037145E-09
  5.480000E-01  2.507889E-07  1.000000E+00 -2.168701E+00  2.483475E+00 -2.085619E+00  1.026380E+00 -7.785638E-02  1.647164E-03 -2.723310E-06  1.302786E-09
  5.500000E-01  2.282618E-07  1.000000E+00 -2.165807E+00  2.492022E+00 -2.111696E+00  1.094988E+00 -8.433038E-02  1.809807E-03 -3.228777E-06  1.653024E-09
  5.520000E-01  2.101230E-07  1.000000E+00 -2.172536E+00  2.515138E+00 -2.108915E+00  1.155499E+00 -9.031387E-02  1.963826E-03 -3.718391E-06  2.019978E-09
  5.540000E-01  1.949657E-07  1.000000E+00 -2.180511E+00  2.562538E+00 -2.083590E+00  1.207443E+00 -9.585152E-02  2.112866E-03 -4.207892E-06  2.407412E-09
  5.560000E-01  1.792168E-07  1.000000E+00 -2.166311E+00  2.614985E+00 -2.060459E+00  1.273738E+00 -1.027000E-01  2.292527E-03 -4.733575E-06  2.807400E-09
  5.580000E-01  1.626323E-07  1.000000E+00 -2.124240E+00  2.644208E+00 -2.048964E+00  1.361122E+00 -1.114403E-01  2.517911E-03 -5.381438E-06  3.283608E-09
  5.600000E-01  1.471523E-07  1.000000E+00 -2.068024E+00  2.654439E+00 -2.027775E+00  1.455890E+00 -1.211721E-01  2.773954E-03 -6.129181E-06  3.825335E-09
  5.620000E-01  1.348925E-07  1.000000E+00 -1.996975E+00  2.679200E+00 -1.957805E+00  1.537792E+00 -1.301064E-01  3.018242E-03 -6.969516E-06  4.482501E-09
  5.640000E-01  1.258174E-07  1.000000E+00 -1.904810E+00  2.734106E+00 -1.842516E+00  1.596284E+00 -1.372967E-01  3.228123E-03 -7.823353E-06  5.218434E-09
  5.660000E-01  1.168749E-07  1.000000E+00 -1.783412E+00  2.798398E+00 -1.718318E+00  1.660844E+00 -1.453742E-01  3.469856E-03 -8.909815E-06  6.248653E-09
  5.680000E-01  1.067134E-07  1.000000E+00 -1.623858E+00  2.836204E+00 -1.591422E+00  1.759776E+00 -1.567107E-01  3.794316E-03 -1.029499E-05  7.603595E-09
  5.700000E-01  9.736804E-08  1.000000E+00 -1.440387E+00  2.837251E+00 -1.445095E+00  1.866016E+00 -1.690131E-01  4.149899E-03 -1.187515E-05  9.250208E-09
  5.720000E-01  9.103216E-08  1.000000E+00 -1.231677E+00  2.839701E+00 -1.250046E+00  1.928609E+00 -1.777846E-01  4.427313E-03 -1.322450E-05  1.076698E-08
  5.740000E-01  8.763255E-08  1.000000E+00 -9.844676E-01  2.875220E+00 -1.005689E+00  1.938961E+00 -1.817525E-01  4.583890E-03 -1.421875E-05  1.203993E-08
  5.760000E-01  8.469873E-08  1.000000E+00 -7.272050E-01  2.921887E+00 -7.646945E-01  1.941806E+00 -1.850357E-01  4.722823E-03 -1.509283E-05  1.316374E-08
  5.780000E-01  8.037539E-08  1.000000E+00 -4.625143E-01  2.937013E+00 -5.296864E-01  1.978698E+00 -1.917829E-01  4.957030E-03 -1.632798E-05  1.465686E-08
  5.800000E-01  7.606516E-08  1.000000E+00 -1.842330E-01  2.903025E+00 -2.736097E-01  2.025662E+00 -1.995309E-01  5.217485E-03 -1.771988E-05  1.635326E-08
  5.820000E-01  7.399142E-08  1.000000E+00  8.087186E-02  2.858456E+00 -2.141658E-02  2.017458E+00 -2.019349E-01  5.344833E-03 -1.882250E-05  1.797194E-08
  5.840000E-01  7.438734E-08  1.000000E+00  3.414639E-01  2.850580E+00  2.138801E-01  1.942242E+00 -1.976977E-01  5.302281E-03 -1.942981E-05  1.928110E-08
  5.860000E-01  7.522425E-08  1.000000E+00  5.964637E-01  2.864120E+00  4.356465E-01  1.862378E+00 -1.925998E-01  5.230815E-03 -2.001863E-05  2.076309E-08
  5.880000E-01  7.438800E-08  1.000000E+00  8.220741E-01  2.851380E+00  6.455599E-01  1.825013E+00 -1.917923E-01  5.275980E-03 -2.104399E-05  2.279187E-08
  5.900000E-01  7.281649E-08  1.000000E+00  1.029019E+00  2.790873E+00  8.600569E-01  1.804544E+00 -1.928307E-01  5.375673E-03 -2.230878E-05  2.521596E-08
  5.920000E-01  7.294872E-08  1.000000E+00  1.217523E+00  2.717447E+00  1.051871E+00  1.746158E+00 -1.895541E-01  5.346968E-03 -2.294309E-05  2.689672E-08
  5.940000E-01  7.505119E-08  1.000000E+00  1.376256E+00  2.684982E+00  1.180063E+00  1.643239E+00 -1.812694E-01  5.174223E-03 -2.286262E-05  2.768593E-08
  5.960000E-01  7.757473E-08  1.000000E+00  1.524162E+00  2.684431E+00  1.286372E+00  1.536818E+00 -1.724329E-01  4.981830E-03 -2.256535E-05  2.806934E-08
  5.980000E-01  7.875926E-08  1.000000E+00  1.655546E+00  2.664252E+00  1.414493E+00  1.465062E+00 -1.670788E-01  4.880691E-03 -2.264045E-05  2.888807E-08
  6.000000E-01  7.867089E-08  1.000000E+00  1.755621E+00  2.601425E+00  1.551223E+00  1.416962E+00 -1.644009E-01  4.859319E-03 -2.308117E-05  3.017414E-08
  6.020000E-01  7.982227E-08  1.000000E+00  1.838526E+00  2.525845E+00  1.659197E+00  1.347119E+00 -1.591809E-01  4.765368E-03 -2.324288E-05  3.122838E-08
  6.040000E-01  8.319687E-08  1.000000E+00  1.916268E+00  2.486317E+00  1.713247E+00  1.248452E+00 -1.501566E-01  4.549744E-03 -2.282442E-05  3.157355E-08
  6.060000E-01  8.685787E-08  1.000000E+00  1.985608E+00  2.482824E+00  1.738820E+00  1.153025E+00 -1.412883E-01  4.337103E-03 -2.241136E-05  3.199748E-08
  6.080000E-01  8.943248E-08  1.000000E+00  2.035200E+00  2.467952E+00  1.785918E+00  1.078586E+00 -1.347709E-01  4.192912E-03 -2.230110E-05  3.285143E-08
  6.100000E-01  9.097219E-08  1.000000E+00  2.051506E+00  2.415167E+00  1.854796E+00  1.023325E+00 -1.302333E-01  4.100358E-03 -2.238222E-05  3.394801E-08
  6.120000E-01  9.278087E-08  1.000000E+00  2.050405E+00  2.351374E+00  1.899052E+00  9.670651E-01 -1.254187E-01  3.996454E-03 -2.229610E-05  3.466705E-08
  6.140000E-01  9.648389E-08  1.000000E+00  2.063201E+00  2.319004E+00  1.895732E+00  8.961766E-01 -1.184491E-01  3.818084E-03 -2.166641E-05  3.436561E-08
  6.160000E-01  1.009103E-07  1.000000E+00  2.087379E+00  2.320051E+00  1.873854E+00  8.279812E-01 -1.113431E-01  3.623716E-03 -2.083526E-05  3.354558E-08
  6.180000E-01  1.036901E-07  1.000000E+00  2.091874E+00  2.317727E+00  1.869661E+00  7.777801E-01 -1.064580E-01  3.498813E-03 -2.032604E-05  3.309100E-08
  6.200000E-01  1.053095E-07  1.000000E+00  2.059825E+00  2.284201E+00  1.887978E+00  7.393386E-01 -1.030054E-01  3.418699E-03 -2.007129E-05  3.299653E-08
  6.220000E-01  1.071304E-07  1.000000E+00  2.017344E+00  2.236504E+00  1.900027E+00  7.036937E-01 -9.962120E-02  3.334906E-03 -1.980022E-05  3.287253E-08
  6.240000E-01  1.097992E-07  1.000000E+00  2.004705E+00  2.213140E+00  1.878877E+00  6.639279E-01 -9.556615E-02  3.230562E-03 -1.946844E-05  3.274472E-08
  6.260000E-01  1.133358E-07  1.000000E+00  2.017324E+00  2.220181E+00  1.839345E+00  6.220270E-01 -9.104712E-02  3.109625E-03 -1.906662E-05  3.258328E-08
  6.280000E-01  1.158666E-07  1.000000E+00  2.012687E+00  2.226674E+00  1.816435E+00  5.898667E-01 -8.766221E-02  3.022784E-03 -1.892019E-05  3.298659E-08
  6.300000E-01  1.163380E-07  1.000000E+00  1.968981E+00  2.207512E+00  1.815933E+00  5.683912E-01 -8.584698E-02  2.991897E-03 -1.912297E-05  3.404659E-08
  6.320000E-01  1.168016E-07  1.000000E+00  1.913770E+00  2.171929E+00  1.814963E+00  5.475511E-01 -8.405481E-02  2.961947E-03 -1.935410E-05  3.524863E-08
  6.340000E-01  1.182178E-07  1.000000E+00  1.895062E+00  2.152901E+00  1.793956E+00  5.243898E-01 -8.168608E-02  2.906645E-03 -1.937206E-05  3.601530E-08
  6.360000E-01  1.197232E-07  1.000000E+00  1.911797E+00  2.162422E+00  1.756670E+00  5.006633E-01 -7.921542E-02  2.849110E-03 -1.936027E-05  3.672368E-08
  6.380000E-01  1.206860E-07  1.000000E+00  1.913568E+00  2.175602E+00  1.728388E+00  4.799223E-01 -7.715103E-02  2.804780E-03 -1.939021E-05  3.743072E-08
  6.400000E-01  1.201128E-07  1.000000E+00  1.873306E+00  2.165890E+00  1.724792E+00  4.669387E-01 -7.614521E-02  2.795172E-03 -1.967137E-05  3.866954E-08
  6.420000E-01  1.184812E-07  1.000000E+00  1.821012E+00  2.138328E+00  1.728219E+00  4.572006E-01 -7.572832E-02  2.810146E-03 -2.013201E-05  4.028397E-08
  6.440000E-01  1.179529E-07  1.000000E+00  1.805384E+00  2.121726E+00  1.715283E+00  4.434936E-01 -7.461737E-02  2.800668E-03 -2.048219E-05  4.185526E-08
  6.460000E-01  1.181864E-07  1.000000E+00  1.831510E+00  2.131344E+00  1.689205E+00  4.286206E-01 -7.312817E-02  2.773884E-03 -2.074934E-05  4.340854E-08
  6.480000E-01  1.174384E-07  1.000000E+00  1.850485E+00  2.148748E+00  1.668675E+00  4.168736E-01 -7.219844E-02  2.771653E-03 -2.126548E-05  4.569960E-08
  6.500000E-01  1.157179E-07  1.000000E+00  1.824084E+00  2.146393E+00  1.668076E+00  4.090441E-01 -7.191010E-02  2.794668E-03 -2.202349E-05  4.870603E-08
  6.520000E-01  1.133239E-07  1.000000E+00  1.777701E+00  2.123544E+00  1.681268E+00  4.053332E-01 -7.215983E-02  2.835368E-03 -2.296291E-05  5.232071E-08
  6.540000E-01  1.111096E-07  1.000000E+00  1.765456E+00  2.107219E+00  1.682507E+00  4.006324E-01 -7.226875E-02  2.873067E-03 -2.388746E-05  5.601022E-08
  6.560000E-01  1.101341E-07  1.000000E+00  1.798013E+00  2.116084E+00  1.664553E+00  3.920787E-01 -7.161575E-02  2.879350E-03 -2.452514E-05  5.905279E-08
  6.580000E-01  1.090094E-07  1.000000E+00  1.830398E+00  2.135858E+00  1.649845E+00  3.857383E-01 -7.116365E-02  2.887833E-03 -2.512759E-05  6.195637E-08
  6.600000E-01  1.063343E-07  1.000000E+00  1.818886E+00  2.139265E+00  1.653824E+00  3.843524E-01 -7.167719E-02  2.936830E-03 -2.602708E-05  6.549683E-08
  6.620000E-01  1.033587E-07  1.000000E+00  1.774756E+00  2.119787E+00  1.669550E+00  3.843623E-01 -7.245359E-02  2.996338E-03 -2.699168E-05  6.916549E-08
  6.640000E-01  1.010339E-07  1.000000E+00  1.755655E+00  2.101452E+00  1.677262E+00  3.834006E-01 -7.290465E-02  3.037923E-03 -2.775269E-05  7.223966E-08
  6.660000E-01  9.937826E-08  1.000000E+00  1.786944E+00  2.107565E+00  1.663396E+00  3.789343E-01 -7.280316E-02  3.060066E-03 -2.834634E-05  7.491120E-08
  6.680000E-01  9.823478E-08  1.000000E+00  1.825159E+00  2.128596E+00  1.643064E+00  3.722392E-01 -7.232541E-02  3.067681E-03 -2.880252E-05  7.722946E-08
  6.700000E-01  9.636051E-08  1.000000E+00  1.818433E+00  2.135092E+00  1.641689E+00  3.692065E-01 -7.246653E-02  3.099064E-03 -2.953239E-05  8.047554E-08
  6.720000E-01  9.336340E-08  1.000000E+00  1.772979E+00  2.117346E+00  1.655659E+00  3.693913E-01 -7.339883E-02  3.169655E-03 -3.066997E-05  8.495650E-08
  6.740000E-01  9.109392E-08  1.000000E+00  1.741823E+00  2.095824E+00  1.660514E+00  3.664659E-01 -7.378936E-02  3.220415E-03 -3.168200E-05  8.934603E-08
  6.760000E-01  8.983803E-08  1.000000E+00  1.764390E+00  2.096930E+00  1.646305E+00  3.606752E-01 -7.346356E-02  3.236365E-03 -3.234305E-05  9.280042E-08
  6.780000E-01  8.832186E-08  1.000000E+00  1.808267E+00  2.117721E+00  1.624874E+00  3.551758E-01 -7.325815E-02  3.261414E-03 -3.310943E-05  9.666050E-08
  6.800000E-01  8.617717E-08  1.000000E+00  1.810880E+00  2.128931E+00  1.618865E+00  3.522181E-01 -7.358518E-02  3.310818E-03 -3.407574E-05  1.010006E-07
  6.820000E-01  8.311326E-08  1.000000E+00  1.768165E+00  2.114480E+00  1.636350E+00  3.550068E-01 -7.487428E-02  3.397841E-03 -3.538665E-05  1.063050E-07
  6.840000E-01  7.962987E-08  1.000000E+00  1.737674E+00  2.092287E+00  1.653570E+00  3.598911E-01 -7.661372E-02  3.507595E-03 -3.687298E-05  1.119227E-07
  6.860000E-01  7.706006E-08  1.000000E+00  1.764134E+00  2.092178E+00  1.649079E+00  3.616332E-01 -7.760756E-02  3.583712E-03 -3.796159E-05  1.161851E-07
  6.880000E-01  7.481260E-08  1.000000E+00  1.821660E+00  2.116367E+00  1.637138E+00  3.643901E-01 -7.851021E-02  3.648005E-03 -3.886800E-05  1.196758E-07
  6.900000E-01  7.140766E-08  1.000000E+00  1.847968E+00  2.136929E+00  1.642123E+00  3.733915E-01 -8.073011E-02  3.775854E-03 -4.043802E-05  1.251012E-07
  6.920000E-01  6.733970E-08  1.000000E+00  1.821120E+00  2.129944E+00  1.670471E+00  3.874257E-01 -8.402589E-02  3.957174E-03 -4.262141E-05  1.324765E-07
  6.940000E-01  6.343834E-08  1.000000E+00  1.793804E+00  2.107376E+00  1.704905E+00  4.045689E-01 -8.771905E-02  4.152347E-03 -4.500629E-05  1.406559E-07
  6.960000E-01  6.005264E-08  1.000000E+00  1.823549E+00  2.105427E+00  1.715566E+00  4.199382E-01 -9.106310E-02  4.337341E-03 -4.741322E-05  1.493039E-07
  6.980000E-01  5.741093E-08  1.000000E+00  1.891140E+00  2.135385E+00  1.703770E+00  4.309852E-01 -9.356510E-02  4.489167E-03 -4.956427E-05  1.575237E-07
  7.000000E-01  5.461063E-08  1.000000E+00  1.929081E+00  2.165880E+00  1.706786E+00  4.460001E-01 -9.676050E-02  4.671374E-03 -5.221109E-05  1.679862E-07
  7.020000E-01  5.087758E-08  1.000000E+00  1.909865E+00  2.164242E+00  1.740703E+00  4.698466E-01 -1.020403E-01  4.962918E-03 -5.620811E-05  1.832980E-07
  7.040000E-01  4.735750E-08  1.000000E+00  1.874716E+00  2.136627E+00  1.780118E+00  4.937637E-01 -1.075621E-01  5.278431E-03 -6.067535E-05  2.009280E-07
  7.060000E-01  4.486887E-08  1.000000E+00  1.889077E+00  2.126088E+00  1.792336E+00  5.110453E-01 -1.115130E-01  5.513952E-03 -6.430050E-05  2.162032E-07
  7.080000E-01  4.280521E-08  1.000000E+00  1.951974E+00  2.156960E+00  1.775102E+00  5.238943E-01 -1.146365E-01  5.716935E-03 -6.767471E-05  2.312021E-07
  7.100000E-01  4.066495E-08  1.000000E+00  1.994991E+00  2.196987E+00  1.765524E+00  5.373737E-01 -1.181663E-01  5.950700E-03 -7.146891E-05  2.478831E-07
  7.120000E-01  3.809541E-08  1.000000E+00  1.977508E+00  2.199236E+00  1.797698E+00  5.607182E-01 -1.236749E-01  6.278860E-03 -7.649880E-05  2.694320E-07
  7.140000E-01  3.522192E-08  1.000000E+00  1.935226E+00  2.164295E+00  1.849032E+00  5.921604E-01 -1.310463E-01  6.709800E-03 -8.292878E-05  2.965737E-07
  7.160000E-01  3.305331E-08  1.000000E+00  1.934959E+00  2.144284E+00  1.866341E+00  6.149231E-01 -1.366560E-01  7.065491E-03 -8.865397E-05  3.221762E-07
  7.180000E-01  3.172642E-08  1.000000E+00  1.989741E+00  2.176893E+00  1.843562E+00  6.274532E-01 -1.396212E-01  7.276520E-03 -9.277174E-05  3.431109E-07
  7.200000E-01  3.011781E-08  1.000000E+00  2.040456E+00  2.231261E+00  1.825947E+00  6.480345E-01 -1.442543E-01  7.579199E-03 -9.829819E-05  3.705369E-07
  7.220000E-01  2.795002E-08  1.000000E+00  2.033015E+00  2.246655E+00  1.850892E+00  6.835764E-01 -1.523518E-01  8.082251E-03 -1.068584E-04  4.115230E-07
  7.240000E-01  2.575129E-08  1.000000E+00  1.984069E+00  2.208784E+00  1.906763E+00  7.302264E-01 -1.624750E-01  8.688541E-03 -1.172047E-04  4.617950E-07
  7.260000E-01  2.389403E-08  1.000000E+00  1.963749E+00  2.180642E+00  1.928927E+00  7.758990E-01 -1.721135E-01  9.278753E-03 -1.279116E-04  5.166366E-07
  7.280000E-01  2.262643E-08  1.000000E+00  2.001569E+00  2.222183E+00  1.884800E+00  8.061261E-01 -1.784482E-01  9.714730E-03 -1.368957E-04  5.667289E-07
  7.300000E-01  2.155718E-08  1.000000E+00  2.042232E+00  2.300270E+00  1.831373E+00  8.357495E-01 -1.842109E-01  1.011304E-02 -1.456997E-04  6.185153E-07
  7.320000E-01  1.987731E-08  1.000000E+00  2.023313E+00  2.337009E+00  1.826031E+00  8.957332E-01 -1.964708E-01  1.087350E-02 -1.599488E-04  6.951803E-07
  7.340000E-01  1.786326E-08  1.000000E+00  1.952196E+00  2.304777E+00  1.855517E+00  9.811158E-01 -2.145045E-01  1.198944E-02 -1.799199E-04  7.994739E-07
  7.360000E-01  1.635394E-08  1.000000E+00  1.898464E+00  2.267931E+00  1.851636E+00  1.057354E+00 -2.300894E-01  1.296891E-02 -1.980466E-04  8.974085E-07
  7.380000E-01  1.535641E-08  1.000000E+00  1.887302E+00  2.318863E+00  1.755819E+00  1.111915E+00 -2.405196E-01  1.366050E-02 -2.118190E-04  9.765623E-07
  7.400000E-01  1.447348E-08  1.000000E+00  1.858222E+00  2.435894E+00  1.612026E+00  1.159910E+00 -2.498017E-01  1.431963E-02 -2.249917E-04  1.052490E-06
  7.420000E-01  1.332546E-08  1.000000E+00  1.763163E+00  2.509523E+00  1.516346E+00  1.241207E+00 -2.657732E-01  1.535412E-02 -2.438230E-04  1.154318E-06
  7.440000E-01  1.179343E-08  1.000000E+00  1.613017E+00  2.491625E+00  1.462408E+00  1.384398E+00 -2.942602E-01  1.710893E-02 -2.740421E-04  1.310291E-06
  7.460000E-01  1.045256E-08  1.000000E+00  1.455533E+00  2.457206E+00  1.347287E+00  1.537667E+00 -3.246341E-01  1.902327E-02 -3.068353E-04  1.478170E-06
  7.480000E-01  9.805159E-09  1.000000E+00  1.311474E+00  2.526149E+00  1.120564E+00  1.619081E+00 -3.388398E-01  1.998419E-02 -3.242277E-04  1.572052E-06
  7.500000E-01  9.443465E-09  1.000000E+00  1.094444E+00  2.688176E+00  8.159622E-01  1.667386E+00 -3.450650E-01  2.044301E-02 -3.331212E-04  1.623145E-06
  7.520000E-01  8.827138E-09  1.000000E+00  7.648621E-01  2.811985E+00  4.961521E-01  1.765885E+00 -3.615493E-01  2.154717E-02 -3.527328E-04  1.726713E-06
  7.540000E-01  7.964749E-09  1.000000E+00  4.043077E-01  2.814203E+00  2.016652E-01  1.942322E+00 -3.930864E-01  2.353990E-02 -3.867792E-04  1.900349E-06
  7.560000E-01  7.275237E-09  1.000000E+00  3.793530E-02  2.764651E+00 -1.466398E-01  2.119058E+00 -4.230935E-01  2.540726E-02 -4.190222E-04  2.067211E-06
  7.580000E-01  7.180352E-09  1.000000E+00 -3.511044E-01  2.807136E+00 -5.653526E-01  2.134163E+00 -4.207921E-01  2.537893E-02 -4.201041E-04  2.079609E-06
  7.600000E-01  7.539792E-09  1.000000E+00 -7.187716E-01  2.930089E+00 -9.160540E-01  2.020746E+00 -3.935585E-01  2.383373E-02 -3.959614E-04  1.966800E-06
  7.620000E-01  7.761305E-09  1.000000E+00 -1.074445E+00  2.999868E+00 -1.217620E+00  1.955302E+00 -3.761002E-01  2.282628E-02 -3.803766E-04  1.894883E-06
  7.640000E-01  7.613731E-09  1.000000E+00 -1.413591E+00  2.954459E+00 -1.543472E+00  1.975899E+00 -3.761523E-01  2.292396E-02 -3.831361E-04  1.912848E-06
  7.660000E-01  7.456018E-09  1.000000E+00 -1.659560E+00  2.853694E+00 -1.820997E+00  1.994793E+00 -3.764857E-01  2.305544E-02 -3.864409E-04  1.932695E-06
  7.680000E-01  7.767490E-09  1.000000E+00 -1.831335E+00  2.814879E+00 -1.967609E+00  1.895063E+00 -3.546077E-01  2.178328E-02 -3.658691E-04  1.831617E-06
  7.700000E-01  8.504022E-09  1.000000E+00 -1.984807E+00  2.851099E+00 -2.014385E+00  1.705240E+00 -3.168990E-01  1.956772E-02 -3.295784E-04  1.651708E-06
  7.720000E-01  9.064441E-09  1.000000E+00 -2.094227E+00  2.874892E+00 -2.051961E+00  1.570826E+00 -2.904591E-01  1.805131E-02 -3.049070E-04  1.529175E-06
  7.740000E-01  9.151155E-09  1.000000E+00 -2.144867E+00  2.825662E+00 -2.137954E+00  1.530421E+00 -2.815725E-01  1.758063E-02 -2.981140E-04  1.498682E-06
  7.760000E-01  9.148053E-09  1.000000E+00 -2.169115E+00  2.727131E+00 -2.231770E+00  1.502179E+00 -2.752192E-01  1.729008E-02 -2.947194E-04  1.487101E-06
  7.780000E-01  9.500441E-09  1.000000E+00 -2.206677E+00  2.671854E+00 -2.235508E+00  1.417192E+00 -2.587143E-01  1.637963E-02 -2.813807E-04  1.429531E-06
  7.800000E-01  1.025606E-08  1.000000E+00 -2.251034E+00  2.684325E+00 -2.153551E+00  1.291642E+00 -2.347217E-01  1.494297E-02 -2.591877E-04  1.330249E-06
  7.820000E-01  1.101840E-08  1.000000E+00 -2.260562E+00  2.695971E+00 -2.089927E+00  1.183185E+00 -2.139697E-01  1.370932E-02 -2.408378E-04  1.253991E-06
  7.840000E-01  1.128774E-08  1.000000E+00 -2.218106E+00  2.662141E+00 -2.098831E+00  1.135138E+00 -2.044376E-01  1.320751E-02 -2.357408E-04  1.250299E-06
  7.860000E-01  1.129466E-08  1.000000E+00 -2.157602E+00  2.591507E+00 -2.131988E+00  1.119736E+00 -2.007008E-01  1.304624E-02 -2.371085E-04  1.285594E-06
  7.880000E-01  1.169566E-08  1.000000E+00 -2.147977E+00  2.536331E+00 -2.106899E+00  1.068145E+00 -1.904615E-01  1.246389E-02 -2.312692E-04  1.286324E-06
  7.900000E-01  1.248654E-08  1.000000E+00 -2.194352E+00  2.536919E+00 -2.031391E+00  9.859424E-01 -1.750139E-01  1.155905E-02 -2.193477E-04  1.253190E-06
  7.920000E-01  1.314589E-08  1.000000E+00 -2.214089E+00  2.558394E+00 -1.974716E+00  9.249066E-01 -1.634555E-01  1.087958E-02 -2.113799E-04  1.242374E-06
  7.940000E-01  1.341494E-08  1.000000E+00 -2.156633E+00  2.544201E+00 -1.966485E+00  8.945408E-01 -1.574579E-01  1.056395E-02 -2.101105E-04  1.269681E-06
  7.960000E-01  1.338607E-08  1.000000E+00 -2.071716E+00  2.491642E+00 -1.986039E+00  8.806962E-01 -1.545883E-01  1.048577E-02 -2.136268E-04  1.326467E-06
  7.980000E-01  1.349454E-08  1.000000E+00 -2.042980E+00  2.445889E+00 -1.977140E+00  8.587921E-01 -1.503708E-01  1.029962E-02 -2.146386E-04  1.367005E-06
  8.000000E-01  1.410788E-08  1.000000E+00 -2.080178E+00  2.439425E+00 -1.913100E+00  8.078928E-01 -1.410123E-01  9.746020E-03 -2.074785E-04  1.353090E-06
