  0.00200  1.10906027E-08  1.89446188E-03  5.17229207E-07  1.13772851E-12  6.89548500E-18
  0.00400  9.42946321E-09  1.84353513E-03  5.28606054E-07  1.16412319E-12  6.46631195E-18
  0.00600  7.21486956E-09  1.79268871E-03  5.39950441E-07  1.17973870E-12  8.91959518E-18
  0.00800  7.99085406E-09  1.74256005E-03  5.51401535E-07  1.20488791E-12  8.77790858E-18
  0.01000  1.09667031E-08  1.69376212E-03  5.62817172E-07  1.22016056E-12  1.04298590E-17
  0.01200  1.23523402E-08  1.64581239E-03  5.74138297E-07  1.24101266E-12  1.14242753E-17
  0.01400  1.04406515E-08  1.59834152E-03  5.85369164E-07  1.25071990E-12  1.22374833E-17
  0.01600  8.10590983E-09  1.55198690E-03  5.96718728E-07  1.26932756E-12  1.33049202E-17
  0.01800  8.90581768E-09  1.50733499E-03  6.08146715E-07  1.27831825E-12  1.50237347E-17
  0.02000  1.20653588E-08  1.46366693E-03  6.19522811E-07  1.28860850E-12  1.58364751E-17
  0.02200  1.35494335E-08  1.41989099E-03  6.30713143E-07  1.29430106E-12  1.86362710E-17
  0.02400  1.17077219E-08  1.37625823E-03  6.41787251E-07  1.29950622E-12  1.89904821E-17
  0.02600  9.40496761E-09  1.33422694E-03  6.52935813E-07  1.30173897E-12  2.06147012E-17
  0.02800  1.02532385E-08  1.29437946E-03  6.64169924E-07  1.30297518E-12  2.24444467E-17
  0.03000  1.35491624E-08  1.25547562E-03  6.75322111E-07  1.30182598E-12  2.46027555E-17
  0.03200  1.52216986E-08  1.21616586E-03  6.86266100E-07  1.29915095E-12  2.65696008E-17
  0.03400  1.34254611E-08  1.17686700E-03  6.97071282E-07  1.29207335E-12  2.86911304E-17
  0.03600  1.10549310E-08  1.13912601E-03  7.07895321E-07  1.28527659E-12  3.06207575E-17
  0.03800  1.19621184E-08  1.10348983E-03  7.18713749E-07  1.27592002E-12  3.29603865E-17
  0.04000  1.56680833E-08  1.06882438E-03  7.29425261E-07  1.26495711E-12  3.51660611E-17
  0.04200  1.79735198E-08  1.03400248E-03  7.39981858E-07  1.25287151E-12  3.68847987E-17
  0.04400  1.65332259E-08  9.99338991E-04  7.50431987E-07  1.23776513E-12  3.97375617E-17
  0.04600  1.41339262E-08  9.65938404E-04  7.60815492E-07  1.22245870E-12  4.30038988E-17
  0.04800  1.50104293E-08  9.34110493E-04  7.71081570E-07  1.20703931E-12  4.60036786E-17
  0.05000  1.91125146E-08  9.03168519E-04  7.81197238E-07  1.19003270E-12  4.92105659E-17
  0.05200  2.19800001E-08  8.72561623E-04  7.91209982E-07  1.16983505E-12  5.14019502E-17
  0.05400  2.07827955E-08  8.42521972E-04  8.01196216E-07  1.14918069E-12  5.36155677E-17
  0.05600  1.81021478E-08  8.13474669E-04  8.11061319E-07  1.12868838E-12  5.79053554E-17
  0.05800  1.86975324E-08  7.85326649E-04  8.20687053E-07  1.10589190E-12  6.26678879E-17
  0.06000  2.30137484E-08  7.57771471E-04  8.30107228E-07  1.08200130E-12  6.52130381E-17
  0.06200  2.64098747E-08  7.30911985E-04  8.39457837E-07  1.05687704E-12  6.76426739E-17
  0.06400  2.54205594E-08  7.05073913E-04  8.48817965E-07  1.03184950E-12  7.30799245E-17
  0.06600  2.24349589E-08  6.80138051E-04  8.58025790E-07  1.00689392E-12  7.76842370E-17
  0.06800  2.26735086E-08  6.55587851E-04  8.66934588E-07  9.79373340E-13  8.00532378E-17
  0.07000  2.70903785E-08  6.31333632E-04  8.75592258E-07  9.52271348E-13  8.44042937E-17
  0.07200  3.10450084E-08  6.07929821E-04  8.84163359E-07  9.25292270E-13  8.91913811E-17
  0.07400  3.03834764E-08  5.85802884E-04  8.92728385E-07  8.95846175E-13  9.29264608E-17
  0.07600  2.70892655E-08  5.64550572E-04  9.01143300E-07  8.68474798E-13  9.88533094E-17
  0.07800  2.67487457E-08  5.43402942E-04  9.09242881E-07  8.41460601E-13  1.02570253E-16
  0.08000  3.09675850E-08  5.22311615E-04  9.17053718E-07  8.12475815E-13  1.07318952E-16
  0.08200  3.52360412E-08  5.02054647E-04  9.24747399E-07  7.85404845E-13  1.13510389E-16
  0.08400  3.48606872E-08  4.83147892E-04  9.32378225E-07  7.56903989E-13  1.16653339E-16
  0.08600  3.13694895E-08  4.65142369E-04  9.39854209E-07  7.30169932E-13  1.23292994E-16
  0.08800  3.04056011E-08  4.47199896E-04  9.47051783E-07  7.05603690E-13  1.28067567E-16
  0.09000  3.44090339E-08  4.29229791E-04  9.53975234E-07  6.79507291E-13  1.34652603E-16
  0.09200  3.91854278E-08  4.11938432E-04  9.60730169E-07  6.56586158E-13  1.40331658E-16
  0.09400  3.95003804E-08  3.95816585E-04  9.67364302E-07  6.32076842E-13  1.44161362E-16
  0.09600  3.60352838E-08  3.80522438E-04  9.73793540E-07  6.11417915E-13  1.51905210E-16
  0.09800  3.45730086E-08  3.65377983E-04  9.79982651E-07  5.90961426E-13  1.56296177E-16
  0.10000  3.83597911E-08  3.50295618E-04  9.85955894E-07  5.72937832E-13  1.65136831E-16
  0.10200  4.36645282E-08  3.35763466E-04  9.91754438E-07  5.56797729E-13  1.69519304E-16
  0.10400  4.47258618E-08  3.22141575E-04  9.97328133E-07  5.42035226E-13  1.76572461E-16
  0.10600  4.14226254E-08  3.09197365E-04  1.00264887E-06  5.29545298E-13  1.81217129E-16
  0.10800  3.94962418E-08  2.96531601E-04  1.00778265E-06  5.19291296E-13  1.89933519E-16
  0.11000  4.30527243E-08  2.84075746E-04  1.01273230E-06  5.10477368E-13  1.94581055E-16
  0.11200  4.88145354E-08  2.72079051E-04  1.01753813E-06  5.06089007E-13  2.04387025E-16
  0.11400  5.05597901E-08  2.60664139E-04  1.02203950E-06  5.02640989E-13  2.08430080E-16
  0.11600  4.76164341E-08  2.49719057E-04  1.02622295E-06  5.04305789E-13  2.20203778E-16
  0.11800  4.49042269E-08  2.39091203E-04  1.03023471E-06  5.06965828E-13  2.23622073E-16
  0.12000  4.79346097E-08  2.28874181E-04  1.03410031E-06  5.13961897E-13  2.34003030E-16
  0.12200  5.38670382E-08  2.19108025E-04  1.03784716E-06  5.23781820E-13  2.38416130E-16
  0.12400  5.65819686E-08  2.09704058E-04  1.04123769E-06  5.37643872E-13  2.47118827E-16
  0.12600  5.35906998E-08  2.00529506E-04  1.04429248E-06  5.54548534E-13  2.55899998E-16
  0.12800  5.05619204E-08  1.91691185E-04  1.04712873E-06  5.76910275E-13  2.63760140E-16
  0.13000  5.27029570E-08  1.83373392E-04  1.04989610E-06  6.01562796E-13  2.74571017E-16
  0.13200  5.88818445E-08  1.75531868E-04  1.05250040E-06  6.32395928E-13  2.78694640E-16
  0.13400  6.21598199E-08  1.67886177E-04  1.05480099E-06  6.65546820E-13  2.88941117E-16
  0.13600  5.95920034E-08  1.60277960E-04  1.05669829E-06  7.04104626E-13  2.94889175E-16
  0.13800  5.59497384E-08  1.52937915E-04  1.05839571E-06  7.48575663E-13  3.05642590E-16
  0.14000  5.72136864E-08  1.46153272E-04  1.05998655E-06  7.96007461E-13  3.14893588E-16
  0.14200  6.31638496E-08  1.39871762E-04  1.06143975E-06  8.51527723E-13  3.22443566E-16
  0.14400  6.69274542E-08  1.33725596E-04  1.06259998E-06  9.09088083E-13  3.32442346E-16
  0.14600  6.46331830E-08  1.27523315E-04  1.06339191E-06  9.73531070E-13  3.38632061E-16
  0.14800  6.04951887E-08  1.21513251E-04  1.06394543E-06  1.04351070E-12  3.50126382E-16
  0.15000  6.07917819E-08  1.16020253E-04  1.06439036E-06  1.11834882E-12  3.58153150E-16
  0.15200  6.63626080E-08  1.11018519E-04  1.06465916E-06  1.20140990E-12  3.66780762E-16
  0.15400  7.07212996E-08  1.06140679E-04  1.06469342E-06  1.28709713E-12  3.76351523E-16
  0.15600  6.90677266E-08  1.01173887E-04  1.06440455E-06  1.38178214E-12  3.83513411E-16
  0.15800  6.45490325E-08  9.63193928E-05  1.06389430E-06  1.48060958E-12  3.95434909E-16
  0.16000  6.41147536E-08  9.18864816E-05  1.06321622E-06  1.58731985E-12  4.04712397E-16
  0.16200  6.91299217E-08  8.78762793E-05  1.06235378E-06  1.70006702E-12  4.11686979E-16
  0.16400  7.40637570E-08  8.40005490E-05  1.06124309E-06  1.81773919E-12  4.23604731E-16
  0.16600  7.32072459E-08  8.00666189E-05  1.05991525E-06  1.94459250E-12  4.29791216E-16
  0.16800  6.85831302E-08  7.62115719E-05  1.05837165E-06  2.07855451E-12  4.40104582E-16
  0.17000  6.72534689E-08  7.26716039E-05  1.05664193E-06  2.21709496E-12  4.50624691E-16
  0.17200  7.17882873E-08  6.94619952E-05  1.05468009E-06  2.36593752E-12  4.57859394E-16
  0.17400  7.71190502E-08  6.63919740E-05  1.05248770E-06  2.51866268E-12  4.70168811E-16
  0.17600  7.70843163E-08  6.33247280E-05  1.05013505E-06  2.67994819E-12  4.80439656E-16
  0.17800  7.26092239E-08  6.03338923E-05  1.04763292E-06  2.85022465E-12  4.85428887E-16
  0.18000  7.04235046E-08  5.75564940E-05  1.04491484E-06  3.02479972E-12  4.97496149E-16
  0.18200  7.42599205E-08  5.49932818E-05  1.04192651E-06  3.20844763E-12  5.07074786E-16
  0.18400  7.99279861E-08  5.25422870E-05  1.03870941E-06  3.40296198E-12  5.13948288E-16
  0.18600  8.07606886E-08  5.01521389E-05  1.03538129E-06  3.60030558E-12  5.25893836E-16
  0.18800  7.64082944E-08  4.78590331E-05  1.03195776E-06  3.80751765E-12  5.35423587E-16
  0.19000  7.34137057E-08  4.57030717E-05  1.02832017E-06  4.02520826E-12  5.42143189E-16
  0.19200  7.65061132E-08  4.36584804E-05  1.02438811E-06  4.24613150E-12  5.54325429E-16
  0.19400  8.21741994E-08  4.16877086E-05  1.02021469E-06  4.47635639E-12  5.63121687E-16
  0.19600  8.36871097E-08  3.98171116E-05  1.01595587E-06  4.71842933E-12  5.69901747E-16
  0.19800  7.97391323E-08  3.80844557E-05  1.01164005E-06  4.96472164E-12  5.82567596E-16
  0.20000  7.60777617E-08  3.64512758E-05  1.00715155E-06  5.21921606E-12  5.90993381E-16
  0.20200  7.81257266E-08  3.48452406E-05  1.00235644E-06  5.48758527E-12  5.96550450E-16
  0.20400  8.37933352E-08  3.32684974E-05  9.97325538E-07  5.75825299E-12  6.08225329E-16
  0.20600  8.61023810E-08  3.18061359E-05  9.92212562E-07  6.03729062E-12  6.18863787E-16
  0.20800  8.24842135E-08  3.05048519E-05  9.87078356E-07  6.32862526E-12  6.23519747E-16
  0.21000  7.81362309E-08  2.92890245E-05  9.81793206E-07  6.62572556E-12  6.34735731E-16
  0.21200  7.92503208E-08  2.80458637E-05  9.76234373E-07  6.92878033E-12  6.46063421E-16
  0.21400  8.45466087E-08  2.67818424E-05  9.70446268E-07  7.24562716E-12  6.50303013E-16
  0.21600  8.72962384E-08  2.56222555E-05  9.64566134E-07  7.56934883E-12  6.58172656E-16
  0.21800  8.41144744E-08  2.46359534E-05  9.58668458E-07  7.89670974E-12  6.69739234E-16
  0.22000  7.93529361E-08  2.37327008E-05  9.52660281E-07  8.23760108E-12  6.75806388E-16
  0.22200  7.93123303E-08  2.27796905E-05  9.46421747E-07  8.58832113E-12  6.81675202E-16
  0.22400  8.40275831E-08  2.17779791E-05  9.39973194E-07  8.94217308E-12  6.93739655E-16
  0.22600  8.72529909E-08  2.08582265E-05  9.33437806E-07  9.30367176E-12  7.02359798E-16
  0.22800  8.46101030E-08  2.01045322E-05  9.26867782E-07  9.67982277E-12  7.06048428E-16
  0.23000  7.95386864E-08  1.94408861E-05  9.20200981E-07  1.00605845E-11  7.13617583E-16
  0.23200  7.84966535E-08  1.87298583E-05  9.13367695E-07  1.04445314E-11  7.24324128E-16
  0.23400  8.26904664E-08  1.79546687E-05  9.06372954E-07  1.08435934E-11  7.29977745E-16
  0.23600  8.63797142E-08  1.72332932E-05  8.99293572E-07  1.12532455E-11  7.34014064E-16
  0.23800  8.45729021E-08  1.66554053E-05  8.92155784E-07  1.16629474E-11  7.43280942E-16
  0.24000  7.94824712E-08  1.61627168E-05  8.84935307E-07  1.20800852E-11  7.51954363E-16
  0.24200  7.76578010E-08  1.56337566E-05  8.77594050E-07  1.25140938E-11  7.54778224E-16
  0.24400  8.12678330E-08  1.50425381E-05  8.70152866E-07  1.29501723E-11  7.59256041E-16
  0.24600  8.53349438E-08  1.44808810E-05  8.62637371E-07  1.33883180E-11  7.70146364E-16
  0.24800  8.43771878E-08  1.40262874E-05  8.55039740E-07  1.38405299E-11  7.76181653E-16
  0.25000  7.95156836E-08  1.36443641E-05  8.47347424E-07  1.43030358E-11  7.76801403E-16
  0.25200  7.70248948E-08  1.32456882E-05  8.39574575E-07  1.47683794E-11  7.83734749E-16
  0.25400  7.99875307E-08  1.28024702E-05  8.31766260E-07  1.52371967E-11  7.93214865E-16
  0.25600  8.43305608E-08  1.23739445E-05  8.23914347E-07  1.57183029E-11  7.95663800E-16
  0.25800  8.42582216E-08  1.20174059E-05  8.15966576E-07  1.62108629E-11  7.96524208E-16
  0.26000  7.97345089E-08  1.17162720E-05  8.07909669E-07  1.67033876E-11  8.03209186E-16
  0.26200  7.65560613E-08  1.14133070E-05  7.99802674E-07  1.71981038E-11  8.11068620E-16
  0.26400  7.86822619E-08  1.10899073E-05  7.91709125E-07  1.77090773E-11  8.14169613E-16
  0.26600  8.30757677E-08  1.07785613E-05  7.83609039E-07  1.82289163E-11  8.13694661E-16
  0.26800  8.37363764E-08  1.05071344E-05  7.75414837E-07  1.87445939E-11  8.18976012E-16
  0.27000  7.95756937E-08  1.02631591E-05  7.67099521E-07  1.92666628E-11  8.26795277E-16
  0.27200  7.58166703E-08  1.00220872E-05  7.58746960E-07  1.98014487E-11  8.26421630E-16
  0.27400  7.70718199E-08  9.78505221E-06  7.50450638E-07  2.03447607E-11  8.25528089E-16
  0.27600  8.13081258E-08  9.56597466E-06  7.42182918E-07  2.08879993E-11  8.31054731E-16
  0.27800  8.25915270E-08  9.36048932E-06  7.33837286E-07  2.14309195E-11  8.36285493E-16
  0.28000  7.88613325E-08  9.15245796E-06  7.25366069E-07  2.19888969E-11  8.37352371E-16
  0.28200  7.46145490E-08  8.94560338E-06  7.16854913E-07  2.25547491E-11  8.34775317E-16
  0.28400  7.49674583E-08  8.76480950E-06  7.08420503E-07  2.31158924E-11  8.36810478E-16
  0.28600  7.89221940E-08  8.61531969E-06  7.00050044E-07  2.36809862E-11  8.43267331E-16
  0.28800  8.07644872E-08  8.46523236E-06  6.91629052E-07  2.42551998E-11  8.42887393E-16
  0.29000  7.75848153E-08  8.28819119E-06  6.83092136E-07  2.48410660E-11  8.38989035E-16
  0.29200  7.30569499E-08  8.10566921E-06  6.74517732E-07  2.54263308E-11  8.39647828E-16
  0.29400  7.25672026E-08  7.96417241E-06  6.66027903E-07  2.60062252E-11  8.43114942E-16
  0.29600  7.60853428E-08  7.86937458E-06  6.57626062E-07  2.65971825E-11  8.45531033E-16
  0.29800  7.83332746E-08  7.77029492E-06  6.49205868E-07  2.71995868E-11  8.40707177E-16
  0.30000  7.57189199E-08  7.62569464E-06  6.40693994E-07  2.78009492E-11  8.37206520E-16
  0.30200  7.10315580E-08  7.46303015E-06  6.32153639E-07  2.83988520E-11  8.39946466E-16
  0.30400  6.97081012E-08  7.34547537E-06  6.23691366E-07  2.89964878E-11  8.41255894E-16
  0.30600  7.26471429E-08  7.28605071E-06  6.15325042E-07  2.96073016E-11  8.37888764E-16
  0.30800  7.51695047E-08  7.22484443E-06  6.06965043E-07  3.02253646E-11  8.31594400E-16
  0.31000  7.31854732E-08  7.10700678E-06  5.98551900E-07  3.08368337E-11  8.29326716E-16
  0.31200  6.85261572E-08  6.95718698E-06  5.90122887E-07  3.14448191E-11  8.32213097E-16
  0.31400  6.64608563E-08  6.84834214E-06  5.81762378E-07  3.20588101E-11  8.30162267E-16
  0.31600  6.87975352E-08  6.80434695E-06  5.73491897E-07  3.26835677E-11  8.23379173E-16
  0.31800  7.15220371E-08  6.76617765E-06  5.65250932E-07  3.33099335E-11  8.17083167E-16
  0.32000  7.02248880E-08  6.67060193E-06  5.56995063E-07  3.39247702E-11  8.15736390E-16
  0.32200  6.57939720E-08  6.53412154E-06  5.48747947E-07  3.45411079E-11  8.16729283E-16
  0.32400  6.31570105E-08  6.43035478E-06  5.40563110E-07  3.51645966E-11  8.11444894E-16
  0.32600  6.48557936E-08  6.39208299E-06  5.32451056E-07  3.57945353E-11  8.02670251E-16
  0.32800  6.77291761E-08  6.36860548E-06  5.24380091E-07  3.64215114E-11  7.96331253E-16
  0.33000  6.71768222E-08  6.29526022E-06  5.16335043E-07  3.70373573E-11  7.93880559E-16
  0.33200  6.31396410E-08  6.17816335E-06  5.08330043E-07  3.76569543E-11  7.92847769E-16
  0.33400  6.00689944E-08  6.08234824E-06  5.00387414E-07  3.82838632E-11  7.85575969E-16
  0.33600  6.11452555E-08  6.04439005E-06  4.92498670E-07  3.89153694E-11  7.76026038E-16
  0.33800  6.40918829E-08  6.02586576E-06  4.84654134E-07  3.95394729E-11  7.69394294E-16
  0.34000  6.42750860E-08  5.96853092E-06  4.76864903E-07  4.01512422E-11  7.66521055E-16
  0.34200  6.07400681E-08  5.87011643E-06  4.69148008E-07  4.07668692E-11  7.63801542E-16
  0.34400  5.73996851E-08  5.78136804E-06  4.61499690E-07  4.13853694E-11  7.54245907E-16
  0.34600  5.78759373E-08  5.73603126E-06  4.53887025E-07  4.20097824E-11  7.43848623E-16
  0.34800  6.07792497E-08  5.70888351E-06  4.46311408E-07  4.26232448E-11  7.34792966E-16
  0.35000  6.16163906E-08  5.65554358E-06  4.38809372E-07  4.32247076E-11  7.30313513E-16
  0.35200  5.86207965E-08  5.57070124E-06  4.31409518E-07  4.38288485E-11  7.26619973E-16
  0.35400  5.51036342E-08  5.48839411E-06  4.24086625E-07  4.44382804E-11  7.16767413E-16
  0.35600  5.49559640E-08  5.43289441E-06  4.16792588E-07  4.50523792E-11  7.05262830E-16
  0.35800  5.76822824E-08  5.38967568E-06  4.09523344E-07  4.56558637E-11  6.95050811E-16
  0.36000  5.90140453E-08  5.33260984E-06  4.02337203E-07  4.62456575E-11  6.89543119E-16
  0.36200  5.65936126E-08  5.25927960E-06  3.95279237E-07  4.68303668E-11  6.84112828E-16
  0.36400  5.29337109E-08  5.18779422E-06  3.88316399E-07  4.74182566E-11  6.74905427E-16
  0.36600  5.21550459E-08  5.12726636E-06  3.81378007E-07  4.80133946E-11  6.62868379E-16
  0.36800  5.45195325E-08  5.06871091E-06  3.74456174E-07  4.85981913E-11  6.50069099E-16
  0.37000  5.61768783E-08  5.00469039E-06  3.67616348E-07  4.91711623E-11  6.42878112E-16
  0.37200  5.42372071E-08  4.94083249E-06  3.60916264E-07  4.97336842E-11  6.36867041E-16
  0.37400  5.05488144E-08  4.88276947E-06  3.54325822E-07  5.02973994E-11  6.28543966E-16
  0.37600  4.91808744E-08  4.82213336E-06  3.47768886E-07  5.08670631E-11  6.15769276E-16
  0.37800  5.11145018E-08  4.74940408E-06  3.41221895E-07  5.14322230E-11  6.01556654E-16
  0.38000  5.30017442E-08  4.67309118E-06  3.34750947E-07  5.19860212E-11  5.90825788E-16
  0.38200  5.16190211E-08  4.61091681E-06  3.28423844E-07  5.25209506E-11  5.82556722E-16
  0.38400  4.80604355E-08  4.56195037E-06  3.22217716E-07  5.30529122E-11  5.75986586E-16
  0.38600  4.62182144E-08  4.50155779E-06  3.16054548E-07  5.35857945E-11  5.64884717E-16
  0.38800  4.76910631E-08  4.41512468E-06  3.09902834E-07  5.41209286E-11  5.51185464E-16
  0.39000  4.97172590E-08  4.32229023E-06  3.03818126E-07  5.46499940E-11  5.37834334E-16
  0.39200  4.88742591E-08  4.25410292E-06  2.97868964E-07  5.51598111E-11  5.27469321E-16
  0.39400  4.55174602E-08  4.20892845E-06  2.92044772E-07  5.56586418E-11  5.19901774E-16
  0.39600  4.32846707E-08  4.15034304E-06  2.86276127E-07  5.61498150E-11  5.09974447E-16
  0.39800  4.42495102E-08  4.05571393E-06  2.80527404E-07  5.66471467E-11  4.97636216E-16
  0.40000  4.63152092E-08  3.94960746E-06  2.74841240E-07  5.71413918E-11  4.82003769E-16
  0.40200  4.59717930E-08  3.87398804E-06  2.69278989E-07  5.76263182E-11  4.68855650E-16
  0.40400  4.29199692E-08  3.83088782E-06  2.63840633E-07  5.80923253E-11  4.58685611E-16
  0.40600  4.03831838E-08  3.77787445E-06  2.58469328E-07  5.85448177E-11  4.51111341E-16
  0.40800  4.08466364E-08  3.68379084E-06  2.53130725E-07  5.89950473E-11  4.41912239E-16
  0.41000  4.28451581E-08  3.57218200E-06  2.47853581E-07  5.94457652E-11  4.29129468E-16
  0.41200  4.29502069E-08  3.49085646E-06  2.42684935E-07  5.98969691E-11  4.14974194E-16
  0.41400  4.02657304E-08  3.44797434E-06  2.37629798E-07  6.03306378E-11  4.00932985E-16
  0.41600  3.75417134E-08  3.40063093E-06  2.32648719E-07  6.07475298E-11  3.90846195E-16
  0.41800  3.75282021E-08  3.31175862E-06  2.27714991E-07  6.11465596E-11  3.81471878E-16
  0.42000  3.94170250E-08  3.19964384E-06  2.22844819E-07  6.15422865E-11  3.71819627E-16
  0.42200  3.99590354E-08  3.11277355E-06  2.18070380E-07  6.19391413E-11  3.58736199E-16
  0.42400  3.77460166E-08  3.06536623E-06  2.13394072E-07  6.23350191E-11  3.44538045E-16
  0.42600  3.49861347E-08  3.01907827E-06  2.08793502E-07  6.27197487E-11  3.30937158E-16
  0.42800  3.45660237E-08  2.93513287E-06  2.04252442E-07  6.30851064E-11  3.20105479E-16
  0.43000  3.63101221E-08  2.82511276E-06  1.99780841E-07  6.34363212E-11  3.11583434E-16
  0.43200  3.72498408E-08  2.73353712E-06  1.95393015E-07  6.37753630E-11  3.02314451E-16
  0.43400  3.55468402E-08  2.67859500E-06  1.91086628E-07  6.41145734E-11  2.91508533E-16
  0.43600  3.28346640E-08  2.62992365E-06  1.86852249E-07  6.44482535E-11  2.77823145E-16
  0.43800  3.20580377E-08  2.55155521E-06  1.82689189E-07  6.47764705E-11  2.64860968E-16
  0.44000  3.36011992E-08  2.44838703E-06  1.78604006E-07  6.50854315E-11  2.53093502E-16
  0.44200  3.48371327E-08  2.35720283E-06  1.74594801E-07  6.53763189E-11  2.44273689E-16
  0.44400  3.36198396E-08  2.29674191E-06  1.70650377E-07  6.56525492E-11  2.35663433E-16
  0.44600  3.10259439E-08  2.24613942E-06  1.66769098E-07  6.59246983E-11  2.26230426E-16
  0.44800  2.99167952E-08  2.17547346E-06  1.62965536E-07  6.61980286E-11  2.14562536E-16
  0.45000  3.11836047E-08  2.08487365E-06  1.59248766E-07  6.64676619E-11  2.02085004E-16
  0.45200  3.26196790E-08  2.00043645E-06  1.55605435E-07  6.67267261E-11  1.90694802E-16
  0.45400  3.18407043E-08  1.93816426E-06  1.52012930E-07  6.69624548E-11  1.81261868E-16
  0.45600  2.94039091E-08  1.88555496E-06  1.48472140E-07  6.71817063E-11  1.73791346E-16
  0.45800  2.80154396E-08  1.82180612E-06  1.45010085E-07  6.73858742E-11  1.65937936E-16
  0.46000  2.89738293E-08  1.74499123E-06  1.41642236E-07  6.75910687E-11  1.57338717E-16
  0.46200  3.04870234E-08  1.67065046E-06  1.38348352E-07  6.77917657E-11  1.46709654E-16
  0.46400  3.00851880E-08  1.60879597E-06  1.35095359E-07  6.79883862E-11  1.36213809E-16
  0.46600  2.78153132E-08  1.55289429E-06  1.31881968E-07  6.81666685E-11  1.26303179E-16
  0.46800  2.61607422E-08  1.49222805E-06  1.28740568E-07  6.83276380E-11  1.18763505E-16
  0.47000  2.67488496E-08  1.42633156E-06  1.25694910E-07  6.84695318E-11  1.11900132E-16
  0.47200  2.82394657E-08  1.36249717E-06  1.22724643E-07  6.86034294E-11  1.05460382E-16
  0.47400  2.81320761E-08  1.30335132E-06  1.19790213E-07  6.87341467E-11  9.76986415E-17
  0.47600  2.60535919E-08  1.24517410E-06  1.16884856E-07  6.88632016E-11  8.92222717E-17
  0.47800  2.42069646E-08  1.18599474E-06  1.14044131E-07  6.89872731E-11  8.04791033E-17
  0.48000  2.44273992E-08  1.12912187E-06  1.11297934E-07  6.90955881E-11  7.27670356E-17
  0.48200  2.58137699E-08  1.07621694E-06  1.08628637E-07  6.91858721E-11  6.65375486E-17
  0.48400  2.59630976E-08  1.02315428E-06  1.05993235E-07  6.92547794E-11  6.13826545E-17
  0.48600  2.41338617E-08  9.66549338E-07  1.03379928E-07  6.93138992E-11  5.64727452E-17
  0.48800  2.21691637E-08  9.10818652E-07  1.00822686E-07  6.93651402E-11  5.09189622E-17
  0.49000  2.20527721E-08  8.63209945E-07  9.83538768E-08  6.94199297E-11  4.49830496E-17
  0.49200  2.32986928E-08  8.22443476E-07  9.59618799E-08  6.94673522E-11  3.88073838E-17
  0.49400  2.36723255E-08  7.78960873E-07  9.36051488E-08  6.95073681E-11  3.35257815E-17
  0.49600  2.21247782E-08  7.27899110E-07  9.12660806E-08  6.95264122E-11  2.91314068E-17
  0.49800  2.01388496E-08  6.77315637E-07  8.89732051E-08  6.95291730E-11  2.58198089E-17
  0.50000  1.97320270E-08  6.38013589E-07  8.67605277E-08  6.95144506E-11  2.26178169E-17
  0.50200  2.08277909E-08  6.08422838E-07  8.46221647E-08  6.94953433E-11  1.94672404E-17
  0.50400  2.14049947E-08  5.75502549E-07  8.25214394E-08  6.94716192E-11  1.59149981E-17
  0.50600  2.01818599E-08  5.32220154E-07  8.04387271E-08  6.94492686E-11  1.26827081E-17
  0.50800  1.82548156E-08  4.87310124E-07  7.83945649E-08  6.94188814E-11  9.91906036E-18
  0.51000  1.76103904E-08  4.54009387E-07  7.64191804E-08  6.93761677E-11  8.18061989E-18
  0.51200  1.85332458E-08  4.32005723E-07  7.45117371E-08  6.93131775E-11  7.06731434E-18
  0.51400  1.92725037E-08  4.07801302E-07  7.26426709E-08  6.92341856E-11  6.48894978E-18
  0.51600  1.83681777E-08  3.72620555E-07  7.07932276E-08  6.91418154E-11  5.78783069E-18
  0.51800  1.65437036E-08  3.34168168E-07  6.89764784E-08  6.90451302E-11  5.20195466E-18
  0.52000  1.57051587E-08  3.05880532E-07  6.72173599E-08  6.89461228E-11  4.64244592E-18
  0.52200  1.64344038E-08  2.89203167E-07  6.55179498E-08  6.88474219E-11  4.84411651E-18
  0.52400  1.72756750E-08  2.71899599E-07  6.38574013E-08  6.87346425E-11  5.78198650E-18
  0.52600  1.66728074E-08  2.44912978E-07  6.22192573E-08  6.86141227E-11  7.26501545E-18
  0.52800  1.50008420E-08  2.13822636E-07  6.06114148E-08  6.84749126E-11  9.18653243E-18
  0.53000  1.40163911E-08  1.90832171E-07  5.90507802E-08  6.83191519E-11  1.11862165E-17
  0.53200  1.45525190E-08  1.78487641E-07  5.75399784E-08  6.81540659E-11  1.29914619E-17
  0.53400  1.54634358E-08  1.67225603E-07  5.60662738E-08  6.79843639E-11  1.50149794E-17
  0.53600  1.51522090E-08  1.48646750E-07  5.46191634E-08  6.78176654E-11  1.75718825E-17
  0.53800  1.36653774E-08  1.25987107E-07  5.32024329E-08  6.76489692E-11  2.12567643E-17
  0.54000  1.25743692E-08  1.08716206E-07  5.18247034E-08  6.74752008E-11  2.58327078E-17
  0.54200  1.29160776E-08  9.98943908E-08  5.04866552E-08  6.72860875E-11  3.12629765E-17
  0.54400  1.38449967E-08  9.30717976E-08  4.91817980E-08  6.70804809E-11  3.66300454E-17
  0.54600  1.37924520E-08  8.15825509E-08  4.79064479E-08  6.68561702E-11  4.18402354E-17
  0.54800  1.25141871E-08  6.67700816E-08  4.66626552E-08  6.66229608E-11  4.65709541E-17
  0.55000  1.13637449E-08  5.50431776E-08  4.54523490E-08  6.63822924E-11  5.16411362E-17
  0.55200  1.15072825E-08  4.90855978E-08  4.42720978E-08  6.61435883E-11  5.73127798E-17
  0.55400  1.24060795E-08  4.50876509E-08  4.31188320E-08  6.59038878E-11  6.44963749E-17
  0.55600  1.25597505E-08  3.85146468E-08  4.19954734E-08  6.56660815E-11  7.29375345E-17
  0.55800  1.14754386E-08  2.97375971E-08  4.09052882E-08  6.54196949E-11  8.25625666E-17
  0.56000  1.02880813E-08  2.25425539E-08  3.98440932E-08  6.51631210E-11  9.21412830E-17
  0.56200  1.02420148E-08  1.87187851E-08  3.88040310E-08  6.48876243E-11  1.01598484E-16
  0.56400  1.10738569E-08  1.63388594E-08  3.77845428E-08  6.45991129E-11  1.09965058E-16
  0.56600  1.13896420E-08  1.29809166E-08  3.67944220E-08  6.42989144E-11  1.18436873E-16
  0.56800  1.05081791E-08  8.75488699E-09  3.58394986E-08  6.39970172E-11  1.26811504E-16
  0.57000  9.32618566E-09  5.39457826E-09  3.49122807E-08  6.36942529E-11  1.36740767E-16
  0.57200  9.11161418E-09  3.60801965E-09  3.40001495E-08  6.33943441E-11  1.47996403E-16
  0.57400  9.83788444E-09  2.54615726E-09  3.31017558E-08  6.30906212E-11  1.60949538E-16
  0.57600  1.02547325E-08  1.41390336E-09  3.22294161E-08  6.27824637E-11  1.74230966E-16
  0.57800  9.54657401E-09  4.18546617E-10  3.13923614E-08  6.24619739E-11  1.87692279E-16
  0.58000  8.38465922E-09  1.38077741E-11  3.05823412E-08  6.21312404E-11  1.99795608E-16
  0.58200  8.01107168E-09  1.03713782E-10  2.97831978E-08  6.17858685E-11  2.11256096E-16
  0.58400  8.60489401E-09  3.91469634E-10  2.89919019E-08  6.14345244E-11  2.21884063E-16
  0.58600  9.07978814E-09  9.25270295E-10  2.82236201E-08  6.10773367E-11  2.33549570E-16
  0.58800  8.53778908E-09  1.87816208E-09  2.74906939E-08  6.07247415E-11  2.46255703E-16
  0.59000  7.42998504E-09  3.11613095E-09  2.67855490E-08  6.03727625E-11  2.61313090E-16
  0.59200  6.93444169E-09  4.41046142E-09  2.60896054E-08  6.00227702E-11  2.77583850E-16
  0.59400  7.38892754E-09  5.81871428E-09  2.53971704E-08  5.96668058E-11  2.95023822E-16
  0.59600  7.88859598E-09  7.47738695E-09  2.47227686E-08  5.93038110E-11  3.11541862E-16
  0.59800  7.49773240E-09  9.19974348E-09  2.40811356E-08  5.89283047E-11  3.26966629E-16
  0.60000  6.47824507E-09  1.07313801E-08  2.34668551E-08  5.85439807E-11  3.40559543E-16
  0.60200  5.89304785E-09  1.23303464E-08  2.28609357E-08  5.81496101E-11  3.53609169E-16
  0.60400  6.21009876E-09  1.44735985E-08  2.22554103E-08  5.77523325E-11  3.66731034E-16
  0.60600  6.71467465E-09  1.69300536E-08  2.16633194E-08  5.73537450E-11  3.81757936E-16
  0.60800  6.47881884E-09  1.87876626E-08  2.11007280E-08  5.69598281E-11  3.99279236E-16
  0.61000  5.57372894E-09  1.97884981E-08  2.05650714E-08  5.65667209E-11  4.19875781E-16
  0.61200  4.94058667E-09  2.10655559E-08  2.00379531E-08  5.61744053E-11  4.42283477E-16
  0.61400  5.13909721E-09  2.37549991E-08  1.95096467E-08  5.57767902E-11  4.65457771E-16
  0.61600  5.64055665E-09  2.71324068E-08  1.89904710E-08  5.53732877E-11  4.87603039E-16
  0.61800  5.55607594E-09  2.91706162E-08  1.84961413E-08  5.49607010E-11  5.07822912E-16
  0.62000  4.79564687E-09  2.93424739E-08  1.80267404E-08  5.45396501E-11  5.26108660E-16
  0.62200  4.15134306E-09  2.97491286E-08  1.75667207E-08  5.41133621E-11  5.42927372E-16
  0.62400  4.24634467E-09  3.25205165E-08  1.71056026E-08  5.36860425E-11  5.60104342E-16
  0.62600  4.73695849E-09  3.66073348E-08  1.66507658E-08  5.32608932E-11  5.78865957E-16
  0.62800  4.79470616E-09  3.87811433E-08  1.62165645E-08  5.28383165E-11  6.00954276E-16
  0.63000  4.18517060E-09  3.79501847E-08  1.58050043E-08  5.24193989E-11  6.25703443E-16
  0.63200  3.54950998E-09  3.70579323E-08  1.54037665E-08  5.20003469E-11  6.53131495E-16
  0.63400  3.54690990E-09  3.93276438E-08  1.50026823E-08  5.15793644E-11  6.80619451E-16
  0.63600  4.00596004E-09  4.36976834E-08  1.46061024E-08  5.11516285E-11  7.07709689E-16
  0.63800  4.17411078E-09  4.58123214E-08  1.42257078E-08  5.07172726E-11  7.31665443E-16
  0.64000  3.70402272E-09  4.38657465E-08  1.38645122E-08  5.02740477E-11  7.53217296E-16
  0.64200  3.08727448E-09  4.12782162E-08  1.35135071E-08  4.98272815E-11  7.71354408E-16
  0.64400  2.99300774E-09  4.22879197E-08  1.31642117E-08  4.93775669E-11  7.89467815E-16
  0.64600  3.40129303E-09  4.61100145E-08  1.28189292E-08  4.89327599E-11  8.07516745E-16
  0.64800  3.64891450E-09  4.78616432E-08  1.24861990E-08  4.84907580E-11  8.28771079E-16
  0.65000  3.30747536E-09  4.50828810E-08  1.21688661E-08  4.80555781E-11  8.51851525E-16
  0.65200  2.72322446E-09  4.11729883E-08  1.18612842E-08  4.76213968E-11  8.78768649E-16
  0.65400  2.55116130E-09  4.08698247E-08  1.15571820E-08  4.71902594E-11  9.06121285E-16
  0.65600  2.89618611E-09  4.39752540E-08  1.12575530E-08  4.67545067E-11  9.34197476E-16
  0.65800  3.19991849E-09  4.56231629E-08  1.09673625E-08  4.63157281E-11  9.59027573E-16
  0.66000  2.97968164E-09  4.28196789E-08  1.06885043E-08  4.58681926E-11  9.81593177E-16
  0.66200  2.44417529E-09  3.83511070E-08  1.04178180E-08  4.54162209E-11  9.99885036E-16
  0.66400  2.21006508E-09  3.70063748E-08  1.01518593E-08  4.49592517E-11  1.01636837E-15
  0.66600  2.48870304E-09  3.92684808E-08  9.89106633E-09  4.45041936E-11  1.03154282E-15
  0.66800  2.82507003E-09  4.08822304E-08  9.63780662E-09  4.40515320E-11  1.04857569E-15
  0.67000  2.70550712E-09  3.85974644E-08  9.39219491E-09  4.36048123E-11  1.06849428E-15
  0.67200  2.22167484E-09  3.43182310E-08  9.15257986E-09  4.31627898E-11  1.09254278E-15
  0.67400  1.93721630E-09  3.24039801E-08  8.91852993E-09  4.27262178E-11  1.12078396E-15
  0.67600  2.14311132E-09  3.39246620E-08  8.69112010E-09  4.22931013E-11  1.15172720E-15
  0.67800  2.48860873E-09  3.55205558E-08  8.47034602E-09  4.18604799E-11  1.18403638E-15
  0.68000  2.45348916E-09  3.39519917E-08  8.25427011E-09  4.14248997E-11  1.21480337E-15
  0.68200  2.02691608E-09  3.02390561E-08  8.04189217E-09  4.09842149E-11  1.24364441E-15
  0.68400  1.70860146E-09  2.79870098E-08  7.83521081E-09  4.05405717E-11  1.26850122E-15
  0.68600  1.84427240E-09  2.85862662E-08  7.63653902E-09  4.00931556E-11  1.29149531E-15
  0.68800  2.18231881E-09  2.96090178E-08  7.44440597E-09  3.96470651E-11  1.31198446E-15
  0.69000  2.21647581E-09  2.83093528E-08  7.25492041E-09  3.92013808E-11  1.33443792E-15
  0.69200  1.84854748E-09  2.51134656E-08  7.06689376E-09  3.87617708E-11  1.35816401E-15
  0.69400  1.50660415E-09  2.27265221E-08  6.88410428E-09  3.83260664E-11  1.38719237E-15
  0.69600  1.57214646E-09  2.24164337E-08  6.71028999E-09  3.78984939E-11  1.41957567E-15
  0.69800  1.88581336E-09  2.26619499E-08  6.54367462E-09  3.74743486E-11  1.45711680E-15
  0.70000  1.97057645E-09  2.14843866E-08  6.37847067E-09  3.70549627E-11  1.49561365E-15
  0.70200  1.66089110E-09  1.90012126E-08  6.21249093E-09  3.66342157E-11  1.53506391E-15
  0.70400  1.31031354E-09  1.68954719E-08  6.05048786E-09  3.62126442E-11  1.57188353E-15
  0.70600  1.31268112E-09  1.60403541E-08  5.89782730E-09  3.57880563E-11  1.60540650E-15
  0.70800  1.59120902E-09  1.56125208E-08  5.75284844E-09  3.53622891E-11  1.63381458E-15
  0.71000  1.71428556E-09  1.45036487E-08  5.60860063E-09  3.49342853E-11  1.65741585E-15
  0.71200  1.46823798E-09  1.27643452E-08  5.46181097E-09  3.45062609E-11  1.67817790E-15
  0.71400  1.12606502E-09  1.12153061E-08  5.31754412E-09  3.40804570E-11  1.69698980E-15
  0.71600  1.07372132E-09  1.02473758E-08  5.18243452E-09  3.36585652E-11  1.71686166E-15
  0.71800  1.31135676E-09  9.48198518E-09  5.05559939E-09  3.32436774E-11  1.73737110E-15
  0.72000  1.46549875E-09  8.55486378E-09  4.92969625E-09  3.28341272E-11  1.76195065E-15
  0.72200  1.28606185E-09  7.57150783E-09  4.80035717E-09  3.24314996E-11  1.78795907E-15
  0.72400  9.65044142E-10  6.76973311E-09  4.67200330E-09  3.20313894E-11  1.81670457E-15
  0.72600  8.68669039E-10  6.07465451E-09  4.55187456E-09  3.16355171E-11  1.84378049E-15
  0.72800  1.06186607E-09  5.30888198E-09  4.44037132E-09  3.12391555E-11  1.87018382E-15
  0.73000  1.23678849E-09  4.55476376E-09  4.33022232E-09  3.08440270E-11  1.89163175E-15
  0.73200  1.12270731E-09  4.05426493E-09  4.21607562E-09  3.04454461E-11  1.90948800E-15
  0.73400  8.32416577E-10  3.77032701E-09  4.10140816E-09  3.00459452E-11  1.92190285E-15
  0.73600  7.01318153E-10  3.34746706E-09  3.99376962E-09  2.96455216E-11  1.93100764E-15
  0.73800  8.48668810E-10  2.63625306E-09  3.89472772E-09  2.92471501E-11  1.93771490E-15
  0.74000  1.03629110E-09  1.95176400E-09  3.79782527E-09  2.88514098E-11  1.94408127E-15
  0.74200  9.87929874E-10  1.65573365E-09  3.69727499E-09  2.84604606E-11  1.95316915E-15
  0.74400  7.40551347E-10  1.61654147E-09  3.59548077E-09  2.80762973E-11  1.96534216E-15
  0.74600  5.84699806E-10  1.39436519E-09  3.49950731E-09  2.76987265E-11  1.98293590E-15
  0.74800  6.87059795E-10  8.71032024E-10  3.41168470E-09  2.73289486E-11  2.00425145E-15
  0.75000  8.84501519E-10  4.07405815E-10  3.32677558E-09  2.69640857E-11  2.03136271E-15
  0.75200  9.01532002E-10  2.92864627E-10  3.23900574E-09  2.66053796E-11  2.06042331E-15
  0.75400  7.01612249E-10  3.44912205E-10  3.14943887E-09  2.62482817E-11  2.09209161E-15
  0.75600  5.27650079E-10  2.42786616E-10  3.06412122E-09  2.58937599E-11  2.12209710E-15
  0.75800  5.87669887E-10  4.09865287E-11  2.98603441E-09  2.55379086E-11  2.15186418E-15
  0.76000  7.88917970E-10  2.81593193E-11  2.91126766E-09  2.51827623E-11  2.17862529E-15
  0.76200  8.61245022E-10  1.91707893E-10  2.83448722E-09  2.48257586E-11  2.20388572E-15
  0.76400  7.04869616E-10  2.28118751E-10  2.75573306E-09  2.44695370E-11  2.22735774E-15
  0.76600  5.17614011E-10  1.32263747E-10  2.67996887E-09  2.41152927E-11  2.25069651E-15
  0.76800  5.37157156E-10  3.22296058E-10  2.61029112E-09  2.37643561E-11  2.27585465E-15
  0.77000  7.32473087E-10  9.40330835E-10  2.54401470E-09  2.34186316E-11  2.30258026E-15
  0.77200  8.46190723E-10  1.44269819E-09  2.47666877E-09  2.30781528E-11  2.33436643E-15
  0.77400  7.27863864E-10  1.34860155E-09  2.40775700E-09  2.27461804E-11  2.36871268E-15
  0.77600  5.30932001E-10  1.10165645E-09  2.34083604E-09  2.24204234E-11  2.40810084E-15
  0.77800  5.11010456E-10  1.56752554E-09  2.27846710E-09  2.21017619E-11  2.44848506E-15
  0.78000  6.90856873E-10  2.69899053E-09  2.21915801E-09  2.17863220E-11  2.49153146E-15
  0.78200  8.32241267E-10  3.41293790E-09  2.15960864E-09  2.14754952E-11  2.53258086E-15
  0.78400  7.47418717E-10  3.07583587E-09  2.09903410E-09  2.11658045E-11  2.57103523E-15
  0.78600  5.45789810E-10  2.52085033E-09  2.03973195E-09  2.08569275E-11  2.60410303E-15
  0.78800  4.89645552E-10  2.99040643E-09  1.98369387E-09  2.05468313E-11  2.63104097E-15
  0.79000  6.48029840E-10  4.36289362E-09  1.93017886E-09  2.02355441E-11  2.65130373E-15
  0.79200  8.06154178E-10  5.21182609E-09  1.87710754E-09  1.99234930E-11  2.66345345E-15
  0.79400  7.50767357E-10  4.72042394E-09  1.82385231E-09  1.96114037E-11  2.66999690E-15
  0.79600  5.51823726E-10  3.86623999E-09  1.77173170E-09  1.93023106E-11  2.67018791E-15
  0.79800  4.66396396E-10  4.15507057E-09  1.72186946E-09  1.89954536E-11  2.66846232E-15
  0.80000  5.97901485E-10  5.58746920E-09  1.67376858E-09  1.86938325E-11  2.66342578E-15
