  E[a.u.]     partial cross sections for l = 0, 1, 2, 3, ...
  2.000000E-03  2.292774E-08  3.789127E-03  1.034190E-06  2.279175E-12  1.391338E-17
  4.000000E-03  1.919331E-08  3.685797E-03  1.054733E-06  2.351271E-12  1.575149E-17
  6.000000E-03  1.434484E-08  3.584316E-03  1.078949E-06  2.365102E-12  1.606249E-17
  8.000000E-03  1.557196E-08  3.485187E-03  1.103858E-06  2.393032E-12  1.823941E-17
  1.000000E-02  2.129873E-08  3.387777E-03  1.127199E-06  2.437142E-12  1.982203E-17
  1.200000E-02  2.397015E-08  3.291477E-03  1.147645E-06  2.503692E-12  2.213985E-17
  1.400000E-02  1.993900E-08  3.197220E-03  1.171669E-06  2.510741E-12  2.314325E-17
  1.600000E-02  1.545840E-08  3.105367E-03  1.194530E-06  2.539894E-12  2.729641E-17
  1.800000E-02  1.698131E-08  3.014472E-03  1.216454E-06  2.558420E-12  2.978658E-17
  2.000000E-02  2.315186E-08  2.925966E-03  1.240283E-06  2.559389E-12  3.134318E-17
  2.200000E-02  2.604876E-08  2.838407E-03  1.261188E-06  2.588179E-12  3.573537E-17
  2.400000E-02  2.262848E-08  2.753638E-03  1.283808E-06  2.585800E-12  3.967129E-17
  2.600000E-02  1.818243E-08  2.670233E-03  1.305792E-06  2.598794E-12  4.235284E-17
  2.800000E-02  2.015351E-08  2.588989E-03  1.327482E-06  2.610642E-12  4.523651E-17
  3.000000E-02  2.685078E-08  2.509186E-03  1.352309E-06  2.581789E-12  4.822074E-17
  3.200000E-02  3.067390E-08  2.430643E-03  1.371736E-06  2.589137E-12  5.243214E-17
  3.400000E-02  2.768430E-08  2.354630E-03  1.394059E-06  2.569486E-12  5.612215E-17
  3.600000E-02  2.312396E-08  2.280073E-03  1.416335E-06  2.564041E-12  6.159179E-17
  3.800000E-02  2.508307E-08  2.207197E-03  1.436654E-06  2.560722E-12  6.616802E-17
  4.000000E-02  3.283116E-08  2.136392E-03  1.459341E-06  2.513853E-12  7.106853E-17
  4.200000E-02  3.758416E-08  2.066960E-03  1.480110E-06  2.503176E-12  7.752731E-17
  4.400000E-02  3.465864E-08  1.999072E-03  1.499779E-06  2.501700E-12  8.086264E-17
  4.600000E-02  2.970610E-08  1.933096E-03  1.521845E-06  2.444419E-12  8.587017E-17
  4.800000E-02  3.129192E-08  1.868744E-03  1.542860E-06  2.403488E-12  9.133174E-17
  5.000000E-02  3.934136E-08  1.805794E-03  1.562080E-06  2.393890E-12  9.654583E-17
  5.200000E-02  4.500785E-08  1.744597E-03  1.581706E-06  2.351694E-12  1.039798E-16
  5.400000E-02  4.231106E-08  1.685337E-03  1.602505E-06  2.298058E-12  1.102862E-16
  5.600000E-02  3.641540E-08  1.627307E-03  1.623399E-06  2.255412E-12  1.148906E-16
  5.800000E-02  3.728779E-08  1.570527E-03  1.640807E-06  2.217097E-12  1.224799E-16
  6.000000E-02  4.571686E-08  1.515698E-03  1.658648E-06  2.179117E-12  1.326982E-16
  6.200000E-02  5.211570E-08  1.462328E-03  1.680287E-06  2.107675E-12  1.381886E-16
  6.400000E-02  4.970315E-08  1.410198E-03  1.698860E-06  2.049543E-12  1.449310E-16
  6.600000E-02  4.343127E-08  1.359586E-03  1.715561E-06  2.026263E-12  1.549765E-16
  6.800000E-02  4.365706E-08  1.310420E-03  1.732723E-06  1.967382E-12  1.601352E-16
  7.000000E-02  5.216366E-08  1.263006E-03  1.750298E-06  1.899246E-12  1.689371E-16
  7.200000E-02  5.941205E-08  1.216846E-03  1.770263E-06  1.837379E-12  1.796419E-16
  7.400000E-02  5.776361E-08  1.171762E-03  1.786484E-06  1.786094E-12  1.849752E-16
  7.600000E-02  5.135120E-08  1.128074E-03  1.801505E-06  1.748957E-12  1.984946E-16
  7.800000E-02  5.102230E-08  1.085681E-03  1.817012E-06  1.687356E-12  2.049050E-16
  8.000000E-02  5.988153E-08  1.044876E-03  1.833003E-06  1.621348E-12  2.126057E-16
  8.200000E-02  6.874311E-08  1.005216E-03  1.851198E-06  1.556643E-12  2.276064E-16
  8.400000E-02  6.855917E-08  9.667280E-04  1.865837E-06  1.507300E-12  2.339765E-16
  8.600000E-02  6.195882E-08  9.294025E-04  1.880222E-06  1.466915E-12  2.494481E-16
  8.800000E-02  6.060207E-08  8.932710E-04  1.892462E-06  1.419229E-12  2.547749E-16
  9.000000E-02  6.923427E-08  8.585237E-04  1.906409E-06  1.364401E-12  2.681746E-16
  9.200000E-02  7.948659E-08  8.248373E-04  1.921357E-06  1.303258E-12  2.780394E-16
  9.400000E-02  8.067240E-08  7.923306E-04  1.935737E-06  1.256675E-12  2.923004E-16
  9.600000E-02  7.401516E-08  7.606719E-04  1.949643E-06  1.217379E-12  3.033580E-16
  9.800000E-02  7.143203E-08  7.301181E-04  1.960241E-06  1.189026E-12  3.133306E-16
  1.000000E-01  7.932411E-08  7.005334E-04  1.971595E-06  1.156063E-12  3.259487E-16
  1.020000E-01  9.044389E-08  6.721026E-04  1.981347E-06  1.118565E-12  3.370724E-16
  1.040000E-01  9.272903E-08  6.447110E-04  1.993976E-06  1.078511E-12  3.530224E-16
  1.060000E-01  8.609791E-08  6.183349E-04  2.005215E-06  1.044979E-12  3.664437E-16
  1.080000E-01  8.198579E-08  5.928808E-04  2.017724E-06  1.027297E-12  3.813404E-16
  1.100000E-01  8.896840E-08  5.682401E-04  2.027095E-06  1.018054E-12  3.941529E-16
  1.120000E-01  1.003422E-07  5.444532E-04  2.036373E-06  1.019005E-12  4.084034E-16
  1.140000E-01  1.037525E-07  5.214519E-04  2.043264E-06  1.013887E-12  4.242503E-16
  1.160000E-01  9.690097E-08  4.993838E-04  2.051245E-06  1.011983E-12  4.327769E-16
  1.180000E-01  9.143480E-08  4.781333E-04  2.058691E-06  1.006486E-12  4.508720E-16
  1.200000E-01  9.686588E-08  4.577905E-04  2.067670E-06  1.015750E-12  4.619613E-16
  1.220000E-01  1.084456E-07  4.381620E-04  2.075866E-06  1.034374E-12  4.870074E-16
  1.240000E-01  1.128786E-07  4.193170E-04  2.084148E-06  1.068191E-12  4.948373E-16
  1.260000E-01  1.063682E-07  4.011076E-04  2.090458E-06  1.113956E-12  5.152884E-16
  1.280000E-01  9.940281E-08  3.836413E-04  2.096054E-06  1.161312E-12  5.274944E-16
  1.300000E-01  1.032134E-07  3.668058E-04  2.099861E-06  1.218452E-12  5.438382E-16
  1.320000E-01  1.147116E-07  3.506971E-04  2.103828E-06  1.267173E-12  5.640980E-16
  1.340000E-01  1.208886E-07  3.351979E-04  2.107094E-06  1.335000E-12  5.724873E-16
  1.360000E-01  1.157538E-07  3.204016E-04  2.111525E-06  1.398786E-12  5.966932E-16
  1.380000E-01  1.085566E-07  3.061815E-04  2.115409E-06  1.485680E-12  6.035864E-16
  1.400000E-01  1.113068E-07  2.926013E-04  2.120288E-06  1.581138E-12  6.265491E-16
  1.420000E-01  1.231890E-07  2.795266E-04  2.123613E-06  1.698451E-12  6.480999E-16
  1.440000E-01  1.309437E-07  2.669995E-04  2.127262E-06  1.827475E-12  6.605050E-16
  1.460000E-01  1.270035E-07  2.549563E-04  2.128408E-06  1.965975E-12  6.845339E-16
  1.480000E-01  1.188508E-07  2.434207E-04  2.129862E-06  2.104555E-12  6.934610E-16
  1.500000E-01  1.199593E-07  2.323855E-04  2.128827E-06  2.262567E-12  7.154330E-16
  1.520000E-01  1.312513E-07  2.218220E-04  2.128847E-06  2.405683E-12  7.383886E-16
  1.540000E-01  1.405244E-07  2.117430E-04  2.126962E-06  2.582086E-12  7.435525E-16
  1.560000E-01  1.378086E-07  2.021002E-04  2.126823E-06  2.746281E-12  7.681213E-16
  1.580000E-01  1.293417E-07  1.929249E-04  2.125214E-06  2.943747E-12  7.864141E-16
  1.600000E-01  1.286212E-07  1.841342E-04  2.125306E-06  3.154557E-12  8.014530E-16
  1.620000E-01  1.393164E-07  1.757781E-04  2.123921E-06  3.380498E-12  8.291557E-16
  1.640000E-01  1.495829E-07  1.677322E-04  2.123440E-06  3.629048E-12  8.383133E-16
  1.660000E-01  1.482577E-07  1.600868E-04  2.121463E-06  3.898226E-12  8.602112E-16
  1.680000E-01  1.392338E-07  1.527253E-04  2.119282E-06  4.172946E-12  8.894152E-16
  1.700000E-01  1.365989E-07  1.457337E-04  2.115966E-06  4.463558E-12  8.972441E-16
  1.720000E-01  1.458596E-07  1.390226E-04  2.111544E-06  4.766666E-12  9.177662E-16
  1.740000E-01  1.566323E-07  1.326433E-04  2.106855E-06  5.056987E-12  9.465993E-16
  1.760000E-01  1.565395E-07  1.265359E-04  2.100576E-06  5.390370E-12  9.539049E-16
  1.780000E-01  1.472766E-07  1.207348E-04  2.095041E-06  5.701570E-12  9.730399E-16
  1.800000E-01  1.428953E-07  1.152172E-04  2.087795E-06  6.041612E-12  9.966503E-16
  1.820000E-01  1.504542E-07  1.099551E-04  2.081979E-06  6.397477E-12  1.006894E-15
  1.840000E-01  1.615270E-07  1.049732E-04  2.074643E-06  6.774721E-12  1.031143E-15
  1.860000E-01  1.625799E-07  1.002002E-04  2.068667E-06  7.152704E-12  1.055491E-15
  1.880000E-01  1.535029E-07  9.569281E-05  2.061672E-06  7.576144E-12  1.063755E-15
  1.900000E-01  1.471990E-07  9.137626E-05  2.055221E-06  8.019642E-12  1.084936E-15
  1.920000E-01  1.529358E-07  8.730098E-05  2.048454E-06  8.459143E-12  1.112536E-15
  1.940000E-01  1.639876E-07  8.339558E-05  2.041033E-06  8.955687E-12  1.122230E-15
  1.960000E-01  1.665085E-07  7.969696E-05  2.033999E-06  9.444862E-12  1.142711E-15
  1.980000E-01  1.581640E-07  7.617415E-05  2.025267E-06  9.959762E-12  1.171909E-15
  2.000000E-01  1.505150E-07  7.281994E-05  2.017341E-06  1.048057E-11  1.183788E-15
  2.020000E-01  1.545190E-07  6.965170E-05  2.007362E-06  1.103783E-11  1.196982E-15
  2.040000E-01  1.654237E-07  6.661766E-05  1.997983E-06  1.157475E-11  1.223551E-15
  2.060000E-01  1.697276E-07  6.375493E-05  1.987100E-06  1.213117E-11  1.238575E-15
  2.080000E-01  1.624399E-07  6.100721E-05  1.976085E-06  1.272547E-11  1.247521E-15
  2.100000E-01  1.539258E-07  5.842149E-05  1.964710E-06  1.329024E-11  1.274432E-15
  2.120000E-01  1.561543E-07  5.594940E-05  1.952275E-06  1.388701E-11  1.295092E-15
  2.140000E-01  1.667614E-07  5.360304E-05  1.940598E-06  1.449431E-11  1.300112E-15
  2.160000E-01  1.726485E-07  5.137870E-05  1.927374E-06  1.513705E-11  1.314173E-15
  2.180000E-01  1.666354E-07  4.925267E-05  1.915285E-06  1.575237E-11  1.340049E-15
  2.200000E-01  1.575160E-07  4.725558E-05  1.902018E-06  1.641165E-11  1.353546E-15
  2.220000E-01  1.578479E-07  4.534405E-05  1.889304E-06  1.711051E-11  1.358233E-15
  2.240000E-01  1.678104E-07  4.355636E-05  1.876471E-06  1.778526E-11  1.380606E-15
  2.260000E-01  1.749212E-07  4.184963E-05  1.863116E-06  1.851176E-11  1.405786E-15
  2.280000E-01  1.702450E-07  4.023954E-05  1.850698E-06  1.925441E-11  1.410412E-15
  2.300000E-01  1.606056E-07  3.872605E-05  1.837009E-06  2.003628E-11  1.416512E-15
  2.320000E-01  1.589425E-07  3.728680E-05  1.824463E-06  2.080019E-11  1.443958E-15
  2.340000E-01  1.678302E-07  3.594151E-05  1.810894E-06  2.160692E-11  1.462042E-15
  2.360000E-01  1.756111E-07  3.464815E-05  1.797663E-06  2.245819E-11  1.462716E-15
  2.380000E-01  1.721646E-07  3.343889E-05  1.784402E-06  2.328449E-11  1.482715E-15
  2.400000E-01  1.621665E-07  3.228346E-05  1.770262E-06  2.415122E-11  1.508860E-15
  2.420000E-01  1.585210E-07  3.118554E-05  1.756984E-06  2.502061E-11  1.515533E-15
  2.440000E-01  1.658930E-07  3.015052E-05  1.742303E-06  2.594985E-11  1.518461E-15
  2.460000E-01  1.740542E-07  2.915149E-05  1.728359E-06  2.685691E-11  1.535291E-15
  2.480000E-01  1.720174E-07  2.821532E-05  1.713602E-06  2.775255E-11  1.557241E-15
  2.500000E-01  1.621030E-07  2.730965E-05  1.698550E-06  2.872251E-11  1.564217E-15
  2.520000E-01  1.567850E-07  2.645843E-05  1.683838E-06  2.967371E-11  1.565036E-15
  2.540000E-01  1.624911E-07  2.565272E-05  1.667861E-06  3.064071E-11  1.583666E-15
  2.560000E-01  1.707709E-07  2.487978E-05  1.652737E-06  3.159076E-11  1.606890E-15
  2.580000E-01  1.700415E-07  2.415767E-05  1.636469E-06  3.258460E-11  1.605952E-15
  2.600000E-01  1.603723E-07  2.346104E-05  1.620414E-06  3.361104E-11  1.602376E-15
  2.620000E-01  1.535185E-07  2.281577E-05  1.604296E-06  3.458989E-11  1.619138E-15
  2.640000E-01  1.574480E-07  2.220043E-05  1.587291E-06  3.559977E-11  1.636435E-15
  2.660000E-01  1.656341E-07  2.161364E-05  1.571123E-06  3.661480E-11  1.641004E-15
  2.680000E-01  1.663084E-07  2.106515E-05  1.553789E-06  3.767376E-11  1.636097E-15
  2.700000E-01  1.574041E-07  2.053351E-05  1.536999E-06  3.870940E-11  1.645606E-15
  2.720000E-01  1.495326E-07  2.004150E-05  1.519935E-06  3.971986E-11  1.667591E-15
  2.740000E-01  1.517893E-07  1.956507E-05  1.502336E-06  4.080065E-11  1.666595E-15
  2.760000E-01  1.597913E-07  1.911144E-05  1.485511E-06  4.187126E-11  1.655819E-15
  2.780000E-01  1.619958E-07  1.868495E-05  1.467619E-06  4.296524E-11  1.658841E-15
  2.800000E-01  1.543372E-07  1.826776E-05  1.450449E-06  4.402512E-11  1.672695E-15
  2.820000E-01  1.459145E-07  1.788174E-05  1.432937E-06  4.509340E-11  1.683461E-15
  2.840000E-01  1.467129E-07  1.750608E-05  1.415120E-06  4.623965E-11  1.673368E-15
  2.860000E-01  1.544872E-07  1.715193E-05  1.398036E-06  4.733836E-11  1.667815E-15
  2.880000E-01  1.581870E-07  1.682082E-05  1.380004E-06  4.845347E-11  1.681842E-15
  2.900000E-01  1.519527E-07  1.649681E-05  1.362755E-06  4.955525E-11  1.690661E-15
  2.920000E-01  1.431884E-07  1.620053E-05  1.345194E-06  5.068263E-11  1.685332E-15
  2.940000E-01  1.423924E-07  1.591418E-05  1.327417E-06  5.187549E-11  1.669213E-15
  2.960000E-01  1.495143E-07  1.564540E-05  1.310373E-06  5.299516E-11  1.667082E-15
  2.980000E-01  1.543035E-07  1.539555E-05  1.292476E-06  5.413923E-11  1.681616E-15
  3.000000E-01  1.494751E-07  1.514708E-05  1.275345E-06  5.529076E-11  1.681945E-15
  3.020000E-01  1.405311E-07  1.492025E-05  1.258002E-06  5.646174E-11  1.669957E-15
  3.040000E-01  1.382289E-07  1.469787E-05  1.240425E-06  5.768298E-11  1.657965E-15
  3.060000E-01  1.443447E-07  1.448606E-05  1.223619E-06  5.882070E-11  1.659847E-15
  3.080000E-01  1.498329E-07  1.428663E-05  1.206039E-06  5.999351E-11  1.670539E-15
  3.100000E-01  1.461794E-07  1.408190E-05  1.189133E-06  6.119129E-11  1.660852E-15
  3.120000E-01  1.371034E-07  1.389344E-05  1.172175E-06  6.239146E-11  1.642367E-15
  3.140000E-01  1.331300E-07  1.370551E-05  1.154881E-06  6.363285E-11  1.629850E-15
  3.160000E-01  1.379436E-07  1.352367E-05  1.138404E-06  6.478634E-11  1.631438E-15
  3.180000E-01  1.436333E-07  1.335178E-05  1.121254E-06  6.597038E-11  1.639031E-15
  3.200000E-01  1.412954E-07  1.317455E-05  1.104618E-06  6.719383E-11  1.626771E-15
  3.220000E-01  1.324503E-07  1.301010E-05  1.088152E-06  6.840383E-11  1.607891E-15
  3.240000E-01  1.272649E-07  1.284997E-05  1.071231E-06  6.964764E-11  1.595572E-15
  3.260000E-01  1.307316E-07  1.269334E-05  1.055147E-06  7.081599E-11  1.596148E-15
  3.280000E-01  1.365794E-07  1.254881E-05  1.038553E-06  7.200040E-11  1.597787E-15
  3.300000E-01  1.354781E-07  1.239917E-05  1.022250E-06  7.323622E-11  1.579166E-15
  3.320000E-01  1.272144E-07  1.225933E-05  1.006361E-06  7.445586E-11  1.556455E-15
  3.340000E-01  1.209702E-07  1.212544E-05  9.899214E-07  7.569592E-11  1.537703E-15
  3.360000E-01  1.229854E-07  1.199006E-05  9.742638E-07  7.686890E-11  1.535463E-15
  3.380000E-01  1.287565E-07  1.186473E-05  9.583424E-07  7.803238E-11  1.537847E-15
  3.400000E-01  1.288576E-07  1.173271E-05  9.424240E-07  7.925347E-11  1.521871E-15
  3.420000E-01  1.213478E-07  1.160273E-05  9.271545E-07  8.046072E-11  1.499677E-15
  3.440000E-01  1.143765E-07  1.147843E-05  9.113231E-07  8.168357E-11  1.477569E-15
  3.460000E-01  1.150023E-07  1.134736E-05  8.960831E-07  8.286186E-11  1.470411E-15
  3.480000E-01  1.203630E-07  1.122264E-05  8.809211E-07  8.398724E-11  1.467636E-15
  3.500000E-01  1.215496E-07  1.109296E-05  8.654747E-07  8.517908E-11  1.452478E-15
  3.520000E-01  1.150763E-07  1.095907E-05  8.507917E-07  8.636670E-11  1.426083E-15
  3.540000E-01  1.076750E-07  1.083253E-05  8.357119E-07  8.755167E-11  1.396301E-15
  3.560000E-01  1.070877E-07  1.069970E-05  8.209043E-07  8.873308E-11  1.382364E-15
  3.580000E-01  1.121019E-07  1.057131E-05  8.065339E-07  8.981750E-11  1.376247E-15
  3.600000E-01  1.144341E-07  1.044406E-05  7.917223E-07  9.094951E-11  1.369184E-15
  3.620000E-01  1.093526E-07  1.031029E-05  7.775946E-07  9.209701E-11  1.347278E-15
  3.640000E-01  1.020086E-07  1.018540E-05  7.634089E-07  9.323263E-11  1.316623E-15
  3.660000E-01  1.004568E-07  1.005814E-05  7.491436E-07  9.440243E-11  1.292790E-15
  3.680000E-01  1.050153E-07  9.931728E-06  7.355612E-07  9.546436E-11  1.279045E-15
  3.700000E-01  1.082864E-07  9.811084E-06  7.216006E-07  9.653177E-11  1.273216E-15
  3.720000E-01  1.045772E-07  9.682411E-06  7.080376E-07  9.762230E-11  1.254172E-15
  3.740000E-01  9.741376E-08  9.558123E-06  6.948269E-07  9.869840E-11  1.227099E-15
  3.760000E-01  9.486991E-08  9.433697E-06  6.812873E-07  9.982567E-11  1.194354E-15
  3.780000E-01  9.878101E-08  9.303439E-06  6.684253E-07  1.008851E-10  1.171240E-15
  3.800000E-01  1.026787E-07  9.178022E-06  6.554968E-07  1.018872E-10  1.161342E-15
  3.820000E-01  1.002387E-07  9.045228E-06  6.425736E-07  1.029071E-10  1.151061E-15
  3.840000E-01  9.339953E-08  8.909086E-06  6.302944E-07  1.039038E-10  1.134762E-15
  3.860000E-01  8.997698E-08  8.775260E-06  6.177150E-07  1.049415E-10  1.103790E-15
  3.880000E-01  9.310758E-08  8.632767E-06  6.055328E-07  1.060065E-10  1.073207E-15
  3.900000E-01  9.732152E-08  8.492202E-06  5.937099E-07  1.069775E-10  1.048658E-15
  3.920000E-01  9.590463E-08  8.350552E-06  5.816208E-07  1.079544E-10  1.035495E-15
  3.940000E-01  8.944826E-08  8.202360E-06  5.701670E-07  1.088932E-10  1.021509E-15
  3.960000E-01  8.516938E-08  8.059583E-06  5.587342E-07  1.098252E-10  9.999020E-16
  3.980000E-01  8.729576E-08  7.912201E-06  5.472963E-07  1.108408E-10  9.688855E-16
  4.000000E-01  9.150196E-08  7.763266E-06  5.364921E-07  1.117944E-10  9.352359E-16
  4.020000E-01  9.092415E-08  7.619712E-06  5.254751E-07  1.127373E-10  9.119605E-16
  4.040000E-01  8.494927E-08  7.471355E-06  5.147679E-07  1.136474E-10  8.952548E-16
  4.060000E-01  7.993532E-08  7.327075E-06  5.044877E-07  1.144898E-10  8.855785E-16
  4.080000E-01  8.095169E-08  7.184956E-06  4.939668E-07  1.153787E-10  8.661389E-16
  4.100000E-01  8.496562E-08  7.037363E-06  4.839836E-07  1.162921E-10  8.393201E-16
  4.120000E-01  8.515212E-08  6.894547E-06  4.741387E-07  1.171797E-10  8.061960E-16
  4.140000E-01  7.983520E-08  6.750344E-06  4.641955E-07  1.180935E-10  7.780920E-16
  4.160000E-01  7.441619E-08  6.604070E-06  4.548394E-07  1.189203E-10  7.581091E-16
  4.180000E-01  7.444844E-08  6.463050E-06  4.453707E-07  1.197013E-10  7.438406E-16
  4.200000E-01  7.825018E-08  6.316122E-06  4.360309E-07  1.205269E-10  7.270201E-16
  4.220000E-01  7.924260E-08  6.167873E-06  4.271688E-07  1.213076E-10  7.017565E-16
  4.240000E-01  7.478645E-08  6.021269E-06  4.180727E-07  1.221444E-10  6.726434E-16
  4.260000E-01  6.930068E-08  5.868820E-06  4.093151E-07  1.229658E-10  6.419296E-16
  4.280000E-01  6.849896E-08  5.719530E-06  4.008135E-07  1.237026E-10  6.217051E-16
  4.300000E-01  7.198104E-08  5.570246E-06  3.920960E-07  1.244247E-10  6.064286E-16
  4.320000E-01  7.371558E-08  5.416275E-06  3.838369E-07  1.251035E-10  5.957391E-16
  4.340000E-01  7.015011E-08  5.266233E-06  3.756029E-07  1.257484E-10  5.786943E-16
  4.360000E-01  6.473776E-08  5.114449E-06  3.672835E-07  1.264669E-10  5.552470E-16
  4.380000E-01  6.317840E-08  4.961671E-06  3.594285E-07  1.271441E-10  5.256871E-16
  4.400000E-01  6.616293E-08  4.814697E-06  3.514242E-07  1.277928E-10  4.990900E-16
  4.420000E-01  6.843678E-08  4.665386E-06  3.435092E-07  1.284261E-10  4.776806E-16
  4.440000E-01  6.573870E-08  4.518690E-06  3.359636E-07  1.289411E-10  4.626062E-16
  4.460000E-01  6.046208E-08  4.376869E-06  3.281920E-07  1.294594E-10  4.485410E-16
  4.480000E-01  5.822828E-08  4.232985E-06  3.206810E-07  1.299798E-10  4.294665E-16
  4.500000E-01  6.061553E-08  4.093221E-06  3.133961E-07  1.304722E-10  4.063100E-16
  4.520000E-01  6.328335E-08  3.955854E-06  3.059150E-07  1.309973E-10  3.789331E-16
  4.540000E-01  6.154719E-08  3.816688E-06  2.988102E-07  1.314869E-10  3.551585E-16
  4.560000E-01  5.661745E-08  3.683405E-06  2.917811E-07  1.318751E-10  3.359196E-16
  4.580000E-01  5.388594E-08  3.551299E-06  2.846603E-07  1.322682E-10  3.229818E-16
  4.600000E-01  5.573306E-08  3.418736E-06  2.779655E-07  1.325788E-10  3.094045E-16
  4.620000E-01  5.866728E-08  3.290840E-06  2.712314E-07  1.328887E-10  2.946160E-16
  4.640000E-01  5.786697E-08  3.161346E-06  2.645538E-07  1.332526E-10  2.729558E-16
  4.660000E-01  5.341612E-08  3.032929E-06  2.582836E-07  1.335847E-10  2.501679E-16
  4.680000E-01  5.024839E-08  2.909378E-06  2.519095E-07  1.339109E-10  2.272129E-16
  4.700000E-01  5.149939E-08  2.785034E-06  2.457343E-07  1.342281E-10  2.094387E-16
  4.720000E-01  5.447315E-08  2.663754E-06  2.398908E-07  1.344370E-10  1.955380E-16
  4.740000E-01  5.437249E-08  2.546428E-06  2.339314E-07  1.346452E-10  1.851034E-16
  4.760000E-01  5.043310E-08  2.428372E-06  2.282823E-07  1.348532E-10  1.729859E-16
  4.780000E-01  4.692449E-08  2.315180E-06  2.228616E-07  1.350287E-10  1.592264E-16
  4.800000E-01  4.754101E-08  2.205160E-06  2.173539E-07  1.352754E-10  1.428534E-16
  4.820000E-01  5.045891E-08  2.095723E-06  2.122143E-07  1.355057E-10  1.269932E-16
  4.840000E-01  5.092002E-08  1.991975E-06  2.071818E-07  1.356842E-10  1.139308E-16
  4.860000E-01  4.748402E-08  1.891253E-06  2.021106E-07  1.358606E-10  1.044015E-16
  4.880000E-01  4.373215E-08  1.792730E-06  1.974059E-07  1.359656E-10  9.748541E-17
  4.900000E-01  4.363383E-08  1.700374E-06  1.926973E-07  1.360217E-10  9.102561E-17
  4.920000E-01  4.628320E-08  1.609556E-06  1.880088E-07  1.361327E-10  8.290338E-17
  4.940000E-01  4.713203E-08  1.520922E-06  1.836440E-07  1.362041E-10  7.247991E-17
  4.960000E-01  4.413538E-08  1.437168E-06  1.791887E-07  1.363054E-10  6.139112E-17
  4.980000E-01  4.025872E-08  1.354502E-06  1.748122E-07  1.364229E-10  5.072162E-17
  5.000000E-01  3.948440E-08  1.274920E-06  1.706871E-07  1.364633E-10  4.273712E-17
  5.020000E-01  4.170876E-08  1.199506E-06  1.664206E-07  1.364583E-10  3.702220E-17
  5.040000E-01  4.286241E-08  1.124405E-06  1.622881E-07  1.364281E-10  3.304692E-17
  5.060000E-01  4.034959E-08  1.052342E-06  1.583332E-07  1.362965E-10  2.903282E-17
  5.080000E-01  3.647065E-08  9.833471E-07  1.542300E-07  1.361963E-10  2.449586E-17
  5.100000E-01  3.516835E-08  9.147138E-07  1.503172E-07  1.360912E-10  1.894646E-17
  5.120000E-01  3.694164E-08  8.494013E-07  1.465189E-07  1.359584E-10  1.401217E-17
  5.140000E-01  3.832294E-08  7.865171E-07  1.426036E-07  1.358490E-10  1.031924E-17
  5.160000E-01  3.640246E-08  7.247169E-07  1.389253E-07  1.357058E-10  8.667569E-18
  5.180000E-01  3.266107E-08  6.671052E-07  1.353140E-07  1.354696E-10  8.604647E-18
  5.200000E-01  3.095176E-08  6.123055E-07  1.316403E-07  1.352417E-10  9.355777E-18
  5.220000E-01  3.233691E-08  5.594245E-07  1.282378E-07  1.349436E-10  9.992179E-18
  5.240000E-01  3.391073E-08  5.107174E-07  1.248687E-07  1.346245E-10  1.043311E-17
  5.260000E-01  3.266763E-08  4.643362E-07  1.215015E-07  1.343574E-10  1.157152E-17
  5.280000E-01  2.931524E-08  4.203828E-07  1.184169E-07  1.340855E-10  1.410236E-17
  5.300000E-01  2.735722E-08  3.806317E-07  1.153347E-07  1.338127E-10  1.928941E-17
  5.320000E-01  2.843202E-08  3.432165E-07  1.123045E-07  1.335856E-10  2.661585E-17
  5.340000E-01  3.019183E-08  3.084142E-07  1.095369E-07  1.332795E-10  3.559811E-17
  5.360000E-01  2.954642E-08  2.773018E-07  1.067340E-07  1.329469E-10  4.416997E-17
  5.380000E-01  2.661356E-08  2.480564E-07  1.040122E-07  1.326017E-10  5.231601E-17
  5.400000E-01  2.446888E-08  2.212824E-07  1.015086E-07  1.321953E-10  5.871620E-17
  5.420000E-01  2.515197E-08  1.973365E-07  9.893281E-08  1.317935E-10  6.548621E-17
  5.440000E-01  2.698702E-08  1.745035E-07  9.645174E-08  1.314374E-10  7.291263E-17
  5.460000E-01  2.683507E-08  1.535428E-07  9.413317E-08  1.310393E-10  8.312783E-17
  5.480000E-01  2.428658E-08  1.346593E-07  9.171233E-08  1.306772E-10  9.535018E-17
  5.500000E-01  2.202546E-08  1.167133E-07  8.939273E-08  1.303037E-10  1.101165E-16
  5.520000E-01  2.229297E-08  1.005170E-07  8.718309E-08  1.298551E-10  1.238683E-16
  5.540000E-01  2.404758E-08  8.592918E-08  8.485956E-08  1.293806E-10  1.369773E-16
  5.560000E-01  2.431903E-08  7.211870E-08  8.265014E-08  1.288741E-10  1.468327E-16
  5.580000E-01  2.214832E-08  5.983829E-08  8.051741E-08  1.282846E-10  1.558469E-16
  5.600000E-01  1.981826E-08  4.892129E-08  7.828505E-08  1.277299E-10  1.642769E-16
  5.620000E-01  1.972858E-08  3.884444E-08  7.619234E-08  1.271684E-10  1.764608E-16
  5.640000E-01  2.133510E-08  3.019283E-08  7.416291E-08  1.265924E-10  1.916112E-16
  5.660000E-01  2.194917E-08  2.273382E-08  7.206585E-08  1.260560E-10  2.131315E-16
  5.680000E-01  2.021118E-08  1.624089E-08  7.013580E-08  1.255121E-10  2.367979E-16
  5.700000E-01  1.787608E-08  1.110409E-08  6.826296E-08  1.249048E-10  2.628499E-16
  5.720000E-01  1.747846E-08  7.074903E-09  6.635448E-08  1.243158E-10  2.860412E-16
  5.740000E-01  1.892393E-08  3.955929E-09  6.462902E-08  1.236642E-10  3.079139E-16
  5.760000E-01  1.975800E-08  1.869816E-09  6.294794E-08  1.229724E-10  3.253839E-16
  5.780000E-01  1.841363E-08  5.885942E-10  6.125086E-08  1.223074E-10  3.437986E-16
  5.800000E-01  1.617400E-08  3.669636E-11  5.973283E-08  1.216409E-10  3.630198E-16
  5.820000E-01  1.548906E-08  1.473334E-10  5.823406E-08  1.209697E-10  3.880756E-16
  5.840000E-01  1.673462E-08  8.117056E-10  5.672064E-08  1.203730E-10  4.185726E-16
  5.860000E-01  1.772623E-08  2.014393E-09  5.536387E-08  1.197531E-10  4.558163E-16
  5.880000E-01  1.669857E-08  3.579040E-09  5.399126E-08  1.191241E-10  4.947922E-16
  5.900000E-01  1.456951E-08  5.533002E-09  5.259548E-08  1.185021E-10  5.358526E-16
  5.920000E-01  1.363114E-08  7.871758E-09  5.132800E-08  1.178210E-10  5.726074E-16
  5.940000E-01  1.457855E-08  1.033928E-08  5.001628E-08  1.170831E-10  6.063965E-16
  5.960000E-01  1.562277E-08  1.315649E-08  4.867912E-08  1.163581E-10  6.354663E-16
  5.980000E-01  1.486988E-08  1.631888E-08  4.745493E-08  1.155729E-10  6.639879E-16
  6.000000E-01  1.284970E-08  1.952914E-08  4.617726E-08  1.147876E-10  6.927699E-16
  6.020000E-01  1.171800E-08  2.310114E-08  4.488910E-08  1.140385E-10  7.274675E-16
  6.040000E-01  1.236990E-08  2.699856E-08  4.371514E-08  1.132726E-10  7.666028E-16
  6.060000E-01  1.338405E-08  3.086375E-08  4.249757E-08  1.125088E-10  8.110823E-16
  6.080000E-01  1.291463E-08  3.511143E-08  4.129464E-08  1.117788E-10  8.574120E-16
  6.100000E-01  1.109245E-08  3.955321E-08  4.021554E-08  1.109922E-10  9.012867E-16
  6.120000E-01  9.831196E-09  4.373314E-08  3.910635E-08  1.101849E-10  9.386751E-16
  6.140000E-01  1.024410E-08  4.809792E-08  3.803249E-08  1.093777E-10  9.676513E-16
  6.160000E-01  1.122736E-08  5.249044E-08  3.708400E-08  1.085119E-10  9.878954E-16
  6.180000E-01  1.102851E-08  5.644529E-08  3.610869E-08  1.076423E-10  1.001353E-15
  6.200000E-01  9.499408E-09  6.053067E-08  3.517259E-08  1.068054E-10  1.014088E-15
  6.220000E-01  8.214572E-09  6.446187E-08  3.434799E-08  1.059537E-10  1.027746E-15
  6.240000E-01  8.410815E-09  6.779924E-08  3.348406E-08  1.051328E-10  1.049254E-15
  6.260000E-01  9.374514E-09  7.120976E-08  3.264717E-08  1.043671E-10  1.077710E-15
  6.280000E-01  9.433001E-09  7.443288E-08  3.189719E-08  1.035750E-10  1.115413E-15
  6.300000E-01  8.184967E-09  7.696064E-08  3.108960E-08  1.027985E-10  1.155940E-15
  6.320000E-01  6.926617E-09  7.947876E-08  3.029420E-08  1.020249E-10  1.201520E-15
  6.340000E-01  6.918167E-09  8.163160E-08  2.956686E-08  1.011958E-10  1.242539E-15
  6.360000E-01  7.804415E-09  8.304362E-08  2.877487E-08  1.003367E-10  1.283112E-15
  6.380000E-01  8.104369E-09  8.448890E-08  2.799328E-08  9.948044E-11  1.318333E-15
  6.400000E-01  7.148379E-09  8.558739E-08  2.727851E-08  9.855930E-11  1.355496E-15
  6.420000E-01  5.940511E-09  8.593362E-08  2.650937E-08  9.765176E-11  1.392905E-15
  6.440000E-01  5.783376E-09  8.630908E-08  2.576369E-08  9.676692E-11  1.440783E-15
  6.460000E-01  6.597260E-09  8.639742E-08  2.509588E-08  9.587186E-11  1.497210E-15
  6.480000E-01  7.095800E-09  8.585581E-08  2.439184E-08  9.500584E-11  1.566256E-15
  6.500000E-01  6.444208E-09  8.545486E-08  2.372463E-08  9.418733E-11  1.644838E-15
  6.520000E-01  5.315066E-09  8.477263E-08  2.314287E-08  9.334274E-11  1.730355E-15
  6.540000E-01  5.012985E-09  8.347108E-08  2.253306E-08  9.251524E-11  1.816181E-15
  6.560000E-01  5.737164E-09  8.234566E-08  2.195953E-08  9.169851E-11  1.898025E-15
  6.580000E-01  6.352686E-09  8.110207E-08  2.146376E-08  9.083388E-11  1.971014E-15
  6.600000E-01  5.915114E-09  7.939655E-08  2.093270E-08  8.996039E-11  2.032515E-15
  6.620000E-01  4.870757E-09  7.797649E-08  2.042232E-08  8.909321E-11  2.086298E-15
  6.640000E-01  4.430726E-09  7.654265E-08  1.997238E-08  8.818757E-11  2.130017E-15
  6.660000E-01  5.012956E-09  7.480385E-08  1.947416E-08  8.728734E-11  2.172592E-15
  6.680000E-01  5.700061E-09  7.346821E-08  1.898008E-08  8.642343E-11  2.214054E-15
  6.700000E-01  5.441108E-09  7.229981E-08  1.853406E-08  8.553605E-11  2.263096E-15
  6.720000E-01  4.472472E-09  7.076968E-08  1.803657E-08  8.467496E-11  2.314799E-15
  6.740000E-01  3.922415E-09  6.954834E-08  1.753933E-08  8.384093E-11  2.375225E-15
  6.760000E-01  4.343564E-09  6.831862E-08  1.709285E-08  8.298869E-11  2.433045E-15
  6.780000E-01  5.030600E-09  6.660234E-08  1.660679E-08  8.212914E-11  2.491479E-15
  6.800000E-01  4.936343E-09  6.502993E-08  1.612961E-08  8.128678E-11  2.540132E-15
  6.820000E-01  4.056954E-09  6.326008E-08  1.571583E-08  8.039376E-11  2.578481E-15
  6.840000E-01  3.424294E-09  6.084718E-08  1.527890E-08  7.949375E-11  2.600964E-15
  6.860000E-01  3.716010E-09  5.840697E-08  1.485849E-08  7.860092E-11  2.612881E-15
  6.880000E-01  4.379093E-09  5.584780E-08  1.450803E-08  7.767931E-11  2.612889E-15
  6.900000E-01  4.419846E-09  5.276970E-08  1.414135E-08  7.676496E-11  2.607031E-15
  6.920000E-01  3.678853E-09  4.980004E-08  1.378491E-08  7.589214E-11  2.603454E-15
  6.940000E-01  3.009431E-09  4.686344E-08  1.349045E-08  7.501620E-11  2.604052E-15
  6.960000E-01  3.160765E-09  4.364455E-08  1.317316E-08  7.416153E-11  2.616636E-15
  6.980000E-01  3.796877E-09  4.069166E-08  1.284903E-08  7.336090E-11  2.639250E-15
  7.000000E-01  3.947669E-09  3.801878E-08  1.257163E-08  7.254897E-11  2.677262E-15
  7.020000E-01  3.312001E-09  3.523053E-08  1.226330E-08  7.174501E-11  2.721599E-15
  7.040000E-01  2.617830E-09  3.273378E-08  1.193493E-08  7.095910E-11  2.776958E-15
  7.060000E-01  2.625648E-09  3.052666E-08  1.164641E-08  7.014842E-11  2.831049E-15
  7.080000E-01  3.166614E-09  2.823800E-08  1.133129E-08  6.930756E-11  2.888208E-15
  7.100000E-01  3.387947E-09  2.621171E-08  1.099682E-08  6.848022E-11  2.941760E-15
  7.120000E-01  2.873404E-09  2.444548E-08  1.070890E-08  6.761605E-11  2.995448E-15
  7.140000E-01  2.181773E-09  2.256305E-08  1.041036E-08  6.674045E-11  3.048496E-15
  7.160000E-01  2.081132E-09  2.080526E-08  1.010102E-08  6.589252E-11  3.107767E-15
  7.180000E-01  2.536681E-09  1.927793E-08  9.846763E-09  6.504517E-11  3.176842E-15
  7.200000E-01  2.815231E-09  1.764282E-08  9.595548E-09  6.421114E-11  3.256829E-15
  7.220000E-01  2.454198E-09  1.609768E-08  9.334701E-09  6.343227E-11  3.356728E-15
  7.240000E-01  1.826807E-09  1.473602E-08  9.125785E-09  6.267672E-11  3.470470E-15
  7.260000E-01  1.640660E-09  1.327092E-08  8.920508E-09  6.193081E-11  3.602587E-15
  7.280000E-01  2.019583E-09  1.185110E-08  8.694504E-09  6.123750E-11  3.742238E-15
  7.300000E-01  2.358474E-09  1.063205E-08  8.506104E-09  6.054225E-11  3.891189E-15
  7.320000E-01  2.137578E-09  9.364708E-09  8.315183E-09  5.983502E-11  4.032692E-15
  7.340000E-01  1.582053E-09  8.131047E-09  8.091024E-09  5.913527E-11  4.167783E-15
  7.360000E-01  1.327652E-09  7.075525E-09  7.892345E-09  5.841717E-11  4.283045E-15
  7.380000E-01  1.608780E-09  5.997417E-09  7.692552E-09  5.765256E-11  4.376526E-15
  7.400000E-01  1.984805E-09  4.973405E-09  7.458375E-09  5.688898E-11  4.445605E-15
  7.420000E-01  1.909222E-09  4.110727E-09  7.249400E-09  5.610539E-11  4.488980E-15
  7.440000E-01  1.431559E-09  3.254197E-09  7.052376E-09  5.528900E-11  4.509701E-15
  7.460000E-01  1.123696E-09  2.443746E-09  6.830625E-09  5.449167E-11  4.509071E-15
  7.480000E-01  1.325293E-09  1.787339E-09  6.638820E-09  5.370230E-11  4.498435E-15
  7.500000E-01  1.725985E-09  1.191969E-09  6.472596E-09  5.291066E-11  4.473306E-15
  7.520000E-01  1.783246E-09  7.031678E-10  6.288569E-09  5.215084E-11  4.448156E-15
  7.540000E-01  1.404857E-09  3.773215E-10  6.131139E-09  5.142668E-11  4.417184E-15
  7.560000E-01  1.059823E-09  1.631778E-10  6.001536E-09  5.069639E-11  4.389066E-15
  7.580000E-01  1.183100E-09  9.716959E-11  5.850079E-09  4.999969E-11  4.357802E-15
  7.600000E-01  1.605224E-09  1.741977E-10  5.711045E-09  4.932154E-11  4.327723E-15
  7.620000E-01  1.768221E-09  3.510438E-10  5.593409E-09  4.862725E-11  4.291974E-15
  7.640000E-01  1.462813E-09  6.560751E-10  5.446901E-09  4.793671E-11  4.250284E-15
  7.660000E-01  1.086959E-09  1.023146E-09  5.298657E-09  4.725142E-11  4.205429E-15
  7.680000E-01  1.123812E-09  1.427698E-09  5.169437E-09  4.653781E-11  4.151980E-15
  7.700000E-01  1.524447E-09  1.919741E-09  5.014013E-09  4.581643E-11  4.099185E-15
  7.720000E-01  1.764135E-09  2.401447E-09  4.853744E-09  4.511167E-11  4.045183E-15
  7.740000E-01  1.521623E-09  2.865437E-09  4.719705E-09  4.438636E-11  4.002445E-15
  7.760000E-01  1.113885E-09  3.418255E-09  4.572234E-09  4.367492E-11  3.970169E-15
  7.780000E-01  1.075996E-09  3.958005E-09  4.423439E-09  4.299698E-11  3.963485E-15
  7.800000E-01  1.445833E-09  4.459246E-09  4.308643E-09  4.233374E-11  3.981562E-15
  7.820000E-01  1.727726E-09  5.057660E-09  4.191315E-09  4.169316E-11  4.032302E-15
  7.840000E-01  1.546270E-09  5.630002E-09  4.070363E-09  4.110564E-11  4.118707E-15
  7.860000E-01  1.133334E-09  6.139970E-09  3.980813E-09  4.053936E-11  4.237572E-15
  7.880000E-01  1.027025E-09  6.739087E-09  3.889548E-09  3.998985E-11  4.390509E-15
  7.900000E-01  1.356559E-09  7.306463E-09  3.784030E-09  3.948386E-11  4.566665E-15
  7.920000E-01  1.662241E-09  7.745392E-09  3.699267E-09  3.898065E-11  4.766310E-15
  7.940000E-01  1.519494E-09  8.246433E-09  3.610539E-09  3.847313E-11  4.970767E-15
  7.960000E-01  1.103850E-09  8.745493E-09  3.498750E-09  3.797602E-11  5.181906E-15
  7.980000E-01  9.365685E-10  9.119933E-09  3.400558E-09  3.747134E-11  5.383541E-15
  8.000000E-01  1.194140E-09  9.572813E-09  3.303984E-09  3.693508E-11  5.570939E-15
