  2.000000E-03  6.977297E-05  1.000000E+00 -1.686600E-02  1.999451E+00 -1.082307E-02  1.050704E-04 -2.902534E-07 -1.234276E-09 -8.735670E-12  5.829656E-14
  4.000000E-03  6.843710E-05  1.000000E+00 -1.912691E-02  1.999471E+00 -1.351832E-02  1.212774E-04 -3.884679E-07 -5.016212E-10 -1.320178E-11  6.365686E-14
  6.000000E-03  6.712798E-05  1.000000E+00 -2.084809E-02  1.999488E+00 -1.558043E-02  1.362795E-04 -4.805184E-07  2.207687E-10 -1.693303E-11  6.918779E-14
  8.000000E-03  6.584500E-05  1.000000E+00 -2.229016E-02  1.999503E+00 -1.731372E-02  1.506335E-04 -5.712440E-07  9.402343E-10 -2.033100E-11  7.488874E-14
  1.000000E-02  6.458757E-05  1.000000E+00 -2.355474E-02  1.999517E+00 -1.883628E-02  1.645560E-04 -6.621526E-07  1.659666E-09 -2.354678E-11  8.076008E-14
  1.200000E-02  6.335514E-05  1.000000E+00 -2.469440E-02  1.999530E+00 -2.020880E-02  1.781588E-04 -7.538378E-07  2.380828E-09 -2.665657E-11  8.680260E-14
  1.400000E-02  6.214714E-05  1.000000E+00 -2.574061E-02  1.999542E+00 -2.146739E-02  1.915088E-04 -8.465578E-07  3.105094E-09 -2.970529E-11  9.301711E-14
  1.600000E-02  6.096304E-05  1.000000E+00 -2.671406E-02  1.999553E+00 -2.263565E-02  2.046497E-04 -9.404301E-07  3.833643E-09 -3.272204E-11  9.940404E-14
  1.800000E-02  5.980231E-05  1.000000E+00 -2.762914E-02  1.999564E+00 -2.373001E-02  2.176122E-04 -1.035511E-06  4.567505E-09 -3.572683E-11  1.059632E-13
  2.000000E-02  5.866444E-05  1.000000E+00 -2.849635E-02  1.999574E+00 -2.476246E-02  2.304185E-04 -1.131828E-06  5.307561E-09 -3.873385E-11  1.126934E-13
  2.200000E-02  5.754894E-05  1.000000E+00 -2.932351E-02  1.999584E+00 -2.574209E-02  2.430856E-04 -1.229396E-06  6.054528E-09 -4.175332E-11  1.195929E-13
  2.400000E-02  5.645532E-05  1.000000E+00 -3.011661E-02  1.999594E+00 -2.667596E-02  2.556268E-04 -1.328221E-06  6.808947E-09 -4.479248E-11  1.266585E-13
  2.600000E-02  5.538311E-05  1.000000E+00 -3.088030E-02  1.999603E+00 -2.756973E-02  2.680528E-04 -1.428306E-06  7.571181E-09 -4.785637E-11  1.338867E-13
  2.800000E-02  5.433186E-05  1.000000E+00 -3.161822E-02  1.999612E+00 -2.842799E-02  2.803726E-04 -1.529646E-06  8.341421E-09 -5.094829E-11  1.412727E-13
  3.000000E-02  5.330110E-05  1.000000E+00 -3.233323E-02  1.999620E+00 -2.925452E-02  2.925938E-04 -1.632233E-06  9.119698E-09 -5.407015E-11  1.488113E-13
  3.200000E-02  5.229042E-05  1.000000E+00 -3.302761E-02  1.999628E+00 -3.005252E-02  3.047230E-04 -1.736052E-06  9.905901E-09 -5.722282E-11  1.564968E-13
  3.400000E-02  5.129937E-05  1.000000E+00 -3.370319E-02  1.999636E+00 -3.082468E-02  3.167662E-04 -1.841083E-06  1.069980E-08 -6.040635E-11  1.643233E-13
  3.600000E-02  5.032756E-05  1.000000E+00 -3.436144E-02  1.999644E+00 -3.157331E-02  3.287288E-04 -1.947298E-06  1.150109E-08 -6.362021E-11  1.722846E-13
  3.800000E-02  4.937456E-05  1.000000E+00 -3.500357E-02  1.999652E+00 -3.230040E-02  3.406159E-04 -2.054667E-06  1.230938E-08 -6.686344E-11  1.803747E-13
  4.000000E-02  4.843999E-05  1.000000E+00 -3.563058E-02  1.999659E+00 -3.300772E-02  3.524324E-04 -2.163156E-06  1.312425E-08 -7.013486E-11  1.885877E-13
  4.200000E-02  4.752347E-05  1.000000E+00 -3.624332E-02  1.999666E+00 -3.369678E-02  3.641828E-04 -2.272725E-06  1.394529E-08 -7.343320E-11  1.969182E-13
  4.400000E-02  4.662461E-05  1.000000E+00 -3.684254E-02  1.999673E+00 -3.436894E-02  3.758716E-04 -2.383336E-06  1.477207E-08 -7.675718E-11  2.053614E-13
  4.600000E-02  4.574304E-05  1.000000E+00 -3.742891E-02  1.999679E+00 -3.502540E-02  3.875028E-04 -2.494949E-06  1.560423E-08 -8.010566E-11  2.139128E-13
  4.800000E-02  4.487842E-05  1.000000E+00 -3.800308E-02  1.999686E+00 -3.566723E-02  3.990808E-04 -2.607525E-06  1.644142E-08 -8.347769E-11  2.225690E-13
  5.000000E-02  4.403037E-05  1.000000E+00 -3.856566E-02  1.999693E+00 -3.629542E-02  4.106093E-04 -2.721026E-06  1.728338E-08 -8.687253E-11  2.313269E-13
  5.200000E-02  4.319857E-05  1.000000E+00 -3.911725E-02  1.999699E+00 -3.691082E-02  4.220923E-04 -2.835420E-06  1.812991E-08 -9.028976E-11  2.401844E-13
  5.400000E-02  4.238268E-05  1.000000E+00 -3.965847E-02  1.999705E+00 -3.751422E-02  4.335333E-04 -2.950675E-06  1.898089E-08 -9.372924E-11  2.491399E-13
  5.600000E-02  4.158236E-05  1.000000E+00 -4.018994E-02  1.999711E+00 -3.810636E-02  4.449360E-04 -3.066768E-06  1.983628E-08 -9.719112E-11  2.581928E-13
  5.800000E-02  4.079730E-05  1.000000E+00 -4.071230E-02  1.999717E+00 -3.868788E-02  4.563036E-04 -3.183677E-06  2.069610E-08 -1.006759E-10  2.673426E-13
  6.000000E-02  4.002718E-05  1.000000E+00 -4.122622E-02  1.999723E+00 -3.925940E-02  4.676393E-04 -3.301387E-06  2.156047E-08 -1.041842E-10  2.765898E-13
  6.200000E-02  3.927169E-05  1.000000E+00 -4.173237E-02  1.999729E+00 -3.982147E-02  4.789463E-04 -3.419887E-06  2.242956E-08 -1.077172E-10  2.859349E-13
  6.400000E-02  3.853055E-05  1.000000E+00 -4.223143E-02  1.999735E+00 -4.037459E-02  4.902273E-04 -3.539173E-06  2.330358E-08 -1.112759E-10  2.953791E-13
  6.600000E-02  3.780345E-05  1.000000E+00 -4.272411E-02  1.999741E+00 -4.091926E-02  5.014852E-04 -3.659243E-06  2.418284E-08 -1.148617E-10  3.049235E-13
  6.800000E-02  3.709010E-05  1.000000E+00 -4.321110E-02  1.999747E+00 -4.145591E-02  5.127223E-04 -3.780102E-06  2.506763E-08 -1.184761E-10  3.145694E-13
  7.000000E-02  3.639023E-05  1.000000E+00 -4.369309E-02  1.999753E+00 -4.198496E-02  5.239412E-04 -3.901757E-06  2.595831E-08 -1.221207E-10  3.243182E-13
  7.200000E-02  3.570357E-05  1.000000E+00 -4.417078E-02  1.999758E+00 -4.250679E-02  5.351441E-04 -4.024218E-06  2.685524E-08 -1.257972E-10  3.341711E-13
  7.400000E-02  3.502985E-05  1.000000E+00 -4.464481E-02  1.999764E+00 -4.302176E-02  5.463332E-04 -4.147499E-06  2.775880E-08 -1.295070E-10  3.441292E-13
  7.600000E-02  3.436880E-05  1.000000E+00 -4.511584E-02  1.999770E+00 -4.353022E-02  5.575104E-04 -4.271614E-06  2.866935E-08 -1.332519E-10  3.541932E-13
  7.800000E-02  3.372017E-05  1.000000E+00 -4.558447E-02  1.999775E+00 -4.403248E-02  5.686778E-04 -4.396580E-06  2.958725E-08 -1.370333E-10  3.643638E-13
  8.000000E-02  3.308372E-05  1.000000E+00 -4.605126E-02  1.999780E+00 -4.452884E-02  5.798370E-04 -4.522415E-06  3.051285E-08 -1.408527E-10  3.746412E-13
  8.200000E-02  3.245919E-05  1.000000E+00 -4.651674E-02  1.999786E+00 -4.501959E-02  5.909899E-04 -4.649134E-06  3.144646E-08 -1.447113E-10  3.850253E-13
  8.400000E-02  3.184636E-05  1.000000E+00 -4.698140E-02  1.999791E+00 -4.550500E-02  6.021382E-04 -4.776755E-06  3.238838E-08 -1.486104E-10  3.955157E-13
  8.600000E-02  3.124498E-05  1.000000E+00 -4.744566E-02  1.999796E+00 -4.598531E-02  6.132834E-04 -4.905295E-06  3.333885E-08 -1.525509E-10  4.061116E-13
  8.800000E-02  3.065484E-05  1.000000E+00 -4.790989E-02  1.999801E+00 -4.646078E-02  6.244273E-04 -5.034767E-06  3.429811E-08 -1.565337E-10  4.168120E-13
  9.000000E-02  3.007571E-05  1.000000E+00 -4.837443E-02  1.999806E+00 -4.693163E-02  6.355713E-04 -5.165186E-06  3.526633E-08 -1.605596E-10  4.276158E-13
  9.200000E-02  2.950736E-05  1.000000E+00 -4.883953E-02  1.999811E+00 -4.739808E-02  6.467171E-04 -5.296563E-06  3.624366E-08 -1.646290E-10  4.385212E-13
  9.400000E-02  2.894960E-05  1.000000E+00 -4.930542E-02  1.999816E+00 -4.786032E-02  6.578662E-04 -5.428909E-06  3.723021E-08 -1.687425E-10  4.495269E-13
  9.600000E-02  2.840221E-05  1.000000E+00 -4.977226E-02  1.999821E+00 -4.831857E-02  6.690203E-04 -5.562233E-06  3.822608E-08 -1.729004E-10  4.606310E-13
  9.800000E-02  2.786500E-05  1.000000E+00 -5.024016E-02  1.999826E+00 -4.877300E-02  6.801808E-04 -5.696542E-06  3.923131E-08 -1.771028E-10  4.718318E-13
  1.000000E-01  2.733775E-05  1.000000E+00 -5.070920E-02  1.999830E+00 -4.922379E-02  6.913495E-04 -5.831841E-06  4.024592E-08 -1.813499E-10  4.831277E-13
  1.020000E-01  2.682029E-05  1.000000E+00 -5.117939E-02  1.999835E+00 -4.967111E-02  7.025280E-04 -5.968135E-06  4.126993E-08 -1.856416E-10  4.945171E-13
  1.040000E-01  2.631241E-05  1.000000E+00 -5.165073E-02  1.999839E+00 -5.011513E-02  7.137180E-04 -6.105428E-06  4.230334E-08 -1.899781E-10  5.059986E-13
  1.060000E-01  2.581394E-05  1.000000E+00 -5.212317E-02  1.999843E+00 -5.055598E-02  7.249212E-04 -6.243722E-06  4.334611E-08 -1.943592E-10  5.175710E-13
  1.080000E-01  2.532470E-05  1.000000E+00 -5.259665E-02  1.999848E+00 -5.099383E-02  7.361393E-04 -6.383019E-06  4.439823E-08 -1.987850E-10  5.292335E-13
  1.100000E-01  2.484450E-05  1.000000E+00 -5.307107E-02  1.999852E+00 -5.142881E-02  7.473742E-04 -6.523321E-06  4.545968E-08 -2.032555E-10  5.409857E-13
  1.120000E-01  2.437317E-05  1.000000E+00 -5.354632E-02  1.999856E+00 -5.186105E-02  7.586277E-04 -6.664631E-06  4.653045E-08 -2.077707E-10  5.528274E-13
  1.140000E-01  2.391054E-05  1.000000E+00 -5.402228E-02  1.999860E+00 -5.229068E-02  7.699016E-04 -6.806951E-06  4.761051E-08 -2.123307E-10  5.647590E-13
  1.160000E-01  2.345646E-05  1.000000E+00 -5.449883E-02  1.999864E+00 -5.271783E-02  7.811977E-04 -6.950284E-06  4.869990E-08 -2.169359E-10  5.767813E-13
  1.180000E-01  2.301075E-05  1.000000E+00 -5.497584E-02  1.999868E+00 -5.314261E-02  7.925181E-04 -7.094635E-06  4.979863E-08 -2.215865E-10  5.888955E-13
  1.200000E-01  2.257325E-05  1.000000E+00 -5.545320E-02  1.999871E+00 -5.356513E-02  8.038646E-04 -7.240010E-06  5.090676E-08 -2.262830E-10  6.011034E-13
  1.220000E-01  2.214381E-05  1.000000E+00 -5.593080E-02  1.999875E+00 -5.398550E-02  8.152391E-04 -7.386417E-06  5.202437E-08 -2.310261E-10  6.134073E-13
  1.240000E-01  2.172228E-05  1.000000E+00 -5.640854E-02  1.999879E+00 -5.440383E-02  8.266436E-04 -7.533863E-06  5.315157E-08 -2.358164E-10  6.258100E-13
  1.260000E-01  2.130851E-05  1.000000E+00 -5.688635E-02  1.999882E+00 -5.482021E-02  8.380800E-04 -7.682362E-06  5.428849E-08 -2.406549E-10  6.383146E-13
  1.280000E-01  2.090234E-05  1.000000E+00 -5.736417E-02  1.999886E+00 -5.523475E-02  8.495504E-04 -7.831925E-06  5.543529E-08 -2.455425E-10  6.509248E-13
  1.300000E-01  2.050365E-05  1.000000E+00 -5.784198E-02  1.999889E+00 -5.564753E-02  8.610565E-04 -7.982569E-06  5.659219E-08 -2.504806E-10  6.636446E-13
  1.320000E-01  2.011227E-05  1.000000E+00 -5.831977E-02  1.999893E+00 -5.605864E-02  8.726005E-04 -8.134310E-06  5.775942E-08 -2.554706E-10  6.764787E-13
  1.340000E-01  1.972809E-05  1.000000E+00 -5.879756E-02  1.999896E+00 -5.646818E-02  8.841841E-04 -8.287171E-06  5.893722E-08 -2.605138E-10  6.894316E-13
  1.360000E-01  1.935097E-05  1.000000E+00 -5.927541E-02  1.999900E+00 -5.687623E-02  8.958094E-04 -8.441171E-06  6.012591E-08 -2.656120E-10  7.025086E-13
  1.380000E-01  1.898076E-05  1.000000E+00 -5.975340E-02  1.999903E+00 -5.728288E-02  9.074782E-04 -8.596337E-06  6.132579E-08 -2.707669E-10  7.157149E-13
  1.400000E-01  1.861734E-05  1.000000E+00 -6.023164E-02  1.999907E+00 -5.768819E-02  9.191924E-04 -8.752694E-06  6.253721E-08 -2.759805E-10  7.290561E-13
  1.420000E-01  1.826059E-05  1.000000E+00 -6.071027E-02  1.999910E+00 -5.809226E-02  9.309538E-04 -8.910271E-06  6.376055E-08 -2.812548E-10  7.425378E-13
  1.440000E-01  1.791038E-05  1.000000E+00 -6.118945E-02  1.999914E+00 -5.849516E-02  9.427644E-04 -9.069099E-06  6.499619E-08 -2.865919E-10  7.561658E-13
  1.460000E-01  1.756659E-05  1.000000E+00 -6.166938E-02  1.999917E+00 -5.889696E-02  9.546260E-04 -9.229210E-06  6.624454E-08 -2.919941E-10  7.699457E-13
  1.480000E-01  1.722910E-05  1.000000E+00 -6.215027E-02  1.999921E+00 -5.929774E-02  9.665403E-04 -9.390637E-06  6.750602E-08 -2.974635E-10  7.838835E-13
  1.500000E-01  1.689778E-05  1.000000E+00 -6.263236E-02  1.999924E+00 -5.969757E-02  9.785091E-04 -9.553416E-06  6.878106E-08 -3.030025E-10  7.979848E-13
  1.520000E-01  1.657254E-05  1.000000E+00 -6.311590E-02  1.999928E+00 -6.009652E-02  9.905342E-04 -9.717583E-06  7.007012E-08 -3.086135E-10  8.122551E-13
  1.540000E-01  1.625324E-05  1.000000E+00 -6.360115E-02  1.999931E+00 -6.049467E-02  1.002617E-03 -9.883174E-06  7.137363E-08 -3.142988E-10  8.267000E-13
  1.560000E-01  1.593979E-05  1.000000E+00 -6.408839E-02  1.999935E+00 -6.089207E-02  1.014760E-03 -1.005023E-05  7.269204E-08 -3.200609E-10  8.413248E-13
  1.580000E-01  1.563208E-05  1.000000E+00 -6.457791E-02  1.999939E+00 -6.128880E-02  1.026965E-03 -1.021878E-05  7.402581E-08 -3.259021E-10  8.561345E-13
  1.600000E-01  1.533000E-05  1.000000E+00 -6.507001E-02  1.999942E+00 -6.168493E-02  1.039233E-03 -1.038888E-05  7.537538E-08 -3.318248E-10  8.711342E-13
  1.620000E-01  1.503344E-05  1.000000E+00 -6.556497E-02  1.999946E+00 -6.208051E-02  1.051565E-03 -1.056055E-05  7.674119E-08 -3.378314E-10  8.863286E-13
  1.640000E-01  1.474230E-05  1.000000E+00 -6.606309E-02  1.999950E+00 -6.247561E-02  1.063965E-03 -1.073385E-05  7.812368E-08 -3.439242E-10  9.017222E-13
  1.660000E-01  1.445649E-05  1.000000E+00 -6.656465E-02  1.999953E+00 -6.287030E-02  1.076433E-03 -1.090880E-05  7.952328E-08 -3.501055E-10  9.173193E-13
  1.680000E-01  1.417590E-05  1.000000E+00 -6.706992E-02  1.999957E+00 -6.326463E-02  1.088971E-03 -1.108544E-05  8.094040E-08 -3.563774E-10  9.331240E-13
  1.700000E-01  1.390044E-05  1.000000E+00 -6.757918E-02  1.999961E+00 -6.365867E-02  1.101581E-03 -1.126382E-05  8.237544E-08 -3.627423E-10  9.491404E-13
  1.720000E-01  1.363002E-05  1.000000E+00 -6.809266E-02  1.999965E+00 -6.405247E-02  1.114264E-03 -1.144398E-05  8.382880E-08 -3.692023E-10  9.653722E-13
  1.740000E-01  1.336455E-05  1.000000E+00 -6.861061E-02  1.999969E+00 -6.444610E-02  1.127023E-03 -1.162594E-05  8.530086E-08 -3.757594E-10  9.818232E-13
  1.760000E-01  1.310393E-05  1.000000E+00 -6.913324E-02  1.999972E+00 -6.483960E-02  1.139860E-03 -1.180976E-05  8.679200E-08 -3.824158E-10  9.984970E-13
  1.780000E-01  1.284807E-05  1.000000E+00 -6.966073E-02  1.999976E+00 -6.523305E-02  1.152775E-03 -1.199545E-05  8.830257E-08 -3.891735E-10  1.015397E-12
  1.800000E-01  1.259689E-05  1.000000E+00 -7.019327E-02  1.999980E+00 -6.562648E-02  1.165771E-03 -1.218307E-05  8.983294E-08 -3.960344E-10  1.032528E-12
  1.820000E-01  1.235031E-05  1.000000E+00 -7.073100E-02  1.999984E+00 -6.601995E-02  1.178849E-03 -1.237265E-05  9.138343E-08 -4.030005E-10  1.049892E-12
  1.840000E-01  1.210824E-05  1.000000E+00 -7.127403E-02  1.999988E+00 -6.641353E-02  1.192013E-03 -1.256421E-05  9.295439E-08 -4.100738E-10  1.067494E-12
  1.860000E-01  1.187060E-05  1.000000E+00 -7.182247E-02  1.999991E+00 -6.680725E-02  1.205263E-03 -1.275781E-05  9.454615E-08 -4.172563E-10  1.085337E-12
  1.880000E-01  1.163730E-05  1.000000E+00 -7.237638E-02  1.999995E+00 -6.720117E-02  1.218601E-03 -1.295346E-05  9.615903E-08 -4.245498E-10  1.103427E-12
  1.900000E-01  1.140828E-05  1.000000E+00 -7.293582E-02  1.999999E+00 -6.759533E-02  1.232029E-03 -1.315122E-05  9.779337E-08 -4.319563E-10  1.121766E-12
  1.920000E-01  1.118345E-05  1.000000E+00 -7.350080E-02  2.000003E+00 -6.798979E-02  1.245551E-03 -1.335110E-05  9.944949E-08 -4.394779E-10  1.140361E-12
  1.940000E-01  1.096274E-05  1.000000E+00 -7.407133E-02  2.000006E+00 -6.838459E-02  1.259166E-03 -1.355315E-05  1.011277E-07 -4.471166E-10  1.159216E-12
  1.960000E-01  1.074608E-05  1.000000E+00 -7.464737E-02  2.000010E+00 -6.877978E-02  1.272879E-03 -1.375741E-05  1.028284E-07 -4.548746E-10  1.178336E-12
  1.980000E-01  1.053338E-05  1.000000E+00 -7.522889E-02  2.000014E+00 -6.917540E-02  1.286690E-03 -1.396390E-05  1.045519E-07 -4.627539E-10  1.197729E-12
  2.000000E-01  1.032459E-05  1.000000E+00 -7.581583E-02  2.000017E+00 -6.957149E-02  1.300602E-03 -1.417266E-05  1.062986E-07 -4.707568E-10  1.217400E-12
  2.020000E-01  1.011963E-05  1.000000E+00 -7.640810E-02  2.000021E+00 -6.996811E-02  1.314617E-03 -1.438374E-05  1.080688E-07 -4.788858E-10  1.237356E-12
  2.040000E-01  9.918435E-06  1.000000E+00 -7.700561E-02  2.000024E+00 -7.036528E-02  1.328738E-03 -1.459716E-05  1.098629E-07 -4.871432E-10  1.257606E-12
  2.060000E-01  9.720933E-06  1.000000E+00 -7.760825E-02  2.000028E+00 -7.076306E-02  1.342966E-03 -1.481297E-05  1.116813E-07 -4.955318E-10  1.278157E-12
  2.080000E-01  9.527061E-06  1.000000E+00 -7.821591E-02  2.000031E+00 -7.116148E-02  1.357305E-03 -1.503120E-05  1.135245E-07 -5.040542E-10  1.299018E-12
  2.100000E-01  9.336755E-06  1.000000E+00 -7.882846E-02  2.000034E+00 -7.156059E-02  1.371755E-03 -1.525189E-05  1.153929E-07 -5.127134E-10  1.320199E-12
  2.120000E-01  9.149951E-06  1.000000E+00 -7.944578E-02  2.000037E+00 -7.196041E-02  1.386321E-03 -1.547510E-05  1.172870E-07 -5.215124E-10  1.341710E-12
  2.140000E-01  8.966586E-06  1.000000E+00 -8.006774E-02  2.000041E+00 -7.236100E-02  1.401004E-03 -1.570085E-05  1.192073E-07 -5.304544E-10  1.363563E-12
  2.160000E-01  8.786600E-06  1.000000E+00 -8.069420E-02  2.000044E+00 -7.276238E-02  1.415807E-03 -1.592920E-05  1.211542E-07 -5.395428E-10  1.385768E-12
  2.180000E-01  8.609933E-06  1.000000E+00 -8.132504E-02  2.000047E+00 -7.316461E-02  1.430732E-03 -1.616020E-05  1.231285E-07 -5.487812E-10  1.408338E-12
  2.200000E-01  8.436526E-06  1.000000E+00 -8.196015E-02  2.000050E+00 -7.356770E-02  1.445782E-03 -1.639388E-05  1.251305E-07 -5.581733E-10  1.431286E-12
  2.220000E-01  8.266320E-06  1.000000E+00 -8.259942E-02  2.000053E+00 -7.397171E-02  1.460959E-03 -1.663031E-05  1.271611E-07 -5.677232E-10  1.454626E-12
  2.240000E-01  8.099260E-06  1.000000E+00 -8.324273E-02  2.000056E+00 -7.437667E-02  1.476266E-03 -1.686952E-05  1.292207E-07 -5.774349E-10  1.478372E-12
  2.260000E-01  7.935290E-06  1.000000E+00 -8.389002E-02  2.000059E+00 -7.478262E-02  1.491706E-03 -1.711159E-05  1.313101E-07 -5.873127E-10  1.502538E-12
  2.280000E-01  7.774355E-06  1.000000E+00 -8.454120E-02  2.000062E+00 -7.518959E-02  1.507282E-03 -1.735656E-05  1.334299E-07 -5.973612E-10  1.527142E-12
  2.300000E-01  7.616401E-06  1.000000E+00 -8.519623E-02  2.000065E+00 -7.559762E-02  1.522995E-03 -1.760449E-05  1.355810E-07 -6.075851E-10  1.552198E-12
  2.320000E-01  7.461375E-06  1.000000E+00 -8.585506E-02  2.000068E+00 -7.600675E-02  1.538850E-03 -1.785545E-05  1.377640E-07 -6.179892E-10  1.577723E-12
  2.340000E-01  7.309226E-06  1.000000E+00 -8.651769E-02  2.000071E+00 -7.641701E-02  1.554848E-03 -1.810948E-05  1.399798E-07 -6.285787E-10  1.603736E-12
  2.360000E-01  7.159903E-06  1.000000E+00 -8.718411E-02  2.000074E+00 -7.682845E-02  1.570992E-03 -1.836667E-05  1.422291E-07 -6.393587E-10  1.630253E-12
  2.380000E-01  7.013356E-06  1.000000E+00 -8.785435E-02  2.000077E+00 -7.724110E-02  1.587286E-03 -1.862708E-05  1.445128E-07 -6.503347E-10  1.657294E-12
  2.400000E-01  6.869535E-06  1.000000E+00 -8.852846E-02  2.000080E+00 -7.765499E-02  1.603733E-03 -1.889076E-05  1.468318E-07 -6.615122E-10  1.684876E-12
  2.420000E-01  6.728393E-06  1.000000E+00 -8.920651E-02  2.000083E+00 -7.807018E-02  1.620334E-03 -1.915781E-05  1.491869E-07 -6.728970E-10  1.713018E-12
  2.440000E-01  6.589882E-06  1.000000E+00 -8.988860E-02  2.000086E+00 -7.848669E-02  1.637094E-03 -1.942828E-05  1.515791E-07 -6.844949E-10  1.741742E-12
  2.460000E-01  6.453956E-06  1.000000E+00 -9.057483E-02  2.000089E+00 -7.890456E-02  1.654016E-03 -1.970225E-05  1.540093E-07 -6.963119E-10  1.771065E-12
  2.480000E-01  6.320568E-06  1.000000E+00 -9.126535E-02  2.000092E+00 -7.932384E-02  1.671101E-03 -1.997980E-05  1.564784E-07 -7.083541E-10  1.801009E-12
  2.500000E-01  6.189675E-06  1.000000E+00 -9.196030E-02  2.000096E+00 -7.974457E-02  1.688355E-03 -2.026101E-05  1.589874E-07 -7.206278E-10  1.831594E-12
  2.520000E-01  6.061232E-06  1.000000E+00 -9.265988E-02  2.000099E+00 -8.016678E-02  1.705779E-03 -2.054596E-05  1.615374E-07 -7.331393E-10  1.862840E-12
  2.540000E-01  5.935195E-06  1.000000E+00 -9.336427E-02  2.000102E+00 -8.059052E-02  1.723377E-03 -2.083473E-05  1.641292E-07 -7.458952E-10  1.894768E-12
  2.560000E-01  5.811522E-06  1.000000E+00 -9.407368E-02  2.000106E+00 -8.101582E-02  1.741152E-03 -2.112740E-05  1.667640E-07 -7.589019E-10  1.927400E-12
  2.580000E-01  5.690171E-06  1.000000E+00 -9.478835E-02  2.000110E+00 -8.144273E-02  1.759108E-03 -2.142407E-05  1.694427E-07 -7.721660E-10  1.960755E-12
  2.600000E-01  5.571102E-06  1.000000E+00 -9.550851E-02  2.000113E+00 -8.187130E-02  1.777249E-03 -2.172481E-05  1.721665E-07 -7.856944E-10  1.994857E-12
  2.620000E-01  5.454273E-06  1.000000E+00 -9.623443E-02  2.000117E+00 -8.230156E-02  1.795577E-03 -2.202973E-05  1.749363E-07 -7.994939E-10  2.029726E-12
  2.640000E-01  5.339646E-06  1.000000E+00 -9.696635E-02  2.000121E+00 -8.273355E-02  1.814096E-03 -2.233890E-05  1.777532E-07 -8.135713E-10  2.065383E-12
  2.660000E-01  5.227181E-06  1.000000E+00 -9.770456E-02  2.000125E+00 -8.316733E-02  1.832810E-03 -2.265244E-05  1.806184E-07 -8.279336E-10  2.101852E-12
  2.680000E-01  5.116840E-06  1.000000E+00 -9.844934E-02  2.000130E+00 -8.360292E-02  1.851723E-03 -2.297041E-05  1.835329E-07 -8.425879E-10  2.139152E-12
  2.700000E-01  5.008586E-06  1.000000E+00 -9.920095E-02  2.000134E+00 -8.404039E-02  1.870838E-03 -2.329294E-05  1.864978E-07 -8.575413E-10  2.177308E-12
  2.720000E-01  4.902381E-06  1.000000E+00 -9.995968E-02  2.000138E+00 -8.447976E-02  1.890159E-03 -2.362011E-05  1.895142E-07 -8.728010E-10  2.216340E-12
  2.740000E-01  4.798190E-06  1.000000E+00 -1.007258E-01  2.000143E+00 -8.492109E-02  1.909690E-03 -2.395203E-05  1.925834E-07 -8.883742E-10  2.256271E-12
  2.760000E-01  4.695976E-06  1.000000E+00 -1.014996E-01  2.000148E+00 -8.536441E-02  1.929436E-03 -2.428879E-05  1.957063E-07 -9.042685E-10  2.297125E-12
  2.780000E-01  4.595706E-06  1.000000E+00 -1.022814E-01  2.000152E+00 -8.580978E-02  1.949399E-03 -2.463051E-05  1.988843E-07 -9.204913E-10  2.338923E-12
  2.800000E-01  4.497344E-06  1.000000E+00 -1.030714E-01  2.000157E+00 -8.625724E-02  1.969586E-03 -2.497728E-05  2.021184E-07 -9.370501E-10  2.381690E-12
  2.820000E-01  4.400857E-06  1.000000E+00 -1.038698E-01  2.000162E+00 -8.670683E-02  1.989999E-03 -2.532922E-05  2.054099E-07 -9.539527E-10  2.425449E-12
  2.840000E-01  4.306212E-06  1.000000E+00 -1.046770E-01  2.000168E+00 -8.715860E-02  2.010643E-03 -2.568644E-05  2.087600E-07 -9.712070E-10  2.470225E-12
  2.860000E-01  4.213376E-06  1.000000E+00 -1.054930E-01  2.000173E+00 -8.761259E-02  2.031523E-03 -2.604905E-05  2.121700E-07 -9.888210E-10  2.516041E-12
  2.880000E-01  4.122317E-06  1.000000E+00 -1.063183E-01  2.000178E+00 -8.806884E-02  2.052644E-03 -2.641716E-05  2.156410E-07 -1.006803E-09  2.562924E-12
  2.900000E-01  4.033004E-06  1.000000E+00 -1.071528E-01  2.000184E+00 -8.852741E-02  2.074009E-03 -2.679089E-05  2.191745E-07 -1.025161E-09  2.610900E-12
  2.920000E-01  3.945406E-06  1.000000E+00 -1.079969E-01  2.000189E+00 -8.898833E-02  2.095624E-03 -2.717037E-05  2.227717E-07 -1.043904E-09  2.659994E-12
  2.940000E-01  3.859493E-06  1.000000E+00 -1.088507E-01  2.000195E+00 -8.945164E-02  2.117494E-03 -2.755570E-05  2.264340E-07 -1.063040E-09  2.710236E-12
  2.960000E-01  3.775235E-06  1.000000E+00 -1.097143E-01  2.000200E+00 -8.991741E-02  2.139624E-03 -2.794703E-05  2.301628E-07 -1.082579E-09  2.761653E-12
  2.980000E-01  3.692603E-06  1.000000E+00 -1.105879E-01  2.000206E+00 -9.038566E-02  2.162019E-03 -2.834446E-05  2.339595E-07 -1.102530E-09  2.814275E-12
  3.000000E-01  3.611568E-06  1.000000E+00 -1.114715E-01  2.000212E+00 -9.085644E-02  2.184684E-03 -2.874815E-05  2.378257E-07 -1.122902E-09  2.868132E-12
  3.020000E-01  3.532102E-06  1.000000E+00 -1.123652E-01  2.000218E+00 -9.132979E-02  2.207625E-03 -2.915821E-05  2.417627E-07 -1.143706E-09  2.923257E-12
  3.040000E-01  3.454177E-06  1.000000E+00 -1.132691E-01  2.000223E+00 -9.180577E-02  2.230847E-03 -2.957479E-05  2.457723E-07 -1.164951E-09  2.979682E-12
  3.060000E-01  3.377766E-06  1.000000E+00 -1.141833E-01  2.000229E+00 -9.228441E-02  2.254356E-03 -2.999803E-05  2.498561E-07 -1.186649E-09  3.037443E-12
  3.080000E-01  3.302843E-06  1.000000E+00 -1.151076E-01  2.000235E+00 -9.276575E-02  2.278157E-03 -3.042807E-05  2.540156E-07 -1.208810E-09  3.096576E-12
  3.100000E-01  3.229380E-06  1.000000E+00 -1.160423E-01  2.000241E+00 -9.324984E-02  2.302257E-03 -3.086506E-05  2.582528E-07 -1.231446E-09  3.157118E-12
  3.120000E-01  3.157353E-06  1.000000E+00 -1.169871E-01  2.000247E+00 -9.373672E-02  2.326662E-03 -3.130915E-05  2.625693E-07 -1.254569E-09  3.219109E-12
  3.140000E-01  3.086736E-06  1.000000E+00 -1.179421E-01  2.000253E+00 -9.422644E-02  2.351377E-03 -3.176049E-05  2.669670E-07 -1.278191E-09  3.282592E-12
  3.160000E-01  3.017503E-06  1.000000E+00 -1.189073E-01  2.000259E+00 -9.471903E-02  2.376409E-03 -3.221925E-05  2.714480E-07 -1.302325E-09  3.347608E-12
  3.180000E-01  2.949631E-06  1.000000E+00 -1.198825E-01  2.000264E+00 -9.521455E-02  2.401765E-03 -3.268559E-05  2.760141E-07 -1.326985E-09  3.414204E-12
  3.200000E-01  2.883095E-06  1.000000E+00 -1.208677E-01  2.000270E+00 -9.571302E-02  2.427451E-03 -3.315968E-05  2.806676E-07 -1.352184E-09  3.482428E-12
  3.220000E-01  2.817872E-06  1.000000E+00 -1.218628E-01  2.000276E+00 -9.621451E-02  2.453473E-03 -3.364169E-05  2.854105E-07 -1.377938E-09  3.552329E-12
  3.240000E-01  2.753939E-06  1.000000E+00 -1.228676E-01  2.000282E+00 -9.671904E-02  2.479840E-03 -3.413181E-05  2.902451E-07 -1.404261E-09  3.623961E-12
  3.260000E-01  2.691272E-06  1.000000E+00 -1.238822E-01  2.000287E+00 -9.722667E-02  2.506557E-03 -3.463020E-05  2.951738E-07 -1.431169E-09  3.697378E-12
  3.280000E-01  2.629849E-06  1.000000E+00 -1.249063E-01  2.000293E+00 -9.773743E-02  2.533632E-03 -3.513708E-05  3.001990E-07 -1.458679E-09  3.772638E-12
  3.300000E-01  2.569648E-06  1.000000E+00 -1.259399E-01  2.000299E+00 -9.825137E-02  2.561073E-03 -3.565262E-05  3.053232E-07 -1.486808E-09  3.849801E-12
  3.320000E-01  2.510648E-06  1.000000E+00 -1.269828E-01  2.000304E+00 -9.876853E-02  2.588888E-03 -3.617703E-05  3.105491E-07 -1.515574E-09  3.928931E-12
  3.340000E-01  2.452826E-06  1.000000E+00 -1.280349E-01  2.000310E+00 -9.928896E-02  2.617083E-03 -3.671051E-05  3.158792E-07 -1.544996E-09  4.010093E-12
  3.360000E-01  2.396163E-06  1.000000E+00 -1.290961E-01  2.000315E+00 -9.981271E-02  2.645667E-03 -3.725329E-05  3.213165E-07 -1.575092E-09  4.093356E-12
  3.380000E-01  2.340637E-06  1.000000E+00 -1.301662E-01  2.000320E+00 -1.003398E-01  2.674648E-03 -3.780557E-05  3.268638E-07 -1.605884E-09  4.178793E-12
  3.400000E-01  2.286228E-06  1.000000E+00 -1.312453E-01  2.000326E+00 -1.008703E-01  2.704034E-03 -3.836758E-05  3.325241E-07 -1.637392E-09  4.266478E-12
  3.420000E-01  2.232916E-06  1.000000E+00 -1.323331E-01  2.000331E+00 -1.014043E-01  2.733835E-03 -3.893955E-05  3.383006E-07 -1.669638E-09  4.356491E-12
  3.440000E-01  2.180681E-06  1.000000E+00 -1.334297E-01  2.000336E+00 -1.019417E-01  2.764058E-03 -3.952173E-05  3.441964E-07 -1.702645E-09  4.448912E-12
  3.460000E-01  2.129505E-06  1.000000E+00 -1.345349E-01  2.000342E+00 -1.024827E-01  2.794713E-03 -4.011435E-05  3.502149E-07 -1.736435E-09  4.543827E-12
  3.480000E-01  2.079368E-06  1.000000E+00 -1.356487E-01  2.000347E+00 -1.030273E-01  2.825809E-03 -4.071768E-05  3.563595E-07 -1.771034E-09  4.641325E-12
  3.500000E-01  2.030251E-06  1.000000E+00 -1.367711E-01  2.000352E+00 -1.035755E-01  2.857355E-03 -4.133197E-05  3.626338E-07 -1.806466E-09  4.741497E-12
  3.520000E-01  1.982137E-06  1.000000E+00 -1.379021E-01  2.000358E+00 -1.041275E-01  2.889362E-03 -4.195749E-05  3.690414E-07 -1.842757E-09  4.844440E-12
  3.540000E-01  1.935007E-06  1.000000E+00 -1.390416E-01  2.000363E+00 -1.046831E-01  2.921839E-03 -4.259452E-05  3.755860E-07 -1.879934E-09  4.950251E-12
  3.560000E-01  1.888844E-06  1.000000E+00 -1.401897E-01  2.000368E+00 -1.052426E-01  2.954797E-03 -4.324334E-05  3.822716E-07 -1.918026E-09  5.059035E-12
  3.580000E-01  1.843629E-06  1.000000E+00 -1.413465E-01  2.000374E+00 -1.058059E-01  2.988245E-03 -4.390426E-05  3.891021E-07 -1.957060E-09  5.170897E-12
  3.600000E-01  1.799347E-06  1.000000E+00 -1.425120E-01  2.000380E+00 -1.063731E-01  3.022196E-03 -4.457756E-05  3.960817E-07 -1.997066E-09  5.285949E-12
  3.620000E-01  1.755979E-06  1.000000E+00 -1.436863E-01  2.000385E+00 -1.069443E-01  3.056659E-03 -4.526357E-05  4.032147E-07 -2.038076E-09  5.404304E-12
  3.640000E-01  1.713510E-06  1.000000E+00 -1.448697E-01  2.000391E+00 -1.075194E-01  3.091647E-03 -4.596260E-05  4.105053E-07 -2.080120E-09  5.526081E-12
  3.660000E-01  1.671923E-06  1.000000E+00 -1.460622E-01  2.000397E+00 -1.080987E-01  3.127172E-03 -4.667499E-05  4.179581E-07 -2.123231E-09  5.651402E-12
  3.680000E-01  1.631201E-06  1.000000E+00 -1.472640E-01  2.000403E+00 -1.086820E-01  3.163244E-03 -4.740108E-05  4.255778E-07 -2.167442E-09  5.780393E-12
  3.700000E-01  1.591331E-06  1.000000E+00 -1.484753E-01  2.000409E+00 -1.092696E-01  3.199878E-03 -4.814122E-05  4.333690E-07 -2.212788E-09  5.913184E-12
  3.720000E-01  1.552294E-06  1.000000E+00 -1.496965E-01  2.000416E+00 -1.098614E-01  3.237085E-03 -4.889578E-05  4.413367E-07 -2.259305E-09  6.049911E-12
  3.740000E-01  1.514078E-06  1.000000E+00 -1.509277E-01  2.000423E+00 -1.104575E-01  3.274879E-03 -4.966513E-05  4.494859E-07 -2.307029E-09  6.190711E-12
  3.760000E-01  1.476665E-06  1.000000E+00 -1.521693E-01  2.000429E+00 -1.110580E-01  3.313273E-03 -5.044966E-05  4.578219E-07 -2.355997E-09  6.335727E-12
  3.780000E-01  1.440043E-06  1.000000E+00 -1.534215E-01  2.000437E+00 -1.116629E-01  3.352282E-03 -5.124977E-05  4.663499E-07 -2.406249E-09  6.485109E-12
  3.800000E-01  1.404196E-06  1.000000E+00 -1.546847E-01  2.000444E+00 -1.122723E-01  3.391920E-03 -5.206587E-05  4.750754E-07 -2.457824E-09  6.639006E-12
  3.820000E-01  1.369109E-06  1.000000E+00 -1.559594E-01  2.000452E+00 -1.128863E-01  3.432202E-03 -5.289838E-05  4.840041E-07 -2.510763E-09  6.797577E-12
  3.840000E-01  1.334770E-06  1.000000E+00 -1.572458E-01  2.000460E+00 -1.135048E-01  3.473144E-03 -5.374775E-05  4.931418E-07 -2.565109E-09  6.960982E-12
  3.860000E-01  1.301163E-06  1.000000E+00 -1.585444E-01  2.000469E+00 -1.141281E-01  3.514760E-03 -5.461443E-05  5.024944E-07 -2.620905E-09  7.129388E-12
  3.880000E-01  1.268276E-06  1.000000E+00 -1.598556E-01  2.000477E+00 -1.147562E-01  3.557068E-03 -5.549888E-05  5.120683E-07 -2.678196E-09  7.302967E-12
  3.900000E-01  1.236096E-06  1.000000E+00 -1.611798E-01  2.000487E+00 -1.153891E-01  3.600085E-03 -5.640160E-05  5.218697E-07 -2.737027E-09  7.481895E-12
  3.920000E-01  1.204608E-06  1.000000E+00 -1.625176E-01  2.000496E+00 -1.160269E-01  3.643827E-03 -5.732308E-05  5.319051E-07 -2.797447E-09  7.666354E-12
  3.940000E-01  1.173801E-06  1.000000E+00 -1.638694E-01  2.000506E+00 -1.166696E-01  3.688314E-03 -5.826383E-05  5.421814E-07 -2.859505E-09  7.856533E-12
  3.960000E-01  1.143661E-06  1.000000E+00 -1.652357E-01  2.000516E+00 -1.173174E-01  3.733562E-03 -5.922440E-05  5.527055E-07 -2.923250E-09  8.052625E-12
  3.980000E-01  1.114176E-06  1.000000E+00 -1.666169E-01  2.000527E+00 -1.179704E-01  3.779592E-03 -6.020534E-05  5.634847E-07 -2.988735E-09  8.254829E-12
  4.000000E-01  1.085334E-06  1.000000E+00 -1.680136E-01  2.000539E+00 -1.186285E-01  3.826423E-03 -6.120721E-05  5.745264E-07 -3.056014E-09  8.463353E-12
  4.020000E-01  1.057123E-06  1.000000E+00 -1.694264E-01  2.000550E+00 -1.192918E-01  3.874076E-03 -6.223061E-05  5.858382E-07 -3.125142E-09  8.678410E-12
  4.040000E-01  1.029530E-06  1.000000E+00 -1.708556E-01  2.000563E+00 -1.199606E-01  3.922572E-03 -6.327615E-05  5.974282E-07 -3.196178E-09  8.900219E-12
  4.060000E-01  1.002546E-06  1.000000E+00 -1.723018E-01  2.000575E+00 -1.206347E-01  3.971933E-03 -6.434447E-05  6.093047E-07 -3.269179E-09  9.129008E-12
  4.080000E-01  9.761564E-07  1.000000E+00 -1.737655E-01  2.000588E+00 -1.213143E-01  4.022181E-03 -6.543622E-05  6.214761E-07 -3.344209E-09  9.365014E-12
  4.100000E-01  9.503520E-07  1.000000E+00 -1.752472E-01  2.000602E+00 -1.219994E-01  4.073339E-03 -6.655208E-05  6.339513E-07 -3.421330E-09  9.608479E-12
  4.120000E-01  9.251212E-07  1.000000E+00 -1.767474E-01  2.000616E+00 -1.226902E-01  4.125431E-03 -6.769276E-05  6.467395E-07 -3.500610E-09  9.859657E-12
  4.140000E-01  9.004531E-07  1.000000E+00 -1.782666E-01  2.000631E+00 -1.233866E-01  4.178483E-03 -6.885899E-05  6.598502E-07 -3.582115E-09  1.011881E-11
  4.160000E-01  8.763371E-07  1.000000E+00 -1.798052E-01  2.000646E+00 -1.240889E-01  4.232520E-03 -7.005153E-05  6.732933E-07 -3.665919E-09  1.038621E-11
  4.180000E-01  8.527627E-07  1.000000E+00 -1.813637E-01  2.000661E+00 -1.247970E-01  4.287569E-03 -7.127115E-05  6.870792E-07 -3.752094E-09  1.066214E-11
  4.200000E-01  8.297195E-07  1.000000E+00 -1.829426E-01  2.000677E+00 -1.255110E-01  4.343657E-03 -7.251867E-05  7.012185E-07 -3.840718E-09  1.094689E-11
  4.220000E-01  8.071975E-07  1.000000E+00 -1.845422E-01  2.000693E+00 -1.262309E-01  4.400813E-03 -7.379495E-05  7.157222E-07 -3.931871E-09  1.124077E-11
  4.240000E-01  7.851867E-07  1.000000E+00 -1.861630E-01  2.000710E+00 -1.269570E-01  4.459065E-03 -7.510085E-05  7.306021E-07 -4.025637E-09  1.154410E-11
  4.260000E-01  7.636772E-07  1.000000E+00 -1.878053E-01  2.000728E+00 -1.276891E-01  4.518446E-03 -7.643729E-05  7.458701E-07 -4.122102E-09  1.185720E-11
  4.280000E-01  7.426595E-07  1.000000E+00 -1.894696E-01  2.000745E+00 -1.284275E-01  4.578985E-03 -7.780521E-05  7.615387E-07 -4.221357E-09  1.218043E-11
  4.300000E-01  7.221241E-07  1.000000E+00 -1.911561E-01  2.000764E+00 -1.291721E-01  4.640716E-03 -7.920559E-05  7.776212E-07 -4.323497E-09  1.251415E-11
  4.320000E-01  7.020618E-07  1.000000E+00 -1.928652E-01  2.000782E+00 -1.299230E-01  4.703672E-03 -8.063945E-05  7.941310E-07 -4.428622E-09  1.285872E-11
  4.340000E-01  6.824633E-07  1.000000E+00 -1.945971E-01  2.000801E+00 -1.306804E-01  4.767889E-03 -8.210785E-05  8.110825E-07 -4.536833E-09  1.321456E-11
  4.360000E-01  6.633198E-07  1.000000E+00 -1.963521E-01  2.000821E+00 -1.314441E-01  4.833403E-03 -8.361189E-05  8.284905E-07 -4.648240E-09  1.358206E-11
  4.380000E-01  6.446223E-07  1.000000E+00 -1.981304E-01  2.000840E+00 -1.322144E-01  4.900250E-03 -8.515272E-05  8.463705E-07 -4.762955E-09  1.396166E-11
  4.400000E-01  6.263623E-07  1.000000E+00 -1.999323E-01  2.000861E+00 -1.329912E-01  4.968471E-03 -8.673152E-05  8.647387E-07 -4.881097E-09  1.435382E-11
  4.420000E-01  6.085311E-07  1.000000E+00 -2.017579E-01  2.000881E+00 -1.337746E-01  5.038105E-03 -8.834954E-05  8.836120E-07 -5.002790E-09  1.475900E-11
  4.440000E-01  5.911205E-07  1.000000E+00 -2.036073E-01  2.000902E+00 -1.345647E-01  5.109194E-03 -9.000805E-05  9.030081E-07 -5.128163E-09  1.517772E-11
  4.460000E-01  5.741222E-07  1.000000E+00 -2.054808E-01  2.000923E+00 -1.353615E-01  5.181782E-03 -9.170840E-05  9.229454E-07 -5.257352E-09  1.561048E-11
  4.480000E-01  5.575281E-07  1.000000E+00 -2.073783E-01  2.000945E+00 -1.361651E-01  5.255913E-03 -9.345199E-05  9.434433E-07 -5.390501E-09  1.605784E-11
  4.500000E-01  5.413302E-07  1.000000E+00 -2.093000E-01  2.000967E+00 -1.369755E-01  5.331634E-03 -9.524026E-05  9.645219E-07 -5.527759E-09  1.652037E-11
  4.520000E-01  5.255208E-07  1.000000E+00 -2.112459E-01  2.000989E+00 -1.377927E-01  5.408993E-03 -9.707472E-05  9.862024E-07 -5.669282E-09  1.699868E-11
  4.540000E-01  5.100922E-07  1.000000E+00 -2.132160E-01  2.001011E+00 -1.386167E-01  5.488041E-03 -9.895696E-05  1.008507E-06 -5.815235E-09  1.749342E-11
  4.560000E-01  4.950367E-07  1.000000E+00 -2.152103E-01  2.001034E+00 -1.394477E-01  5.568830E-03 -1.008886E-04  1.031459E-06 -5.965791E-09  1.800524E-11
  4.580000E-01  4.803471E-07  1.000000E+00 -2.172289E-01  2.001057E+00 -1.402856E-01  5.651413E-03 -1.028714E-04  1.055082E-06 -6.121132E-09  1.853486E-11
  4.600000E-01  4.660159E-07  1.000000E+00 -2.192716E-01  2.001080E+00 -1.411304E-01  5.735848E-03 -1.049070E-04  1.079401E-06 -6.281447E-09  1.908303E-11
  4.620000E-01  4.520361E-07  1.000000E+00 -2.213384E-01  2.001104E+00 -1.419821E-01  5.822193E-03 -1.069975E-04  1.104444E-06 -6.446937E-09  1.965051E-11
  4.640000E-01  4.384006E-07  1.000000E+00 -2.234292E-01  2.001128E+00 -1.428408E-01  5.910508E-03 -1.091446E-04  1.130238E-06 -6.617812E-09  2.023815E-11
  4.660000E-01  4.251024E-07  1.000000E+00 -2.255439E-01  2.001152E+00 -1.437065E-01  6.000856E-03 -1.113504E-04  1.156811E-06 -6.794292E-09  2.084681E-11
  4.680000E-01  4.121348E-07  1.000000E+00 -2.276825E-01  2.001176E+00 -1.445791E-01  6.093305E-03 -1.136171E-04  1.184196E-06 -6.976610E-09  2.147740E-11
  4.700000E-01  3.994911E-07  1.000000E+00 -2.298449E-01  2.001201E+00 -1.454586E-01  6.187921E-03 -1.159468E-04  1.212423E-06 -7.165008E-09  2.213090E-11
  4.720000E-01  3.871646E-07  1.000000E+00 -2.320308E-01  2.001226E+00 -1.463450E-01  6.284776E-03 -1.183419E-04  1.241525E-06 -7.359744E-09  2.280833E-11
  4.740000E-01  3.751491E-07  1.000000E+00 -2.342402E-01  2.001252E+00 -1.472383E-01  6.383945E-03 -1.208046E-04  1.271539E-06 -7.561086E-09  2.351075E-11
  4.760000E-01  3.634380E-07  1.000000E+00 -2.364730E-01  2.001278E+00 -1.481384E-01  6.485505E-03 -1.233377E-04  1.302500E-06 -7.769317E-09  2.423931E-11
  4.780000E-01  3.520251E-07  1.000000E+00 -2.387289E-01  2.001304E+00 -1.490452E-01  6.589536E-03 -1.259436E-04  1.334448E-06 -7.984734E-09  2.499520E-11
  4.800000E-01  3.409044E-07  1.000000E+00 -2.410080E-01  2.001331E+00 -1.499587E-01  6.696123E-03 -1.286251E-04  1.367422E-06 -8.207651E-09  2.577968E-11
  4.820000E-01  3.300698E-07  1.000000E+00 -2.433101E-01  2.001358E+00 -1.508788E-01  6.805352E-03 -1.313852E-04  1.401465E-06 -8.438395E-09  2.659409E-11
  4.840000E-01  3.195153E-07  1.000000E+00 -2.456350E-01  2.001385E+00 -1.518054E-01  6.917317E-03 -1.342267E-04  1.436622E-06 -8.677314E-09  2.743984E-11
  4.860000E-01  3.092352E-07  1.000000E+00 -2.479826E-01  2.001413E+00 -1.527384E-01  7.032111E-03 -1.371529E-04  1.472938E-06 -8.924771E-09  2.831841E-11
  4.880000E-01  2.992238E-07  1.000000E+00 -2.503528E-01  2.001442E+00 -1.536777E-01  7.149835E-03 -1.401670E-04  1.510464E-06 -9.181149E-09  2.923136E-11
  4.900000E-01  2.894753E-07  1.000000E+00 -2.527456E-01  2.001471E+00 -1.546230E-01  7.270593E-03 -1.432725E-04  1.549250E-06 -9.446850E-09  3.018036E-11
  4.920000E-01  2.799843E-07  1.000000E+00 -2.551609E-01  2.001501E+00 -1.555743E-01  7.394493E-03 -1.464730E-04  1.589350E-06 -9.722300E-09  3.116716E-11
  4.940000E-01  2.707454E-07  1.000000E+00 -2.575985E-01  2.001532E+00 -1.565314E-01  7.521649E-03 -1.497724E-04  1.630822E-06 -1.000794E-08  3.219359E-11
  4.960000E-01  2.617533E-07  1.000000E+00 -2.600585E-01  2.001564E+00 -1.574939E-01  7.652180E-03 -1.531745E-04  1.673724E-06 -1.030425E-08  3.326162E-11
  4.980000E-01  2.530026E-07  1.000000E+00 -2.625407E-01  2.001597E+00 -1.584618E-01  7.786211E-03 -1.566836E-04  1.718119E-06 -1.061172E-08  3.437330E-11
  5.000000E-01  2.444883E-07  1.000000E+00 -2.650452E-01  2.001630E+00 -1.594347E-01  7.923871E-03 -1.603040E-04  1.764074E-06 -1.093086E-08  3.553082E-11
  5.020000E-01  2.362053E-07  1.000000E+00 -2.675719E-01  2.001665E+00 -1.604122E-01  8.065297E-03 -1.640404E-04  1.811656E-06 -1.126224E-08  3.673646E-11
  5.040000E-01  2.281485E-07  1.000000E+00 -2.701209E-01  2.001701E+00 -1.613942E-01  8.210631E-03 -1.678975E-04  1.860940E-06 -1.160642E-08  3.799268E-11
  5.060000E-01  2.203133E-07  1.000000E+00 -2.726922E-01  2.001738E+00 -1.623802E-01  8.360023E-03 -1.718805E-04  1.912001E-06 -1.196402E-08  3.930204E-11
  5.080000E-01  2.126947E-07  1.000000E+00 -2.752857E-01  2.001776E+00 -1.633697E-01  8.513630E-03 -1.759947E-04  1.964921E-06 -1.233569E-08  4.066726E-11
  5.100000E-01  2.052880E-07  1.000000E+00 -2.779016E-01  2.001816E+00 -1.643624E-01  8.671615E-03 -1.802458E-04  2.019784E-06 -1.272209E-08  4.209122E-11
  5.120000E-01  1.980886E-07  1.000000E+00 -2.805399E-01  2.001858E+00 -1.653578E-01  8.834150E-03 -1.846395E-04  2.076680E-06 -1.312396E-08  4.357697E-11
  5.140000E-01  1.910921E-07  1.000000E+00 -2.832005E-01  2.001901E+00 -1.663552E-01  9.001418E-03 -1.891822E-04  2.135704E-06 -1.354203E-08  4.512772E-11
  5.160000E-01  1.842938E-07  1.000000E+00 -2.858837E-01  2.001946E+00 -1.673541E-01  9.173606E-03 -1.938805E-04  2.196954E-06 -1.397712E-08  4.674690E-11
  5.180000E-01  1.776895E-07  1.000000E+00 -2.885893E-01  2.001993E+00 -1.683538E-01  9.350915E-03 -1.987411E-04  2.260536E-06 -1.443006E-08  4.843812E-11
  5.200000E-01  1.712747E-07  1.000000E+00 -2.913175E-01  2.002042E+00 -1.693536E-01  9.533553E-03 -2.037715E-04  2.326561E-06 -1.490175E-08  5.020519E-11
  5.220000E-01  1.650454E-07  1.000000E+00 -2.940683E-01  2.002094E+00 -1.703526E-01  9.721740E-03 -2.089792E-04  2.395146E-06 -1.539313E-08  5.205219E-11
  5.240000E-01  1.589974E-07  1.000000E+00 -2.968417E-01  2.002148E+00 -1.713500E-01  9.915707E-03 -2.143725E-04  2.466415E-06 -1.590519E-08  5.398339E-11
  5.260000E-01  1.531265E-07  1.000000E+00 -2.996376E-01  2.002204E+00 -1.723448E-01  1.011570E-02 -2.199598E-04  2.540498E-06 -1.643900E-08  5.600337E-11
  5.280000E-01  1.474288E-07  1.000000E+00 -3.024559E-01  2.002264E+00 -1.733360E-01  1.032197E-02 -2.257503E-04  2.617534E-06 -1.699566E-08  5.811695E-11
  5.300000E-01  1.419004E-07  1.000000E+00 -3.052966E-01  2.002326E+00 -1.743222E-01  1.053478E-02 -2.317533E-04  2.697669E-06 -1.757637E-08  6.032927E-11
  5.320000E-01  1.365374E-07  1.000000E+00 -3.081594E-01  2.002391E+00 -1.753023E-01  1.075443E-02 -2.379791E-04  2.781058E-06 -1.818237E-08  6.264576E-11
  5.340000E-01  1.313360E-07  1.000000E+00 -3.110441E-01  2.002460E+00 -1.762749E-01  1.098120E-02 -2.444383E-04  2.867865E-06 -1.881500E-08  6.507222E-11
  5.360000E-01  1.262925E-07  1.000000E+00 -3.139504E-01  2.002532E+00 -1.772384E-01  1.121541E-02 -2.511422E-04  2.958264E-06 -1.947566E-08  6.761478E-11
  5.380000E-01  1.214033E-07  1.000000E+00 -3.168777E-01  2.002608E+00 -1.781910E-01  1.145739E-02 -2.581027E-04  3.052439E-06 -2.016585E-08  7.027998E-11
  5.400000E-01  1.166648E-07  1.000000E+00 -3.198255E-01  2.002687E+00 -1.791310E-01  1.170749E-02 -2.653325E-04  3.150586E-06 -2.088717E-08  7.307476E-11
  5.420000E-01  1.120734E-07  1.000000E+00 -3.227931E-01  2.002771E+00 -1.800564E-01  1.196608E-02 -2.728449E-04  3.252912E-06 -2.164129E-08  7.600650E-11
  5.440000E-01  1.076258E-07  1.000000E+00 -3.257795E-01  2.002859E+00 -1.809648E-01  1.223354E-02 -2.806542E-04  3.359636E-06 -2.243001E-08  7.908308E-11
  5.460000E-01  1.033185E-07  1.000000E+00 -3.287838E-01  2.002952E+00 -1.818539E-01  1.251028E-02 -2.887754E-04  3.470994E-06 -2.325525E-08  8.231287E-11
  5.480000E-01  9.914825E-08  1.000000E+00 -3.318045E-01  2.003050E+00 -1.827209E-01  1.279673E-02 -2.972244E-04  3.587233E-06 -2.411902E-08  8.570478E-11
  5.500000E-01  9.511179E-08  1.000000E+00 -3.348402E-01  2.003152E+00 -1.835630E-01  1.309333E-02 -3.060182E-04  3.708618E-06 -2.502350E-08  8.926832E-11
  5.520000E-01  9.120593E-08  1.000000E+00 -3.378889E-01  2.003260E+00 -1.843770E-01  1.340058E-02 -3.151747E-04  3.835429E-06 -2.597098E-08  9.301365E-11
  5.540000E-01  8.742752E-08  1.000000E+00 -3.409487E-01  2.003373E+00 -1.851593E-01  1.371898E-02 -3.247129E-04  3.967965E-06 -2.696392E-08  9.695156E-11
  5.560000E-01  8.377349E-08  1.000000E+00 -3.440169E-01  2.003493E+00 -1.859062E-01  1.404905E-02 -3.346530E-04  4.106545E-06 -2.800492E-08  1.010936E-10
  5.580000E-01  8.024084E-08  1.000000E+00 -3.470907E-01  2.003618E+00 -1.866134E-01  1.439136E-02 -3.450165E-04  4.251506E-06 -2.909678E-08  1.054522E-10
  5.600000E-01  7.682660E-08  1.000000E+00 -3.501667E-01  2.003750E+00 -1.872762E-01  1.474651E-02 -3.558263E-04  4.403211E-06 -3.024247E-08  1.100404E-10
  5.620000E-01  7.352788E-08  1.000000E+00 -3.532410E-01  2.003888E+00 -1.878898E-01  1.511511E-02 -3.671064E-04  4.562042E-06 -3.144516E-08  1.148723E-10
  5.640000E-01  7.034184E-08  1.000000E+00 -3.563093E-01  2.004034E+00 -1.884485E-01  1.549782E-02 -3.788827E-04  4.728411E-06 -3.270824E-08  1.199630E-10
  5.660000E-01  6.726568E-08  1.000000E+00 -3.593664E-01  2.004187E+00 -1.889463E-01  1.589536E-02 -3.911824E-04  4.902752E-06 -3.403533E-08  1.253285E-10
  5.680000E-01  6.429666E-08  1.000000E+00 -3.624067E-01  2.004347E+00 -1.893766E-01  1.630843E-02 -4.040346E-04  5.085532E-06 -3.543029E-08  1.309862E-10
  5.700000E-01  6.143212E-08  1.000000E+00 -3.654236E-01  2.004516E+00 -1.897320E-01  1.673783E-02 -4.174702E-04  5.277247E-06 -3.689726E-08  1.369545E-10
  5.720000E-01  5.866942E-08  1.000000E+00 -3.684096E-01  2.004693E+00 -1.900047E-01  1.718437E-02 -4.315220E-04  5.478426E-06 -3.844064E-08  1.432530E-10
  5.740000E-01  5.600597E-08  1.000000E+00 -3.713565E-01  2.004879E+00 -1.901858E-01  1.764890E-02 -4.462247E-04  5.689633E-06 -4.006515E-08  1.499029E-10
  5.760000E-01  5.343926E-08  1.000000E+00 -3.742548E-01  2.005074E+00 -1.902658E-01  1.813233E-02 -4.616153E-04  5.911471E-06 -4.177583E-08  1.569269E-10
  5.780000E-01  5.096681E-08  1.000000E+00 -3.770937E-01  2.005279E+00 -1.902342E-01  1.863560E-02 -4.777331E-04  6.144580E-06 -4.357808E-08  1.643491E-10
  5.800000E-01  4.858618E-08  1.000000E+00 -3.798614E-01  2.005494E+00 -1.900794E-01  1.915972E-02 -4.946197E-04  6.389645E-06 -4.547765E-08  1.721956E-10
  5.820000E-01  4.629500E-08  1.000000E+00 -3.825443E-01  2.005719E+00 -1.897889E-01  1.970574E-02 -5.123194E-04  6.647393E-06 -4.748069E-08  1.804940E-10
  5.840000E-01  4.409093E-08  1.000000E+00 -3.851273E-01  2.005956E+00 -1.893487E-01  2.027474E-02 -5.308789E-04  6.918602E-06 -4.959377E-08  1.892743E-10
  5.860000E-01  4.197169E-08  1.000000E+00 -3.875937E-01  2.006204E+00 -1.887437E-01  2.086788E-02 -5.503477E-04  7.204095E-06 -5.182391E-08  1.985681E-10
  5.880000E-01  3.993502E-08  1.000000E+00 -3.899243E-01  2.006464E+00 -1.879571E-01  2.148635E-02 -5.707783E-04  7.504751E-06 -5.417859E-08  2.084096E-10
  5.900000E-01  3.797875E-08  1.000000E+00 -3.920982E-01  2.006737E+00 -1.869709E-01  2.213140E-02 -5.922260E-04  7.821503E-06 -5.666579E-08  2.188351E-10
  5.920000E-01  3.610071E-08  1.000000E+00 -3.940917E-01  2.007023E+00 -1.857649E-01  2.280431E-02 -6.147490E-04  8.155339E-06 -5.929401E-08  2.298836E-10
  5.940000E-01  3.429879E-08  1.000000E+00 -3.958784E-01  2.007322E+00 -1.843173E-01  2.350643E-02 -6.384088E-04  8.507309E-06 -6.207227E-08  2.415966E-10
  5.960000E-01  3.257093E-08  1.000000E+00 -3.974292E-01  2.007636E+00 -1.826040E-01  2.423912E-02 -6.632698E-04  8.878519E-06 -6.501018E-08  2.540182E-10
  5.980000E-01  3.091509E-08  1.000000E+00 -3.987114E-01  2.007965E+00 -1.805989E-01  2.500380E-02 -6.893993E-04  9.270140E-06 -6.811791E-08  2.671956E-10
  6.000000E-01  2.932931E-08  1.000000E+00 -3.996889E-01  2.008310E+00 -1.782733E-01  2.580190E-02 -7.168677E-04  9.683400E-06 -7.140622E-08  2.811786E-10
  6.020000E-01  2.781164E-08  1.000000E+00 -4.003214E-01  2.008671E+00 -1.755958E-01  2.663487E-02 -7.457478E-04  1.011959E-05 -7.488645E-08  2.960204E-10
  6.040000E-01  2.636016E-08  1.000000E+00 -4.005647E-01  2.009049E+00 -1.725324E-01  2.750415E-02 -7.761153E-04  1.058006E-05 -7.857053E-08  3.117767E-10
  6.060000E-01  2.497302E-08  1.000000E+00 -4.003694E-01  2.009444E+00 -1.690459E-01  2.841117E-02 -8.080474E-04  1.106621E-05 -8.247095E-08  3.285065E-10
  6.080000E-01  2.364839E-08  1.000000E+00 -3.996813E-01  2.009858E+00 -1.650959E-01  2.935732E-02 -8.416233E-04  1.157949E-05 -8.660074E-08  3.462716E-10
  6.100000E-01  2.238449E-08  1.000000E+00 -3.984407E-01  2.010291E+00 -1.606385E-01  3.034392E-02 -8.769228E-04  1.212140E-05 -9.097340E-08  3.651366E-10
  6.120000E-01  2.117956E-08  1.000000E+00 -3.965818E-01  2.010743E+00 -1.556264E-01  3.137221E-02 -9.140254E-04  1.269344E-05 -9.560280E-08  3.851682E-10
  6.140000E-01  2.003189E-08  1.000000E+00 -3.940327E-01  2.011216E+00 -1.500086E-01  3.244325E-02 -9.530096E-04  1.329715E-05 -1.005031E-07  4.064354E-10
  6.160000E-01  1.893980E-08  1.000000E+00 -3.907146E-01  2.011709E+00 -1.437301E-01  3.355794E-02 -9.939510E-04  1.393405E-05 -1.056887E-07  4.290087E-10
  6.180000E-01  1.790166E-08  1.000000E+00 -3.865418E-01  2.012224E+00 -1.367322E-01  3.471692E-02 -1.036920E-03  1.460562E-05 -1.111737E-07  4.529589E-10
  6.200000E-01  1.691584E-08  1.000000E+00 -3.814216E-01  2.012760E+00 -1.289525E-01  3.592053E-02 -1.081982E-03  1.531330E-05 -1.169722E-07  4.783568E-10
  6.220000E-01  1.598078E-08  1.000000E+00 -3.752536E-01  2.013318E+00 -1.203250E-01  3.716869E-02 -1.129191E-03  1.605839E-05 -1.230974E-07  5.052714E-10
  6.240000E-01  1.509494E-08  1.000000E+00 -3.679306E-01  2.013897E+00 -1.107804E-01  3.846084E-02 -1.178588E-03  1.684205E-05 -1.295616E-07  5.337685E-10
  6.260000E-01  1.425681E-08  1.000000E+00 -3.593381E-01  2.014498E+00 -1.002467E-01  3.979584E-02 -1.230198E-03  1.766523E-05 -1.363758E-07  5.639087E-10
  6.280000E-01  1.346493E-08  1.000000E+00 -3.493552E-01  2.015121E+00 -8.865002E-02  4.117180E-02 -1.284027E-03  1.852859E-05 -1.435487E-07  5.957447E-10
  6.300000E-01  1.271783E-08  1.000000E+00 -3.378557E-01  2.015764E+00 -7.591536E-02  4.258601E-02 -1.340050E-03  1.943243E-05 -1.510863E-07  6.293187E-10
  6.320000E-01  1.201413E-08  1.000000E+00 -3.247089E-01  2.016425E+00 -6.196826E-02  4.403475E-02 -1.398213E-03  2.037659E-05 -1.589914E-07  6.646588E-10
  6.340000E-01  1.135243E-08  1.000000E+00 -3.097821E-01  2.017105E+00 -4.673638E-02  4.551313E-02 -1.458423E-03  2.136033E-05 -1.672620E-07  7.017751E-10
  6.360000E-01  1.073139E-08  1.000000E+00 -2.929428E-01  2.017800E+00 -3.015172E-02  4.701497E-02 -1.520542E-03  2.238224E-05 -1.758911E-07  7.406550E-10
  6.380000E-01  1.014969E-08  1.000000E+00 -2.740620E-01  2.018507E+00 -1.215330E-02  4.853259E-02 -1.584376E-03  2.344009E-05 -1.848649E-07  7.812580E-10
  6.400000E-01  9.606046E-09  1.000000E+00 -2.530181E-01  2.019224E+00  7.309687E-03  5.005668E-02 -1.649672E-03  2.453072E-05 -1.941620E-07  8.235108E-10
  6.420000E-01  9.099188E-09  1.000000E+00 -2.297020E-01  2.019945E+00  2.827422E-02  5.157617E-02 -1.716110E-03  2.564986E-05 -2.037522E-07  8.673010E-10
  6.440000E-01  8.627889E-09  1.000000E+00 -2.040229E-01  2.020667E+00  5.075929E-02  5.307812E-02 -1.783293E-03  2.679204E-05 -2.135951E-07  9.124714E-10
  6.460000E-01  8.190944E-09  1.000000E+00 -1.759145E-01  2.021382E+00  7.476140E-02  5.454767E-02 -1.850744E-03  2.795048E-05 -2.236393E-07  9.588151E-10
  6.480000E-01  7.787178E-09  1.000000E+00 -1.453426E-01  2.022085E+00  1.002499E-01  5.596808E-02 -1.917904E-03  2.911698E-05 -2.338211E-07  1.006070E-09
  6.500000E-01  7.415442E-09  1.000000E+00 -1.123125E-01  2.022767E+00  1.271622E-01  5.732083E-02 -1.984127E-03  3.028187E-05 -2.440644E-07  1.053916E-09
  6.520000E-01  7.074612E-09  1.000000E+00 -7.687674E-02  2.023421E+00  1.553996E-01  5.858587E-02 -2.048689E-03  3.143406E-05 -2.542802E-07  1.101974E-09
  6.540000E-01  6.763594E-09  1.000000E+00 -3.914196E-02  2.024036E+00  1.848234E-01  5.974195E-02 -2.110795E-03  3.256111E-05 -2.643672E-07  1.149805E-09
  6.560000E-01  6.481315E-09  1.000000E+00  7.246881E-04  2.024605E+00  2.152528E-01  6.076713E-02 -2.169588E-03  3.364939E-05 -2.742132E-07  1.196916E-09
  6.580000E-01  6.226732E-09  1.000000E+00  4.249159E-02  2.025116E+00  2.464638E-01  6.163940E-02 -2.224175E-03  3.468438E-05 -2.836968E-07  1.242768E-09
  6.600000E-01  5.998823E-09  1.000000E+00  8.586100E-02  2.025560E+00  2.781905E-01  6.233746E-02 -2.273649E-03  3.565100E-05 -2.926902E-07  1.286785E-09
  6.620000E-01  5.796592E-09  1.000000E+00  1.304706E-01  2.025929E+00  3.101293E-01  6.284156E-02 -2.317118E-03  3.653410E-05 -3.010633E-07  1.328374E-09
  6.640000E-01  5.619067E-09  1.000000E+00  1.758991E-01  2.026213E+00  3.419447E-01  6.313438E-02 -2.353742E-03  3.731900E-05 -3.086877E-07  1.366941E-09
  6.660000E-01  5.465300E-09  1.000000E+00  2.216751E-01  2.026405E+00  3.732788E-01  6.320194E-02 -2.382767E-03  3.799206E-05 -3.154418E-07  1.401912E-09
  6.680000E-01  5.334366E-09  1.000000E+00  2.672909E-01  2.026500E+00  4.037622E-01  6.303440E-02 -2.403564E-03  3.854128E-05 -3.212158E-07  1.432760E-09
  6.700000E-01  5.225361E-09  1.000000E+00  3.122182E-01  2.026494E+00  4.330272E-01  6.262671E-02 -2.415655E-03  3.895684E-05 -3.259163E-07  1.459023E-09
  6.720000E-01  5.137405E-09  1.000000E+00  3.559277E-01  2.026384E+00  4.607216E-01  6.197901E-02 -2.418742E-03  3.923163E-05 -3.294713E-07  1.480328E-09
  6.740000E-01  5.069640E-09  1.000000E+00  3.979078E-01  2.026172E+00  4.865219E-01  6.109682E-02 -2.412724E-03  3.936153E-05 -3.318329E-07  1.496404E-09
  6.760000E-01  5.021228E-09  1.000000E+00  4.376848E-01  2.025860E+00  5.101464E-01  5.999088E-02 -2.397700E-03  3.934563E-05 -3.329796E-07  1.507098E-09
  6.780000E-01  4.991354E-09  1.000000E+00  4.748391E-01  2.025454E+00  5.313643E-01  5.867672E-02 -2.373968E-03  3.918625E-05 -3.329168E-07  1.512377E-09
  6.800000E-01  4.979223E-09  1.000000E+00  5.090202E-01  2.024959E+00  5.500037E-01  5.717399E-02 -2.342008E-03  3.888877E-05 -3.316762E-07  1.512324E-09
  6.820000E-01  4.984059E-09  1.000000E+00  5.399553E-01  2.024385E+00  5.659548E-01  5.550559E-02 -2.302455E-03  3.846130E-05 -3.293134E-07  1.507135E-09
  6.840000E-01  5.005108E-09  1.000000E+00  5.674552E-01  2.023741E+00  5.791702E-01  5.369667E-02 -2.256072E-03  3.791426E-05 -3.259045E-07  1.497103E-09
  6.860000E-01  5.041634E-09  1.000000E+00  5.914140E-01  2.023037E+00  5.896619E-01  5.177359E-02 -2.203708E-03  3.725982E-05 -3.215420E-07  1.482601E-09
  6.880000E-01  5.092920E-09  1.000000E+00  6.118055E-01  2.022285E+00  5.974958E-01  4.976296E-02 -2.146270E-03  3.651136E-05 -3.163305E-07  1.464061E-09
  6.900000E-01  5.158271E-09  1.000000E+00  6.286760E-01  2.021493E+00  6.027834E-01  4.769071E-02 -2.084680E-03  3.568291E-05 -3.103816E-07  1.441958E-09
  6.920000E-01  5.237005E-09  1.000000E+00  6.421339E-01  2.020674E+00  6.056738E-01  4.558138E-02 -2.019849E-03  3.478861E-05 -3.038099E-07  1.416784E-09
  6.940000E-01  5.328463E-09  1.000000E+00  6.523392E-01  2.019837E+00  6.063436E-01  4.345754E-02 -1.952649E-03  3.384230E-05 -2.967290E-07  1.389035E-09
  6.960000E-01  5.432001E-09  1.000000E+00  6.594909E-01  2.018990E+00  6.049885E-01  4.133939E-02 -1.883892E-03  3.285711E-05 -2.892483E-07  1.359197E-09
  6.980000E-01  5.546993E-09  1.000000E+00  6.638163E-01  2.018142E+00  6.018145E-01  3.924453E-02 -1.814317E-03  3.184522E-05 -2.814704E-07  1.327728E-09
  7.000000E-01  5.672831E-09  1.000000E+00  6.655598E-01  2.017299E+00  5.970307E-01  3.718789E-02 -1.744579E-03  3.081766E-05 -2.734897E-07  1.295056E-09
  7.020000E-01  5.808922E-09  1.000000E+00  6.649740E-01  2.016467E+00  5.908435E-01  3.518178E-02 -1.675249E-03  2.978424E-05 -2.653907E-07  1.261568E-09
  7.040000E-01  5.954690E-09  1.000000E+00  6.623117E-01  2.015651E+00  5.834516E-01  3.323598E-02 -1.606809E-03  2.875343E-05 -2.572479E-07  1.227609E-09
  7.060000E-01  6.109576E-09  1.000000E+00  6.578198E-01  2.014856E+00  5.750424E-01  3.135801E-02 -1.539661E-03  2.773249E-05 -2.491257E-07  1.193482E-09
  7.080000E-01  6.273035E-09  1.000000E+00  6.517344E-01  2.014083E+00  5.657901E-01  2.955330E-02 -1.474126E-03  2.672742E-05 -2.410788E-07  1.159447E-09
  7.100000E-01  6.444540E-09  1.000000E+00  6.442779E-01  2.013335E+00  5.558536E-01  2.782547E-02 -1.410457E-03  2.574313E-05 -2.331523E-07  1.125721E-09
  7.120000E-01  6.623575E-09  1.000000E+00  6.356561E-01  2.012615E+00  5.453764E-01  2.617661E-02 -1.348845E-03  2.478350E-05 -2.253830E-07  1.092488E-09
  7.140000E-01  6.809642E-09  1.000000E+00  6.260577E-01  2.011922E+00  5.344864E-01  2.460750E-02 -1.289423E-03  2.385150E-05 -2.178000E-07  1.059893E-09
  7.160000E-01  7.002258E-09  1.000000E+00  6.156534E-01  2.011257E+00  5.232965E-01  2.311785E-02 -1.232281E-03  2.294931E-05 -2.104258E-07  1.028054E-09
  7.180000E-01  7.200950E-09  1.000000E+00  6.045964E-01  2.010621E+00  5.119048E-01  2.170653E-02 -1.177465E-03  2.207843E-05 -2.032768E-07  9.970588E-10
  7.200000E-01  7.405263E-09  1.000000E+00  5.930228E-01  2.010013E+00  5.003964E-01  2.037172E-02 -1.124991E-03  2.123979E-05 -1.963644E-07  9.669742E-10
  7.220000E-01  7.614753E-09  1.000000E+00  5.810526E-01  2.009433E+00  4.888442E-01  1.911111E-02 -1.074849E-03  2.043383E-05 -1.896959E-07  9.378460E-10
  7.240000E-01  7.828992E-09  1.000000E+00  5.687908E-01  2.008879E+00  4.773096E-01  1.792200E-02 -1.027004E-03  1.966059E-05 -1.832747E-07  9.097035E-10
  7.260000E-01  8.047562E-09  1.000000E+00  5.563286E-01  2.008352E+00  4.658446E-01  1.680144E-02 -9.814084E-04  1.891982E-05 -1.771016E-07  8.825617E-10
  7.280000E-01  8.270059E-09  1.000000E+00  5.437447E-01  2.007850E+00  4.544919E-01  1.574632E-02 -9.379985E-04  1.821097E-05 -1.711750E-07  8.564242E-10
  7.300000E-01  8.496091E-09  1.000000E+00  5.311065E-01  2.007372E+00  4.432869E-01  1.475345E-02 -8.967031E-04  1.753333E-05 -1.654912E-07  8.312852E-10
  7.320000E-01  8.725280E-09  1.000000E+00  5.184712E-01  2.006917E+00  4.322579E-01  1.381960E-02 -8.574439E-04  1.688604E-05 -1.600451E-07  8.071313E-10
  7.340000E-01  8.957258E-09  1.000000E+00  5.058871E-01  2.006485E+00  4.214276E-01  1.294158E-02 -8.201383E-04  1.626810E-05 -1.548307E-07  7.839433E-10
  7.360000E-01  9.191669E-09  1.000000E+00  4.933947E-01  2.006073E+00  4.108137E-01  1.211624E-02 -7.847013E-04  1.567847E-05 -1.498410E-07  7.616976E-10
  7.380000E-01  9.428169E-09  1.000000E+00  4.810274E-01  2.005681E+00  4.004293E-01  1.134054E-02 -7.510472E-04  1.511604E-05 -1.450682E-07  7.403671E-10
  7.400000E-01  9.666425E-09  1.000000E+00  4.688125E-01  2.005309E+00  3.902842E-01  1.061154E-02 -7.190903E-04  1.457968E-05 -1.405046E-07  7.199223E-10
  7.420000E-01  9.906115E-09  1.000000E+00  4.567721E-01  2.004953E+00  3.803848E-01  9.926416E-03 -6.887462E-04  1.406826E-05 -1.361418E-07  7.003321E-10
  7.440000E-01  1.014693E-08  1.000000E+00  4.449238E-01  2.004615E+00  3.707351E-01  9.282475E-03 -6.599326E-04  1.358063E-05 -1.319716E-07  6.815646E-10
  7.460000E-01  1.038856E-08  1.000000E+00  4.332809E-01  2.004293E+00  3.613369E-01  8.677163E-03 -6.325693E-04  1.311569E-05 -1.279856E-07  6.635872E-10
  7.480000E-01  1.063072E-08  1.000000E+00  4.218538E-01  2.003986E+00  3.521901E-01  8.108062E-03 -6.065791E-04  1.267234E-05 -1.241758E-07  6.463674E-10
  7.500000E-01  1.087314E-08  1.000000E+00  4.106496E-01  2.003693E+00  3.432933E-01  7.572889E-03 -5.818880E-04  1.224952E-05 -1.205341E-07  6.298730E-10
  7.520000E-01  1.111553E-08  1.000000E+00  3.996730E-01  2.003414E+00  3.346437E-01  7.069495E-03 -5.584248E-04  1.184621E-05 -1.170526E-07  6.140724E-10
  7.540000E-01  1.135765E-08  1.000000E+00  3.889267E-01  2.003147E+00  3.262376E-01  6.595861E-03 -5.361221E-04  1.146142E-05 -1.137239E-07  5.989346E-10
  7.560000E-01  1.159923E-08  1.000000E+00  3.784115E-01  2.002892E+00  3.180706E-01  6.150094E-03 -5.149156E-04  1.109420E-05 -1.105405E-07  5.844297E-10
  7.580000E-01  1.184003E-08  1.000000E+00  3.681269E-01  2.002648E+00  3.101376E-01  5.730420E-03 -4.947441E-04  1.074366E-05 -1.074954E-07  5.705287E-10
  7.600000E-01  1.207983E-08  1.000000E+00  3.580708E-01  2.002415E+00  3.024331E-01  5.335179E-03 -4.755499E-04  1.040892E-05 -1.045820E-07  5.572036E-10
  7.620000E-01  1.231839E-08  1.000000E+00  3.482403E-01  2.002192E+00  2.949512E-01  4.962821E-03 -4.572785E-04  1.008918E-05 -1.017938E-07  5.444278E-10
  7.640000E-01  1.255551E-08  1.000000E+00  3.386316E-01  2.001979E+00  2.876859E-01  4.611896E-03 -4.398783E-04  9.783645E-06 -9.912457E-08  5.321756E-10
  7.660000E-01  1.279096E-08  1.000000E+00  3.292403E-01  2.001774E+00  2.806308E-01  4.281053E-03 -4.233006E-04  9.491582E-06 -9.656857E-08  5.204224E-10
  7.680000E-01  1.302457E-08  1.000000E+00  3.200612E-01  2.001578E+00  2.737796E-01  3.969029E-03 -4.074997E-04  9.212291E-06 -9.412021E-08  5.091451E-10
  7.700000E-01  1.325613E-08  1.000000E+00  3.110888E-01  2.001390E+00  2.671259E-01  3.674647E-03 -3.924323E-04  8.945110E-06 -9.177419E-08  4.983213E-10
  7.720000E-01  1.348546E-08  1.000000E+00  3.023172E-01  2.001209E+00  2.606634E-01  3.396809E-03 -3.780579E-04  8.689411E-06 -8.952553E-08  4.879300E-10
  7.740000E-01  1.371239E-08  1.000000E+00  2.937404E-01  2.001035E+00  2.543858E-01  3.134491E-03 -3.643382E-04  8.444601E-06 -8.736947E-08  4.779512E-10
  7.760000E-01  1.393675E-08  1.000000E+00  2.853521E-01  2.000868E+00  2.482867E-01  2.886740E-03 -3.512374E-04  8.210123E-06 -8.530151E-08  4.683658E-10
  7.780000E-01  1.415839E-08  1.000000E+00  2.771458E-01  2.000708E+00  2.423602E-01  2.652663E-03 -3.387215E-04  7.985447E-06 -8.331740E-08  4.591559E-10
  7.800000E-01  1.437713E-08  1.000000E+00  2.691151E-01  2.000553E+00  2.366002E-01  2.431432E-03 -3.267590E-04  7.770074E-06 -8.141310E-08  4.503045E-10
  7.820000E-01  1.459286E-08  1.000000E+00  2.612534E-01  2.000404E+00  2.310008E-01  2.222271E-03 -3.153199E-04  7.563533E-06 -7.958480E-08  4.417953E-10
  7.840000E-01  1.480541E-08  1.000000E+00  2.535544E-01  2.000261E+00  2.255565E-01  2.024459E-03 -3.043761E-04  7.365380E-06 -7.782889E-08  4.336131E-10
  7.860000E-01  1.501468E-08  1.000000E+00  2.460115E-01  2.000122E+00  2.202616E-01  1.837321E-03 -2.939012E-04  7.175196E-06 -7.614196E-08  4.257434E-10
  7.880000E-01  1.522052E-08  1.000000E+00  2.386185E-01  1.999989E+00  2.151108E-01  1.660228E-03 -2.838704E-04  6.992584E-06 -7.452078E-08  4.181727E-10
  7.900000E-01  1.542282E-08  1.000000E+00  2.313691E-01  1.999859E+00  2.100989E-01  1.492593E-03 -2.742605E-04  6.817170E-06 -7.296229E-08  4.108878E-10
  7.920000E-01  1.562147E-08  1.000000E+00  2.242572E-01  1.999734E+00  2.052210E-01  1.333867E-03 -2.650493E-04  6.648601E-06 -7.146360E-08  4.038766E-10
  7.940000E-01  1.581636E-08  1.000000E+00  2.172769E-01  1.999613E+00  2.004721E-01  1.183538E-03 -2.562163E-04  6.486545E-06 -7.002197E-08  3.971276E-10
  7.960000E-01  1.600740E-08  1.000000E+00  2.104224E-01  1.999496E+00  1.958476E-01  1.041126E-03 -2.477421E-04  6.330685E-06 -6.863481E-08  3.906296E-10
  7.980000E-01  1.619449E-08  1.000000E+00  2.036880E-01  1.999382E+00  1.913429E-01  9.061845E-04 -2.396083E-04  6.180725E-06 -6.729966E-08  3.843725E-10
  8.000000E-01  1.637755E-08  1.000000E+00  1.970684E-01  1.999272E+00  1.869539E-01  7.782937E-04 -2.317977E-04  6.036383E-06 -6.601420E-08  3.783463E-10
