         1  2.10000000E-03  3.05948639E-07 -1.36982655E-09  3.05951706E-07
         2  1.46979000E-02  3.06043799E-07 -2.30936537E-09  3.06052512E-07
         3  2.72958000E-02  3.03542399E-07  2.93845382E-08  3.04961373E-07
         4  3.98937000E-02  2.91422307E-07  1.21184523E-07  3.15614717E-07
         5  5.24916000E-02  2.58512865E-07  2.99669453E-07  3.95765944E-07
         6  6.50895000E-02  1.89584102E-07  5.90118835E-07  6.19824468E-07
         7  7.76874000E-02  6.54687440E-08  1.01611497E-06  1.01822188E-06
         8  9.02853000E-02 -1.36783586E-07  1.59915527E-06  1.60499450E-06
         9  1.02883200E-01 -4.43720763E-07  2.35827700E-06  2.39965800E-06
        10  1.15481100E-01 -8.85272086E-07  3.30969686E-06  3.42604728E-06
        11  1.28079000E-01 -1.49450283E-06  4.46646751E-06  4.70986950E-06
        12  1.40676900E-01 -2.30734066E-06  5.83815321E-06  6.27756751E-06
        13  1.53274800E-01 -3.36227533E-06  7.43052672E-06  8.15583366E-06
        14  1.65872700E-01 -4.70003315E-06  9.24528928E-06  1.03713878E-05
        15  1.78470600E-01 -6.36322795E-06  1.12798156E-05  1.29508652E-05
        16  1.91068500E-01 -8.39599024E-06  1.35269256E-05  1.59207528E-05
        17  2.03666400E-01 -1.08435766E-05  1.59746846E-05  1.93073484E-05
        18  2.16264300E-01 -1.37519612E-05  1.86062332E-05  2.31367316E-05
        19  2.28862200E-01 -1.71674117E-05  2.13996483E-05  2.74347403E-05
        20  2.41460100E-01 -2.11360517E-05  2.43278369E-05  3.22269504E-05
        21  2.54058000E-01 -2.57034119E-05  2.73584629E-05  3.75386584E-05
        22  2.66655900E-01 -3.09139723E-05  3.04539084E-05  4.33948639E-05
        23  2.79253800E-01 -3.68106988E-05  3.35712702E-05  4.98202542E-05
        24  2.91851700E-01 -4.34345752E-05  3.66623921E-05  5.68391882E-05
        25  3.04449600E-01 -5.08241341E-05  3.96739325E-05  6.44756816E-05
        26  3.17047500E-01 -5.90149889E-05  4.25474692E-05  7.27533920E-05
        27  3.29645400E-01 -6.80393702E-05  4.52196403E-05  8.16956043E-05
        28  3.42243300E-01 -7.79256679E-05  4.76223206E-05  9.13252164E-05
        29  3.54841200E-01 -8.86979831E-05  4.96828353E-05  1.01664725E-04
        30  3.67439100E-01 -1.00375691E-04  5.13242078E-05  1.12736212E-04
        31  3.80037000E-01 -1.12973017E-04  5.24654432E-05  1.24561331E-04
        32  3.92634900E-01 -1.26498633E-04  5.30218453E-05  1.37161292E-04
        33  4.05232800E-01 -1.40955268E-04  5.29053673E-05  1.50556851E-04
        34  4.17830700E-01 -1.56339346E-04  5.20249934E-05  1.64768295E-04
        35  4.30428600E-01 -1.72640640E-04  5.02871515E-05  1.79815428E-04
        36  4.43026500E-01 -1.89841960E-04  4.75961552E-05  1.95717561E-04
        37  4.55624400E-01 -2.07918866E-04  4.38546723E-05  2.12493499E-04
        38  4.68222300E-01 -2.26839410E-04  3.89642202E-05  2.30161527E-04
        39  4.80820200E-01 -2.46563912E-04  3.28256835E-05  2.48739399E-04
        40  4.93418100E-01 -2.67044771E-04  2.53398545E-05  2.68244325E-04
        41  5.06016000E-01 -2.88226310E-04  1.64079925E-05  2.88692965E-04
        42  5.18613900E-01 -3.10044657E-04  5.93239985E-06  3.10101407E-04
        43  5.31211800E-01 -3.32427673E-04 -6.18298626E-06  3.32485168E-04
        44  5.43809700E-01 -3.55294908E-04 -2.00319911E-05  3.55859175E-04
        45  5.56407600E-01 -3.78557607E-04 -3.57055894E-05  3.80237756E-04
        46  5.69005500E-01 -4.02118755E-04 -5.32912861E-05  4.05634632E-04
        47  5.81603400E-01 -4.25873167E-04 -7.28724924E-05  4.32062906E-04
        48  5.94201300E-01 -4.49707617E-04 -9.45279017E-05  4.59535053E-04
        49  6.06799200E-01 -4.73501014E-04 -1.18330866E-04  4.88062910E-04
        50  6.19397100E-01 -4.97124622E-04 -1.44348778E-04  5.17657667E-04
        51  6.31995000E-01 -5.20442326E-04 -1.72642462E-04  5.48329859E-04
        52  6.44592900E-01 -5.43310936E-04 -2.03265570E-04  5.80089360E-04
        53  6.57190800E-01 -5.65580538E-04 -2.36264000E-04  6.12945367E-04
        54  6.69788700E-01 -5.87094890E-04 -2.71675323E-04  6.46906400E-04
        55  6.82386600E-01 -6.07691856E-04 -3.09528235E-04  6.81980293E-04
        56  6.94984500E-01 -6.27203885E-04 -3.49842024E-04  7.18174181E-04
        57  7.07582400E-01 -6.45458525E-04 -3.92626077E-04  7.55494502E-04
        58  7.20180300E-01 -6.62278982E-04 -4.37879394E-04  7.93946984E-04
        59  7.32778200E-01 -6.77484710E-04 -4.85590153E-04  8.33536639E-04
        60  7.45376100E-01 -6.90892041E-04 -5.35735296E-04  8.74267762E-04
        61  7.57974000E-01 -7.02314847E-04 -5.88280154E-04  9.16143921E-04
        62  7.70571900E-01 -7.11565231E-04 -6.43178111E-04  9.59167952E-04
        63  7.83169800E-01 -7.18454251E-04 -7.00370313E-04  1.00334196E-03
        64  7.95767700E-01 -7.22792670E-04 -7.59785409E-04  1.04866730E-03
        65  8.08365600E-01 -7.24391726E-04 -8.21339349E-04  1.09514460E-03
        66  8.20963500E-01 -7.23063931E-04 -8.84935220E-04  1.14277373E-03
        67  8.33561400E-01 -7.18623884E-04 -9.50463134E-04  1.19155380E-03
        68  8.46159300E-01 -7.10889097E-04 -1.01780017E-03  1.24148318E-03
        69  8.58757200E-01 -6.99680844E-04 -1.08681036E-03  1.29255950E-03
        70  8.71355100E-01 -6.84825006E-04 -1.15734474E-03  1.34477958E-03
        71  8.83953000E-01 -6.66152933E-04 -1.22924141E-03  1.39813954E-03
        72  8.96550900E-01 -6.43502306E-04 -1.30232576E-03  1.45263471E-03
        73  9.09148800E-01 -6.16717997E-04 -1.37641058E-03  1.50825965E-03
        74  9.21746700E-01 -5.85652922E-04 -1.45129640E-03  1.56500817E-03
        75  9.34344600E-01 -5.50168900E-04 -1.52677177E-03  1.62287333E-03
        76  9.46942500E-01 -5.10137481E-04 -1.60261363E-03  1.68184741E-03
        77  9.59540400E-01 -4.65440780E-04 -1.67858777E-03  1.74192193E-03
        78  9.72138300E-01 -4.15972274E-04 -1.75444926E-03  1.80308767E-03
        79  9.84736200E-01 -3.61637595E-04 -1.82994304E-03  1.86533463E-03
        80  9.97334100E-01 -3.02355285E-04 -1.90480447E-03  1.92865206E-03
        81  1.00993200E+00 -2.38057529E-04 -1.97875999E-03  1.99302847E-03
        82  1.02252990E+00 -1.68690853E-04 -2.05152783E-03  2.05845161E-03
        83  1.03512780E+00 -9.42167888E-05 -2.12281871E-03  2.12490849E-03
        84  1.04772570E+00 -1.46124996E-05 -2.19233666E-03  2.19238536E-03
        85  1.06032360E+00  7.01286371E-05 -2.25977985E-03  2.26086775E-03
        86  1.07292150E+00  1.59996490E-04 -2.32484146E-03  2.33034047E-03
        87  1.08551940E+00  2.54963683E-04 -2.38721060E-03  2.40078757E-03
        88  1.09811730E+00  3.54985155E-04 -2.44657327E-03  2.47219239E-03
        89  1.11071520E+00  4.59997773E-04 -2.50261334E-03  2.54453757E-03
        90  1.12331310E+00  5.69919997E-04 -2.55501357E-03  2.61780503E-03
        91  1.13591100E+00  6.84651611E-04 -2.60345670E-03  2.69197597E-03
        92  1.14850890E+00  8.04073508E-04 -2.64762647E-03  2.76703092E-03
        93  1.16110680E+00  9.28047536E-04 -2.68720876E-03  2.84294972E-03
        94  1.17370470E+00  1.05641641E-03 -2.72189268E-03  2.91971153E-03
        95  1.18630260E+00  1.18900371E-03 -2.75137174E-03  2.99729483E-03
        96  1.19890050E+00  1.32561387E-03 -2.77534495E-03  3.07567744E-03
        97  1.21149840E+00  1.46603237E-03 -2.79351799E-03  3.15483656E-03
        98  1.22409630E+00  1.61002585E-03 -2.80560437E-03  3.23474870E-03
        99  1.23669420E+00  1.75734239E-03 -2.81132657E-03  3.31538978E-03
       100  1.24929210E+00  1.90771184E-03 -2.81041719E-03  3.39673508E-03
       101  1.26189000E+00  2.06084616E-03 -2.80262008E-03  3.47875929E-03
       102  1.27448790E+00  2.21643996E-03 -2.78769148E-03  3.56143649E-03
       103  1.28708580E+00  2.37417094E-03 -2.76540112E-03  3.64474018E-03
       104  1.29968370E+00  2.53370055E-03 -2.73553327E-03  3.72864328E-03
       105  1.31228160E+00  2.69467464E-03 -2.69788785E-03  3.81311818E-03
       106  1.32487950E+00  2.85672416E-03 -2.65228143E-03  3.89813670E-03
       107  1.33747740E+00  3.01946601E-03 -2.59854818E-03  3.98367013E-03
       108  1.35007530E+00  3.18250385E-03 -2.53654092E-03  4.06968925E-03
       109  1.36267320E+00  3.34542905E-03 -2.46613192E-03  4.15616436E-03
       110  1.37527110E+00  3.50782163E-03 -2.38721384E-03  4.24306523E-03
       111  1.38786900E+00  3.66925138E-03 -2.29970049E-03  4.33036119E-03
       112  1.40046690E+00  3.82927884E-03 -2.20352764E-03  4.41802110E-03
       113  1.41306480E+00  3.98745653E-03 -2.09865366E-03  4.50601340E-03
       114  1.42566270E+00  4.14333010E-03 -1.98506022E-03  4.59430608E-03
       115  1.43826060E+00  4.29643957E-03 -1.86275281E-03  4.68286675E-03
       116  1.45085850E+00  4.44632060E-03 -1.73176127E-03  4.77166260E-03
       117  1.46345640E+00  4.59250583E-03 -1.59214027E-03  4.86066049E-03
       118  1.47605430E+00  4.73452617E-03 -1.44396958E-03  4.94982689E-03
       119  1.48865220E+00  4.87191224E-03 -1.28735445E-03  5.03912794E-03
       120  1.50125010E+00  5.00419574E-03 -1.12242580E-03  5.12852948E-03
       121  1.51384800E+00  5.13091085E-03 -9.49340325E-04  5.21799705E-03
       122  1.52644590E+00  5.25159571E-03 -7.68280576E-04  5.30749588E-03
       123  1.53904380E+00  5.36579385E-03 -5.79454934E-04  5.39699098E-03
       124  1.55164170E+00  5.47305564E-03 -3.83097499E-04  5.48644709E-03
       125  1.56423960E+00  5.57293976E-03 -1.79467890E-04  5.57582875E-03
       126  1.57683750E+00  5.66501464E-03  3.11490206E-05  5.66510027E-03
       127  1.58943540E+00  5.74885994E-03  2.48443476E-04  5.75422582E-03
       128  1.60203330E+00  5.82406795E-03  4.72081273E-04  5.84316936E-03
       129  1.61463120E+00  5.89024502E-03  7.01704295E-04  5.93189475E-03
       130  1.62722910E+00  5.94701299E-03  9.36931119E-04  6.02036572E-03
       131  1.63982700E+00  5.99401049E-03  1.17735771E-03  6.10854589E-03
       132  1.65242490E+00  6.03089433E-03  1.42255820E-03  6.19639881E-03
       133  1.66502280E+00  6.05734079E-03  1.67208573E-03  6.28388798E-03
       134  1.67762070E+00  6.07304688E-03  1.92547340E-03  6.37097686E-03
       135  1.69021860E+00  6.07773151E-03  2.18223523E-03  6.45762889E-03
       136  1.70281650E+00  6.07113672E-03  2.44186732E-03  6.54380754E-03
       137  1.71541440E+00  6.05302873E-03  2.70384891E-03  6.62947628E-03
       138  1.72801230E+00  6.02319900E-03  2.96764365E-03  6.71459865E-03
       139  1.74061020E+00  5.98146523E-03  3.23270087E-03  6.79913827E-03
       140  1.75320810E+00  5.92767225E-03  3.49845692E-03  6.88305885E-03
       141  1.76580600E+00  5.86169287E-03  3.76433654E-03  6.96632421E-03
       142  1.77840390E+00  5.78342866E-03  4.02975437E-03  7.04889831E-03
       143  1.79100180E+00  5.69281062E-03  4.29411640E-03  7.13074529E-03
       144  1.80359970E+00  5.58979979E-03  4.55682152E-03  7.21182945E-03
       145  1.81619760E+00  5.47438781E-03  4.81726313E-03  7.29211533E-03
       146  1.82879550E+00  5.34659730E-03  5.07483073E-03  7.37156765E-03
       147  1.84139340E+00  5.20648226E-03  5.32891159E-03  7.45015142E-03
       148  1.85399130E+00  5.05412829E-03  5.57889241E-03  7.52783191E-03
       149  1.86658920E+00  4.88965279E-03  5.82416102E-03  7.60457468E-03
       150  1.87918710E+00  4.71320499E-03  6.06410811E-03  7.68034559E-03
       151  1.89178500E+00  4.52496599E-03  6.29812889E-03  7.75511088E-03
       152  1.90438290E+00  4.32514856E-03  6.52562490E-03  7.82883710E-03
       153  1.91698080E+00  4.11399699E-03  6.74600564E-03  7.90149121E-03
       154  1.92957870E+00  3.89178675E-03  6.95869037E-03  7.97304056E-03
       155  1.94217660E+00  3.65882408E-03  7.16310975E-03  8.04345292E-03
       156  1.95477450E+00  3.41544550E-03  7.35870754E-03  8.11269651E-03
       157  1.96737240E+00  3.16201721E-03  7.54494229E-03  8.18074000E-03
       158  1.97997030E+00  2.89893438E-03  7.72128893E-03  8.24755256E-03
       159  1.99256820E+00  2.62662037E-03  7.88724039E-03  8.31310385E-03
       160  2.00516610E+00  2.34552588E-03  8.04230917E-03  8.37736405E-03
       161  2.01776400E+00  2.05612796E-03  8.18602881E-03  8.44030390E-03
       162  2.03036190E+00  1.75892897E-03  8.31795540E-03  8.50189468E-03
       163  2.04295980E+00  1.45445544E-03  8.43766895E-03  8.56210827E-03
       164  2.05555770E+00  1.14325688E-03  8.54477477E-03  8.62091713E-03
       165  2.06815560E+00  8.25904457E-04  8.63890473E-03  8.67829437E-03
       166  2.08075350E+00  5.02989664E-04  8.71971848E-03  8.73421370E-03
       167  2.09335140E+00  1.75122869E-04  8.78690458E-03  8.78864950E-03
       168  2.10594930E+00 -1.57068179E-04  8.84018158E-03  8.84157682E-03
       169  2.11854720E+00 -4.92939900E-04  8.87929900E-03  8.89297141E-03
       170  2.13114510E+00 -8.31834509E-04  8.90403821E-03  8.94280969E-03
       171  2.14374300E+00 -1.17308167E-03  8.91421326E-03  8.99106883E-03
       172  2.15634090E+00 -1.51600022E-03  8.90967159E-03  9.03772673E-03
       173  2.16893880E+00 -1.85989991E-03  8.89029463E-03  9.08276204E-03
       174  2.18153670E+00 -2.20408321E-03  8.85599836E-03  9.12615416E-03
       175  2.19413460E+00 -2.54784711E-03  8.80673375E-03  9.16788331E-03
       176  2.20673250E+00 -2.89048499E-03  8.74248704E-03  9.20793045E-03
       177  2.21933040E+00 -3.23128847E-03  8.66328001E-03  9.24627740E-03
       178  2.23192830E+00 -3.56954927E-03  8.56917008E-03  9.28290676E-03
       179  2.24452620E+00 -3.90456115E-03  8.46025035E-03  9.31780198E-03
       180  2.25712410E+00 -4.23562174E-03  8.33664951E-03  9.35094736E-03
       181  2.26972200E+00 -4.56203445E-03  8.19853165E-03  9.38232804E-03
       182  2.28231990E+00 -4.88311034E-03  8.04609598E-03  9.41193004E-03
       183  2.29491780E+00 -5.19816999E-03  7.87957642E-03  9.43974024E-03
       184  2.30751570E+00 -5.50654532E-03  7.69924114E-03  9.46574643E-03
       185  2.32011360E+00 -5.80758141E-03  7.50539191E-03  9.48993728E-03
       186  2.33271150E+00 -6.10063824E-03  7.29836345E-03  9.51230235E-03
       187  2.34530940E+00 -6.38509250E-03  7.07852262E-03  9.53283214E-03
       188  2.35790730E+00 -6.66033920E-03  6.84626752E-03  9.55151806E-03
       189  2.37050520E+00 -6.92579335E-03  6.60202654E-03  9.56835242E-03
       190  2.38310310E+00 -7.18089158E-03  6.34625725E-03  9.58332849E-03
       191  2.39570100E+00 -7.42509359E-03  6.07944528E-03  9.59644047E-03
       192  2.40829890E+00 -7.65788366E-03  5.80210307E-03  9.60768350E-03
       193  2.42089680E+00 -7.87877206E-03  5.51476853E-03  9.61705366E-03
       194  2.43349470E+00 -8.08729632E-03  5.21800366E-03  9.62454799E-03
       195  2.44609260E+00 -8.28302248E-03  4.91239312E-03  9.63016447E-03
       196  2.45869050E+00 -8.46554630E-03  4.59854262E-03  9.63390203E-03
       197  2.47128840E+00 -8.63449424E-03  4.27707743E-03  9.63576059E-03
       198  2.48388630E+00 -8.78952453E-03  3.94864062E-03  9.63574098E-03
       199  2.49648420E+00 -8.93032801E-03  3.61389147E-03  9.63384502E-03
       200  2.50908210E+00 -9.05662893E-03  3.27350363E-03  9.63007547E-03
       201  2.52168000E+00 -9.16818568E-03  2.92816340E-03  9.62443606E-03
       202  2.53427790E+00 -9.26479133E-03  2.57856789E-03  9.61693146E-03
       203  2.54687580E+00 -9.34627419E-03  2.22542314E-03  9.60756730E-03
       204  2.55947370E+00 -9.41249816E-03  1.86944230E-03  9.59635014E-03
       205  2.57207160E+00 -9.46336304E-03  1.51134369E-03  9.58328752E-03
       206  2.58466950E+00 -9.49880471E-03  1.15184893E-03  9.56838790E-03
       207  2.59726740E+00 -9.51879522E-03  7.91681023E-04  9.55166066E-03
       208  2.60986530E+00 -9.52334275E-03  4.31562443E-04  9.53311614E-03
       209  2.62246320E+00 -9.51249149E-03  7.22132417E-05  9.51276558E-03
       210  2.63506110E+00 -9.48632139E-03 -2.85650842E-04  9.49062116E-03
       211  2.64765900E+00 -9.44494788E-03 -6.41320251E-04  9.46669594E-03
       212  2.66025690E+00 -9.38852134E-03 -9.94093455E-04  9.44100391E-03
       213  2.67285480E+00 -9.31722666E-03 -1.34327877E-03  9.41355993E-03
       214  2.68545270E+00 -9.23128253E-03 -1.68819612E-03  9.38437975E-03
       215  2.69805060E+00 -9.13094074E-03 -2.02817881E-03  9.35348000E-03
       216  2.71064850E+00 -9.01648535E-03 -2.36257519E-03  9.32087815E-03
       217  2.72324640E+00 -8.88823178E-03 -2.69075029E-03  9.28659256E-03
       218  2.73584430E+00 -8.74652581E-03 -3.01208743E-03  9.25064238E-03
       219  2.74844220E+00 -8.59174247E-03 -3.32598973E-03  9.21304762E-03
       220  2.76104010E+00 -8.42428491E-03 -3.63188158E-03  9.17382908E-03
       221  2.77363800E+00 -8.24458314E-03 -3.92920999E-03  9.13300839E-03
       222  2.78623590E+00 -8.05309271E-03 -4.21744595E-03  9.09060793E-03
       223  2.79883380E+00 -7.85029337E-03 -4.49608563E-03  9.04665087E-03
       224  2.81143170E+00 -7.63668758E-03 -4.76465156E-03  9.00116112E-03
       225  2.82402960E+00 -7.41279904E-03 -5.02269367E-03  8.95416336E-03
       226  2.83662750E+00 -7.17917117E-03 -5.26979032E-03  8.90568294E-03
       227  2.84922540E+00 -6.93636543E-03 -5.50554913E-03  8.85574597E-03
       228  2.86182330E+00 -6.68495978E-03 -5.72960782E-03  8.80437920E-03
       229  2.87442120E+00 -6.42554695E-03 -5.94163493E-03  8.75161009E-03
       230  2.88701910E+00 -6.15873272E-03 -6.14133037E-03  8.69746672E-03
       231  2.89961700E+00 -5.88513427E-03 -6.32842598E-03  8.64197783E-03
       232  2.91221490E+00 -5.60537835E-03 -6.50268595E-03  8.58517274E-03
       233  2.92481280E+00 -5.32009956E-03 -6.66390709E-03  8.52708139E-03
       234  2.93741070E+00 -5.02993857E-03 -6.81191910E-03  8.46773428E-03
       235  2.95000860E+00 -4.73554038E-03 -6.94658464E-03  8.40716247E-03
       236  2.96260650E+00 -4.43755249E-03 -7.06779938E-03  8.34539754E-03
       237  2.97520440E+00 -4.13662322E-03 -7.17549191E-03  8.28247160E-03
       238  2.98780230E+00 -3.83339990E-03 -7.26962357E-03  8.21841723E-03
       239  3.00040020E+00 -3.52852720E-03 -7.35018818E-03  8.15326747E-03
       240  3.01299810E+00 -3.22264540E-03 -7.41721165E-03  8.08705583E-03
       241  3.02559600E+00 -2.91638875E-03 -7.47075157E-03  8.01981623E-03
       242  3.03819390E+00 -2.61038383E-03 -7.51089662E-03  7.95158297E-03
       243  3.05079180E+00 -2.30524796E-03 -7.53776597E-03  7.88239075E-03
       244  3.06338970E+00 -2.00158767E-03 -7.55150855E-03  7.81227461E-03
       245  3.07598760E+00 -1.69999719E-03 -7.55230227E-03  7.74126992E-03
       246  3.08858550E+00 -1.40105704E-03 -7.54035311E-03  7.66941235E-03
       247  3.10118340E+00 -1.10533263E-03 -7.51589422E-03  7.59673786E-03
       248  3.11378130E+00 -8.13372967E-04 -7.47918487E-03  7.52328265E-03
       249  3.12637920E+00 -5.25709377E-04 -7.43050938E-03  7.44908317E-03
       250  3.13897710E+00 -2.42854355E-04 -7.37017600E-03  7.37417606E-03
       251  3.15157500E+00  3.46995589E-05 -7.29851566E-03  7.29859814E-03
       252  3.16417290E+00  3.06480800E-04 -7.21588076E-03  7.22238642E-03
       253  3.17677080E+00  5.72039740E-04 -7.12264385E-03  7.14557799E-03
       254  3.18936870E+00  8.30949553E-04 -7.01919631E-03  7.06821009E-03
       255  3.20196660E+00  1.08280701E-03 -6.90594694E-03  6.99032003E-03
       256  3.21456450E+00  1.32723319E-03 -6.78332058E-03  6.91194517E-03
       257  3.22716240E+00  1.56387409E-03 -6.65175664E-03  6.83312290E-03
       258  3.23976030E+00  1.79240117E-03 -6.51170766E-03  6.75389063E-03
       259  3.25235820E+00  2.01251181E-03 -6.36363783E-03  6.67428575E-03
       260  3.26495610E+00  2.22392965E-03 -6.20802149E-03  6.59434560E-03
       261  3.27755400E+00  2.42640489E-03 -6.04534161E-03  6.51410745E-03
       262  3.29015190E+00  2.61971449E-03 -5.87608836E-03  6.43360851E-03
       263  3.30274980E+00  2.80366221E-03 -5.70075754E-03  6.35288583E-03
       264  3.31534770E+00  2.97807873E-03 -5.51984912E-03  6.27197634E-03
       265  3.32794560E+00  3.14282148E-03 -5.33386577E-03  6.19091680E-03
       266  3.34054350E+00  3.29777457E-03 -5.14331141E-03  6.10974380E-03
       267  3.35314140E+00  3.44284854E-03 -4.94868974E-03  6.02849370E-03
       268  3.36573930E+00  3.57798004E-03 -4.75050290E-03  5.94720261E-03
       269  3.37833720E+00  3.70313145E-03 -4.54925000E-03  5.86590641E-03
       270  3.39093510E+00  3.81829044E-03 -4.34542587E-03  5.78464068E-03
       271  3.40353300E+00  3.92346944E-03 -4.13951970E-03  5.70344070E-03
       272  3.41613090E+00  4.01870504E-03 -3.93201383E-03  5.62234141E-03
       273  3.42872880E+00  4.10405732E-03 -3.72338249E-03  5.54137742E-03
       274  3.44132670E+00  4.17960916E-03 -3.51409069E-03  5.46058294E-03
       275  3.45392460E+00  4.24546541E-03 -3.30459307E-03  5.37999182E-03
       276  3.46652250E+00  4.30175213E-03 -3.09533290E-03  5.29963746E-03
       277  3.47912040E+00  4.34861565E-03 -2.88674105E-03  5.21955285E-03
       278  3.49171830E+00  4.38622165E-03 -2.67923506E-03  5.13977051E-03
       279  3.50431620E+00  4.41475421E-03 -2.47321834E-03  5.06032249E-03
       280  3.51691410E+00  4.43441479E-03 -2.26907927E-03  4.98124033E-03
       281  3.52951200E+00  4.44542119E-03 -2.06719056E-03  4.90255509E-03
       282  3.54210990E+00  4.44800648E-03 -1.86790853E-03  4.82429724E-03
       283  3.55470780E+00  4.44241788E-03 -1.67157255E-03  4.74649675E-03
       284  3.56730570E+00  4.42891571E-03 -1.47850449E-03  4.66918300E-03
       285  3.57990360E+00  4.40777217E-03 -1.28900829E-03  4.59238477E-03
       286  3.59250150E+00  4.37927027E-03 -1.10336955E-03  4.51613026E-03
       287  3.60509940E+00  4.34370264E-03 -9.21855268E-04  4.44044703E-03
       288  3.61769730E+00  4.30137039E-03 -7.44713537E-04  4.36536201E-03
       289  3.63029520E+00  4.25258194E-03 -5.72173419E-04  4.29090149E-03
       290  3.64289310E+00  4.19765192E-03 -4.04444827E-04  4.21709109E-03
       291  3.65549100E+00  4.13689996E-03 -2.41718489E-04  4.14395573E-03
       292  3.66808890E+00  4.07064965E-03 -8.41659865E-05  4.07151967E-03
       293  3.68068680E+00  3.99922736E-03  6.80601550E-05  3.99980645E-03
       294  3.69328470E+00  3.92296121E-03  2.14826303E-04  3.92883889E-03
       295  3.70588260E+00  3.84217999E-03  3.56017498E-04  3.85863908E-03
       296  3.71848050E+00  3.75721211E-03  4.91537175E-04  3.78922837E-03
       297  3.73107840E+00  3.66838464E-03  6.21306829E-04  3.72062738E-03
       298  3.74367630E+00  3.57602232E-03  7.45265621E-04  3.65285593E-03
       299  3.75627420E+00  3.48044661E-03  8.63369947E-04  3.58593311E-03
       300  3.76887210E+00  3.38197488E-03  9.75592941E-04  3.51987722E-03
       301  3.78147000E+00  3.28091946E-03  1.08192395E-03  3.45470577E-03
       302  3.79406790E+00  3.17758694E-03  1.18236796E-03  3.39043548E-03
       303  3.80666580E+00  3.07227733E-03  1.27694496E-03  3.32708227E-03
       304  3.81926370E+00  2.96528342E-03  1.36568935E-03  3.26466126E-03
       305  3.83186160E+00  2.85689008E-03  1.44864920E-03  3.20318676E-03
       306  3.84445950E+00  2.74737370E-03  1.52588558E-03  3.14267228E-03
       307  3.85705740E+00  2.63700158E-03  1.59747181E-03  3.08313048E-03
       308  3.86965530E+00  2.52603150E-03  1.66349274E-03  3.02457323E-03
       309  3.88225320E+00  2.41471119E-03  1.72404393E-03  2.96701156E-03
       310  3.89485110E+00  2.30327804E-03  1.77923091E-03  2.91045570E-03
       311  3.90744900E+00  2.19195867E-03  1.82916838E-03  2.85491502E-03
       312  3.92004690E+00  2.08096871E-03  1.87397938E-03  2.80039810E-03
       313  3.93264480E+00  1.97051254E-03  1.91379453E-03  2.74691266E-03
       314  3.94524270E+00  1.86078311E-03  1.94875121E-03  2.69446563E-03
       315  3.95784060E+00  1.75196184E-03  1.97899273E-03  2.64306309E-03
       316  3.97043850E+00  1.64421854E-03  2.00466761E-03  2.59271032E-03
       317  3.98303640E+00  1.53771136E-03  2.02592874E-03  2.54341178E-03
       318  3.99563430E+00  1.43258687E-03  2.04293262E-03  2.49517110E-03
       319  4.00823220E+00  1.32898006E-03  2.05583864E-03  2.44799112E-03
       320  4.02083010E+00  1.22701454E-03  2.06480831E-03  2.40187386E-03
       321  4.03342800E+00  1.12680264E-03  2.07000459E-03  2.35682057E-03
       322  4.04602590E+00  1.02844562E-03  2.07159116E-03  2.31283167E-03
       323  4.05862380E+00  9.32033958E-04  2.06973179E-03  2.26990682E-03
       324  4.07122170E+00  8.37647582E-04  2.06458970E-03  2.22804490E-03
       325  4.08381960E+00  7.45356203E-04  2.05632695E-03  2.18724402E-03
       326  4.09641750E+00  6.55219659E-04  2.04510389E-03  2.14750151E-03
       327  4.10901540E+00  5.67288291E-04  2.03107862E-03  2.10881397E-03
       328  4.12161330E+00  4.81603340E-04  2.01440647E-03  2.07117725E-03
       329  4.13421120E+00  3.98197381E-04  1.99523958E-03  2.03458648E-03
       330  4.14680910E+00  3.17094762E-04  1.97372642E-03  1.99903604E-03
       331  4.15940700E+00  2.38312073E-04  1.95001147E-03  1.96451963E-03
       332  4.17200490E+00  1.61858624E-04  1.92423480E-03  1.93103023E-03
       333  4.18460280E+00  8.77369408E-05  1.89653182E-03  1.89856017E-03
       334  4.19720070E+00  1.59432632E-05  1.86703299E-03  1.86710106E-03
       335  4.20979860E+00 -5.35319423E-05  1.83586358E-03  1.83664389E-03
       336  4.22239650E+00 -1.20703471E-04  1.80314352E-03  1.80717898E-03
       337  4.23499440E+00 -1.85590866E-04  1.76898718E-03  1.77869605E-03
       338  4.24759230E+00 -2.48217904E-04  1.73350335E-03  1.75118416E-03
       339  4.26019020E+00 -3.08612088E-04  1.69679507E-03  1.72463183E-03
       340  4.27278810E+00 -3.66804143E-04  1.65895968E-03  1.69902693E-03
       341  4.28538600E+00 -4.22827528E-04  1.62008877E-03  1.67435681E-03
       342  4.29798390E+00 -4.76717947E-04  1.58026821E-03  1.65060825E-03
       343  4.31058180E+00 -5.28512887E-04  1.53957825E-03  1.62776750E-03
       344  4.32317970E+00 -5.78251165E-04  1.49809359E-03  1.60582029E-03
       345  4.33577760E+00 -6.25972490E-04  1.45588353E-03  1.58475184E-03
       346  4.34837550E+00 -6.71717054E-04  1.41301211E-03  1.56454691E-03
       347  4.36097340E+00 -7.15525134E-04  1.36953832E-03  1.54518977E-03
       348  4.37357130E+00 -7.57436725E-04  1.32551627E-03  1.52666426E-03
       349  4.38616920E+00 -7.97491191E-04  1.28099546E-03  1.50895380E-03
       350  4.39876710E+00 -8.35726947E-04  1.23602102E-03  1.49204138E-03
       351  4.41136500E+00 -8.72181165E-04  1.19063396E-03  1.47590962E-03
       352  4.42396290E+00 -9.06889506E-04  1.14487150E-03  1.46054076E-03
       353  4.43656080E+00 -9.39885883E-04  1.09876732E-03  1.44591670E-03
       354  4.44915870E+00 -9.71202253E-04  1.05235191E-03  1.43201898E-03
       355  4.46175660E+00 -1.00086844E-03  1.00565289E-03  1.41882887E-03
       356  4.47435450E+00 -1.02891197E-03  9.58695310E-04  1.40632732E-03
       357  4.48695240E+00 -1.05535797E-03  9.11502018E-04  1.39449502E-03
       358  4.49955030E+00 -1.08022908E-03  8.64093973E-04  1.38331242E-03
       359  4.51214820E+00 -1.10354535E-03  8.16490590E-04  1.37275971E-03
       360  4.52474610E+00 -1.12532428E-03  7.68710073E-04  1.36281690E-03
       361  4.53734400E+00 -1.14558073E-03  7.20769747E-04  1.35346379E-03
       362  4.54994190E+00 -1.16432702E-03  6.72686379E-04  1.34468002E-03
       363  4.56253980E+00 -1.18157293E-03  6.24476494E-04  1.33644509E-03
       364  4.57513770E+00 -1.19732579E-03  5.76156684E-04  1.32873834E-03
       365  4.58773560E+00 -1.21159060E-03  5.27743897E-04  1.32153903E-03
       366  4.60033350E+00 -1.22437013E-03  4.79255722E-04  1.31482633E-03
       367  4.61293140E+00 -1.23566507E-03  4.30710648E-04  1.30857932E-03
       368  4.62552930E+00 -1.24547421E-03  3.82128316E-04  1.30277705E-03
       369  4.63812720E+00 -1.25379460E-03  3.33529749E-04  1.29739855E-03
       370  4.65072510E+00 -1.26062179E-03  2.84937558E-04  1.29242281E-03
       371  4.66332300E+00 -1.26595004E-03  2.36376136E-04  1.28782886E-03
       372  4.67592090E+00 -1.26977251E-03  1.87871822E-04  1.28359575E-03
       373  4.68851880E+00 -1.27208157E-03  1.39453051E-04  1.27970258E-03
       374  4.70111670E+00 -1.27286903E-03  9.11504702E-05  1.27612851E-03
       375  4.71371460E+00 -1.27212637E-03  4.29970433E-05  1.27285280E-03
       376  4.72631250E+00 -1.26984508E-03 -4.97187896E-06  1.26985481E-03
       377  4.73891040E+00 -1.26601688E-03 -5.27185079E-05  1.26711404E-03
       378  4.75150830E+00 -1.26063402E-03 -1.00202592E-04  1.26461010E-03
       379  4.76410620E+00 -1.25368957E-03 -1.47381415E-04  1.26232279E-03
       380  4.77670410E+00 -1.24517766E-03 -1.94209824E-04  1.26023207E-03
       381  4.78930200E+00 -1.23509381E-03 -2.40640272E-04  1.25831811E-03
       382  4.80189990E+00 -1.22343515E-03 -2.86622893E-04  1.25656128E-03
       383  4.81449780E+00 -1.21020071E-03 -3.32105599E-04  1.25494218E-03
       384  4.82709570E+00 -1.19539167E-03 -3.77034193E-04  1.25344167E-03
       385  4.83969360E+00 -1.17901159E-03 -4.21352512E-04  1.25204085E-03
       386  4.85229150E+00 -1.16106669E-03 -4.65002584E-04  1.25072109E-03
       387  4.86488940E+00 -1.14156598E-03 -5.07924812E-04  1.24946409E-03
       388  4.87748730E+00 -1.12052157E-03 -5.50058167E-04  1.24825181E-03
       389  4.89008520E+00 -1.09794878E-03 -5.91340410E-04  1.24706656E-03
       390  4.90268310E+00 -1.07386634E-03 -6.31708317E-04  1.24589097E-03
       391  4.91528100E+00 -1.04829653E-03 -6.71097929E-04  1.24470802E-03
       392  4.92787890E+00 -1.02126535E-03 -7.09444813E-04  1.24350105E-03
       393  4.94047680E+00 -9.92802570E-04 -7.46684325E-04  1.24225377E-03
       394  4.95307470E+00 -9.62941872E-04 -7.82751901E-04  1.24095028E-03
       395  4.96567260E+00 -9.31720893E-04 -8.17583337E-04  1.23957506E-03
       396  4.97827050E+00 -8.99181276E-04 -8.51115088E-04  1.23811302E-03
       397  4.99086840E+00 -8.65368695E-04 -8.83284569E-04  1.23654948E-03
       398  5.00346630E+00 -8.30332851E-04 -9.14030454E-04  1.23487016E-03
       399  5.01606420E+00 -7.94127452E-04 -9.43292982E-04  1.23306126E-03
       400  5.02866210E+00 -7.56810158E-04 -9.71014262E-04  1.23110938E-03
       401  5.04126000E+00 -7.18442519E-04 -9.97138572E-04  1.22900162E-03
       402  5.05385790E+00 -6.79089874E-04 -1.02161266E-03  1.22672551E-03
       403  5.06645580E+00 -6.38821236E-04 -1.04438602E-03  1.22426906E-03
       404  5.07905370E+00 -5.97709154E-04 -1.06541119E-03  1.22162074E-03
       405  5.09165160E+00 -5.55829553E-04 -1.08464405E-03  1.21876954E-03
       406  5.10424950E+00 -5.13261547E-04 -1.10204401E-03  1.21570490E-03
       407  5.11684740E+00 -4.70087242E-04 -1.11757435E-03  1.21241678E-03
       408  5.12944530E+00 -4.26391515E-04 -1.13120240E-03  1.20889561E-03
       409  5.14204320E+00 -3.82261770E-04 -1.14289979E-03  1.20513235E-03
       410  5.15464110E+00 -3.37787686E-04 -1.15264263E-03  1.20111846E-03
       411  5.16723900E+00 -2.93060944E-04 -1.16041173E-03  1.19684589E-03
       412  5.17983690E+00 -2.48174940E-04 -1.16619273E-03  1.19230713E-03
       413  5.19243480E+00 -2.03224486E-04 -1.16997631E-03  1.18749516E-03
       414  5.20503270E+00 -1.58305499E-04 -1.17175824E-03  1.18240349E-03
       415  5.21763060E+00 -1.13514678E-04 -1.17153956E-03  1.17702614E-03
       416  5.23022850E+00 -6.89491795E-05 -1.16932662E-03  1.17135764E-03
       417  5.24282640E+00 -2.47062747E-05 -1.16513114E-03  1.16539306E-03
       418  5.25542430E+00  1.91169879E-05 -1.15897030E-03  1.15912796E-03
       419  5.26802220E+00  6.24241290E-05 -1.15086669E-03  1.15255842E-03
       420  5.28062010E+00  1.05119586E-04 -1.14084834E-03  1.14568104E-03
       421  5.29321800E+00  1.47109058E-04 -1.12894867E-03  1.13849294E-03
       422  5.30581590E+00  1.88299855E-04 -1.11520646E-03  1.13099172E-03
       423  5.31841380E+00  2.28601236E-04 -1.09966572E-03  1.12317551E-03
       424  5.33101170E+00  2.67924751E-04 -1.08237566E-03  1.11504293E-03
       425  5.34360960E+00  3.06184568E-04 -1.06339047E-03  1.10659310E-03
       426  5.35620750E+00  3.43297795E-04 -1.04276926E-03  1.09782562E-03
       427  5.36880540E+00  3.79184798E-04 -1.02057582E-03  1.08874061E-03
       428  5.38140330E+00  4.13769497E-04 -9.96878469E-04  1.07933863E-03
       429  5.39400120E+00  4.46979655E-04 -9.71749828E-04  1.06962075E-03
       430  5.40659910E+00  4.78747157E-04 -9.45266578E-04  1.05958848E-03
       431  5.41919700E+00  5.09008263E-04 -9.17509222E-04  1.04924382E-03
       432  5.43179490E+00  5.37703853E-04 -8.88561808E-04  1.03858920E-03
       433  5.44439280E+00  5.64779651E-04 -8.58511648E-04  1.02762751E-03
       434  5.45699070E+00  5.90186430E-04 -8.27449016E-04  1.01636209E-03
       435  5.46958860E+00  6.13880194E-04 -7.95466833E-04  1.00479668E-03
       436  5.48218650E+00  6.35822346E-04 -7.62660345E-04  9.92935475E-04
       437  5.49478440E+00  6.55979827E-04 -7.29126783E-04  9.80783054E-04
       438  5.50738230E+00  6.74325238E-04 -6.94965020E-04  9.68344414E-04
       439  5.51998020E+00  6.90836934E-04 -6.60275216E-04  9.55624942E-04
       440  5.53257810E+00  7.05499099E-04 -6.25158460E-04  9.42630405E-04
       441  5.54517600E+00  7.18301796E-04 -5.89716409E-04  9.29366942E-04
       442  5.55777390E+00  7.29240989E-04 -5.54050914E-04  9.15841053E-04
       443  5.57037180E+00  7.38318547E-04 -5.18263664E-04  9.02059589E-04
       444  5.58296970E+00  7.45542221E-04 -4.82455811E-04  8.88029736E-04
       445  5.59556760E+00  7.50925595E-04 -4.46727608E-04  8.73759009E-04
       446  5.60816550E+00  7.54488016E-04 -4.11178052E-04  8.59255234E-04
       447  5.62076340E+00  7.56254498E-04 -3.75904525E-04  8.44526541E-04
       448  5.63336130E+00  7.56255609E-04 -3.41002448E-04  8.29581349E-04
       449  5.64595920E+00  7.54527323E-04 -3.06564942E-04  8.14428355E-04
       450  5.65855710E+00  7.51110866E-04 -2.72682500E-04  7.99076517E-04
       451  5.67115500E+00  7.46052530E-04 -2.39442669E-04  7.83535046E-04
       452  5.68375290E+00  7.39403466E-04 -2.06929745E-04  7.67813392E-04
       453  5.69635080E+00  7.31219469E-04 -1.75224485E-04  7.51921228E-04
       454  5.70894870E+00  7.21560731E-04 -1.44403831E-04  7.35868436E-04
       455  5.72154660E+00  7.10491587E-04 -1.14540652E-04  7.19665100E-04
       456  5.73414450E+00  6.98080238E-04 -8.57035085E-05  7.03321484E-04
       457  5.74674240E+00  6.84398467E-04 -5.79564250E-05  6.86848024E-04
       458  5.75934030E+00  6.69521334E-04 -3.13586939E-05  6.70255313E-04
       459  5.77193820E+00  6.53526865E-04 -5.96469290E-06  6.53554084E-04
       460  5.78453610E+00  6.36495726E-04  1.81762739E-05  6.36755201E-04
       461  5.79713400E+00  6.18510891E-04  4.10201135E-05  6.19869641E-04
       462  5.80973190E+00  5.99657304E-04  6.25280591E-05  6.02908484E-04
       463  5.82232980E+00  5.80021528E-04  8.26667622E-05  5.85882895E-04
       464  5.83492770E+00  5.59691400E-04  1.01408362E-04  5.68804113E-04
       465  5.84752560E+00  5.38755671E-04  1.18730530E-04  5.51683435E-04
       466  5.86012350E+00  5.17303660E-04  1.34616495E-04  5.34532205E-04
       467  5.87272140E+00  4.95424893E-04  1.49055040E-04  5.17361797E-04
       468  5.88531930E+00  4.73208753E-04  1.62040478E-04  5.00183606E-04
       469  5.89791720E+00  4.50744131E-04  1.73572608E-04  4.83009029E-04
       470  5.91051510E+00  4.28119086E-04  1.83656643E-04  4.65849454E-04
       471  5.92311300E+00  4.05420501E-04  1.92303118E-04  4.48716249E-04
       472  5.93571090E+00  3.82733762E-04  1.99527778E-04  4.31620744E-04
       473  5.94830880E+00  3.60142431E-04  2.05351445E-04  4.14574223E-04
       474  5.96090670E+00  3.37727943E-04  2.09799860E-04  3.97587908E-04
       475  5.97350460E+00  3.15569304E-04  2.12903515E-04  3.80672947E-04
       476  5.98610250E+00  2.93742813E-04  2.14697455E-04  3.63840401E-04
       477  5.99870040E+00  2.72321786E-04  2.15221075E-04  3.47101234E-04
       478  6.01129830E+00  2.51376310E-04  2.14517888E-04  3.30466297E-04
       479  6.02389620E+00  2.30972999E-04  2.12635289E-04  3.13946321E-04
       480  6.03649410E+00  2.11174781E-04  2.09624298E-04  2.97551902E-04
       481  6.04909200E+00  1.92040691E-04  2.05539293E-04  2.81293490E-04
       482  6.06168990E+00  1.73625690E-04  2.00437730E-04  2.65181379E-04
       483  6.07428780E+00  1.55980506E-04  1.94379856E-04  2.49225694E-04
       484  6.08688570E+00  1.39151487E-04  1.87428411E-04  2.33436385E-04
       485  6.09948360E+00  1.23180484E-04  1.79648322E-04  2.17823211E-04
       486  6.11208150E+00  1.08104744E-04  1.71106391E-04  2.02395733E-04
       487  6.12467940E+00  9.39568381E-05  1.61870986E-04  1.87163307E-04
       488  6.13727730E+00  8.07645981E-05  1.52011716E-04  1.72135070E-04
       489  6.14987520E+00  6.85510830E-05  1.41599115E-04  1.57319930E-04
       490  6.16247310E+00  5.73345631E-05  1.30704325E-04  1.42726566E-04
       491  6.17507100E+00  4.71285264E-05  1.19398772E-04  1.28363409E-04
       492  6.18766890E+00  3.79417069E-05  1.07753859E-04  1.14238642E-04
       493  6.20026680E+00  2.97781317E-05  9.58406511E-05  1.00360189E-04
       494  6.21286470E+00  2.26371903E-05  8.37295699E-05  8.67357092E-05
       495  6.22546260E+00  1.65137225E-05  7.14900990E-05  7.33725922E-05
       496  6.23806050E+00  1.13981255E-05  5.91904932E-05  6.02779541E-05
       497  6.25065840E+00  7.27648025E-06  4.68974985E-05  4.74586402E-05
       498  6.26325630E+00  4.13069411E-06  3.46760840E-05  3.49212462E-05
       499  6.27585420E+00  1.93866154E-06  2.25891840E-05  2.26722218E-05
       500  6.28845210E+00  6.74439853E-07  1.06974543E-05  1.07186938E-05
       501  6.30105000E+00  3.08440114E-07 -9.40958325E-07  9.90221123E-07
       502  6.31364790E+00  8.07631779E-07 -1.22706314E-05  1.22971811E-05
       503  6.32624580E+00  2.13576001E-06 -2.32390667E-05  2.33370026E-05
       504  6.33884370E+00  4.25357453E-06 -3.37968739E-05  3.40634934E-05
       505  6.35144160E+00  7.11906877E-06 -4.38979367E-05  4.44714514E-05
       506  6.36403950E+00  1.06877281E-05 -5.34995621E-05  5.45566740E-05
       507  6.37663740E+00  1.49127859E-05 -6.25626107E-05  6.43154060E-05
       508  6.38923530E+00  1.97454862E-05 -7.10516095E-05  7.37442570E-05
       509  6.40183320E+00  2.51353512E-05 -7.89348450E-05  8.28401813E-05
       510  6.41443110E+00  3.10304531E-05 -8.61844382E-05  9.16004717E-05
       511  6.42702900E+00  3.73776883E-05 -9.27763997E-05  1.00022757E-04
       512  6.43962690E+00  4.41230529E-05 -9.86906662E-05  1.08105002E-04
       513  6.45222480E+00  5.12119176E-05 -1.03911118E-04  1.15845505E-04
       514  6.46482270E+00  5.85893021E-05 -1.08425577E-04  1.23242899E-04
       515  6.47742060E+00  6.62001461E-05 -1.12225788E-04  1.30296151E-04
       516  6.49001850E+00  7.39895768E-05 -1.15307377E-04  1.37004557E-04
       517  6.50261640E+00  8.19031707E-05 -1.17669800E-04  1.43367748E-04
       518  6.51521430E+00  8.98872098E-05 -1.19316262E-04  1.49385679E-04
       519  6.52781220E+00  9.78889297E-05 -1.20253636E-04  1.55058633E-04
       520  6.54041010E+00  1.05856759E-04 -1.20492347E-04  1.60387217E-04
       521  6.55300800E+00  1.13740551E-04 -1.20046257E-04  1.65372359E-04
       522  6.56560590E+00  1.21491801E-04 -1.18932525E-04  1.70015303E-04
       523  6.57820380E+00  1.29063856E-04 -1.17171456E-04  1.74317610E-04
       524  6.59080170E+00  1.36412110E-04 -1.14786340E-04  1.78281148E-04
       525  6.60339960E+00  1.43494186E-04 -1.11803278E-04  1.81908093E-04
       526  6.61599750E+00  1.50270104E-04 -1.08250991E-04  1.85200921E-04
       527  6.62859540E+00  1.56702439E-04 -1.04160630E-04  1.88162406E-04
       528  6.64119330E+00  1.62756455E-04 -9.95655672E-05  1.90795613E-04
       529  6.65379120E+00  1.68400233E-04 -9.45011867E-05  1.93103891E-04
       530  6.66638910E+00  1.73604775E-04 -8.90046648E-05  1.95090872E-04
       531  6.67898700E+00  1.78344101E-04 -8.31147459E-05  1.96760462E-04
       532  6.69158490E+00  1.82595316E-04 -7.68715152E-05  1.98116832E-04
       533  6.70418280E+00  1.86338677E-04 -7.03161674E-05  1.99164419E-04
       534  6.71678070E+00  1.89557629E-04 -6.34907738E-05  1.99907912E-04
       535  6.72937860E+00  1.92238834E-04 -5.64380493E-05  2.00352247E-04
       536  6.74197650E+00  1.94372178E-04 -4.92011195E-05  2.00502603E-04
       537  6.75457440E+00  1.95950761E-04 -4.18232894E-05  2.00364389E-04
       538  6.76717230E+00  1.96970881E-04 -3.43478155E-05  1.99943243E-04
       539  6.77977020E+00  1.97431986E-04 -2.68176813E-05  1.99245018E-04
       540  6.79236810E+00  1.97336624E-04 -1.92753779E-05  1.98275776E-04
       541  6.80496600E+00  1.96690374E-04 -1.17626906E-05  1.97041783E-04
       542  6.81756390E+00  1.95501760E-04 -4.32049293E-06  1.95549495E-04
       543  6.83016180E+00  1.93782155E-04  3.01145209E-06  1.93805553E-04
       544  6.84275970E+00  1.91545671E-04  1.01946814E-05  1.91816776E-04
       545  6.85535760E+00  1.88809034E-04  1.71922120E-05  1.89590146E-04
       546  6.86795550E+00  1.85591455E-04  2.39687100E-05  1.87132806E-04
       547  6.88055340E+00  1.81914479E-04  3.04906498E-05  1.84452046E-04
       548  6.89315130E+00  1.77801835E-04  3.67264597E-05  1.81555296E-04
       549  6.90574920E+00  1.73279273E-04  4.26466571E-05  1.78450116E-04
       550  6.91834710E+00  1.68374391E-04  4.82239692E-05  1.75144188E-04
       551  6.93094500E+00  1.63116456E-04  5.34334415E-05  1.71645305E-04
       552  6.94354290E+00  1.57536224E-04  5.82525319E-05  1.67961363E-04
       553  6.95614080E+00  1.51665750E-04  6.26611914E-05  1.64100349E-04
       554  6.96873870E+00  1.45538192E-04  6.66419302E-05  1.60070335E-04
       555  6.98133660E+00  1.39187620E-04  7.01798697E-05  1.55879465E-04
       556  6.99393450E+00  1.32648818E-04  7.32627803E-05  1.51535949E-04
       557  7.00653240E+00  1.25957084E-04  7.58811041E-05  1.47048050E-04
       558  7.01913030E+00  1.19148036E-04  7.80279641E-05  1.42424077E-04
       559  7.03172820E+00  1.12257412E-04  7.96991588E-05  1.37672374E-04
       560  7.04432610E+00  1.05320879E-04  8.08931432E-05  1.32801310E-04
       561  7.05692400E+00  9.83738392E-05  8.16109954E-05  1.27819274E-04
       562  7.06952190E+00  9.14512487E-05  8.18563710E-05  1.22734658E-04
       563  7.08211980E+00  8.45874308E-05  8.16354438E-05  1.17555855E-04
       564  7.09471770E+00  7.78159036E-05  8.09568344E-05  1.12291246E-04
       565  7.10731560E+00  7.11692105E-05  7.98315268E-05  1.06949190E-04
       566  7.11991350E+00  6.46787598E-05  7.82727740E-05  1.01538018E-04
       567  7.13251140E+00  5.83746716E-05  7.62959929E-05  9.60660232E-05
       568  7.14510930E+00  5.22856343E-05  7.39186489E-05  9.05414503E-05
       569  7.15770720E+00  4.64387708E-05  7.11601321E-05  8.49724887E-05
       570  7.17030510E+00  4.08595147E-05  6.80416238E-05  7.93672635E-05
       571  7.18290300E+00  3.55714970E-05  6.45859570E-05  7.37338270E-05
       572  7.19550090E+00  3.05964447E-05  6.08174686E-05  6.80801506E-05
       573  7.20809880E+00  2.59540899E-05  5.67618467E-05  6.24141172E-05
       574  7.22069670E+00  2.16620919E-05  5.24459723E-05  5.67435127E-05
       575  7.23329460E+00  1.77359706E-05  4.78977571E-05  5.10760197E-05
       576  7.24589250E+00  1.41890524E-05  4.31459780E-05  4.54192099E-05
       577  7.25849040E+00  1.10324288E-05  3.82201092E-05  3.97805384E-05
       578  7.27108830E+00  8.27492765E-06  3.31501527E-05  3.41673390E-05
       579  7.28368620E+00  5.92309591E-06  2.79664690E-05  2.85868230E-05
       580  7.29628410E+00  3.98119604E-06  2.26996071E-05  2.30460861E-05
       581  7.30888200E+00  2.45121394E-06  1.73801369E-05  1.75521397E-05
       582  7.32147990E+00  1.33287919E-06  1.20384828E-05  1.21120450E-05
       583  7.33407780E+00  6.23697083E-07  6.70476098E-06  6.73370758E-06
       584  7.34667570E+00  3.18992140E-07  1.40862014E-06  1.44428760E-06
       585  7.35927360E+00  4.11962778E-07 -3.82091312E-06  3.84305743E-06
       586  7.37187150E+00  8.93746642E-07 -8.95558337E-06  9.00006981E-06
       587  7.38446940E+00  1.75349617E-06 -1.39680495E-05  1.40776829E-05
       588  7.39706730E+00  2.97846381E-06 -1.88320209E-05  1.90661024E-05
       589  7.40966520E+00  4.55409638E-06 -2.35223866E-05  2.39591833E-05
       590  7.42226310E+00  6.46413790E-06 -2.80153357E-05  2.87514193E-05
       591  7.43486100E+00  8.69074026E-06 -3.22884701E-05  3.34376176E-05
       592  7.44745890E+00  1.12145811E-05 -3.63209075E-05  3.80128288E-05
       593  7.46005680E+00  1.40149879E-05 -4.00933753E-05  4.24723278E-05
       594  7.47265470E+00  1.70700684E-05 -4.35882942E-05  4.68116078E-05
       595  7.48525260E+00  2.03568447E-05 -4.67898525E-05  5.10263796E-05
       596  7.49785050E+00  2.38513934E-05 -4.96840685E-05  5.51125724E-05
       597  7.51044840E+00  2.75289868E-05 -5.22588441E-05  5.90663347E-05
       598  7.52304630E+00  3.13642391E-05 -5.45040053E-05  6.28840368E-05
       599  7.53564420E+00  3.53312520E-05 -5.64113341E-05  6.65622715E-05
       600  7.54824210E+00  3.94037634E-05 -5.79745877E-05  7.00978557E-05
       601  7.56084000E+00  4.35552942E-05 -5.91895076E-05  7.34878321E-05
       602  7.57343790E+00  4.77592965E-05 -6.00538177E-05  7.67294691E-05
       603  7.58603580E+00  5.19892986E-05 -6.05672118E-05  7.98202626E-05
       604  7.59863370E+00  5.62190487E-05 -6.07313300E-05  8.27579355E-05
       605  7.61123160E+00  6.04226558E-05 -6.05497259E-05  8.55404386E-05
       606  7.62382950E+00  6.45747263E-05 -6.00278226E-05  8.81659502E-05
       607  7.63642740E+00  6.86504969E-05 -5.91728602E-05  9.06328754E-05
       608  7.64902530E+00  7.26259617E-05 -5.79938334E-05  9.29398463E-05
       609  7.66162320E+00  7.64779949E-05 -5.65014204E-05  9.50857203E-05
       610  7.67422110E+00  8.01844656E-05 -5.47079037E-05  9.70695794E-05
       611  7.68681900E+00  8.37243475E-05 -5.26270833E-05  9.88907288E-05
       612  7.69941690E+00  8.70778200E-05 -5.02741819E-05  1.00548695E-04
       613  7.71201480E+00  9.02263624E-05 -4.76657448E-05  1.02043225E-04
       614  7.72461270E+00  9.31528395E-05 -4.48195320E-05  1.03374281E-04
       615  7.73721060E+00  9.58415785E-05 -4.17544070E-05  1.04542043E-04
       616  7.74980850E+00  9.82784377E-05 -3.84902191E-05  1.05546901E-04
       617  7.76240640E+00  1.00450865E-04 -3.50476829E-05  1.06389456E-04
       618  7.77500430E+00  1.02347950E-04 -3.14482540E-05  1.07070516E-04
       619  7.78760220E+00  1.03960459E-04 -2.77140019E-05  1.07591091E-04
       620  7.80020010E+00  1.05280873E-04 -2.38674817E-05  1.07952391E-04
       621  7.81279800E+00  1.06303401E-04 -1.99316039E-05  1.08155823E-04
       622  7.82539590E+00  1.07024000E-04 -1.59295043E-05  1.08202983E-04
       623  7.83799380E+00  1.07440366E-04 -1.18844137E-05  1.08095660E-04
       624  7.85059170E+00  1.07551938E-04 -7.81952893E-06  1.07835821E-04
       625  7.86318960E+00  1.07359869E-04 -3.75788546E-06  1.07425617E-04
       626  7.87578750E+00  1.06867009E-04  2.77767877E-07  1.06867370E-04
       627  7.88838540E+00  1.06077865E-04  4.26509093E-06  1.06163574E-04
       628  7.90098330E+00  1.04998557E-04  8.18227082E-06  1.05316887E-04
       629  7.91358120E+00  1.03636768E-04  1.20081363E-05  1.04330125E-04
       630  7.92617910E+00  1.02001678E-04  1.57222671E-05  1.03206260E-04
       631  7.93877700E+00  1.00103905E-04  1.93050986E-05  1.01948412E-04
       632  7.95137490E+00  9.79554217E-05  2.27380196E-05  1.00559844E-04
       633  7.96397280E+00  9.55694786E-05  2.60034650E-05  9.90439571E-05
       634  7.97657070E+00  9.29605145E-05  2.90850007E-05  9.74042839E-05
       635  7.98916860E+00  9.01440639E-05  3.19674017E-05  9.56444825E-05
       636  8.00176650E+00  8.71366583E-05  3.46367235E-05  9.37683306E-05
       637  8.01436440E+00  8.39557240E-05  3.70803642E-05  9.17797200E-05
       638  8.02696230E+00  8.06194756E-05  3.92871198E-05  8.96826495E-05
       639  8.03956020E+00  7.71468061E-05  4.12472308E-05  8.74812193E-05
       640  8.05215810E+00  7.35571751E-05  4.29524202E-05  8.51796243E-05
       641  8.06475600E+00  6.98704946E-05  4.43959233E-05  8.27821480E-05
       642  8.07735390E+00  6.61070138E-05  4.55725087E-05  8.02931556E-05
       643  8.08995180E+00  6.22872033E-05  4.64784903E-05  7.77170880E-05
       644  8.10254970E+00  5.84316388E-05  4.71117317E-05  7.50584551E-05
       645  8.11514760E+00  5.45608862E-05  4.74716407E-05  7.23218291E-05
       646  8.12774550E+00  5.06953875E-05  4.75591564E-05  6.95118384E-05
       647  8.14034340E+00  4.68553489E-05  4.73767276E-05  6.66331602E-05
       648  8.15294130E+00  4.30606309E-05  4.69282833E-05  6.36905150E-05
       649  8.16553920E+00  3.93306419E-05  4.62191948E-05  6.06886593E-05
       650  8.17813710E+00  3.56842353E-05  4.52562313E-05  5.76323791E-05
       651  8.19073500E+00  3.21396104E-05  4.40475072E-05  5.45264839E-05
       652  8.20333290E+00  2.87142186E-05  4.26024232E-05  5.13757998E-05
       653  8.21593080E+00  2.54246739E-05  4.09316006E-05  4.81851634E-05
       654  8.22852870E+00  2.22866696E-05  3.90468100E-05  4.49594152E-05
       655  8.24112660E+00  1.93149005E-05  3.69608936E-05  4.17033936E-05
       656  8.25372450E+00  1.65229916E-05  3.46876832E-05  3.84219288E-05
       657  8.26632240E+00  1.39234332E-05  3.22419131E-05  3.51198370E-05
       658  8.27892030E+00  1.15275235E-05  2.96391292E-05  3.18019147E-05
       659  8.29151820E+00  9.34531761E-06  2.68955942E-05  2.84729336E-05
       660  8.30411610E+00  7.38558423E-06  2.40281901E-05  2.51376366E-05
       661  8.31671400E+00  5.65577019E-06  2.10543181E-05  2.18007350E-05
       662  8.32931190E+00  4.16197217E-06  1.79917968E-05  1.84669099E-05
       663  8.34190980E+00  2.90891638E-06  1.48587587E-05  1.51408225E-05
       664  8.35450770E+00  1.89994598E-06  1.16735470E-05  1.18271508E-05
       665  8.36710560E+00  1.13701628E-06  8.45461073E-06  8.53072381E-06
       666  8.37970350E+00  6.20697613E-07  5.22040163E-06  5.25717212E-06
       667  8.39230140E+00  3.50185856E-07  1.98927152E-06  2.01985923E-06
       668  8.40489930E+00  3.23320460E-07 -1.22062876E-06  1.26272352E-06
       669  8.41749720E+00  5.36609772E-07 -4.39144829E-06  4.42411213E-06
       670  8.43009510E+00  9.85263482E-07 -7.50573230E-06  7.57012296E-06
       671  8.44269300E+00  1.66323194E-06 -1.05465154E-05  1.06768595E-05
       672  8.45529090E+00  2.56325203E-06 -1.34974112E-05  1.37386451E-05
       673  8.46788880E+00  3.67689937E-06 -1.63426975E-05  1.67512194E-05
       674  8.48048670E+00  4.99464637E-06 -1.90673977E-05  1.97107115E-05
       675  8.49308460E+00  6.50592587E-06 -2.16573565E-05  2.26134509E-05
       676  8.50568250E+00  8.19919991E-06 -2.40993111E-05  2.54559163E-05
       677  8.51828040E+00  1.00620332E-05 -2.63809560E-05  2.82347189E-05
       678  8.53087830E+00  1.20811710E-05 -2.84910024E-05  3.09465977E-05
       679  8.54347620E+00  1.42426205E-05 -3.04192316E-05  3.35884189E-05
       680  8.55607410E+00  1.65317357E-05 -3.21565411E-05  3.61571766E-05
       681  8.56867200E+00  1.89333055E-05 -3.36949851E-05  3.86499945E-05
       682  8.58126990E+00  2.14316429E-05 -3.50278074E-05  4.10641280E-05
       683  8.59386780E+00  2.40106778E-05 -3.61494681E-05  4.33969664E-05
       684  8.60646570E+00  2.66540490E-05 -3.70556627E-05  4.56460345E-05
       685  8.61906360E+00  2.93451989E-05 -3.77433343E-05  4.78089948E-05
       686  8.63166150E+00  3.20674671E-05 -3.82106794E-05  4.98836493E-05
       687  8.64425940E+00  3.48041839E-05 -3.84571458E-05  5.18679407E-05
       688  8.65685730E+00  3.75387637E-05 -3.84834238E-05  5.37599543E-05
       689  8.66945520E+00  4.02547962E-05 -3.82914315E-05  5.55579189E-05
       690  8.68205310E+00  4.29361365E-05 -3.78842920E-05  5.72602078E-05
       691  8.69465100E+00  4.55669921E-05 -3.72663051E-05  5.88653401E-05
       692  8.70724890E+00  4.81320080E-05 -3.64429124E-05  6.03719807E-05
       693  8.71984680E+00  5.06163481E-05 -3.54206566E-05  6.17789415E-05
       694  8.73244470E+00  5.30057732E-05 -3.42071347E-05  6.30851809E-05
       695  8.74504260E+00  5.52867145E-05 -3.28109460E-05  6.42898046E-05
       696  8.75764050E+00  5.74463437E-05 -3.12416351E-05  6.53920651E-05
       697  8.77023840E+00  5.94726372E-05 -2.95096300E-05  6.63913612E-05
       698  8.78283630E+00  6.13544360E-05 -2.76261758E-05  6.72872381E-05
       699  8.79543420E+00  6.30815003E-05 -2.56032645E-05  6.80793863E-05
       700  8.80803210E+00  6.46445578E-05 -2.34535618E-05  6.87676408E-05
       701  8.82063000E+00  6.60353472E-05 -2.11903296E-05  6.93519801E-05
       702  8.83322790E+00  6.72466546E-05 -1.88273473E-05  6.98325251E-05
       703  8.84582580E+00  6.82723450E-05 -1.63788299E-05  7.02095375E-05
       704  8.85842370E+00  6.91073861E-05 -1.38593448E-05  7.04834183E-05
       705  8.87102160E+00  6.97478673E-05 -1.12837272E-05  7.06547061E-05
       706  8.88361950E+00  7.01910107E-05 -8.66699533E-06  7.07240751E-05
       707  8.89621740E+00  7.04351774E-05 -6.02426437E-06  7.06923332E-05
       708  8.90881530E+00  7.04798657E-05 -3.37066158E-06  7.05604197E-05
       709  8.92141320E+00  7.03257043E-05 -7.21241521E-07  7.03294026E-05
       710  8.93401110E+00  6.99744389E-05  1.90909734E-06  7.00004768E-05
       711  8.94660900E+00  6.94289123E-05  4.50569457E-06  6.95749607E-05
       712  8.95920690E+00  6.86930390E-05  7.05420752E-06  6.90542935E-05
       713  8.97180480E+00  6.77717740E-05  9.54068879E-06  6.84400328E-05
       714  8.98440270E+00  6.66710757E-05  1.19516607E-05  6.77338507E-05
       715  8.99700060E+00  6.53978646E-05  1.42741866E-05  6.69375313E-05
       716  9.00959850E+00  6.39599752E-05  1.64959384E-05  6.60529667E-05
       717  9.02219640E+00  6.23661055E-05  1.86052603E-05  6.50821544E-05
       718  9.03479430E+00  6.06257595E-05  2.05912283E-05  6.40271927E-05
       719  9.04739220E+00  5.87491886E-05  2.24437050E-05  6.28902779E-05
       720  9.05999010E+00  5.67473265E-05  2.41533892E-05  6.16737000E-05
       721  9.07258800E+00  5.46317231E-05  2.57118613E-05  6.03798392E-05
       722  9.08518590E+00  5.24144742E-05  2.71116226E-05  5.90111616E-05
       723  9.09778380E+00  5.01081494E-05  2.83461295E-05  5.75702154E-05
       724  9.11038170E+00  4.77257175E-05  2.94098222E-05  5.60596268E-05
       725  9.12297960E+00  4.52804707E-05  3.02981471E-05  5.44820956E-05
       726  9.13557750E+00  4.27859473E-05  3.10075744E-05  5.28403913E-05
       727  9.14817540E+00  4.02558542E-05  3.15356086E-05  5.11373485E-05
       728  9.16077330E+00  3.77039883E-05  3.18807946E-05  4.93758625E-05
       729  9.17337120E+00  3.51441589E-05  3.20427164E-05  4.75588854E-05
       730  9.18596910E+00  3.25901098E-05  3.20219913E-05  4.56894209E-05
       731  9.19856700E+00  3.00554435E-05  3.18202576E-05  4.37705207E-05
       732  9.21116490E+00  2.75535456E-05  3.14401574E-05  4.18052792E-05
       733  9.22376280E+00  2.50975118E-05  3.08853128E-05  3.97968296E-05
       734  9.23636070E+00  2.27000773E-05  3.01602983E-05  3.77483391E-05
       735  9.24895860E+00  2.03735478E-05  2.92706070E-05  3.56630044E-05
       736  9.26155650E+00  1.81297344E-05  2.82226125E-05  3.35440475E-05
       737  9.27415440E+00  1.59798917E-05  2.70235257E-05  3.13947110E-05
       738  9.28675230E+00  1.39346587E-05  2.56813479E-05  2.92182536E-05
       739  9.29935020E+00  1.20040047E-05  2.42048198E-05  2.70179464E-05
       740  9.31194810E+00  1.01971784E-05  2.26033658E-05  2.47970683E-05
       741  9.32454600E+00  8.52266236E-06  2.08870366E-05  2.25589023E-05
       742  9.33714390E+00  6.98813128E-06  1.90664470E-05  2.03067324E-05
       743  9.34974180E+00  5.60041553E-06  1.71527128E-05  1.80438413E-05
       744  9.36233970E+00  4.36546968E-06  1.51573835E-05  1.57735095E-05
       745  9.37493760E+00  3.28834607E-06  1.30923752E-05  1.34990188E-05
       746  9.38753550E+00  2.37317367E-06  1.09699000E-05  1.12236651E-05
       747  9.40013340E+00  1.62314225E-06  8.80239574E-06  8.95079670E-06
       748  9.41273130E+00  1.04049195E-06  6.60245443E-06  6.68393806E-06
       749  9.42532920E+00  6.26508170E-07  4.38275036E-06  4.42730315E-06
       750  9.43792710E+00  3.81521888E-07  2.15596848E-06  2.18946547E-06
       751  9.45052500E+00  3.04915307E-07 -6.52667399E-08  3.11822212E-07
       752  9.46312290E+00  3.95132719E-07 -2.26846165E-06  2.30261767E-06
       753  9.47572080E+00  6.49696552E-07 -4.44132237E-06  4.48859110E-06
       754  9.48831870E+00  1.06522843E-06 -6.57182218E-06  6.65759404E-06
       755  9.50091660E+00  1.63747512E-06 -8.64826681E-06  8.80192272E-06
       756  9.51351450E+00  2.36133912E-06 -1.06593574E-05  1.09177756E-05
       757  9.52611240E+00  3.23091381E-06 -1.25942510E-05  1.30020753E-05
       758  9.53871030E+00  4.23952275E-06 -1.44426173E-05  1.50520014E-05
       759  9.55130820E+00  5.37976306E-06 -1.61946932E-05  1.70648744E-05
       760  9.56390610E+00  6.64355251E-06 -1.78413327E-05  1.90381182E-05
       761  9.57650400E+00  8.02218002E-06 -1.93740539E-05  2.09692474E-05
       762  9.58910190E+00  9.50635929E-06 -2.07850810E-05  2.28558627E-05
       763  9.60169980E+00  1.10862853E-05 -2.20673827E-05  2.46956495E-05
       764  9.61429770E+00  1.27516931E-05 -2.32147061E-05  2.64863788E-05
       765  9.62689560E+00  1.44919192E-05 -2.42216057E-05  2.82259084E-05
       766  9.63949350E+00  1.62959639E-05 -2.50834676E-05  2.99121845E-05
       767  9.65209140E+00  1.81525558E-05 -2.57965294E-05  3.15432435E-05
       768  9.66468930E+00  2.00502172E-05 -2.63578949E-05  3.31172135E-05
       769  9.67728720E+00  2.19773295E-05 -2.67655433E-05  3.46323161E-05
       770  9.68988510E+00  2.39222002E-05 -2.70183346E-05  3.60868683E-05
       771  9.70248300E+00  2.58731281E-05 -2.71160089E-05  3.74792835E-05
       772  9.71508090E+00  2.78184698E-05 -2.70591814E-05  3.88080734E-05
       773  9.72767880E+00  2.97467042E-05 -2.68493326E-05  4.00718489E-05
       774  9.74027670E+00  3.16464961E-05 -2.64887931E-05  4.12693213E-05
       775  9.75287460E+00  3.35067587E-05 -2.59807246E-05  4.23993035E-05
       776  9.76547250E+00  3.53167139E-05 -2.53290958E-05  4.34607107E-05
       777  9.77807040E+00  3.70659501E-05 -2.45386541E-05  4.44525612E-05
       778  9.79066830E+00  3.87444783E-05 -2.36148932E-05  4.53739769E-05
       779  9.80326620E+00  4.03427851E-05 -2.25640170E-05  4.62241839E-05
       780  9.81586410E+00  4.18518822E-05 -2.13928992E-05  4.70025124E-05
       781  9.82846200E+00  4.32633530E-05 -2.01090399E-05  4.77083976E-05
       782  9.84105990E+00  4.45693961E-05 -1.87205191E-05  4.83413788E-05
       783  9.85365780E+00  4.57628641E-05 -1.72359467E-05  4.89011001E-05
       784  9.86625570E+00  4.68372990E-05 -1.56644107E-05  4.93873095E-05
       785  9.87885360E+00  4.77869638E-05 -1.40154226E-05  4.97998592E-05
       786  9.89145150E+00  4.86068687E-05 -1.22988604E-05  5.01387041E-05
       787  9.90404940E+00  4.92927945E-05 -1.05249115E-05  5.04039021E-05
       788  9.91664730E+00  4.98413102E-05 -8.70401206E-06  5.05956127E-05
       789  9.92924520E+00  5.02497867E-05 -6.84678758E-06  5.07140963E-05
       790  9.94184310E+00  5.05164056E-05 -4.96399131E-06  5.07597128E-05
       791  9.95444100E+00  5.06401638E-05 -3.06644309E-06  5.07329209E-05
       792  9.96703890E+00  5.06208733E-05 -1.16496811E-06  5.06342766E-05
       793  9.97963680E+00  5.04591560E-05  7.29663937E-07  5.04644314E-05
       794  9.99223470E+00  5.01564349E-05  2.60679900E-06  5.02241313E-05
       795  1.00048326E+01  4.97149200E-05  4.45595764E-06  4.99142147E-05
       796  1.00174305E+01  4.91375904E-05  6.26689269E-06  4.95356107E-05
       797  1.00300284E+01  4.84281721E-05  8.02964520E-06  4.90893375E-05
       798  1.00426263E+01  4.75911118E-05  9.73459829E-06  4.85764997E-05
       799  1.00552242E+01  4.66315467E-05  1.13725288E-05  4.79982871E-05
       800  1.00678221E+01  4.55552708E-05  1.29346564E-05  4.73559715E-05
       801  1.00804200E+01  4.43686978E-05  1.44126898E-05  4.66509053E-05
       802  1.00930179E+01  4.30788203E-05  1.57988696E-05  4.58845185E-05
       803  1.01056158E+01  4.16931669E-05  1.70860087E-05  4.50583162E-05
       804  1.01182137E+01  4.02197560E-05  1.82675284E-05  4.41738765E-05
       805  1.01308116E+01  3.86670470E-05  1.93374910E-05  4.32328473E-05
       806  1.01434095E+01  3.70438902E-05  2.02906291E-05  4.22369439E-05
       807  1.01560074E+01  3.53594738E-05  2.11223702E-05  4.11879462E-05
       808  1.01686053E+01  3.36232701E-05  2.18288576E-05  4.00876953E-05
       809  1.01812032E+01  3.18449803E-05  2.24069674E-05  3.89380914E-05
       810  1.01938011E+01  3.00344785E-05  2.28543209E-05  3.77410901E-05
       811  1.02063990E+01  2.82017545E-05  2.31692925E-05  3.64986996E-05
       812  1.02189969E+01  2.63568576E-05  2.33510143E-05  3.52129779E-05
       813  1.02315948E+01  2.45098388E-05  2.33993751E-05  3.38860289E-05
       814  1.02441927E+01  2.26706949E-05  2.33150164E-05  3.25200000E-05
       815  1.02567906E+01  2.08493125E-05  2.30993234E-05  3.11170785E-05
       816  1.02693885E+01  1.90554128E-05  2.27544121E-05  2.96794883E-05
       817  1.02819864E+01  1.72984985E-05  2.22831126E-05  2.82094870E-05
       818  1.02945843E+01  1.55878018E-05  2.16889481E-05  2.67093623E-05
       819  1.03071822E+01  1.39322338E-05  2.09761108E-05  2.51814289E-05
       820  1.03197801E+01  1.23403372E-05  2.01494332E-05  2.36280253E-05
       821  1.03323780E+01  1.08202401E-05  1.92143573E-05  2.20515107E-05
       822  1.03449759E+01  9.37961368E-06  1.81768994E-05  2.04542617E-05
       823  1.03575738E+01  8.02563160E-06  1.70436123E-05  1.88386699E-05
       824  1.03701717E+01  6.76493325E-06  1.58215456E-05  1.72071388E-05
       825  1.03827696E+01  5.60358983E-06  1.45182018E-05  1.55620822E-05
       826  1.03953675E+01  4.54707407E-06  1.31414917E-05  1.39059227E-05
       827  1.04079654E+01  3.60023334E-06  1.16996869E-05  1.22410929E-05
       828  1.04205633E+01  2.76726659E-06  1.02013710E-05  1.05700395E-05
       829  1.04331612E+01  2.05170496E-06  8.65538922E-06  8.89523781E-06
       830  1.04457591E+01  1.45639636E-06  7.07079675E-06  7.21922828E-06
       831  1.04583570E+01  9.83493924E-07  5.45680668E-06  5.54472717E-06
       832  1.04709549E+01  6.34448482E-07  3.82273695E-06  3.87502808E-06
       833  1.04835528E+01  4.10004991E-07  2.17795729E-06  2.21621345E-06
       834  1.04961507E+01  3.10202971E-07  5.31836166E-07  6.15691149E-07
       835  1.05087486E+01  3.34380895E-07 -1.10631196E-06  1.15574077E-06
       836  1.05213465E+01  4.81184481E-07 -2.72727864E-06  2.76940197E-06
       837  1.05339444E+01  7.48578821E-07 -4.32201259E-06  4.38636103E-06
       838  1.05465423E+01  1.13386426E-06 -5.88166960E-06  5.98996540E-06
       839  1.05591402E+01  1.63369588E-06 -7.39766095E-06  7.57590587E-06
       840  1.05717381E+01  2.24410654E-06 -8.86170006E-06  9.14142998E-06
       841  1.05843360E+01  2.96053315E-06 -1.02658472E-05  1.06842115E-05
       842  1.05969339E+01  3.77784628E-06 -1.16025520E-05  1.22021037E-05
       843  1.06095318E+01  4.69038258E-06 -1.28646931E-05  1.36930646E-05
       844  1.06221297E+01  5.69198015E-06 -1.40456161E-05  1.51551301E-05
       845  1.06347276E+01  6.77601639E-06 -1.51391672E-05  1.65864035E-05
       846  1.06473255E+01  7.93544820E-06 -1.61397254E-05  1.79850514E-05
       847  1.06599234E+01  9.16285432E-06 -1.70422302E-05  1.93493026E-05
       848  1.06725213E+01  1.04504795E-05 -1.78422067E-05  2.06774482E-05
       849  1.06851192E+01  1.17902804E-05 -1.85357871E-05  2.19678427E-05
       850  1.06977171E+01  1.31739723E-05 -1.91197284E-05  2.32189052E-05
       851  1.07103150E+01  1.45930779E-05 -1.95914269E-05  2.44291205E-05
       852  1.07229129E+01  1.60389755E-05 -1.99489288E-05  2.55970407E-05
       853  1.07355108E+01  1.75029491E-05 -2.01909368E-05  2.67212866E-05
       854  1.07481087E+01  1.89762377E-05 -2.03168136E-05  2.78005488E-05
       855  1.07607066E+01  2.04500849E-05 -2.03265812E-05  2.88335894E-05
       856  1.07733045E+01  2.19157884E-05 -2.02209165E-05  2.98192429E-05
       857  1.07859024E+01  2.33647483E-05 -2.00011437E-05  3.07564174E-05
       858  1.07985003E+01  2.47885152E-05 -1.96692221E-05  3.16440955E-05
       859  1.08110982E+01  2.61788365E-05 -1.92277321E-05  3.24813355E-05
       860  1.08236961E+01  2.75277019E-05 -1.86798558E-05  3.32672719E-05
       861  1.08362940E+01  2.88273869E-05 -1.80293559E-05  3.40011163E-05
       862  1.08488919E+01  3.00704945E-05 -1.72805510E-05  3.46821580E-05
       863  1.08614898E+01  3.12499948E-05 -1.64382872E-05  3.53097644E-05
       864  1.08740877E+01  3.23592622E-05 -1.55079081E-05  3.58833814E-05
       865  1.08866856E+01  3.33921103E-05 -1.44952214E-05  3.64025339E-05
       866  1.08992835E+01  3.43428241E-05 -1.34064634E-05  3.68668256E-05
       867  1.09118814E+01  3.52061892E-05 -1.22482612E-05  3.72759394E-05
       868  1.09244793E+01  3.59775179E-05 -1.10275929E-05  3.76296373E-05
       869  1.09370772E+01  3.66526727E-05 -9.75174623E-06  3.79277599E-05
       870  1.09496751E+01  3.72280858E-05 -8.42827553E-06  3.81702267E-05
       871  1.09622730E+01  3.77007762E-05 -7.06495764E-06  3.83570352E-05
       872  1.09748709E+01  3.80683622E-05 -5.66974670E-06  3.84882609E-05
       873  1.09874688E+01  3.83290720E-05 -4.25072822E-06  3.85640565E-05
       874  1.10000667E+01  3.84817493E-05 -2.81607280E-06  3.85846510E-05
       875  1.10126646E+01  3.85258561E-05 -1.37398952E-06  3.85503494E-05
       876  1.10252625E+01  3.84614725E-05  6.73204756E-08  3.84615314E-05
       877  1.10378604E+01  3.82892919E-05  1.49971020E-06  3.83186508E-05
       878  1.10504583E+01  3.80106136E-05  2.91513234E-06  3.81222342E-05
       879  1.10630562E+01  3.76273318E-05  4.30568402E-06  3.78728797E-05
       880  1.10756541E+01  3.71419216E-05  5.66365046E-06  3.75712560E-05
       881  1.10882520E+01  3.65574209E-05  6.98154731E-06  3.72181008E-05
       882  1.11008499E+01  3.58774106E-05  8.25216141E-06  3.68142195E-05
       883  1.11134478E+01  3.51059906E-05  9.46858984E-06  3.63604836E-05
       884  1.11260457E+01  3.42477541E-05  1.06242770E-05  3.58578293E-05
       885  1.11386436E+01  3.33077582E-05  1.17130492E-05  3.53072553E-05
       886  1.11512415E+01  3.22914931E-05  1.27291478E-05  3.47098218E-05
       887  1.11638394E+01  3.12048483E-05  1.36672585E-05  3.40666481E-05
       888  1.11764373E+01  3.00540772E-05  1.45225389E-05  3.33789108E-05
       889  1.11890352E+01  2.88457594E-05  1.52906431E-05  3.26478423E-05
       890  1.12016331E+01  2.75867623E-05  1.59677433E-05  3.18747279E-05
       891  1.12142310E+01  2.62841997E-05  1.65505480E-05  3.10609046E-05
       892  1.12268289E+01  2.49453913E-05  1.70363177E-05  3.02077584E-05
       893  1.12394268E+01  2.35778194E-05  1.74228769E-05  2.93167223E-05
       894  1.12520247E+01  2.21890864E-05  1.77086231E-05  2.83892742E-05
       895  1.12646226E+01  2.07868707E-05  1.78925324E-05  2.74269340E-05
       896  1.12772205E+01  1.93788833E-05  1.79741622E-05  2.64312623E-05
       897  1.12898184E+01  1.79728239E-05  1.79536498E-05  2.54038568E-05
       898  1.13024163E+01  1.65763380E-05  1.78317086E-05  2.43463511E-05
       899  1.13150142E+01  1.51969735E-05  1.76096206E-05  2.32604115E-05
       900  1.13276121E+01  1.38421392E-05  1.72892258E-05  2.21477346E-05
       901  1.13402100E+01  1.25190635E-05  1.68729088E-05  2.10100453E-05
       902  1.13528079E+01  1.12347550E-05  1.63635820E-05  1.98490941E-05
       903  1.13654058E+01  9.99596400E-06  1.57646661E-05  1.86666546E-05
       904  1.13780037E+01  8.80914601E-06  1.50800680E-05  1.74645213E-05
       905  1.13906016E+01  7.68042712E-06  1.43141561E-05  1.62445075E-05
       906  1.14031995E+01  6.61557125E-06  1.34717325E-05  1.50084430E-05
       907  1.14157974E+01  5.61994979E-06  1.25580042E-05  1.37581723E-05
       908  1.14283953E+01  4.69851356E-06  1.15785506E-05  1.24955538E-05
       909  1.14409932E+01  3.85576724E-06  1.05392906E-05  1.12224591E-05
       910  1.14535911E+01  3.09574658E-06  9.44644688E-06  9.94077490E-06
       911  1.14661890E+01  2.42199831E-06  8.30650911E-06  8.65240830E-06
       912  1.14787869E+01  1.83756286E-06  7.12619601E-06  7.35930070E-06
       913  1.14913848E+01  1.34496016E-06  5.91241606E-06  6.06346283E-06
       914  1.15039827E+01  9.46178365E-07  4.67222743E-06  4.76707066E-06
       915  1.15165806E+01  6.42665621E-07  3.41279743E-06  3.47278064E-06
       916  1.15291785E+01  4.35324982E-07  2.14136136E-06  2.18516276E-06
       917  1.15417764E+01  3.24512381E-07  8.65181416E-07  9.24038510E-07
       918  1.15543743E+01  3.10037704E-07 -4.08494449E-07  5.12826572E-07
       919  1.15669722E+01  3.91168934E-07 -1.67247333E-06  1.71760885E-06
       920  1.15795701E+01  5.66639316E-07 -2.91965760E-06  2.97413527E-06
       921  1.15921680E+01  8.34657504E-07 -4.14308442E-06  4.22632247E-06
       922  1.16047659E+01  1.19292059E-06 -5.33596424E-06  5.46768451E-06
       923  1.16173638E+01  1.63862997E-06 -6.49171815E-06  6.69533515E-06
       924  1.16299617E+01  2.16850984E-06 -7.60401376E-06  7.90717776E-06
       925  1.16425596E+01  2.77882840E-06 -8.66679956E-06  9.10139011E-06
       926  1.16551575E+01  3.46542138E-06 -9.67433752E-06  1.02762810E-05
       927  1.16677554E+01  4.22371795E-06 -1.06212336E-05  1.14302405E-05
       928  1.16803533E+01  5.04876873E-06 -1.15024665E-05  1.25617197E-05
       929  1.16929512E+01  5.93527583E-06 -1.23134136E-05  1.36692229E-05
       930  1.17055491E+01  6.87762465E-06 -1.30498751E-05  1.47513037E-05
       931  1.17181470E+01  7.86991726E-06 -1.37080952E-05  1.58065642E-05
       932  1.17307449E+01  8.90600726E-06 -1.42847809E-05  1.68336547E-05
       933  1.17433428E+01  9.97953581E-06 -1.47771181E-05  1.78312746E-05
       934  1.17559407E+01  1.10839687E-05 -1.51827845E-05  1.87981730E-05
       935  1.17685386E+01  1.22126339E-05 -1.54999608E-05  1.97331501E-05
       936  1.17811365E+01  1.33587606E-05 -1.57273370E-05  2.06350579E-05
       937  1.17937344E+01  1.45155170E-05 -1.58641183E-05  2.15028018E-05
       938  1.18063323E+01  1.56760501E-05 -1.59100257E-05  2.23353412E-05
       939  1.18189302E+01  1.68335239E-05 -1.58652954E-05  2.31316909E-05
       940  1.18315281E+01  1.79811580E-05 -1.57306744E-05  2.38909221E-05
       941  1.18441260E+01  1.91122656E-05 -1.55074136E-05  2.46121631E-05
       942  1.18567239E+01  2.02202907E-05 -1.51972580E-05  2.52946003E-05
       943  1.18693218E+01  2.12988443E-05 -1.48024341E-05  2.59374792E-05
       944  1.18819197E+01  2.23417398E-05 -1.43256348E-05  2.65401045E-05
       945  1.18945176E+01  2.33430263E-05 -1.37700017E-05  2.71018417E-05
       946  1.19071155E+01  2.42970214E-05 -1.31391048E-05  2.76221166E-05
       947  1.19197134E+01  2.51983416E-05 -1.24369205E-05  2.81004165E-05
       948  1.19323113E+01  2.60419310E-05 -1.16678062E-05  2.85362904E-05
       949  1.19449092E+01  2.68230882E-05 -1.08364744E-05  2.89293491E-05
       950  1.19575071E+01  2.75374909E-05 -9.94796388E-06  2.92792655E-05
       951  1.19701050E+01  2.81812181E-05 -9.00760952E-06  2.95857750E-05
       952  1.19827029E+01  2.87507702E-05 -8.02101067E-06  2.98486750E-05
       953  1.19953008E+01  2.92430866E-05 -6.99399810E-06  3.00678254E-05
       954  1.20078987E+01  2.96555604E-05 -5.93259992E-06  3.02431481E-05
       955  1.20204966E+01  2.99860510E-05 -4.84300645E-06  3.03746270E-05
       956  1.20330945E+01  3.02328931E-05 -3.73153447E-06  3.04623075E-05
       957  1.20456924E+01  3.03949045E-05 -2.60459086E-06  3.05062962E-05
       958  1.20582903E+01  3.04713891E-05 -1.46863602E-06  3.05067607E-05
       959  1.20708882E+01  3.04621394E-05 -3.30147056E-07  3.04639284E-05
       960  1.20834861E+01  3.03674341E-05  8.04418799E-07  3.03780866E-05
       961  1.20960840E+01  3.01880346E-05  1.92866056E-06  3.02495812E-05
       962  1.21086819E+01  2.99251778E-05  3.03626932E-06  3.00788164E-05
       963  1.21212798E+01  2.95805669E-05  4.12106334E-06  2.98662535E-05
       964  1.21338777E+01  2.91563589E-05  5.17702233E-06  2.96124100E-05
       965  1.21464756E+01  2.86551508E-05  6.19832054E-06  2.93178588E-05
       966  1.21590735E+01  2.80799616E-05  7.17935861E-06  2.89832268E-05
       967  1.21716714E+01  2.74342141E-05  8.11479407E-06  2.86091941E-05
       968  1.21842693E+01  2.67217126E-05  8.99957006E-06  2.81964924E-05
       969  1.21968672E+01  2.59466201E-05  9.82894246E-06  2.77459043E-05
       970  1.22094651E+01  2.51134324E-05  1.05985050E-05  2.72582610E-05
       971  1.22220630E+01  2.42269514E-05  1.13042124E-05  2.67344421E-05
       972  1.22346609E+01  2.32922563E-05  1.19424013E-05  2.61753730E-05
       973  1.22472588E+01  2.23146731E-05  1.25098090E-05  2.55820241E-05
       974  1.22598567E+01  2.12997439E-05  1.30035899E-05  2.49554090E-05
       975  1.22724546E+01  2.02531940E-05  1.34213291E-05  2.42965829E-05
       976  1.22850525E+01  1.91808989E-05  1.37610543E-05  2.36066409E-05
       977  1.22976504E+01  1.80888501E-05  1.40212441E-05  2.28867163E-05
       978  1.23102483E+01  1.69831210E-05  1.42008346E-05  2.21379788E-05
       979  1.23228462E+01  1.58698320E-05  1.42992233E-05  2.13616327E-05
       980  1.23354441E+01  1.47551155E-05  1.43162694E-05  2.05589154E-05
       981  1.23480420E+01  1.36450816E-05  1.42522931E-05  1.97310950E-05
       982  1.23606399E+01  1.25457836E-05  1.41080707E-05  1.88794689E-05
       983  1.23732378E+01  1.14631839E-05  1.38848284E-05  1.80053616E-05
       984  1.23858357E+01  1.04031210E-05  1.35842329E-05  1.71101230E-05
       985  1.23984336E+01  9.37127717E-06  1.32083795E-05  1.61951266E-05
       986  1.24110315E+01  8.37314694E-06  1.27597788E-05  1.52617674E-05
       987  1.24236294E+01  7.41400730E-06  1.22413394E-05  1.43114602E-05
       988  1.24362273E+01  6.49888882E-06  1.16563505E-05  1.33456383E-05
       989  1.24488252E+01  5.63254855E-06  1.10084606E-05  1.23657514E-05
       990  1.24614231E+01  4.81944453E-06  1.03016557E-05  1.13732649E-05
       991  1.24740210E+01  4.06371211E-06  9.54023444E-06  1.03696591E-05
       992  1.24866189E+01  3.36914223E-06  8.72878297E-06  9.35642942E-06
       993  1.24992168E+01  2.73916172E-06  7.87214704E-06  8.33508884E-06
       994  1.25118147E+01  2.17681581E-06  6.97540363E-06  7.30717339E-06
       995  1.25244126E+01  1.68475279E-06  6.04383101E-06  6.27425575E-06
       996  1.25370105E+01  1.26521110E-06  5.08287795E-06  5.23797742E-06
       997  1.25496084E+01  9.20008665E-07  4.09813214E-06  4.20013130E-06
       998  1.25622063E+01  6.50534776E-07  3.09528786E-06  3.16291044E-06
       999  1.25748042E+01  4.57744349E-07  2.08011338E-06  2.12988300E-06
      1000  1.25874021E+01  3.42154701E-07  1.05841796E-06  1.11234815E-06
      1001  1.26000000E+01  3.03844790E-07  3.60188392E-08  3.05972243E-07
