  0.00200   -0.27049D+02    0.25553D-04   -0.22804D-05
  0.00200   -0.28557D+02    0.20012D-04    0.24670D-03
  0.00200   -0.30002D+02   -0.59515D-07   -0.18397D-08
  0.00400   -0.15018D+02    0.25414D-04   -0.24230D-05
  0.00400   -0.16499D+02    0.21586D-04    0.24763D-03
  0.00400   -0.17893D+02   -0.59998D-07   -0.14903D-08
  0.00600   -0.10264D+02    0.25275D-04   -0.25641D-05
  0.00600   -0.11726D+02    0.23172D-04    0.24856D-03
  0.00600   -0.13081D+02   -0.60475D-07   -0.11350D-08
  0.00800   -0.76440D+01    0.25136D-04   -0.27036D-05
  0.00800   -0.90890D+01    0.24771D-04    0.24947D-03
  0.00800   -0.10412D+02   -0.60946D-07   -0.77389D-09
  0.01000   -0.59628D+01    0.24995D-04   -0.28415D-05
  0.01000   -0.73931D+01    0.26380D-04    0.25037D-03
  0.01000   -0.86883D+01   -0.61410D-07   -0.40700D-09
  0.01200   -0.47843D+01    0.24855D-04   -0.29779D-05
  0.01200   -0.62014D+01    0.28002D-04    0.25126D-03
  0.01200   -0.74717D+01   -0.61868D-07   -0.34447D-10
  0.01400   -0.39085D+01    0.24713D-04   -0.31127D-05
  0.01400   -0.53135D+01    0.29635D-04    0.25214D-03
  0.01400   -0.65614D+01   -0.62321D-07    0.34370D-09
  0.01600   -0.32302D+01    0.24571D-04   -0.32459D-05
  0.01600   -0.46240D+01    0.31279D-04    0.25301D-03
  0.01600   -0.58512D+01   -0.62767D-07    0.72735D-09
  0.01800   -0.26884D+01    0.24429D-04   -0.33776D-05
  0.01800   -0.40717D+01    0.32935D-04    0.25386D-03
  0.01800   -0.52798D+01   -0.63207D-07    0.11164D-08
  0.02000   -0.22451D+01    0.24286D-04   -0.35077D-05
  0.02000   -0.36185D+01    0.34602D-04    0.25471D-03
  0.02000   -0.48088D+01   -0.63641D-07    0.15109D-08
  0.02200   -0.18753D+01    0.24143D-04   -0.36362D-05
  0.02200   -0.32393D+01    0.36281D-04    0.25554D-03
  0.02200   -0.44129D+01   -0.64069D-07    0.19106D-08
  0.02400   -0.15619D+01    0.23999D-04   -0.37631D-05
  0.02400   -0.29170D+01    0.37970D-04    0.25636D-03
  0.02400   -0.40748D+01   -0.64491D-07    0.23155D-08
  0.02600   -0.12929D+01    0.23854D-04   -0.38885D-05
  0.02600   -0.26395D+01    0.39671D-04    0.25717D-03
  0.02600   -0.37824D+01   -0.64907D-07    0.27255D-08
  0.02800   -0.10593D+01    0.23710D-04   -0.40124D-05
  0.02800   -0.23977D+01    0.41382D-04    0.25796D-03
  0.02800   -0.35264D+01   -0.65317D-07    0.31405D-08
  0.03000   -0.85452D+00    0.23564D-04   -0.41346D-05
  0.03000   -0.21851D+01    0.43105D-04    0.25874D-03
  0.03000   -0.33004D+01   -0.65721D-07    0.35605D-08
  0.03200   -0.67356D+00    0.23419D-04   -0.42553D-05
  0.03200   -0.19966D+01    0.44838D-04    0.25952D-03
  0.03200   -0.30990D+01   -0.66119D-07    0.39854D-08
  0.03400   -0.51248D+00    0.23273D-04   -0.43744D-05
  0.03400   -0.18282D+01    0.46582D-04    0.26027D-03
  0.03400   -0.29183D+01   -0.66510D-07    0.44151D-08
  0.03600   -0.36815D+00    0.23126D-04   -0.44920D-05
  0.03600   -0.16768D+01    0.48336D-04    0.26102D-03
  0.03600   -0.27551D+01   -0.66896D-07    0.48496D-08
  0.03800   -0.23811D+00    0.22979D-04   -0.46080D-05
  0.03800   -0.15399D+01    0.50101D-04    0.26175D-03
  0.03800   -0.26068D+01   -0.67276D-07    0.52887D-08
  0.04000   -0.12033D+00    0.22832D-04   -0.47224D-05
  0.04000   -0.14155D+01    0.51876D-04    0.26247D-03
  0.04000   -0.24715D+01   -0.67649D-07    0.57325D-08
  0.04200   -0.13177D-01    0.22684D-04   -0.48353D-05
  0.04200   -0.13019D+01    0.53661D-04    0.26318D-03
  0.04200   -0.23473D+01   -0.68017D-07    0.61807D-08
  0.04400    0.84723D-01    0.22536D-04   -0.49466D-05
  0.04400   -0.11977D+01    0.55456D-04    0.26387D-03
  0.04400   -0.22330D+01   -0.68378D-07    0.66334D-08
  0.04600    0.17451D+00    0.22388D-04   -0.50563D-05
  0.04600   -0.11018D+01    0.57262D-04    0.26455D-03
  0.04600   -0.21273D+01   -0.68734D-07    0.70905D-08
  0.04800    0.25713D+00    0.22240D-04   -0.51645D-05
  0.04800   -0.10132D+01    0.59077D-04    0.26521D-03
  0.04800   -0.20292D+01   -0.69083D-07    0.75519D-08
  0.05000    0.33341D+00    0.22091D-04   -0.52711D-05
  0.05000   -0.93111D+00    0.60903D-04    0.26587D-03
  0.05000   -0.19380D+01   -0.69427D-07    0.80175D-08
  0.05200    0.40404D+00    0.21942D-04   -0.53762D-05
  0.05200   -0.85480D+00    0.62738D-04    0.26651D-03
  0.05200   -0.18528D+01   -0.69764D-07    0.84874D-08
  0.05400    0.46961D+00    0.21792D-04   -0.54797D-05
  0.05400   -0.78367D+00    0.64583D-04    0.26713D-03
  0.05400   -0.17730D+01   -0.70095D-07    0.89613D-08
  0.05600    0.53064D+00    0.21643D-04   -0.55816D-05
  0.05600   -0.71721D+00    0.66437D-04    0.26775D-03
  0.05600   -0.16982D+01   -0.70420D-07    0.94392D-08
  0.05800    0.58757D+00    0.21493D-04   -0.56820D-05
  0.05800   -0.65496D+00    0.68300D-04    0.26834D-03
  0.05800   -0.16278D+01   -0.70739D-07    0.99211D-08
  0.06000    0.64080D+00    0.21342D-04   -0.57809D-05
  0.06000   -0.59652D+00    0.70173D-04    0.26893D-03
  0.06000   -0.15614D+01   -0.71052D-07    0.10407D-07
  0.06200    0.69066D+00    0.21192D-04   -0.58782D-05
  0.06200   -0.54155D+00    0.72056D-04    0.26950D-03
  0.06200   -0.14988D+01   -0.71359D-07    0.10897D-07
  0.06400    0.73747D+00    0.21041D-04   -0.59740D-05
  0.06400   -0.48975D+00    0.73947D-04    0.27005D-03
  0.06400   -0.14395D+01   -0.71660D-07    0.11390D-07
  0.06600    0.78147D+00    0.20891D-04   -0.60682D-05
  0.06600   -0.44083D+00    0.75847D-04    0.27060D-03
  0.06600   -0.13833D+01   -0.71955D-07    0.11887D-07
  0.06800    0.82292D+00    0.20740D-04   -0.61609D-05
  0.06800   -0.39457D+00    0.77756D-04    0.27112D-03
  0.06800   -0.13299D+01   -0.72243D-07    0.12388D-07
  0.07000    0.86201D+00    0.20589D-04   -0.62520D-05
  0.07000   -0.35074D+00    0.79674D-04    0.27164D-03
  0.07000   -0.12791D+01   -0.72526D-07    0.12892D-07
  0.07200    0.89895D+00    0.20437D-04   -0.63416D-05
  0.07200   -0.30916D+00    0.81601D-04    0.27214D-03
  0.07200   -0.12308D+01   -0.72802D-07    0.13400D-07
  0.07400    0.93389D+00    0.20286D-04   -0.64297D-05
  0.07400   -0.26965D+00    0.83536D-04    0.27262D-03
  0.07400   -0.11846D+01   -0.73072D-07    0.13911D-07
  0.07600    0.96699D+00    0.20134D-04   -0.65162D-05
  0.07600   -0.23206D+00    0.85479D-04    0.27309D-03
  0.07600   -0.11406D+01   -0.73336D-07    0.14426D-07
  0.07800    0.99838D+00    0.19983D-04   -0.66013D-05
  0.07800   -0.19625D+00    0.87431D-04    0.27355D-03
  0.07800   -0.10985D+01   -0.73594D-07    0.14944D-07
  0.08000    0.10282D+01    0.19831D-04   -0.66848D-05
  0.08000   -0.16210D+00    0.89391D-04    0.27399D-03
  0.08000   -0.10582D+01   -0.73846D-07    0.15465D-07
  0.08200    0.10565D+01    0.19679D-04   -0.67667D-05
  0.08200   -0.12948D+00    0.91359D-04    0.27441D-03
  0.08200   -0.10195D+01   -0.74092D-07    0.15989D-07
  0.08400    0.10835D+01    0.19527D-04   -0.68472D-05
  0.08400   -0.98299D-01    0.93335D-04    0.27482D-03
  0.08400   -0.98242D+00   -0.74331D-07    0.16516D-07
  0.08600    0.11092D+01    0.19375D-04   -0.69262D-05
  0.08600   -0.68458D-01    0.95318D-04    0.27522D-03
  0.08600   -0.94681D+00   -0.74564D-07    0.17047D-07
  0.08800    0.11337D+01    0.19223D-04   -0.70036D-05
  0.08800   -0.39870D-01    0.97310D-04    0.27560D-03
  0.08800   -0.91257D+00   -0.74791D-07    0.17580D-07
  0.09000    0.11571D+01    0.19071D-04   -0.70795D-05
  0.09000   -0.12457D-01    0.99309D-04    0.27596D-03
  0.09000   -0.87961D+00   -0.75012D-07    0.18116D-07
  0.09200    0.11794D+01    0.18919D-04   -0.71540D-05
  0.09200    0.13853D-01    0.10132D-03    0.27631D-03
  0.09200   -0.84788D+00   -0.75227D-07    0.18656D-07
  0.09400    0.12008D+01    0.18767D-04   -0.72269D-05
  0.09400    0.39129D-01    0.10333D-03    0.27664D-03
  0.09400   -0.81728D+00   -0.75436D-07    0.19197D-07
  0.09600    0.12212D+01    0.18615D-04   -0.72983D-05
  0.09600    0.63430D-01    0.10535D-03    0.27696D-03
  0.09600   -0.78777D+00   -0.75638D-07    0.19742D-07
  0.09800    0.12408D+01    0.18463D-04   -0.73683D-05
  0.09800    0.86813D-01    0.10738D-03    0.27727D-03
  0.09800   -0.75927D+00   -0.75834D-07    0.20289D-07
  0.10000    0.12596D+01    0.18311D-04   -0.74367D-05
  0.10000    0.10933D+00    0.10941D-03    0.27755D-03
  0.10000   -0.73174D+00   -0.76024D-07    0.20839D-07
  0.10200    0.12776D+01    0.18159D-04   -0.75037D-05
  0.10200    0.13103D+00    0.11146D-03    0.27782D-03
  0.10200   -0.70511D+00   -0.76208D-07    0.21391D-07
  0.10400    0.12949D+01    0.18007D-04   -0.75692D-05
  0.10400    0.15196D+00    0.11350D-03    0.27808D-03
  0.10400   -0.67935D+00   -0.76386D-07    0.21946D-07
  0.10600    0.13115D+01    0.17855D-04   -0.76333D-05
  0.10600    0.17216D+00    0.11556D-03    0.27832D-03
  0.10600   -0.65441D+00   -0.76557D-07    0.22503D-07
  0.10800    0.13274D+01    0.17703D-04   -0.76958D-05
  0.10800    0.19167D+00    0.11762D-03    0.27854D-03
  0.10800   -0.63025D+00   -0.76722D-07    0.23063D-07
  0.11000    0.13427D+01    0.17551D-04   -0.77569D-05
  0.11000    0.21052D+00    0.11969D-03    0.27875D-03
  0.11000   -0.60682D+00   -0.76881D-07    0.23625D-07
  0.11200    0.13575D+01    0.17400D-04   -0.78166D-05
  0.11200    0.22874D+00    0.12176D-03    0.27894D-03
  0.11200   -0.58410D+00   -0.77033D-07    0.24189D-07
  0.11400    0.13717D+01    0.17248D-04   -0.78748D-05
  0.11400    0.24638D+00    0.12384D-03    0.27912D-03
  0.11400   -0.56204D+00   -0.77180D-07    0.24755D-07
  0.11600    0.13854D+01    0.17097D-04   -0.79315D-05
  0.11600    0.26345D+00    0.12593D-03    0.27928D-03
  0.11600   -0.54063D+00   -0.77320D-07    0.25323D-07
  0.11800    0.13986D+01    0.16945D-04   -0.79868D-05
  0.11800    0.27999D+00    0.12802D-03    0.27942D-03
  0.11800   -0.51982D+00   -0.77454D-07    0.25893D-07
  0.12000    0.14113D+01    0.16794D-04   -0.80406D-05
  0.12000    0.29601D+00    0.13012D-03    0.27955D-03
  0.12000   -0.49959D+00   -0.77582D-07    0.26465D-07
  0.12200    0.14235D+01    0.16643D-04   -0.80931D-05
  0.12200    0.31155D+00    0.13222D-03    0.27966D-03
  0.12200   -0.47992D+00   -0.77703D-07    0.27039D-07
  0.12400    0.14354D+01    0.16493D-04   -0.81441D-05
  0.12400    0.32663D+00    0.13433D-03    0.27975D-03
  0.12400   -0.46078D+00   -0.77818D-07    0.27615D-07
  0.12600    0.14468D+01    0.16342D-04   -0.81936D-05
  0.12600    0.34126D+00    0.13645D-03    0.27983D-03
  0.12600   -0.44214D+00   -0.77927D-07    0.28193D-07
  0.12800    0.14579D+01    0.16192D-04   -0.82418D-05
  0.12800    0.35548D+00    0.13857D-03    0.27989D-03
  0.12800   -0.42399D+00   -0.78030D-07    0.28772D-07
  0.13000    0.14685D+01    0.16042D-04   -0.82885D-05
  0.13000    0.36928D+00    0.14069D-03    0.27993D-03
  0.13000   -0.40631D+00   -0.78127D-07    0.29353D-07
  0.13200    0.14789D+01    0.15892D-04   -0.83339D-05
  0.13200    0.38270D+00    0.14282D-03    0.27996D-03
  0.13200   -0.38907D+00   -0.78217D-07    0.29936D-07
  0.13400    0.14889D+01    0.15742D-04   -0.83778D-05
  0.13400    0.39575D+00    0.14495D-03    0.27997D-03
  0.13400   -0.37227D+00   -0.78301D-07    0.30520D-07
  0.13600    0.14985D+01    0.15592D-04   -0.84203D-05
  0.13600    0.40845D+00    0.14709D-03    0.27997D-03
  0.13600   -0.35587D+00   -0.78378D-07    0.31105D-07
  0.13800    0.15079D+01    0.15443D-04   -0.84615D-05
  0.13800    0.42080D+00    0.14923D-03    0.27994D-03
  0.13800   -0.33987D+00   -0.78450D-07    0.31692D-07
  0.14000    0.15169D+01    0.15294D-04   -0.85013D-05
  0.14000    0.43283D+00    0.15138D-03    0.27990D-03
  0.14000   -0.32425D+00   -0.78515D-07    0.32280D-07
  0.14200    0.15257D+01    0.15146D-04   -0.85397D-05
  0.14200    0.44455D+00    0.15353D-03    0.27984D-03
  0.14200   -0.30899D+00   -0.78574D-07    0.32870D-07
  0.14400    0.15342D+01    0.14997D-04   -0.85767D-05
  0.14400    0.45596D+00    0.15569D-03    0.27977D-03
  0.14400   -0.29409D+00   -0.78627D-07    0.33461D-07
  0.14600    0.15425D+01    0.14849D-04   -0.86124D-05
  0.14600    0.46709D+00    0.15785D-03    0.27968D-03
  0.14600   -0.27953D+00   -0.78673D-07    0.34052D-07
  0.14800    0.15505D+01    0.14701D-04   -0.86467D-05
  0.14800    0.47794D+00    0.16001D-03    0.27957D-03
  0.14800   -0.26529D+00   -0.78713D-07    0.34645D-07
  0.15000    0.15582D+01    0.14554D-04   -0.86796D-05
  0.15000    0.48852D+00    0.16218D-03    0.27944D-03
  0.15000   -0.25136D+00   -0.78747D-07    0.35239D-07
  0.15200    0.15658D+01    0.14407D-04   -0.87112D-05
  0.15200    0.49884D+00    0.16435D-03    0.27930D-03
  0.15200   -0.23774D+00   -0.78775D-07    0.35834D-07
  0.15400    0.15731D+01    0.14260D-04   -0.87415D-05
  0.15400    0.50892D+00    0.16652D-03    0.27914D-03
  0.15400   -0.22441D+00   -0.78796D-07    0.36430D-07
  0.15600    0.15802D+01    0.14113D-04   -0.87705D-05
  0.15600    0.51876D+00    0.16870D-03    0.27896D-03
  0.15600   -0.21137D+00   -0.78811D-07    0.37027D-07
  0.15800    0.15870D+01    0.13967D-04   -0.87981D-05
  0.15800    0.52837D+00    0.17088D-03    0.27877D-03
  0.15800   -0.19859D+00   -0.78820D-07    0.37624D-07
  0.16000    0.15937D+01    0.13822D-04   -0.88244D-05
  0.16000    0.53776D+00    0.17306D-03    0.27856D-03
  0.16000   -0.18608D+00   -0.78823D-07    0.38222D-07
  0.16200    0.16003D+01    0.13676D-04   -0.88494D-05
  0.16200    0.54693D+00    0.17525D-03    0.27832D-03
  0.16200   -0.17383D+00   -0.78820D-07    0.38821D-07
  0.16400    0.16066D+01    0.13531D-04   -0.88731D-05
  0.16400    0.55590D+00    0.17744D-03    0.27808D-03
  0.16400   -0.16182D+00   -0.78810D-07    0.39420D-07
  0.16600    0.16127D+01    0.13387D-04   -0.88955D-05
  0.16600    0.56466D+00    0.17963D-03    0.27781D-03
  0.16600   -0.15005D+00   -0.78794D-07    0.40020D-07
  0.16800    0.16187D+01    0.13243D-04   -0.89166D-05
  0.16800    0.57324D+00    0.18182D-03    0.27753D-03
  0.16800   -0.13851D+00   -0.78772D-07    0.40621D-07
  0.17000    0.16245D+01    0.13099D-04   -0.89364D-05
  0.17000    0.58163D+00    0.18402D-03    0.27723D-03
  0.17000   -0.12720D+00   -0.78743D-07    0.41221D-07
  0.17200    0.16302D+01    0.12956D-04   -0.89550D-05
  0.17200    0.58984D+00    0.18622D-03    0.27691D-03
  0.17200   -0.11610D+00   -0.78709D-07    0.41823D-07
  0.17400    0.16357D+01    0.12813D-04   -0.89723D-05
  0.17400    0.59788D+00    0.18842D-03    0.27657D-03
  0.17400   -0.10521D+00   -0.78668D-07    0.42424D-07
  0.17600    0.16411D+01    0.12671D-04   -0.89883D-05
  0.17600    0.60575D+00    0.19062D-03    0.27622D-03
  0.17600   -0.94523D-01   -0.78621D-07    0.43026D-07
  0.17800    0.16463D+01    0.12529D-04   -0.90031D-05
  0.17800    0.61345D+00    0.19282D-03    0.27585D-03
  0.17800   -0.84035D-01   -0.78568D-07    0.43628D-07
  0.18000    0.16514D+01    0.12388D-04   -0.90166D-05
  0.18000    0.62100D+00    0.19503D-03    0.27546D-03
  0.18000   -0.73737D-01   -0.78509D-07    0.44230D-07
  0.18200    0.16563D+01    0.12247D-04   -0.90290D-05
  0.18200    0.62840D+00    0.19723D-03    0.27505D-03
  0.18200   -0.63626D-01   -0.78443D-07    0.44832D-07
  0.18400    0.16612D+01    0.12106D-04   -0.90400D-05
  0.18400    0.63564D+00    0.19944D-03    0.27463D-03
  0.18400   -0.53694D-01   -0.78372D-07    0.45434D-07
  0.18600    0.16659D+01    0.11966D-04   -0.90499D-05
  0.18600    0.64275D+00    0.20165D-03    0.27419D-03
  0.18600   -0.43938D-01   -0.78294D-07    0.46036D-07
  0.18800    0.16705D+01    0.11827D-04   -0.90585D-05
  0.18800    0.64972D+00    0.20386D-03    0.27372D-03
  0.18800   -0.34351D-01   -0.78210D-07    0.46638D-07
  0.19000    0.16749D+01    0.11688D-04   -0.90660D-05
  0.19000    0.65655D+00    0.20607D-03    0.27325D-03
  0.19000   -0.24930D-01   -0.78120D-07    0.47239D-07
  0.19200    0.16793D+01    0.11550D-04   -0.90722D-05
  0.19200    0.66325D+00    0.20828D-03    0.27275D-03
  0.19200   -0.15669D-01   -0.78024D-07    0.47841D-07
  0.19400    0.16835D+01    0.11412D-04   -0.90773D-05
  0.19400    0.66982D+00    0.21049D-03    0.27223D-03
  0.19400   -0.65649D-02   -0.77921D-07    0.48442D-07
  0.19600    0.16877D+01    0.11275D-04   -0.90812D-05
  0.19600    0.67627D+00    0.21270D-03    0.27170D-03
  0.19600    0.23878D-02   -0.77813D-07    0.49043D-07
  0.19800    0.16917D+01    0.11138D-04   -0.90839D-05
  0.19800    0.68260D+00    0.21492D-03    0.27115D-03
  0.19800    0.11193D-01   -0.77698D-07    0.49643D-07
  0.20000    0.16957D+01    0.11002D-04   -0.90855D-05
  0.20000    0.68882D+00    0.21713D-03    0.27058D-03
  0.20000    0.19854D-01   -0.77578D-07    0.50243D-07
  0.20200    0.16995D+01    0.10866D-04   -0.90858D-05
  0.20200    0.69492D+00    0.21934D-03    0.27000D-03
  0.20200    0.28375D-01   -0.77451D-07    0.50843D-07
  0.20400    0.17033D+01    0.10731D-04   -0.90851D-05
  0.20400    0.70091D+00    0.22155D-03    0.26939D-03
  0.20400    0.36760D-01   -0.77319D-07    0.51442D-07
  0.20600    0.17070D+01    0.10597D-04   -0.90832D-05
  0.20600    0.70680D+00    0.22376D-03    0.26877D-03
  0.20600    0.45012D-01   -0.77180D-07    0.52040D-07
  0.20800    0.17105D+01    0.10463D-04   -0.90802D-05
  0.20800    0.71258D+00    0.22597D-03    0.26813D-03
  0.20800    0.53135D-01   -0.77035D-07    0.52638D-07
  0.21000    0.17140D+01    0.10330D-04   -0.90761D-05
  0.21000    0.71826D+00    0.22818D-03    0.26747D-03
  0.21000    0.61131D-01   -0.76884D-07    0.53234D-07
  0.21200    0.17175D+01    0.10197D-04   -0.90708D-05
  0.21200    0.72384D+00    0.23039D-03    0.26679D-03
  0.21200    0.69005D-01   -0.76728D-07    0.53830D-07
  0.21400    0.17208D+01    0.10065D-04   -0.90645D-05
  0.21400    0.72933D+00    0.23260D-03    0.26609D-03
  0.21400    0.76760D-01   -0.76565D-07    0.54425D-07
  0.21600    0.17241D+01    0.99338D-05   -0.90571D-05
  0.21600    0.73473D+00    0.23481D-03    0.26538D-03
  0.21600    0.84397D-01   -0.76396D-07    0.55020D-07
  0.21800    0.17272D+01    0.98031D-05   -0.90485D-05
  0.21800    0.74003D+00    0.23702D-03    0.26465D-03
  0.21800    0.91920D-01   -0.76222D-07    0.55613D-07
  0.22000    0.17304D+01    0.96730D-05   -0.90389D-05
  0.22000    0.74525D+00    0.23922D-03    0.26390D-03
  0.22000    0.99333D-01   -0.76041D-07    0.56205D-07
  0.22200    0.17334D+01    0.95436D-05   -0.90283D-05
  0.22200    0.75038D+00    0.24142D-03    0.26313D-03
  0.22200    0.10664D+00   -0.75854D-07    0.56796D-07
  0.22400    0.17364D+01    0.94149D-05   -0.90165D-05
  0.22400    0.75542D+00    0.24362D-03    0.26234D-03
  0.22400    0.11383D+00   -0.75662D-07    0.57386D-07
  0.22600    0.17393D+01    0.92868D-05   -0.90038D-05
  0.22600    0.76039D+00    0.24582D-03    0.26154D-03
  0.22600    0.12093D+00   -0.75464D-07    0.57975D-07
  0.22800    0.17421D+01    0.91595D-05   -0.89900D-05
  0.22800    0.76527D+00    0.24802D-03    0.26071D-03
  0.22800    0.12792D+00   -0.75260D-07    0.58562D-07
  0.23000    0.17449D+01    0.90328D-05   -0.89751D-05
  0.23000    0.77008D+00    0.25021D-03    0.25987D-03
  0.23000    0.13482D+00   -0.75050D-07    0.59149D-07
  0.23200    0.17476D+01    0.89067D-05   -0.89593D-05
  0.23200    0.77481D+00    0.25241D-03    0.25901D-03
  0.23200    0.14162D+00   -0.74834D-07    0.59734D-07
  0.23400    0.17503D+01    0.87814D-05   -0.89424D-05
  0.23400    0.77947D+00    0.25460D-03    0.25814D-03
  0.23400    0.14832D+00   -0.74612D-07    0.60317D-07
  0.23600    0.17529D+01    0.86568D-05   -0.89245D-05
  0.23600    0.78406D+00    0.25678D-03    0.25724D-03
  0.23600    0.15493D+00   -0.74384D-07    0.60899D-07
  0.23800    0.17554D+01    0.85329D-05   -0.89057D-05
  0.23800    0.78857D+00    0.25897D-03    0.25633D-03
  0.23800    0.16145D+00   -0.74151D-07    0.61479D-07
  0.24000    0.17579D+01    0.84097D-05   -0.88858D-05
  0.24000    0.79302D+00    0.26115D-03    0.25539D-03
  0.24000    0.16789D+00   -0.73912D-07    0.62058D-07
  0.24200    0.17604D+01    0.82873D-05   -0.88650D-05
  0.24200    0.79740D+00    0.26333D-03    0.25444D-03
  0.24200    0.17424D+00   -0.73667D-07    0.62636D-07
  0.24400    0.17627D+01    0.81656D-05   -0.88432D-05
  0.24400    0.80172D+00    0.26551D-03    0.25347D-03
  0.24400    0.18050D+00   -0.73417D-07    0.63211D-07
  0.24600    0.17651D+01    0.80446D-05   -0.88205D-05
  0.24600    0.80597D+00    0.26768D-03    0.25249D-03
  0.24600    0.18668D+00   -0.73161D-07    0.63785D-07
  0.24800    0.17674D+01    0.79243D-05   -0.87968D-05
  0.24800    0.81016D+00    0.26985D-03    0.25148D-03
  0.24800    0.19278D+00   -0.72899D-07    0.64357D-07
  0.25000    0.17696D+01    0.78048D-05   -0.87722D-05
  0.25000    0.81429D+00    0.27201D-03    0.25046D-03
  0.25000    0.19881D+00   -0.72631D-07    0.64927D-07
  0.25200    0.17718D+01    0.76861D-05   -0.87466D-05
  0.25200    0.81835D+00    0.27417D-03    0.24942D-03
  0.25200    0.20475D+00   -0.72358D-07    0.65495D-07
  0.25400    0.17739D+01    0.75681D-05   -0.87201D-05
  0.25400    0.82236D+00    0.27633D-03    0.24836D-03
  0.25400    0.21062D+00   -0.72079D-07    0.66062D-07
  0.25600    0.17760D+01    0.74509D-05   -0.86928D-05
  0.25600    0.82632D+00    0.27848D-03    0.24728D-03
  0.25600    0.21642D+00   -0.71795D-07    0.66626D-07
  0.25800    0.17781D+01    0.73345D-05   -0.86645D-05
  0.25800    0.83022D+00    0.28063D-03    0.24619D-03
  0.25800    0.22214D+00   -0.71505D-07    0.67188D-07
  0.26000    0.17801D+01    0.72189D-05   -0.86353D-05
  0.26000    0.83406D+00    0.28277D-03    0.24507D-03
  0.26000    0.22779D+00   -0.71210D-07    0.67748D-07
  0.26200    0.17821D+01    0.71040D-05   -0.86053D-05
  0.26200    0.83785D+00    0.28491D-03    0.24394D-03
  0.26200    0.23338D+00   -0.70909D-07    0.68306D-07
  0.26400    0.17840D+01    0.69899D-05   -0.85744D-05
  0.26400    0.84159D+00    0.28705D-03    0.24279D-03
  0.26400    0.23889D+00   -0.70602D-07    0.68862D-07
  0.26600    0.17859D+01    0.68767D-05   -0.85426D-05
  0.26600    0.84527D+00    0.28918D-03    0.24162D-03
  0.26600    0.24434D+00   -0.70290D-07    0.69416D-07
  0.26800    0.17877D+01    0.67642D-05   -0.85100D-05
  0.26800    0.84891D+00    0.29130D-03    0.24044D-03
  0.26800    0.24972D+00   -0.69973D-07    0.69967D-07
  0.27000    0.17896D+01    0.66526D-05   -0.84766D-05
  0.27000    0.85250D+00    0.29342D-03    0.23923D-03
  0.27000    0.25504D+00   -0.69650D-07    0.70516D-07
  0.27200    0.17913D+01    0.65417D-05   -0.84423D-05
  0.27200    0.85604D+00    0.29554D-03    0.23801D-03
  0.27200    0.26029D+00   -0.69322D-07    0.71062D-07
  0.27400    0.17931D+01    0.64317D-05   -0.84072D-05
  0.27400    0.85953D+00    0.29765D-03    0.23677D-03
  0.27400    0.26549D+00   -0.68988D-07    0.71606D-07
  0.27600    0.17948D+01    0.63225D-05   -0.83713D-05
  0.27600    0.86298D+00    0.29975D-03    0.23552D-03
  0.27600    0.27062D+00   -0.68649D-07    0.72148D-07
  0.27800    0.17965D+01    0.62141D-05   -0.83346D-05
  0.27800    0.86638D+00    0.30185D-03    0.23424D-03
  0.27800    0.27569D+00   -0.68305D-07    0.72687D-07
  0.28000    0.17981D+01    0.61065D-05   -0.82971D-05
  0.28000    0.86974D+00    0.30394D-03    0.23295D-03
  0.28000    0.28071D+00   -0.67956D-07    0.73223D-07
  0.28200    0.17997D+01    0.59998D-05   -0.82589D-05
  0.28200    0.87306D+00    0.30602D-03    0.23164D-03
  0.28200    0.28567D+00   -0.67601D-07    0.73757D-07
  0.28400    0.18013D+01    0.58940D-05   -0.82199D-05
  0.28400    0.87633D+00    0.30810D-03    0.23031D-03
  0.28400    0.29057D+00   -0.67241D-07    0.74288D-07
  0.28600    0.18028D+01    0.57889D-05   -0.81801D-05
  0.28600    0.87956D+00    0.31018D-03    0.22896D-03
  0.28600    0.29542D+00   -0.66876D-07    0.74816D-07
  0.28800    0.18043D+01    0.56848D-05   -0.81395D-05
  0.28800    0.88275D+00    0.31224D-03    0.22760D-03
  0.28800    0.30021D+00   -0.66506D-07    0.75342D-07
  0.29000    0.18058D+01    0.55814D-05   -0.80983D-05
  0.29000    0.88590D+00    0.31430D-03    0.22622D-03
  0.29000    0.30495D+00   -0.66130D-07    0.75864D-07
  0.29200    0.18073D+01    0.54790D-05   -0.80563D-05
  0.29200    0.88902D+00    0.31636D-03    0.22482D-03
  0.29200    0.30964D+00   -0.65750D-07    0.76384D-07
  0.29400    0.18087D+01    0.53774D-05   -0.80135D-05
  0.29400    0.89209D+00    0.31840D-03    0.22340D-03
  0.29400    0.31427D+00   -0.65364D-07    0.76901D-07
  0.29600    0.18101D+01    0.52767D-05   -0.79701D-05
  0.29600    0.89513D+00    0.32044D-03    0.22197D-03
  0.29600    0.31886D+00   -0.64973D-07    0.77414D-07
  0.29800    0.18115D+01    0.51768D-05   -0.79260D-05
  0.29800    0.89813D+00    0.32247D-03    0.22051D-03
  0.29800    0.32340D+00   -0.64577D-07    0.77925D-07
  0.30000    0.18128D+01    0.50778D-05   -0.78812D-05
  0.30000    0.90109D+00    0.32450D-03    0.21904D-03
  0.30000    0.32789D+00   -0.64177D-07    0.78433D-07
  0.30200    0.18141D+01    0.49797D-05   -0.78357D-05
  0.30200    0.90402D+00    0.32651D-03    0.21756D-03
  0.30200    0.33233D+00   -0.63771D-07    0.78937D-07
  0.30400    0.18154D+01    0.48825D-05   -0.77896D-05
  0.30400    0.90691D+00    0.32852D-03    0.21605D-03
  0.30400    0.33672D+00   -0.63360D-07    0.79439D-07
  0.30600    0.18167D+01    0.47861D-05   -0.77428D-05
  0.30600    0.90977D+00    0.33052D-03    0.21453D-03
  0.30600    0.34107D+00   -0.62945D-07    0.79937D-07
  0.30800    0.18180D+01    0.46907D-05   -0.76953D-05
  0.30800    0.91260D+00    0.33252D-03    0.21299D-03
  0.30800    0.34538D+00   -0.62525D-07    0.80432D-07
  0.31000    0.18192D+01    0.45961D-05   -0.76472D-05
  0.31000    0.91539D+00    0.33450D-03    0.21144D-03
  0.31000    0.34963D+00   -0.62099D-07    0.80923D-07
  0.31200    0.18204D+01    0.45024D-05   -0.75985D-05
  0.31200    0.91815D+00    0.33648D-03    0.20987D-03
  0.31200    0.35385D+00   -0.61669D-07    0.81411D-07
  0.31400    0.18216D+01    0.44096D-05   -0.75492D-05
  0.31400    0.92088D+00    0.33845D-03    0.20828D-03
  0.31400    0.35802D+00   -0.61235D-07    0.81896D-07
  0.31600    0.18227D+01    0.43178D-05   -0.74993D-05
  0.31600    0.92358D+00    0.34041D-03    0.20667D-03
  0.31600    0.36215D+00   -0.60795D-07    0.82378D-07
  0.31800    0.18238D+01    0.42268D-05   -0.74487D-05
  0.31800    0.92625D+00    0.34236D-03    0.20504D-03
  0.31800    0.36624D+00   -0.60351D-07    0.82856D-07
  0.32000    0.18249D+01    0.41367D-05   -0.73976D-05
  0.32000    0.92889D+00    0.34430D-03    0.20340D-03
  0.32000    0.37029D+00   -0.59902D-07    0.83330D-07
  0.32200    0.18260D+01    0.40475D-05   -0.73459D-05
  0.32200    0.93150D+00    0.34623D-03    0.20175D-03
  0.32200    0.37430D+00   -0.59449D-07    0.83801D-07
  0.32400    0.18271D+01    0.39593D-05   -0.72937D-05
  0.32400    0.93408D+00    0.34816D-03    0.20007D-03
  0.32400    0.37826D+00   -0.58991D-07    0.84268D-07
  0.32600    0.18281D+01    0.38719D-05   -0.72409D-05
  0.32600    0.93663D+00    0.35007D-03    0.19838D-03
  0.32600    0.38219D+00   -0.58529D-07    0.84732D-07
  0.32800    0.18292D+01    0.37855D-05   -0.71876D-05
  0.32800    0.93915D+00    0.35198D-03    0.19667D-03
  0.32800    0.38609D+00   -0.58061D-07    0.85192D-07
  0.33000    0.18302D+01    0.37000D-05   -0.71337D-05
  0.33000    0.94165D+00    0.35387D-03    0.19495D-03
  0.33000    0.38994D+00   -0.57590D-07    0.85648D-07
  0.33200    0.18312D+01    0.36154D-05   -0.70793D-05
  0.33200    0.94412D+00    0.35576D-03    0.19320D-03
  0.33200    0.39376D+00   -0.57114D-07    0.86100D-07
  0.33400    0.18321D+01    0.35317D-05   -0.70244D-05
  0.33400    0.94656D+00    0.35763D-03    0.19145D-03
  0.33400    0.39754D+00   -0.56634D-07    0.86549D-07
  0.33600    0.18331D+01    0.34490D-05   -0.69690D-05
  0.33600    0.94897D+00    0.35950D-03    0.18967D-03
  0.33600    0.40128D+00   -0.56149D-07    0.86993D-07
  0.33800    0.18340D+01    0.33671D-05   -0.69131D-05
  0.33800    0.95136D+00    0.36136D-03    0.18788D-03
  0.33800    0.40499D+00   -0.55660D-07    0.87434D-07
  0.34000    0.18350D+01    0.32862D-05   -0.68567D-05
  0.34000    0.95373D+00    0.36320D-03    0.18607D-03
  0.34000    0.40866D+00   -0.55166D-07    0.87871D-07
  0.34200    0.18359D+01    0.32062D-05   -0.67998D-05
  0.34200    0.95607D+00    0.36504D-03    0.18425D-03
  0.34200    0.41230D+00   -0.54669D-07    0.88304D-07
  0.34400    0.18367D+01    0.31272D-05   -0.67425D-05
  0.34400    0.95839D+00    0.36686D-03    0.18241D-03
  0.34400    0.41591D+00   -0.54167D-07    0.88733D-07
  0.34600    0.18376D+01    0.30491D-05   -0.66848D-05
  0.34600    0.96068D+00    0.36868D-03    0.18055D-03
  0.34600    0.41948D+00   -0.53661D-07    0.89158D-07
  0.34800    0.18385D+01    0.29719D-05   -0.66266D-05
  0.34800    0.96295D+00    0.37048D-03    0.17868D-03
  0.34800    0.42302D+00   -0.53151D-07    0.89579D-07
  0.35000    0.18393D+01    0.28956D-05   -0.65679D-05
  0.35000    0.96519D+00    0.37227D-03    0.17679D-03
  0.35000    0.42653D+00   -0.52637D-07    0.89995D-07
  0.35200    0.18401D+01    0.28203D-05   -0.65089D-05
  0.35200    0.96742D+00    0.37405D-03    0.17489D-03
  0.35200    0.43001D+00   -0.52119D-07    0.90408D-07
  0.35400    0.18409D+01    0.27459D-05   -0.64494D-05
  0.35400    0.96962D+00    0.37583D-03    0.17297D-03
  0.35400    0.43345D+00   -0.51596D-07    0.90816D-07
  0.35600    0.18417D+01    0.26724D-05   -0.63896D-05
  0.35600    0.97180D+00    0.37758D-03    0.17103D-03
  0.35600    0.43687D+00   -0.51070D-07    0.91220D-07
  0.35800    0.18425D+01    0.25999D-05   -0.63293D-05
  0.35800    0.97395D+00    0.37933D-03    0.16908D-03
  0.35800    0.44025D+00   -0.50540D-07    0.91620D-07
  0.36000    0.18432D+01    0.25283D-05   -0.62687D-05
  0.36000    0.97609D+00    0.38107D-03    0.16711D-03
  0.36000    0.44361D+00   -0.50006D-07    0.92016D-07
  0.36200    0.18440D+01    0.24577D-05   -0.62077D-05
  0.36200    0.97820D+00    0.38279D-03    0.16513D-03
  0.36200    0.44693D+00   -0.49468D-07    0.92407D-07
  0.36400    0.18447D+01    0.23880D-05   -0.61463D-05
  0.36400    0.98029D+00    0.38450D-03    0.16313D-03
  0.36400    0.45023D+00   -0.48926D-07    0.92793D-07
  0.36600    0.18454D+01    0.23192D-05   -0.60846D-05
  0.36600    0.98237D+00    0.38620D-03    0.16112D-03
  0.36600    0.45349D+00   -0.48381D-07    0.93176D-07
  0.36800    0.18462D+01    0.22514D-05   -0.60226D-05
  0.36800    0.98442D+00    0.38789D-03    0.15909D-03
  0.36800    0.45673D+00   -0.47831D-07    0.93554D-07
  0.37000    0.18468D+01    0.21845D-05   -0.59602D-05
  0.37000    0.98645D+00    0.38957D-03    0.15705D-03
  0.37000    0.45994D+00   -0.47278D-07    0.93927D-07
  0.37200    0.18475D+01    0.21185D-05   -0.58975D-05
  0.37200    0.98847D+00    0.39123D-03    0.15499D-03
  0.37200    0.46313D+00   -0.46722D-07    0.94296D-07
  0.37400    0.18482D+01    0.20535D-05   -0.58345D-05
  0.37400    0.99046D+00    0.39288D-03    0.15291D-03
  0.37400    0.46628D+00   -0.46162D-07    0.94661D-07
  0.37600    0.18488D+01    0.19894D-05   -0.57712D-05
  0.37600    0.99244D+00    0.39452D-03    0.15082D-03
  0.37600    0.46941D+00   -0.45598D-07    0.95020D-07
  0.37800    0.18495D+01    0.19262D-05   -0.57076D-05
  0.37800    0.99439D+00    0.39615D-03    0.14872D-03
  0.37800    0.47252D+00   -0.45031D-07    0.95376D-07
  0.38000    0.18501D+01    0.18640D-05   -0.56437D-05
  0.38000    0.99633D+00    0.39776D-03    0.14660D-03
  0.38000    0.47560D+00   -0.44460D-07    0.95726D-07
  0.38200    0.18507D+01    0.18027D-05   -0.55796D-05
  0.38200    0.99825D+00    0.39936D-03    0.14447D-03
  0.38200    0.47865D+00   -0.43886D-07    0.96072D-07
  0.38400    0.18514D+01    0.17424D-05   -0.55152D-05
  0.38400    0.10002D+01    0.40095D-03    0.14232D-03
  0.38400    0.48168D+00   -0.43309D-07    0.96413D-07
  0.38600    0.18520D+01    0.16830D-05   -0.54505D-05
  0.38600    0.10020D+01    0.40252D-03    0.14016D-03
  0.38600    0.48468D+00   -0.42728D-07    0.96750D-07
  0.38800    0.18525D+01    0.16245D-05   -0.53857D-05
  0.38800    0.10039D+01    0.40408D-03    0.13798D-03
  0.38800    0.48766D+00   -0.42144D-07    0.97081D-07
  0.39000    0.18531D+01    0.15670D-05   -0.53205D-05
  0.39000    0.10058D+01    0.40563D-03    0.13579D-03
  0.39000    0.49061D+00   -0.41556D-07    0.97408D-07
  0.39200    0.18537D+01    0.15104D-05   -0.52552D-05
  0.39200    0.10076D+01    0.40716D-03    0.13358D-03
  0.39200    0.49354D+00   -0.40966D-07    0.97730D-07
  0.39400    0.18542D+01    0.14547D-05   -0.51896D-05
  0.39400    0.10094D+01    0.40868D-03    0.13136D-03
  0.39400    0.49645D+00   -0.40372D-07    0.98047D-07
  0.39600    0.18548D+01    0.14000D-05   -0.51239D-05
  0.39600    0.10112D+01    0.41018D-03    0.12913D-03
  0.39600    0.49933D+00   -0.39775D-07    0.98360D-07
  0.39800    0.18553D+01    0.13461D-05   -0.50580D-05
  0.39800    0.10130D+01    0.41167D-03    0.12688D-03
  0.39800    0.50219D+00   -0.39175D-07    0.98667D-07
  0.40000    0.18558D+01    0.12933D-05   -0.49918D-05
  0.40000    0.10148D+01    0.41315D-03    0.12462D-03
  0.40000    0.50503D+00   -0.38572D-07    0.98970D-07
  0.40200    0.18563D+01    0.12413D-05   -0.49255D-05
  0.40200    0.10165D+01    0.41461D-03    0.12235D-03
  0.40200    0.50784D+00   -0.37967D-07    0.99267D-07
  0.40400    0.18569D+01    0.11903D-05   -0.48591D-05
  0.40400    0.10183D+01    0.41606D-03    0.12006D-03
  0.40400    0.51064D+00   -0.37358D-07    0.99560D-07
  0.40600    0.18573D+01    0.11402D-05   -0.47925D-05
  0.40600    0.10200D+01    0.41749D-03    0.11775D-03
  0.40600    0.51341D+00   -0.36746D-07    0.99847D-07
  0.40800    0.18578D+01    0.10910D-05   -0.47257D-05
  0.40800    0.10217D+01    0.41891D-03    0.11544D-03
  0.40800    0.51616D+00   -0.36132D-07    0.10013D-06
  0.41000    0.18583D+01    0.10427D-05   -0.46588D-05
  0.41000    0.10234D+01    0.42032D-03    0.11311D-03
  0.41000    0.51888D+00   -0.35514D-07    0.10041D-06
  0.41200    0.18588D+01    0.99536D-06   -0.45918D-05
  0.41200    0.10251D+01    0.42171D-03    0.11077D-03
  0.41200    0.52159D+00   -0.34894D-07    0.10068D-06
  0.41400    0.18592D+01    0.94893D-06   -0.45247D-05
  0.41400    0.10267D+01    0.42308D-03    0.10841D-03
  0.41400    0.52428D+00   -0.34272D-07    0.10095D-06
  0.41600    0.18597D+01    0.90341D-06   -0.44574D-05
  0.41600    0.10284D+01    0.42444D-03    0.10604D-03
  0.41600    0.52695D+00   -0.33646D-07    0.10121D-06
  0.41800    0.18601D+01    0.85881D-06   -0.43901D-05
  0.41800    0.10300D+01    0.42579D-03    0.10366D-03
  0.41800    0.52959D+00   -0.33018D-07    0.10147D-06
  0.42000    0.18606D+01    0.81512D-06   -0.43227D-05
  0.42000    0.10316D+01    0.42712D-03    0.10127D-03
  0.42000    0.53222D+00   -0.32388D-07    0.10172D-06
  0.42200    0.18610D+01    0.77233D-06   -0.42552D-05
  0.42200    0.10332D+01    0.42843D-03    0.98858D-04
  0.42200    0.53483D+00   -0.31755D-07    0.10196D-06
  0.42400    0.18614D+01    0.73046D-06   -0.41876D-05
  0.42400    0.10348D+01    0.42973D-03    0.96439D-04
  0.42400    0.53741D+00   -0.31119D-07    0.10220D-06
  0.42600    0.18618D+01    0.68948D-06   -0.41200D-05
  0.42600    0.10364D+01    0.43101D-03    0.94006D-04
  0.42600    0.53998D+00   -0.30482D-07    0.10244D-06
  0.42800    0.18622D+01    0.64941D-06   -0.40523D-05
  0.42800    0.10380D+01    0.43228D-03    0.91562D-04
  0.42800    0.54253D+00   -0.29841D-07    0.10267D-06
  0.43000    0.18626D+01    0.61024D-06   -0.39846D-05
  0.43000    0.10395D+01    0.43353D-03    0.89105D-04
  0.43000    0.54506D+00   -0.29199D-07    0.10290D-06
  0.43200    0.18630D+01    0.57197D-06   -0.39168D-05
  0.43200    0.10411D+01    0.43476D-03    0.86636D-04
  0.43200    0.54757D+00   -0.28554D-07    0.10312D-06
  0.43400    0.18634D+01    0.53458D-06   -0.38490D-05
  0.43400    0.10426D+01    0.43598D-03    0.84155D-04
  0.43400    0.55007D+00   -0.27907D-07    0.10333D-06
  0.43600    0.18638D+01    0.49809D-06   -0.37812D-05
  0.43600    0.10441D+01    0.43718D-03    0.81662D-04
  0.43600    0.55254D+00   -0.27258D-07    0.10354D-06
  0.43800    0.18641D+01    0.46249D-06   -0.37134D-05
  0.43800    0.10456D+01    0.43837D-03    0.79157D-04
  0.43800    0.55500D+00   -0.26607D-07    0.10375D-06
  0.44000    0.18645D+01    0.42777D-06   -0.36456D-05
  0.44000    0.10471D+01    0.43954D-03    0.76641D-04
  0.44000    0.55744D+00   -0.25954D-07    0.10394D-06
  0.44200    0.18648D+01    0.39393D-06   -0.35778D-05
  0.44200    0.10486D+01    0.44070D-03    0.74113D-04
  0.44200    0.55987D+00   -0.25299D-07    0.10414D-06
  0.44400    0.18652D+01    0.36098D-06   -0.35101D-05
  0.44400    0.10501D+01    0.44183D-03    0.71573D-04
  0.44400    0.56227D+00   -0.24641D-07    0.10432D-06
  0.44600    0.18655D+01    0.32889D-06   -0.34423D-05
  0.44600    0.10516D+01    0.44295D-03    0.69022D-04
  0.44600    0.56466D+00   -0.23982D-07    0.10451D-06
  0.44800    0.18658D+01    0.29768D-06   -0.33746D-05
  0.44800    0.10530D+01    0.44406D-03    0.66461D-04
  0.44800    0.56703D+00   -0.23321D-07    0.10468D-06
  0.45000    0.18662D+01    0.26734D-06   -0.33069D-05
  0.45000    0.10544D+01    0.44514D-03    0.63887D-04
  0.45000    0.56939D+00   -0.22658D-07    0.10486D-06
  0.45200    0.18665D+01    0.23787D-06   -0.32393D-05
  0.45200    0.10559D+01    0.44621D-03    0.61303D-04
  0.45200    0.57173D+00   -0.21994D-07    0.10502D-06
  0.45400    0.18668D+01    0.20926D-06   -0.31718D-05
  0.45400    0.10573D+01    0.44727D-03    0.58709D-04
  0.45400    0.57405D+00   -0.21328D-07    0.10518D-06
  0.45600    0.18671D+01    0.18150D-06   -0.31043D-05
  0.45600    0.10587D+01    0.44830D-03    0.56103D-04
  0.45600    0.57636D+00   -0.20660D-07    0.10534D-06
  0.45800    0.18674D+01    0.15460D-06   -0.30369D-05
  0.45800    0.10601D+01    0.44932D-03    0.53487D-04
  0.45800    0.57865D+00   -0.19990D-07    0.10549D-06
  0.46000    0.18677D+01    0.12856D-06   -0.29696D-05
  0.46000    0.10615D+01    0.45032D-03    0.50860D-04
  0.46000    0.58092D+00   -0.19319D-07    0.10563D-06
  0.46200    0.18680D+01    0.10336D-06   -0.29023D-05
  0.46200    0.10628D+01    0.45131D-03    0.48223D-04
  0.46200    0.58318D+00   -0.18647D-07    0.10577D-06
  0.46400    0.18683D+01    0.78999D-07   -0.28352D-05
  0.46400    0.10642D+01    0.45227D-03    0.45576D-04
  0.46400    0.58543D+00   -0.17973D-07    0.10590D-06
  0.46600    0.18685D+01    0.55482D-07   -0.27682D-05
  0.46600    0.10655D+01    0.45322D-03    0.42919D-04
  0.46600    0.58766D+00   -0.17297D-07    0.10603D-06
  0.46800    0.18688D+01    0.32801D-07   -0.27013D-05
  0.46800    0.10669D+01    0.45415D-03    0.40252D-04
  0.46800    0.58987D+00   -0.16621D-07    0.10615D-06
  0.47000    0.18691D+01    0.10951D-07   -0.26345D-05
  0.47000    0.10682D+01    0.45507D-03    0.37575D-04
  0.47000    0.59207D+00   -0.15943D-07    0.10626D-06
  0.47200    0.18693D+01   -0.10070D-07   -0.25679D-05
  0.47200    0.10695D+01    0.45596D-03    0.34888D-04
  0.47200    0.59426D+00   -0.15263D-07    0.10637D-06
  0.47400    0.18696D+01   -0.30268D-07   -0.25014D-05
  0.47400    0.10708D+01    0.45684D-03    0.32192D-04
  0.47400    0.59643D+00   -0.14583D-07    0.10648D-06
  0.47600    0.18698D+01   -0.49647D-07   -0.24351D-05
  0.47600    0.10721D+01    0.45770D-03    0.29486D-04
  0.47600    0.59858D+00   -0.13901D-07    0.10658D-06
  0.47800    0.18701D+01   -0.68212D-07   -0.23689D-05
  0.47800    0.10734D+01    0.45854D-03    0.26771D-04
  0.47800    0.60072D+00   -0.13219D-07    0.10667D-06
  0.48000    0.18703D+01   -0.85965D-07   -0.23029D-05
  0.48000    0.10747D+01    0.45936D-03    0.24047D-04
  0.48000    0.60285D+00   -0.12535D-07    0.10676D-06
  0.48200    0.18705D+01   -0.10291D-06   -0.22371D-05
  0.48200    0.10760D+01    0.46017D-03    0.21314D-04
  0.48200    0.60497D+00   -0.11850D-07    0.10684D-06
  0.48400    0.18708D+01   -0.11906D-06   -0.21714D-05
  0.48400    0.10772D+01    0.46095D-03    0.18572D-04
  0.48400    0.60707D+00   -0.11165D-07    0.10691D-06
  0.48600    0.18710D+01   -0.13441D-06   -0.21059D-05
  0.48600    0.10785D+01    0.46172D-03    0.15821D-04
  0.48600    0.60915D+00   -0.10478D-07    0.10698D-06
  0.48800    0.18712D+01   -0.14897D-06   -0.20406D-05
  0.48800    0.10797D+01    0.46247D-03    0.13062D-04
  0.48800    0.61123D+00   -0.97910D-08    0.10705D-06
  0.49000    0.18714D+01   -0.16273D-06   -0.19756D-05
  0.49000    0.10810D+01    0.46320D-03    0.10294D-04
  0.49000    0.61329D+00   -0.91029D-08    0.10711D-06
  0.49200    0.18716D+01   -0.17572D-06   -0.19107D-05
  0.49200    0.10822D+01    0.46391D-03    0.75174D-05
  0.49200    0.61533D+00   -0.84141D-08    0.10716D-06
  0.49400    0.18718D+01   -0.18793D-06   -0.18460D-05
  0.49400    0.10834D+01    0.46460D-03    0.47329D-05
  0.49400    0.61737D+00   -0.77246D-08    0.10721D-06
  0.49600    0.18720D+01   -0.19936D-06   -0.17816D-05
  0.49600    0.10846D+01    0.46528D-03    0.19403D-05
  0.49600    0.61939D+00   -0.70345D-08    0.10725D-06
  0.49800    0.18722D+01   -0.21003D-06   -0.17174D-05
  0.49800    0.10858D+01    0.46593D-03   -0.86023D-06
  0.49800    0.62140D+00   -0.63439D-08    0.10728D-06
  0.50000    0.18724D+01   -0.21994D-06   -0.16535D-05
  0.50000    0.10870D+01    0.46657D-03   -0.36686D-05
  0.50000    0.62339D+00   -0.56527D-08    0.10731D-06
  0.50200    0.18726D+01   -0.22908D-06   -0.15897D-05
  0.50200    0.10882D+01    0.46719D-03   -0.64845D-05
  0.50200    0.62537D+00   -0.49611D-08    0.10734D-06
  0.50400    0.18728D+01   -0.23747D-06   -0.15263D-05
  0.50400    0.10894D+01    0.46779D-03   -0.93080D-05
  0.50400    0.62734D+00   -0.42690D-08    0.10736D-06
  0.50600    0.18730D+01   -0.24512D-06   -0.14631D-05
  0.50600    0.10906D+01    0.46836D-03   -0.12139D-04
  0.50600    0.62930D+00   -0.35767D-08    0.10737D-06
  0.50800    0.18732D+01   -0.25202D-06   -0.14001D-05
  0.50800    0.10917D+01    0.46892D-03   -0.14977D-04
  0.50800    0.63125D+00   -0.28840D-08    0.10738D-06
  0.51000    0.18733D+01   -0.25819D-06   -0.13375D-05
  0.51000    0.10929D+01    0.46946D-03   -0.17822D-04
  0.51000    0.63318D+00   -0.21910D-08    0.10738D-06
  0.51200    0.18735D+01   -0.26362D-06   -0.12751D-05
  0.51200    0.10940D+01    0.46998D-03   -0.20674D-04
  0.51200    0.63511D+00   -0.14979D-08    0.10737D-06
  0.51400    0.18737D+01   -0.26832D-06   -0.12130D-05
  0.51400    0.10952D+01    0.47049D-03   -0.23533D-04
  0.51400    0.63702D+00   -0.80458D-09    0.10736D-06
  0.51600    0.18738D+01   -0.27231D-06   -0.11512D-05
  0.51600    0.10963D+01    0.47097D-03   -0.26399D-04
  0.51600    0.63892D+00   -0.11120D-09    0.10735D-06
  0.51800    0.18740D+01   -0.27558D-06   -0.10897D-05
  0.51800    0.10974D+01    0.47143D-03   -0.29271D-04
  0.51800    0.64080D+00    0.58221D-09    0.10733D-06
  0.52000    0.18741D+01   -0.27814D-06   -0.10284D-05
  0.52000    0.10985D+01    0.47187D-03   -0.32149D-04
  0.52000    0.64268D+00    0.12756D-08    0.10730D-06
  0.52200    0.18743D+01   -0.27999D-06   -0.96755D-06
  0.52200    0.10996D+01    0.47229D-03   -0.35034D-04
  0.52200    0.64455D+00    0.19690D-08    0.10726D-06
  0.52400    0.18744D+01   -0.28114D-06   -0.90696D-06
  0.52400    0.11007D+01    0.47270D-03   -0.37925D-04
  0.52400    0.64640D+00    0.26622D-08    0.10722D-06
  0.52600    0.18746D+01   -0.28161D-06   -0.84670D-06
  0.52600    0.11018D+01    0.47308D-03   -0.40822D-04
  0.52600    0.64824D+00    0.33552D-08    0.10718D-06
  0.52800    0.18747D+01   -0.28138D-06   -0.78676D-06
  0.52800    0.11029D+01    0.47344D-03   -0.43724D-04
  0.52800    0.65008D+00    0.40480D-08    0.10713D-06
  0.53000    0.18748D+01   -0.28047D-06   -0.72717D-06
  0.53000    0.11040D+01    0.47379D-03   -0.46632D-04
  0.53000    0.65190D+00    0.47406D-08    0.10707D-06
  0.53200    0.18750D+01   -0.27889D-06   -0.66791D-06
  0.53200    0.11051D+01    0.47411D-03   -0.49546D-04
  0.53200    0.65371D+00    0.54328D-08    0.10701D-06
  0.53400    0.18751D+01   -0.27663D-06   -0.60899D-06
  0.53400    0.11061D+01    0.47441D-03   -0.52465D-04
  0.53400    0.65551D+00    0.61247D-08    0.10694D-06
  0.53600    0.18752D+01   -0.27371D-06   -0.55043D-06
  0.53600    0.11072D+01    0.47470D-03   -0.55389D-04
  0.53600    0.65730D+00    0.68161D-08    0.10687D-06
  0.53800    0.18753D+01   -0.27014D-06   -0.49223D-06
  0.53800    0.11082D+01    0.47496D-03   -0.58318D-04
  0.53800    0.65908D+00    0.75070D-08    0.10679D-06
  0.54000    0.18754D+01   -0.26591D-06   -0.43438D-06
  0.54000    0.11093D+01    0.47520D-03   -0.61252D-04
  0.54000    0.66084D+00    0.81974D-08    0.10670D-06
  0.54200    0.18756D+01   -0.26103D-06   -0.37691D-06
  0.54200    0.11103D+01    0.47542D-03   -0.64191D-04
  0.54200    0.66260D+00    0.88872D-08    0.10661D-06
  0.54400    0.18757D+01   -0.25551D-06   -0.31981D-06
  0.54400    0.11113D+01    0.47563D-03   -0.67134D-04
  0.54400    0.66435D+00    0.95763D-08    0.10651D-06
  0.54600    0.18758D+01   -0.24936D-06   -0.26309D-06
  0.54600    0.11124D+01    0.47581D-03   -0.70082D-04
  0.54600    0.66609D+00    0.10265D-07    0.10641D-06
  0.54800    0.18759D+01   -0.24258D-06   -0.20675D-06
  0.54800    0.11134D+01    0.47597D-03   -0.73034D-04
  0.54800    0.66782D+00    0.10952D-07    0.10630D-06
  0.55000    0.18760D+01   -0.23518D-06   -0.15080D-06
  0.55000    0.11144D+01    0.47611D-03   -0.75990D-04
  0.55000    0.66954D+00    0.11639D-07    0.10619D-06
  0.55200    0.18761D+01   -0.22717D-06   -0.95249D-07
  0.55200    0.11154D+01    0.47623D-03   -0.78951D-04
  0.55200    0.67124D+00    0.12325D-07    0.10607D-06
  0.55400    0.18762D+01   -0.21854D-06   -0.40096D-07
  0.55400    0.11164D+01    0.47633D-03   -0.81915D-04
  0.55400    0.67294D+00    0.13011D-07    0.10594D-06
  0.55600    0.18763D+01   -0.20931D-06    0.14654D-07
  0.55600    0.11174D+01    0.47641D-03   -0.84882D-04
  0.55600    0.67463D+00    0.13695D-07    0.10581D-06
  0.55800    0.18763D+01   -0.19949D-06    0.68994D-07
  0.55800    0.11184D+01    0.47647D-03   -0.87853D-04
  0.55800    0.67631D+00    0.14378D-07    0.10567D-06
  0.56000    0.18764D+01   -0.18907D-06    0.12292D-06
  0.56000    0.11194D+01    0.47650D-03   -0.90828D-04
  0.56000    0.67798D+00    0.15060D-07    0.10553D-06
  0.56200    0.18765D+01   -0.17807D-06    0.17643D-06
  0.56200    0.11203D+01    0.47652D-03   -0.93806D-04
  0.56200    0.67965D+00    0.15741D-07    0.10538D-06
  0.56400    0.18766D+01   -0.16649D-06    0.22951D-06
  0.56400    0.11213D+01    0.47652D-03   -0.96786D-04
  0.56400    0.68130D+00    0.16421D-07    0.10523D-06
  0.56600    0.18767D+01   -0.15434D-06    0.28216D-06
  0.56600    0.11223D+01    0.47649D-03   -0.99770D-04
  0.56600    0.68294D+00    0.17100D-07    0.10507D-06
  0.56800    0.18768D+01   -0.14163D-06    0.33439D-06
  0.56800    0.11232D+01    0.47645D-03   -0.10276D-03
  0.56800    0.68458D+00    0.17777D-07    0.10490D-06
  0.57000    0.18768D+01   -0.12835D-06    0.38617D-06
  0.57000    0.11242D+01    0.47638D-03   -0.10575D-03
  0.57000    0.68620D+00    0.18453D-07    0.10473D-06
  0.57200    0.18769D+01   -0.11453D-06    0.43752D-06
  0.57200    0.11251D+01    0.47629D-03   -0.10874D-03
  0.57200    0.68782D+00    0.19128D-07    0.10456D-06
  0.57400    0.18770D+01   -0.10016D-06    0.48842D-06
  0.57400    0.11260D+01    0.47618D-03   -0.11173D-03
  0.57400    0.68942D+00    0.19801D-07    0.10437D-06
  0.57600    0.18770D+01   -0.85250D-07    0.53886D-06
  0.57600    0.11270D+01    0.47606D-03   -0.11473D-03
  0.57600    0.69102D+00    0.20473D-07    0.10419D-06
  0.57800    0.18771D+01   -0.69809D-07    0.58886D-06
  0.57800    0.11279D+01    0.47591D-03   -0.11772D-03
  0.57800    0.69261D+00    0.21143D-07    0.10399D-06
  0.58000    0.18772D+01   -0.53843D-07    0.63840D-06
  0.58000    0.11288D+01    0.47573D-03   -0.12072D-03
  0.58000    0.69419D+00    0.21812D-07    0.10379D-06
  0.58200    0.18772D+01   -0.37358D-07    0.68747D-06
  0.58200    0.11297D+01    0.47554D-03   -0.12373D-03
  0.58200    0.69577D+00    0.22479D-07    0.10359D-06
  0.58400    0.18773D+01   -0.20362D-07    0.73608D-06
  0.58400    0.11307D+01    0.47533D-03   -0.12673D-03
  0.58400    0.69733D+00    0.23145D-07    0.10338D-06
  0.58600    0.18773D+01   -0.28599D-08    0.78422D-06
  0.58600    0.11316D+01    0.47510D-03   -0.12973D-03
  0.58600    0.69889D+00    0.23809D-07    0.10316D-06
  0.58800    0.18774D+01    0.15141D-07    0.83189D-06
  0.58800    0.11325D+01    0.47484D-03   -0.13274D-03
  0.58800    0.70044D+00    0.24471D-07    0.10294D-06
  0.59000    0.18774D+01    0.33633D-07    0.87908D-06
  0.59000    0.11334D+01    0.47456D-03   -0.13574D-03
  0.59000    0.70198D+00    0.25131D-07    0.10271D-06
  0.59200    0.18775D+01    0.52611D-07    0.92578D-06
  0.59200    0.11342D+01    0.47427D-03   -0.13875D-03
  0.59200    0.70351D+00    0.25789D-07    0.10248D-06
  0.59400    0.18775D+01    0.72066D-07    0.97201D-06
  0.59400    0.11351D+01    0.47395D-03   -0.14176D-03
  0.59400    0.70503D+00    0.26445D-07    0.10224D-06
  0.59600    0.18776D+01    0.91994D-07    0.10177D-05
  0.59600    0.11360D+01    0.47361D-03   -0.14477D-03
  0.59600    0.70655D+00    0.27100D-07    0.10200D-06
  0.59800    0.18776D+01    0.11239D-06    0.10630D-05
  0.59800    0.11369D+01    0.47325D-03   -0.14778D-03
  0.59800    0.70806D+00    0.27752D-07    0.10175D-06
  0.60000    0.18776D+01    0.13324D-06    0.11077D-05
  0.60000    0.11377D+01    0.47286D-03   -0.15078D-03
  0.60000    0.70956D+00    0.28403D-07    0.10150D-06
  0.60200    0.18777D+01    0.15454D-06    0.11520D-05
  0.60200    0.11386D+01    0.47246D-03   -0.15379D-03
  0.60200    0.71105D+00    0.29051D-07    0.10124D-06
  0.60400    0.18777D+01    0.17628D-06    0.11958D-05
  0.60400    0.11395D+01    0.47204D-03   -0.15680D-03
  0.60400    0.71253D+00    0.29697D-07    0.10097D-06
  0.60600    0.18777D+01    0.19846D-06    0.12390D-05
  0.60600    0.11403D+01    0.47159D-03   -0.15981D-03
  0.60600    0.71401D+00    0.30341D-07    0.10070D-06
  0.60800    0.18778D+01    0.22107D-06    0.12818D-05
  0.60800    0.11412D+01    0.47112D-03   -0.16282D-03
  0.60800    0.71548D+00    0.30982D-07    0.10043D-06
  0.61000    0.18778D+01    0.24411D-06    0.13240D-05
  0.61000    0.11420D+01    0.47064D-03   -0.16583D-03
  0.61000    0.71694D+00    0.31622D-07    0.10015D-06
  0.61200    0.18778D+01    0.26756D-06    0.13657D-05
  0.61200    0.11429D+01    0.47013D-03   -0.16883D-03
  0.61200    0.71839D+00    0.32259D-07    0.99862D-07
  0.61400    0.18778D+01    0.29142D-06    0.14069D-05
  0.61400    0.11437D+01    0.46960D-03   -0.17184D-03
  0.61400    0.71984D+00    0.32893D-07    0.99570D-07
  0.61600    0.18779D+01    0.31569D-06    0.14476D-05
  0.61600    0.11445D+01    0.46904D-03   -0.17484D-03
  0.61600    0.72128D+00    0.33525D-07    0.99274D-07
  0.61800    0.18779D+01    0.34035D-06    0.14878D-05
  0.61800    0.11454D+01    0.46847D-03   -0.17785D-03
  0.61800    0.72271D+00    0.34155D-07    0.98972D-07
  0.62000    0.18779D+01    0.36540D-06    0.15275D-05
  0.62000    0.11462D+01    0.46788D-03   -0.18085D-03
  0.62000    0.72414D+00    0.34782D-07    0.98664D-07
  0.62200    0.18779D+01    0.39083D-06    0.15666D-05
  0.62200    0.11470D+01    0.46726D-03   -0.18385D-03
  0.62200    0.72556D+00    0.35406D-07    0.98352D-07
  0.62400    0.18779D+01    0.41663D-06    0.16052D-05
  0.62400    0.11478D+01    0.46662D-03   -0.18685D-03
  0.62400    0.72697D+00    0.36028D-07    0.98034D-07
  0.62600    0.18779D+01    0.44281D-06    0.16433D-05
  0.62600    0.11486D+01    0.46596D-03   -0.18985D-03
  0.62600    0.72837D+00    0.36647D-07    0.97712D-07
  0.62800    0.18779D+01    0.46934D-06    0.16808D-05
  0.62800    0.11494D+01    0.46528D-03   -0.19284D-03
  0.62800    0.72977D+00    0.37264D-07    0.97384D-07
  0.63000    0.18780D+01    0.49623D-06    0.17178D-05
  0.63000    0.11502D+01    0.46458D-03   -0.19583D-03
  0.63000    0.73116D+00    0.37877D-07    0.97051D-07
  0.63200    0.18780D+01    0.52346D-06    0.17543D-05
  0.63200    0.11510D+01    0.46386D-03   -0.19882D-03
  0.63200    0.73254D+00    0.38488D-07    0.96713D-07
  0.63400    0.18780D+01    0.55104D-06    0.17902D-05
  0.63400    0.11518D+01    0.46312D-03   -0.20181D-03
  0.63400    0.73392D+00    0.39096D-07    0.96370D-07
  0.63600    0.18780D+01    0.57894D-06    0.18256D-05
  0.63600    0.11526D+01    0.46235D-03   -0.20480D-03
  0.63600    0.73529D+00    0.39701D-07    0.96021D-07
  0.63800    0.18780D+01    0.60718D-06    0.18605D-05
  0.63800    0.11534D+01    0.46157D-03   -0.20778D-03
  0.63800    0.73665D+00    0.40303D-07    0.95668D-07
  0.64000    0.18780D+01    0.63573D-06    0.18948D-05
  0.64000    0.11541D+01    0.46076D-03   -0.21076D-03
  0.64000    0.73801D+00    0.40902D-07    0.95310D-07
  0.64200    0.18780D+01    0.66459D-06    0.19286D-05
  0.64200    0.11549D+01    0.45993D-03   -0.21374D-03
  0.64200    0.73936D+00    0.41498D-07    0.94947D-07
  0.64400    0.18780D+01    0.69376D-06    0.19618D-05
  0.64400    0.11557D+01    0.45908D-03   -0.21671D-03
  0.64400    0.74070D+00    0.42091D-07    0.94579D-07
  0.64600    0.18780D+01    0.72322D-06    0.19945D-05
  0.64600    0.11564D+01    0.45821D-03   -0.21968D-03
  0.64600    0.74204D+00    0.42681D-07    0.94206D-07
  0.64800    0.18780D+01    0.75298D-06    0.20266D-05
  0.64800    0.11572D+01    0.45732D-03   -0.22265D-03
  0.64800    0.74337D+00    0.43267D-07    0.93829D-07
  0.65000    0.18780D+01    0.78302D-06    0.20582D-05
  0.65000    0.11580D+01    0.45641D-03   -0.22561D-03
  0.65000    0.74469D+00    0.43851D-07    0.93446D-07
  0.65200    0.18780D+01    0.81334D-06    0.20892D-05
  0.65200    0.11587D+01    0.45547D-03   -0.22857D-03
  0.65200    0.74601D+00    0.44431D-07    0.93059D-07
  0.65400    0.18779D+01    0.84393D-06    0.21197D-05
  0.65400    0.11595D+01    0.45452D-03   -0.23152D-03
  0.65400    0.74732D+00    0.45007D-07    0.92666D-07
  0.65600    0.18779D+01    0.87478D-06    0.21496D-05
  0.65600    0.11602D+01    0.45354D-03   -0.23447D-03
  0.65600    0.74863D+00    0.45581D-07    0.92270D-07
  0.65800    0.18779D+01    0.90588D-06    0.21790D-05
  0.65800    0.11610D+01    0.45254D-03   -0.23742D-03
  0.65800    0.74993D+00    0.46151D-07    0.91868D-07
  0.66000    0.18779D+01    0.93724D-06    0.22078D-05
  0.66000    0.11617D+01    0.45153D-03   -0.24036D-03
  0.66000    0.75122D+00    0.46717D-07    0.91462D-07
  0.66200    0.18779D+01    0.96884D-06    0.22361D-05
  0.66200    0.11624D+01    0.45049D-03   -0.24329D-03
  0.66200    0.75251D+00    0.47280D-07    0.91051D-07
  0.66400    0.18779D+01    0.10007D-05    0.22638D-05
  0.66400    0.11632D+01    0.44943D-03   -0.24622D-03
  0.66400    0.75379D+00    0.47840D-07    0.90635D-07
  0.66600    0.18779D+01    0.10327D-05    0.22909D-05
  0.66600    0.11639D+01    0.44835D-03   -0.24915D-03
  0.66600    0.75506D+00    0.48396D-07    0.90215D-07
  0.66800    0.18778D+01    0.10650D-05    0.23175D-05
  0.66800    0.11646D+01    0.44724D-03   -0.25207D-03
  0.66800    0.75633D+00    0.48948D-07    0.89790D-07
  0.67000    0.18778D+01    0.10975D-05    0.23435D-05
  0.67000    0.11653D+01    0.44612D-03   -0.25499D-03
  0.67000    0.75759D+00    0.49497D-07    0.89361D-07
  0.67200    0.18778D+01    0.11302D-05    0.23690D-05
  0.67200    0.11660D+01    0.44498D-03   -0.25790D-03
  0.67200    0.75885D+00    0.50042D-07    0.88927D-07
  0.67400    0.18778D+01    0.11631D-05    0.23939D-05
  0.67400    0.11667D+01    0.44381D-03   -0.26080D-03
  0.67400    0.76010D+00    0.50583D-07    0.88488D-07
  0.67600    0.18777D+01    0.11962D-05    0.24183D-05
  0.67600    0.11675D+01    0.44263D-03   -0.26370D-03
  0.67600    0.76135D+00    0.51121D-07    0.88046D-07
  0.67800    0.18777D+01    0.12295D-05    0.24421D-05
  0.67800    0.11682D+01    0.44142D-03   -0.26659D-03
  0.67800    0.76259D+00    0.51654D-07    0.87599D-07
  0.68000    0.18777D+01    0.12630D-05    0.24653D-05
  0.68000    0.11689D+01    0.44019D-03   -0.26948D-03
  0.68000    0.76382D+00    0.52184D-07    0.87147D-07
  0.68200    0.18777D+01    0.12966D-05    0.24880D-05
  0.68200    0.11696D+01    0.43894D-03   -0.27236D-03
  0.68200    0.76505D+00    0.52710D-07    0.86691D-07
  0.68400    0.18776D+01    0.13304D-05    0.25101D-05
  0.68400    0.11703D+01    0.43768D-03   -0.27523D-03
  0.68400    0.76627D+00    0.53232D-07    0.86231D-07
  0.68600    0.18776D+01    0.13644D-05    0.25316D-05
  0.68600    0.11709D+01    0.43639D-03   -0.27810D-03
  0.68600    0.76749D+00    0.53750D-07    0.85767D-07
  0.68800    0.18776D+01    0.13985D-05    0.25526D-05
  0.68800    0.11716D+01    0.43508D-03   -0.28096D-03
  0.68800    0.76870D+00    0.54264D-07    0.85298D-07
  0.69000    0.18775D+01    0.14328D-05    0.25730D-05
  0.69000    0.11723D+01    0.43375D-03   -0.28381D-03
  0.69000    0.76991D+00    0.54774D-07    0.84825D-07
  0.69200    0.18775D+01    0.14672D-05    0.25929D-05
  0.69200    0.11730D+01    0.43240D-03   -0.28666D-03
  0.69200    0.77111D+00    0.55280D-07    0.84348D-07
  0.69400    0.18775D+01    0.15017D-05    0.26122D-05
  0.69400    0.11737D+01    0.43103D-03   -0.28950D-03
  0.69400    0.77231D+00    0.55782D-07    0.83867D-07
  0.69600    0.18774D+01    0.15364D-05    0.26310D-05
  0.69600    0.11743D+01    0.42963D-03   -0.29233D-03
  0.69600    0.77350D+00    0.56280D-07    0.83382D-07
  0.69800    0.18774D+01    0.15711D-05    0.26492D-05
  0.69800    0.11750D+01    0.42822D-03   -0.29515D-03
  0.69800    0.77468D+00    0.56773D-07    0.82892D-07
  0.70000    0.18774D+01    0.16060D-05    0.26668D-05
  0.70000    0.11757D+01    0.42679D-03   -0.29797D-03
  0.70000    0.77586D+00    0.57262D-07    0.82399D-07
  0.70200    0.18773D+01    0.16410D-05    0.26839D-05
  0.70200    0.11763D+01    0.42534D-03   -0.30078D-03
  0.70200    0.77704D+00    0.57747D-07    0.81902D-07
  0.70400    0.18773D+01    0.16761D-05    0.27004D-05
  0.70400    0.11770D+01    0.42386D-03   -0.30358D-03
  0.70400    0.77821D+00    0.58228D-07    0.81401D-07
  0.70600    0.18772D+01    0.17113D-05    0.27164D-05
  0.70600    0.11777D+01    0.42237D-03   -0.30637D-03
  0.70600    0.77937D+00    0.58704D-07    0.80895D-07
  0.70800    0.18772D+01    0.17466D-05    0.27318D-05
  0.70800    0.11783D+01    0.42086D-03   -0.30915D-03
  0.70800    0.78053D+00    0.59176D-07    0.80386D-07
  0.71000    0.18771D+01    0.17820D-05    0.27467D-05
  0.71000    0.11790D+01    0.41933D-03   -0.31193D-03
  0.71000    0.78168D+00    0.59644D-07    0.79874D-07
  0.71200    0.18771D+01    0.18174D-05    0.27610D-05
  0.71200    0.11796D+01    0.41777D-03   -0.31469D-03
  0.71200    0.78283D+00    0.60107D-07    0.79357D-07
  0.71400    0.18771D+01    0.18529D-05    0.27747D-05
  0.71400    0.11803D+01    0.41620D-03   -0.31745D-03
  0.71400    0.78398D+00    0.60565D-07    0.78837D-07
  0.71600    0.18770D+01    0.18884D-05    0.27879D-05
  0.71600    0.11809D+01    0.41461D-03   -0.32020D-03
  0.71600    0.78512D+00    0.61019D-07    0.78313D-07
  0.71800    0.18770D+01    0.19240D-05    0.28006D-05
  0.71800    0.11815D+01    0.41299D-03   -0.32294D-03
  0.71800    0.78625D+00    0.61469D-07    0.77785D-07
  0.72000    0.18769D+01    0.19597D-05    0.28127D-05
  0.72000    0.11822D+01    0.41136D-03   -0.32567D-03
  0.72000    0.78738D+00    0.61914D-07    0.77254D-07
  0.72200    0.18769D+01    0.19954D-05    0.28242D-05
  0.72200    0.11828D+01    0.40971D-03   -0.32839D-03
  0.72200    0.78851D+00    0.62354D-07    0.76719D-07
  0.72400    0.18768D+01    0.20311D-05    0.28352D-05
  0.72400    0.11834D+01    0.40804D-03   -0.33110D-03
  0.72400    0.78963D+00    0.62790D-07    0.76180D-07
  0.72600    0.18768D+01    0.20669D-05    0.28457D-05
  0.72600    0.11841D+01    0.40635D-03   -0.33381D-03
  0.72600    0.79074D+00    0.63221D-07    0.75638D-07
  0.72800    0.18767D+01    0.21027D-05    0.28556D-05
  0.72800    0.11847D+01    0.40464D-03   -0.33650D-03
  0.72800    0.79185D+00    0.63647D-07    0.75093D-07
  0.73000    0.18767D+01    0.21385D-05    0.28650D-05
  0.73000    0.11853D+01    0.40291D-03   -0.33918D-03
  0.73000    0.79296D+00    0.64069D-07    0.74544D-07
  0.73200    0.18766D+01    0.21743D-05    0.28739D-05
  0.73200    0.11859D+01    0.40116D-03   -0.34185D-03
  0.73200    0.79406D+00    0.64486D-07    0.73992D-07
  0.73400    0.18765D+01    0.22101D-05    0.28822D-05
  0.73400    0.11865D+01    0.39939D-03   -0.34451D-03
  0.73400    0.79515D+00    0.64898D-07    0.73436D-07
  0.73600    0.18765D+01    0.22459D-05    0.28899D-05
  0.73600    0.11871D+01    0.39760D-03   -0.34716D-03
  0.73600    0.79624D+00    0.65305D-07    0.72877D-07
  0.73800    0.18764D+01    0.22817D-05    0.28971D-05
  0.73800    0.11878D+01    0.39579D-03   -0.34981D-03
  0.73800    0.79733D+00    0.65707D-07    0.72315D-07
  0.74000    0.18764D+01    0.23175D-05    0.29038D-05
  0.74000    0.11884D+01    0.39396D-03   -0.35243D-03
  0.74000    0.79841D+00    0.66105D-07    0.71750D-07
  0.74200    0.18763D+01    0.23533D-05    0.29100D-05
  0.74200    0.11890D+01    0.39212D-03   -0.35505D-03
  0.74200    0.79949D+00    0.66497D-07    0.71182D-07
  0.74400    0.18763D+01    0.23890D-05    0.29156D-05
  0.74400    0.11896D+01    0.39025D-03   -0.35766D-03
  0.74400    0.80057D+00    0.66885D-07    0.70610D-07
  0.74600    0.18762D+01    0.24247D-05    0.29207D-05
  0.74600    0.11902D+01    0.38837D-03   -0.36026D-03
  0.74600    0.80163D+00    0.67267D-07    0.70035D-07
  0.74800    0.18761D+01    0.24604D-05    0.29253D-05
  0.74800    0.11908D+01    0.38647D-03   -0.36284D-03
  0.74800    0.80270D+00    0.67645D-07    0.69458D-07
  0.75000    0.18761D+01    0.24960D-05    0.29294D-05
  0.75000    0.11914D+01    0.38455D-03   -0.36542D-03
  0.75000    0.80376D+00    0.68018D-07    0.68877D-07
  0.75200    0.18760D+01    0.25316D-05    0.29329D-05
  0.75200    0.11919D+01    0.38261D-03   -0.36798D-03
  0.75200    0.80481D+00    0.68385D-07    0.68293D-07
  0.75400    0.18759D+01    0.25671D-05    0.29359D-05
  0.75400    0.11925D+01    0.38065D-03   -0.37053D-03
  0.75400    0.80587D+00    0.68748D-07    0.67707D-07
  0.75600    0.18759D+01    0.26026D-05    0.29384D-05
  0.75600    0.11931D+01    0.37867D-03   -0.37307D-03
  0.75600    0.80691D+00    0.69105D-07    0.67117D-07
  0.75800    0.18758D+01    0.26380D-05    0.29404D-05
  0.75800    0.11937D+01    0.37668D-03   -0.37560D-03
  0.75800    0.80796D+00    0.69457D-07    0.66525D-07
  0.76000    0.18758D+01    0.26733D-05    0.29419D-05
  0.76000    0.11943D+01    0.37467D-03   -0.37811D-03
  0.76000    0.80899D+00    0.69804D-07    0.65930D-07
  0.76200    0.18757D+01    0.27085D-05    0.29429D-05
  0.76200    0.11949D+01    0.37263D-03   -0.38061D-03
  0.76200    0.81003D+00    0.70146D-07    0.65332D-07
  0.76400    0.18756D+01    0.27437D-05    0.29433D-05
  0.76400    0.11954D+01    0.37058D-03   -0.38310D-03
  0.76400    0.81106D+00    0.70483D-07    0.64732D-07
  0.76600    0.18756D+01    0.27787D-05    0.29433D-05
  0.76600    0.11960D+01    0.36852D-03   -0.38558D-03
  0.76600    0.81209D+00    0.70814D-07    0.64129D-07
  0.76800    0.18755D+01    0.28137D-05    0.29427D-05
  0.76800    0.11966D+01    0.36643D-03   -0.38805D-03
  0.76800    0.81311D+00    0.71140D-07    0.63524D-07
  0.77000    0.18754D+01    0.28486D-05    0.29417D-05
  0.77000    0.11971D+01    0.36433D-03   -0.39050D-03
  0.77000    0.81413D+00    0.71461D-07    0.62916D-07
  0.77200    0.18754D+01    0.28833D-05    0.29402D-05
  0.77200    0.11977D+01    0.36221D-03   -0.39294D-03
  0.77200    0.81514D+00    0.71776D-07    0.62305D-07
  0.77400    0.18753D+01    0.29180D-05    0.29381D-05
  0.77400    0.11983D+01    0.36007D-03   -0.39536D-03
  0.77400    0.81615D+00    0.72087D-07    0.61692D-07
  0.77600    0.18752D+01    0.29525D-05    0.29356D-05
  0.77600    0.11988D+01    0.35791D-03   -0.39778D-03
  0.77600    0.81715D+00    0.72392D-07    0.61077D-07
  0.77800    0.18751D+01    0.29869D-05    0.29326D-05
  0.77800    0.11994D+01    0.35574D-03   -0.40018D-03
  0.77800    0.81816D+00    0.72691D-07    0.60459D-07
  0.78000    0.18751D+01    0.30212D-05    0.29291D-05
  0.78000    0.11999D+01    0.35354D-03   -0.40256D-03
  0.78000    0.81915D+00    0.72985D-07    0.59839D-07
  0.78200    0.18750D+01    0.30553D-05    0.29251D-05
  0.78200    0.12005D+01    0.35133D-03   -0.40493D-03
  0.78200    0.82015D+00    0.73274D-07    0.59217D-07
  0.78400    0.18749D+01    0.30893D-05    0.29206D-05
  0.78400    0.12010D+01    0.34911D-03   -0.40729D-03
  0.78400    0.82114D+00    0.73557D-07    0.58592D-07
  0.78600    0.18748D+01    0.31232D-05    0.29157D-05
  0.78600    0.12016D+01    0.34686D-03   -0.40964D-03
  0.78600    0.82212D+00    0.73835D-07    0.57965D-07
  0.78800    0.18748D+01    0.31569D-05    0.29103D-05
  0.78800    0.12021D+01    0.34460D-03   -0.41197D-03
  0.78800    0.82310D+00    0.74107D-07    0.57337D-07
  0.79000    0.18747D+01    0.31905D-05    0.29044D-05
  0.79000    0.12027D+01    0.34233D-03   -0.41428D-03
  0.79000    0.82408D+00    0.74374D-07    0.56706D-07
  0.79200    0.18746D+01    0.32239D-05    0.28981D-05
  0.79200    0.12032D+01    0.34003D-03   -0.41659D-03
  0.79200    0.82506D+00    0.74635D-07    0.56073D-07
  0.79400    0.18745D+01    0.32571D-05    0.28913D-05
  0.79400    0.12038D+01    0.33772D-03   -0.41887D-03
  0.79400    0.82603D+00    0.74891D-07    0.55438D-07
  0.79600    0.18745D+01    0.32902D-05    0.28840D-05
  0.79600    0.12043D+01    0.33539D-03   -0.42115D-03
  0.79600    0.82699D+00    0.75141D-07    0.54802D-07
  0.79800    0.18744D+01    0.33231D-05    0.28763D-05
  0.79800    0.12048D+01    0.33305D-03   -0.42340D-03
  0.79800    0.82796D+00    0.75386D-07    0.54163D-07
  0.80000    0.18743D+01    0.33558D-05    0.28681D-05
  0.80000    0.12054D+01    0.33069D-03   -0.42565D-03
  0.80000    0.82892D+00    0.75625D-07    0.53523D-07
