  0.00200  6.58142666E-10  6.12612909E-08  3.54547817E-15
  0.00400  6.51757025E-10  6.17889920E-08  3.60202209E-15
  0.00600  6.45411721E-10  6.23184691E-08  3.65852004E-15
  0.00800  6.39106620E-10  6.28497118E-08  3.71496924E-15
  0.01000  6.32841621E-10  6.33827096E-08  3.77136687E-15
  0.01200  6.26616614E-10  6.39174520E-08  3.82771018E-15
  0.01400  6.20431455E-10  6.44539284E-08  3.88399640E-15
  0.01600  6.14286077E-10  6.49921283E-08  3.94022280E-15
  0.01800  6.08180326E-10  6.55320410E-08  3.99638665E-15
  0.02000  6.02114120E-10  6.60736557E-08  4.05248525E-15
  0.02200  5.96087316E-10  6.66169619E-08  4.10851591E-15
  0.02400  5.90099827E-10  6.71619487E-08  4.16447597E-15
  0.02600  5.84151539E-10  6.77086054E-08  4.22036276E-15
  0.02800  5.78242324E-10  6.82569211E-08  4.27617365E-15
  0.03000  5.72372094E-10  6.88068849E-08  4.33190603E-15
  0.03200  5.66540708E-10  6.93584860E-08  4.38755728E-15
  0.03400  5.60748053E-10  6.99117134E-08  4.44312483E-15
  0.03600  5.54994037E-10  7.04665560E-08  4.49860610E-15
  0.03800  5.49278542E-10  7.10230030E-08  4.55399854E-15
  0.04000  5.43601457E-10  7.15810432E-08  4.60929962E-15
  0.04200  5.37962653E-10  7.21406656E-08  4.66450681E-15
  0.04400  5.32362038E-10  7.27018589E-08  4.71961761E-15
  0.04600  5.26799482E-10  7.32646122E-08  4.77462955E-15
  0.04800  5.21274884E-10  7.38289141E-08  4.82954013E-15
  0.05000  5.15788134E-10  7.43947535E-08  4.88434693E-15
  0.05200  5.10339090E-10  7.49621192E-08  4.93904749E-15
  0.05400  5.04927682E-10  7.55309997E-08  4.99363939E-15
  0.05600  4.99553769E-10  7.61013838E-08  5.04812024E-15
  0.05800  4.94217233E-10  7.66732602E-08  5.10248765E-15
  0.06000  4.88917977E-10  7.72466175E-08  5.15673925E-15
  0.06200  4.83655877E-10  7.78214443E-08  5.21087267E-15
  0.06400  4.78430834E-10  7.83977291E-08  5.26488559E-15
  0.06600  4.73242714E-10  7.89754605E-08  5.31877569E-15
  0.06800  4.68091421E-10  7.95546270E-08  5.37254065E-15
  0.07000  4.62976824E-10  8.01352170E-08  5.42617819E-15
  0.07200  4.57898812E-10  8.07172192E-08  5.47968603E-15
  0.07400  4.52857287E-10  8.13006218E-08  5.53306193E-15
  0.07600  4.47852111E-10  8.18854133E-08  5.58630363E-15
  0.07800  4.42883194E-10  8.24715820E-08  5.63940892E-15
  0.08000  4.37950392E-10  8.30591164E-08  5.69237559E-15
  0.08200  4.33053607E-10  8.36480048E-08  5.74520145E-15
  0.08400  4.28192725E-10  8.42382354E-08  5.79788432E-15
  0.08600  4.23367618E-10  8.48297967E-08  5.85042205E-15
  0.08800  4.18578190E-10  8.54226768E-08  5.90281248E-15
  0.09000  4.13824297E-10  8.60168640E-08  5.95505350E-15
  0.09200  4.09105847E-10  8.66123466E-08  6.00714300E-15
  0.09400  4.04422709E-10  8.72091127E-08  6.05907888E-15
  0.09600  3.99774765E-10  8.78071506E-08  6.11085905E-15
  0.09800  3.95161913E-10  8.84064484E-08  6.16248147E-15
  0.10000  3.90584013E-10  8.90069943E-08  6.21394409E-15
  0.10200  3.86040970E-10  8.96087764E-08  6.26524487E-15
  0.10400  3.81532647E-10  9.02117828E-08  6.31638180E-15
  0.10600  3.77058941E-10  9.08160017E-08  6.36735288E-15
  0.10800  3.72619723E-10  9.14214211E-08  6.41815613E-15
  0.11000  3.68214872E-10  9.20280291E-08  6.46878959E-15
  0.11200  3.63844277E-10  9.26358137E-08  6.51925131E-15
  0.11400  3.59507814E-10  9.32447630E-08  6.56953935E-15
  0.11600  3.55205364E-10  9.38548651E-08  6.61965179E-15
  0.11800  3.50936799E-10  9.44661078E-08  6.66958673E-15
  0.12000  3.46702015E-10  9.50784793E-08  6.71934228E-15
  0.12200  3.42500879E-10  9.56919674E-08  6.76891658E-15
  0.12400  3.38333270E-10  9.63065602E-08  6.81830776E-15
  0.12600  3.34199077E-10  9.69222455E-08  6.86751399E-15
  0.12800  3.30098160E-10  9.75390115E-08  6.91653345E-15
  0.13000  3.26030417E-10  9.81568458E-08  6.96536433E-15
  0.13200  3.21995711E-10  9.87757366E-08  7.01400482E-15
  0.13400  3.17993926E-10  9.93956716E-08  7.06245317E-15
  0.13600  3.14024933E-10  1.00016639E-07  7.11070761E-15
  0.13800  3.10088617E-10  1.00638626E-07  7.15876638E-15
  0.14000  3.06184856E-10  1.01261621E-07  7.20662776E-15
  0.14200  3.02313518E-10  1.01885612E-07  7.25429005E-15
  0.14400  2.98474479E-10  1.02510586E-07  7.30175152E-15
  0.14600  2.94667619E-10  1.03136532E-07  7.34901051E-15
  0.14800  2.90892808E-10  1.03763437E-07  7.39606535E-15
  0.15000  2.87149928E-10  1.04391289E-07  7.44291438E-15
  0.15200  2.83438852E-10  1.05020076E-07  7.48955596E-15
  0.15400  2.79759450E-10  1.05649786E-07  7.53598848E-15
  0.15600  2.76111593E-10  1.06280405E-07  7.58221031E-15
  0.15800  2.72495166E-10  1.06911924E-07  7.62821989E-15
  0.16000  2.68910036E-10  1.07544328E-07  7.67401562E-15
  0.16200  2.65356078E-10  1.08177605E-07  7.71959594E-15
  0.16400  2.61833161E-10  1.08811745E-07  7.76495931E-15
  0.16600  2.58341161E-10  1.09446733E-07  7.81010420E-15
  0.16800  2.54879947E-10  1.10082558E-07  7.85502909E-15
  0.17000  2.51449395E-10  1.10719208E-07  7.89973248E-15
  0.17200  2.48049375E-10  1.11356670E-07  7.94421289E-15
  0.17400  2.44679759E-10  1.11994933E-07  7.98846883E-15
  0.17600  2.41340409E-10  1.12633983E-07  8.03249887E-15
  0.17800  2.38031214E-10  1.13273808E-07  8.07630155E-15
  0.18000  2.34752030E-10  1.13914397E-07  8.11987545E-15
  0.18200  2.31502738E-10  1.14555736E-07  8.16321916E-15
  0.18400  2.28283196E-10  1.15197814E-07  8.20633128E-15
  0.18600  2.25093277E-10  1.15840618E-07  8.24921043E-15
  0.18800  2.21932860E-10  1.16484136E-07  8.29185524E-15
  0.19000  2.18801800E-10  1.17128355E-07  8.33426437E-15
  0.19200  2.15699983E-10  1.17773264E-07  8.37643647E-15
  0.19400  2.12627259E-10  1.18418849E-07  8.41837021E-15
  0.19600  2.09583511E-10  1.19065098E-07  8.46006430E-15
  0.19800  2.06568603E-10  1.19712000E-07  8.50151744E-15
  0.20000  2.03582397E-10  1.20359541E-07  8.54272835E-15
  0.20200  2.00624772E-10  1.21007710E-07  8.58369576E-15
  0.20400  1.97695580E-10  1.21656493E-07  8.62441843E-15
  0.20600  1.94794706E-10  1.22305879E-07  8.66489512E-15
  0.20800  1.91922006E-10  1.22955855E-07  8.70512460E-15
  0.21000  1.89077346E-10  1.23606409E-07  8.74510568E-15
  0.21200  1.86260600E-10  1.24257529E-07  8.78483716E-15
  0.21400  1.83471625E-10  1.24909201E-07  8.82431786E-15
  0.21600  1.80710298E-10  1.25561414E-07  8.86354662E-15
  0.21800  1.77976474E-10  1.26214156E-07  8.90252229E-15
  0.22000  1.75270031E-10  1.26867413E-07  8.94124374E-15
  0.22200  1.72590823E-10  1.27521173E-07  8.97970984E-15
  0.22400  1.69938718E-10  1.28175425E-07  9.01791949E-15
  0.22600  1.67313588E-10  1.28830155E-07  9.05587160E-15
  0.22800  1.64715289E-10  1.29485351E-07  9.09356508E-15
  0.23000  1.62143693E-10  1.30141001E-07  9.13099888E-15
  0.23200  1.59598660E-10  1.30797093E-07  9.16817195E-15
  0.23400  1.57080056E-10  1.31453614E-07  9.20508325E-15
  0.23600  1.54587749E-10  1.32110551E-07  9.24173175E-15
  0.23800  1.52121594E-10  1.32767892E-07  9.27811646E-15
  0.24000  1.49681465E-10  1.33425625E-07  9.31423637E-15
  0.24200  1.47267216E-10  1.34083738E-07  9.35009052E-15
  0.24400  1.44878719E-10  1.34742218E-07  9.38567792E-15
  0.24600  1.42515833E-10  1.35401052E-07  9.42099764E-15
  0.24800  1.40178422E-10  1.36060229E-07  9.45604873E-15
  0.25000  1.37866353E-10  1.36719735E-07  9.49083027E-15
  0.25200  1.35579481E-10  1.37379559E-07  9.52534136E-15
  0.25400  1.33317678E-10  1.38039687E-07  9.55958108E-15
  0.25600  1.31080801E-10  1.38700109E-07  9.59354857E-15
  0.25800  1.28868716E-10  1.39360810E-07  9.62724296E-15
  0.26000  1.26681282E-10  1.40021780E-07  9.66066338E-15
  0.26200  1.24518363E-10  1.40683005E-07  9.69380900E-15
  0.26400  1.22379823E-10  1.41344473E-07  9.72667899E-15
  0.26600  1.20265520E-10  1.42006171E-07  9.75927253E-15
  0.26800  1.18175325E-10  1.42668089E-07  9.79158884E-15
  0.27000  1.16109089E-10  1.43330212E-07  9.82362711E-15
  0.27200  1.14066682E-10  1.43992528E-07  9.85538658E-15
  0.27400  1.12047964E-10  1.44655026E-07  9.88686649E-15
  0.27600  1.10052794E-10  1.45317693E-07  9.91806608E-15
  0.27800  1.08081038E-10  1.45980516E-07  9.94898464E-15
  0.28000  1.06132554E-10  1.46643484E-07  9.97962144E-15
  0.28200  1.04207207E-10  1.47306583E-07  1.00099758E-14
  0.28400  1.02304856E-10  1.47969802E-07  1.00400469E-14
  0.28600  1.00425363E-10  1.48633128E-07  1.00698343E-14
  0.28800  9.85685924E-11  1.49296548E-07  1.00993371E-14
  0.29000  9.67344016E-11  1.49960052E-07  1.01285548E-14
  0.29200  9.49226553E-11  1.50623625E-07  1.01574867E-14
  0.29400  9.31332112E-11  1.51287257E-07  1.01861322E-14
  0.29600  9.13659360E-11  1.51950934E-07  1.02144906E-14
  0.29800  8.96206879E-11  1.52614644E-07  1.02425614E-14
  0.30000  8.78973272E-11  1.53278376E-07  1.02703441E-14
  0.30200  8.61957180E-11  1.53942116E-07  1.02978379E-14
  0.30400  8.45157201E-11  1.54605853E-07  1.03250423E-14
  0.30600  8.28571964E-11  1.55269573E-07  1.03519569E-14
  0.30800  8.12200067E-11  1.55933266E-07  1.03785811E-14
  0.31000  7.96040132E-11  1.56596919E-07  1.04049143E-14
  0.31200  7.80090782E-11  1.57260519E-07  1.04309560E-14
  0.31400  7.64350610E-11  1.57924054E-07  1.04567058E-14
  0.31600  7.48818266E-11  1.58587513E-07  1.04821632E-14
  0.31800  7.33492323E-11  1.59250882E-07  1.05073277E-14
  0.32000  7.18371441E-11  1.59914150E-07  1.05321988E-14
  0.32200  7.03454212E-11  1.60577304E-07  1.05567762E-14
  0.32400  6.88739248E-11  1.61240332E-07  1.05810593E-14
  0.32600  6.74225187E-11  1.61903223E-07  1.06050478E-14
  0.32800  6.59910631E-11  1.62565963E-07  1.06287412E-14
  0.33000  6.45794222E-11  1.63228542E-07  1.06521392E-14
  0.33200  6.31874555E-11  1.63890946E-07  1.06752414E-14
  0.33400  6.18150275E-11  1.64553163E-07  1.06980474E-14
  0.33600  6.04619991E-11  1.65215182E-07  1.07205569E-14
  0.33800  5.91282321E-11  1.65876990E-07  1.07427695E-14
  0.34000  5.78135904E-11  1.66538575E-07  1.07646849E-14
  0.34200  5.65179351E-11  1.67199926E-07  1.07863028E-14
  0.34400  5.52411308E-11  1.67861029E-07  1.08076229E-14
  0.34600  5.39830386E-11  1.68521873E-07  1.08286449E-14
  0.34800  5.27435220E-11  1.69182447E-07  1.08493685E-14
  0.35000  5.15224445E-11  1.69842737E-07  1.08697934E-14
  0.35200  5.03196683E-11  1.70502732E-07  1.08899195E-14
  0.35400  4.91350581E-11  1.71162420E-07  1.09097464E-14
  0.35600  4.79684759E-11  1.71821789E-07  1.09292740E-14
  0.35800  4.68197867E-11  1.72480827E-07  1.09485019E-14
  0.36000  4.56888529E-11  1.73139522E-07  1.09674302E-14
  0.36200  4.45755394E-11  1.73797862E-07  1.09860584E-14
  0.36400  4.34797104E-11  1.74455835E-07  1.10043865E-14
  0.36600  4.24012300E-11  1.75113429E-07  1.10224143E-14
  0.36800  4.13399629E-11  1.75770633E-07  1.10401416E-14
  0.37000  4.02957734E-11  1.76427433E-07  1.10575683E-14
  0.37200  3.92685272E-11  1.77083820E-07  1.10746943E-14
  0.37400  3.82580882E-11  1.77739780E-07  1.10915194E-14
  0.37600  3.72643219E-11  1.78395301E-07  1.11080436E-14
  0.37800  3.62870945E-11  1.79050373E-07  1.11242667E-14
  0.38000  3.53262712E-11  1.79704983E-07  1.11401887E-14
  0.38200  3.43817182E-11  1.80359119E-07  1.11558095E-14
  0.38400  3.34533010E-11  1.81012770E-07  1.11711291E-14
  0.38600  3.25408871E-11  1.81665924E-07  1.11861474E-14
  0.38800  3.16443422E-11  1.82318568E-07  1.12008643E-14
  0.39000  3.07635329E-11  1.82970693E-07  1.12152799E-14
  0.39200  2.98983276E-11  1.83622284E-07  1.12293942E-14
  0.39400  2.90485920E-11  1.84273332E-07  1.12432071E-14
  0.39600  2.82141949E-11  1.84923824E-07  1.12567187E-14
  0.39800  2.73950035E-11  1.85573749E-07  1.12699290E-14
  0.40000  2.65908863E-11  1.86223095E-07  1.12828381E-14
  0.40200  2.58017112E-11  1.86871850E-07  1.12954459E-14
  0.40400  2.50273470E-11  1.87520003E-07  1.13077526E-14
  0.40600  2.42676636E-11  1.88167542E-07  1.13197582E-14
  0.40800  2.35225288E-11  1.88814456E-07  1.13314629E-14
  0.41000  2.27918132E-11  1.89460733E-07  1.13428666E-14
  0.41200  2.20753859E-11  1.90106361E-07  1.13539696E-14
  0.41400  2.13731169E-11  1.90751330E-07  1.13647720E-14
  0.41600  2.06848776E-11  1.91395627E-07  1.13752738E-14
  0.41800  2.00105375E-11  1.92039242E-07  1.13854752E-14
  0.42000  1.93499684E-11  1.92682162E-07  1.13953765E-14
  0.42200  1.87030412E-11  1.93324376E-07  1.14049777E-14
  0.42400  1.80696280E-11  1.93965874E-07  1.14142790E-14
  0.42600  1.74496009E-11  1.94606643E-07  1.14232806E-14
  0.42800  1.68428316E-11  1.95246672E-07  1.14319828E-14
  0.43000  1.62491932E-11  1.95885950E-07  1.14403858E-14
  0.43200  1.56685584E-11  1.96524465E-07  1.14484897E-14
  0.43400  1.51008009E-11  1.97162207E-07  1.14562948E-14
  0.43600  1.45457942E-11  1.97799164E-07  1.14638013E-14
  0.43800  1.40034123E-11  1.98435325E-07  1.14710096E-14
  0.44000  1.34735301E-11  1.99070678E-07  1.14779198E-14
  0.44200  1.29560216E-11  1.99705212E-07  1.14845323E-14
  0.44400  1.24507627E-11  2.00338917E-07  1.14908474E-14
  0.44600  1.19576284E-11  2.00971780E-07  1.14968653E-14
  0.44800  1.14764950E-11  2.01603792E-07  1.15025865E-14
  0.45000  1.10072386E-11  2.02234940E-07  1.15080111E-14
  0.45200  1.05497355E-11  2.02865214E-07  1.15131395E-14
  0.45400  1.01038635E-11  2.03494602E-07  1.15179722E-14
  0.45600  9.66949944E-12  2.04123094E-07  1.15225094E-14
  0.45800  9.24652162E-12  2.04750679E-07  1.15267515E-14
  0.46000  8.83480794E-12  2.05377346E-07  1.15306989E-14
  0.46200  8.43423729E-12  2.06003083E-07  1.15343520E-14
  0.46400  8.04468872E-12  2.06627879E-07  1.15377112E-14
  0.46600  7.66604163E-12  2.07251725E-07  1.15407769E-14
  0.46800  7.29817600E-12  2.07874609E-07  1.15435495E-14
  0.47000  6.94097203E-12  2.08496519E-07  1.15460296E-14
  0.47200  6.59431076E-12  2.09117446E-07  1.15482174E-14
  0.47400  6.25807316E-12  2.09737378E-07  1.15501135E-14
  0.47600  5.93214089E-12  2.10356305E-07  1.15517183E-14
  0.47800  5.61639612E-12  2.10974216E-07  1.15530324E-14
  0.48000  5.31072125E-12  2.11591100E-07  1.15540561E-14
  0.48200  5.01499932E-12  2.12206947E-07  1.15547901E-14
  0.48400  4.72911365E-12  2.12821746E-07  1.15552348E-14
  0.48600  4.45294820E-12  2.13435485E-07  1.15553907E-14
  0.48800  4.18638724E-12  2.14048156E-07  1.15552584E-14
  0.49000  3.92931553E-12  2.14659746E-07  1.15548383E-14
  0.49200  3.68161838E-12  2.15270246E-07  1.15541312E-14
  0.49400  3.44318146E-12  2.15879644E-07  1.15531374E-14
  0.49600  3.21389099E-12  2.16487931E-07  1.15518577E-14
  0.49800  2.99363362E-12  2.17095096E-07  1.15502925E-14
  0.50000  2.78229649E-12  2.17701129E-07  1.15484425E-14
  0.50200  2.57976724E-12  2.18306018E-07  1.15463082E-14
  0.50400  2.38593398E-12  2.18909754E-07  1.15438904E-14
  0.50600  2.20068532E-12  2.19512327E-07  1.15411895E-14
  0.50800  2.02391035E-12  2.20113725E-07  1.15382063E-14
  0.51000  1.85549866E-12  2.20713939E-07  1.15349414E-14
  0.51200  1.69534032E-12  2.21312959E-07  1.15313953E-14
  0.51400  1.54332598E-12  2.21910774E-07  1.15275689E-14
  0.51600  1.39934671E-12  2.22507374E-07  1.15234628E-14
  0.51800  1.26329412E-12  2.23102748E-07  1.15190776E-14
  0.52000  1.13506032E-12  2.23696887E-07  1.15144141E-14
  0.52200  1.01453798E-12  2.24289781E-07  1.15094729E-14
  0.52400  9.01620180E-13  2.24881419E-07  1.15042547E-14
  0.52600  7.96200680E-13  2.25471792E-07  1.14987604E-14
  0.52800  6.98173682E-13  2.26060889E-07  1.14929905E-14
  0.53000  6.07433839E-13  2.26648700E-07  1.14869460E-14
  0.53200  5.23876444E-13  2.27235216E-07  1.14806274E-14
  0.53400  4.47397295E-13  2.27820426E-07  1.14740356E-14
  0.53600  3.77892692E-13  2.28404321E-07  1.14671713E-14
  0.53800  3.15259505E-13  2.28986890E-07  1.14600354E-14
  0.54000  2.59395142E-13  2.29568125E-07  1.14526286E-14
  0.54200  2.10197578E-13  2.30148014E-07  1.14449517E-14
  0.54400  1.67565193E-13  2.30726549E-07  1.14370055E-14
  0.54600  1.31397178E-13  2.31303719E-07  1.14287908E-14
  0.54800  1.01592992E-13  2.31879516E-07  1.14203085E-14
  0.55000  7.80528270E-14  2.32453928E-07  1.14115594E-14
  0.55200  6.06774145E-14  2.33026947E-07  1.14025444E-14
  0.55400  4.93679190E-14  2.33598563E-07  1.13932642E-14
  0.55600  4.40262607E-14  2.34168767E-07  1.13837198E-14
  0.55800  4.45546976E-14  2.34737548E-07  1.13739121E-14
  0.56000  5.08563360E-14  2.35304898E-07  1.13638419E-14
  0.56200  6.28344896E-14  2.35870806E-07  1.13535101E-14
  0.56400  8.03934054E-14  2.36435264E-07  1.13429176E-14
  0.56600  1.03437655E-13  2.36998262E-07  1.13320653E-14
  0.56800  1.31872451E-13  2.37559791E-07  1.13209542E-14
  0.57000  1.65603607E-13  2.38119841E-07  1.13095851E-14
  0.57200  2.04537472E-13  2.38678403E-07  1.12979591E-14
  0.57400  2.48581061E-13  2.39235469E-07  1.12860770E-14
  0.57600  2.97641867E-13  2.39791027E-07  1.12739398E-14
  0.57800  3.51627996E-13  2.40345070E-07  1.12615485E-14
  0.58000  4.10448197E-13  2.40897589E-07  1.12489040E-14
  0.58200  4.74011680E-13  2.41448573E-07  1.12360074E-14
  0.58400  5.42228421E-13  2.41998015E-07  1.12228596E-14
  0.58600  6.15008799E-13  2.42545905E-07  1.12094615E-14
  0.58800  6.92263912E-13  2.43092233E-07  1.11958143E-14
  0.59000  7.73905410E-13  2.43636992E-07  1.11819189E-14
  0.59200  8.59845504E-13  2.44180172E-07  1.11677764E-14
  0.59400  9.49997089E-13  2.44721764E-07  1.11533878E-14
  0.59600  1.04427356E-12  2.45261759E-07  1.11387541E-14
  0.59800  1.14258897E-12  2.45800149E-07  1.11238763E-14
  0.60000  1.24485794E-12  2.46336925E-07  1.11087556E-14
  0.60200  1.35099572E-12  2.46872078E-07  1.10933930E-14
  0.60400  1.46091816E-12  2.47405599E-07  1.10777895E-14
  0.60600  1.57454168E-12  2.47937480E-07  1.10619463E-14
  0.60800  1.69178334E-12  2.48467711E-07  1.10458645E-14
  0.61000  1.81256079E-12  2.48996285E-07  1.10295451E-14
  0.61200  1.93679231E-12  2.49523193E-07  1.10129892E-14
  0.61400  2.06439674E-12  2.50048426E-07  1.09961980E-14
  0.61600  2.19529359E-12  2.50571976E-07  1.09791725E-14
  0.61800  2.32940292E-12  2.51093834E-07  1.09619140E-14
  0.62000  2.46664550E-12  2.51613993E-07  1.09444235E-14
  0.62200  2.60694249E-12  2.52132443E-07  1.09267022E-14
  0.62400  2.75021600E-12  2.52649176E-07  1.09087513E-14
  0.62600  2.89638846E-12  2.53164184E-07  1.08905718E-14
  0.62800  3.04538301E-12  2.53677459E-07  1.08721650E-14
  0.63000  3.19712351E-12  2.54188992E-07  1.08535321E-14
  0.63200  3.35153424E-12  2.54698776E-07  1.08346742E-14
  0.63400  3.50854030E-12  2.55206802E-07  1.08155926E-14
  0.63600  3.66806718E-12  2.55713062E-07  1.07962883E-14
  0.63800  3.83004126E-12  2.56217548E-07  1.07767627E-14
  0.64000  3.99438932E-12  2.56720252E-07  1.07570169E-14
  0.64200  4.16103874E-12  2.57221166E-07  1.07370522E-14
  0.64400  4.32991777E-12  2.57720283E-07  1.07168698E-14
  0.64600  4.50095502E-12  2.58217593E-07  1.06964710E-14
  0.64800  4.67407990E-12  2.58713090E-07  1.06758569E-14
  0.65000  4.84922221E-12  2.59206766E-07  1.06550288E-14
  0.65200  5.02631265E-12  2.59698613E-07  1.06339880E-14
  0.65400  5.20528240E-12  2.60188622E-07  1.06127358E-14
  0.65600  5.38606314E-12  2.60676787E-07  1.05912734E-14
  0.65800  5.56858751E-12  2.61163100E-07  1.05696020E-14
  0.66000  5.75278830E-12  2.61647553E-07  1.05477231E-14
  0.66200  5.93859934E-12  2.62130139E-07  1.05256378E-14
  0.66400  6.12595490E-12  2.62610849E-07  1.05033476E-14
  0.66600  6.31478976E-12  2.63089677E-07  1.04808536E-14
  0.66800  6.50503975E-12  2.63566616E-07  1.04581572E-14
  0.67000  6.69664062E-12  2.64041657E-07  1.04352597E-14
  0.67200  6.88952942E-12  2.64514793E-07  1.04121624E-14
  0.67400  7.08364345E-12  2.64986018E-07  1.03888668E-14
  0.67600  7.27892065E-12  2.65455324E-07  1.03653741E-14
  0.67800  7.47529980E-12  2.65922703E-07  1.03416856E-14
  0.68000  7.67271994E-12  2.66388148E-07  1.03178027E-14
  0.68200  7.87112117E-12  2.66851653E-07  1.02937269E-14
  0.68400  8.07044364E-12  2.67313210E-07  1.02694594E-14
  0.68600  8.27062876E-12  2.67772811E-07  1.02450016E-14
  0.68800  8.47161810E-12  2.68230452E-07  1.02203549E-14
  0.69000  8.67335398E-12  2.68686123E-07  1.01955206E-14
  0.69200  8.87577942E-12  2.69139818E-07  1.01705003E-14
  0.69400  9.07883766E-12  2.69591531E-07  1.01452953E-14
  0.69600  9.28247348E-12  2.70041254E-07  1.01199069E-14
  0.69800  9.48663115E-12  2.70488981E-07  1.00943366E-14
  0.70000  9.69125612E-12  2.70934704E-07  1.00685858E-14
  0.70200  9.89629465E-12  2.71378418E-07  1.00426559E-14
  0.70400  1.01016929E-11  2.71820116E-07  1.00165484E-14
  0.70600  1.03073988E-11  2.72259790E-07  9.99026472E-15
  0.70800  1.05133596E-11  2.72697434E-07  9.96380625E-15
  0.71000  1.07195238E-11  2.73133043E-07  9.93717445E-15
  0.71200  1.09258408E-11  2.73566608E-07  9.91037078E-15
  0.71400  1.11322601E-11  2.73998125E-07  9.88339670E-15
  0.71600  1.13387319E-11  2.74427586E-07  9.85625367E-15
  0.71800  1.15452068E-11  2.74854985E-07  9.82894316E-15
  0.72000  1.17516369E-11  2.75280316E-07  9.80146665E-15
  0.72200  1.19579734E-11  2.75703572E-07  9.77382561E-15
  0.72400  1.21641701E-11  2.76124748E-07  9.74602154E-15
  0.72600  1.23701792E-11  2.76543836E-07  9.71805591E-15
  0.72800  1.25759552E-11  2.76960832E-07  9.68993023E-15
  0.73000  1.27814525E-11  2.77375728E-07  9.66164600E-15
  0.73200  1.29866260E-11  2.77788520E-07  9.63320474E-15
  0.73400  1.31914318E-11  2.78199200E-07  9.60460794E-15
  0.73600  1.33958250E-11  2.78607763E-07  9.57585713E-15
  0.73800  1.35997638E-11  2.79014202E-07  9.54695383E-15
  0.74000  1.38032049E-11  2.79418513E-07  9.51789957E-15
  0.74200  1.40061062E-11  2.79820690E-07  9.48869588E-15
  0.74400  1.42084272E-11  2.80220725E-07  9.45934430E-15
  0.74600  1.44101259E-11  2.80618615E-07  9.42984637E-15
  0.74800  1.46111628E-11  2.81014352E-07  9.40020365E-15
  0.75000  1.48114977E-11  2.81407932E-07  9.37041768E-15
  0.75200  1.50110926E-11  2.81799349E-07  9.34049002E-15
  0.75400  1.52099080E-11  2.82188597E-07  9.31042223E-15
  0.75600  1.54079063E-11  2.82575671E-07  9.28021589E-15
  0.75800  1.56050502E-11  2.82960565E-07  9.24987256E-15
  0.76000  1.58013027E-11  2.83343275E-07  9.21939382E-15
  0.76200  1.59966283E-11  2.83723793E-07  9.18878125E-15
  0.76400  1.61909904E-11  2.84102116E-07  9.15803644E-15
  0.76600  1.63843547E-11  2.84478238E-07  9.12716097E-15
  0.76800  1.65766867E-11  2.84852154E-07  9.09615645E-15
  0.77000  1.67679514E-11  2.85223859E-07  9.06502446E-15
  0.77200  1.69581172E-11  2.85593347E-07  9.03376662E-15
  0.77400  1.71471499E-11  2.85960613E-07  9.00238453E-15
  0.77600  1.73350177E-11  2.86325653E-07  8.97087980E-15
  0.77800  1.75216889E-11  2.86688461E-07  8.93925406E-15
  0.78000  1.77071326E-11  2.87049032E-07  8.90750891E-15
  0.78200  1.78913176E-11  2.87407362E-07  8.87564598E-15
  0.78400  1.80742143E-11  2.87763446E-07  8.84366690E-15
  0.78600  1.82557931E-11  2.88117278E-07  8.81157331E-15
  0.78800  1.84360252E-11  2.88468855E-07  8.77936683E-15
  0.79000  1.86148825E-11  2.88818171E-07  8.74704912E-15
  0.79200  1.87923362E-11  2.89165222E-07  8.71462180E-15
  0.79400  1.89683594E-11  2.89510002E-07  8.68208654E-15
  0.79600  1.91429255E-11  2.89852509E-07  8.64944498E-15
  0.79800  1.93160082E-11  2.90192736E-07  8.61669878E-15
  0.80000  1.94875816E-11  2.90530681E-07  8.58384959E-15
