
 Autocorrelation function Re = 1.00000000 Im = 0.00000000 Square =  1.00000001

 Overlap with state 1 : n =  1  l = 0 Re =  0.1000D+01 Im =  0.0000D+00  Square =   0.1000D+01

 Overlap with state 2 : n =  2  l = 0 Re =  0.9427D-09 Im =  0.0000D+00  Square =   0.8887D-18

 Overlap with state 3 : n =  2  l = 1 Re =  0.0000D+00 Im =  0.0000D+00  Square =   0.0000D+00

 Overlap with state 4 : n =  3  l = 0 Re =  0.5131D-09 Im =  0.0000D+00  Square =   0.2633D-18

 Overlap with state 5 : n =  3  l = 1 Re =  0.0000D+00 Im =  0.0000D+00  Square =   0.0000D+00

 Overlap with state 6 : n =  3  l = 2 Re =  0.0000D+00 Im =  0.0000D+00  Square =   0.0000D+00

 channel =   0   contribution =    0.1000E+01

 channel =   1   contribution =    0.0000E+00

 channel =   2   contribution =    0.0000E+00

 channel =   3   contribution =    0.0000E+00

 channel =   4   contribution =    0.0000E+00

 norm =  1.00000000

 Autocorrelation function Re = 0.96766543 Im = 0.25223721 Square =  1.00000000

 Overlap with state 1 : n =  1  l = 0 Re =  0.9677D+00 Im =  0.2522D+00  Square =   0.1000D+01

 Overlap with state 2 : n =  2  l = 0 Re =  0.2837D-06 Im = -0.1755D-05  Square =   0.3161D-11

 Overlap with state 3 : n =  2  l = 1 Re = -0.4988D-05 Im =  0.2617D-04  Square =   0.7096D-09

 Overlap with state 4 : n =  3  l = 0 Re =  0.1304D-06 Im = -0.9088D-06  Square =   0.8428D-12

 Overlap with state 5 : n =  3  l = 1 Re = -0.1867D-05 Im =  0.1050D-04  Square =   0.1137D-09

 Overlap with state 6 : n =  3  l = 2 Re = -0.3258D-09 Im = -0.5793D-10  Square =   0.1095D-18

 channel =   0   contribution =    0.1000E+01

 channel =   1   contribution =    0.1275E-08

 channel =   2   contribution =    0.8191E-18

 channel =   3   contribution =    0.4214E-27

 channel =   4   contribution =    0.1947E-36

 norm =  1.00000000

 Autocorrelation function Re = 0.87518260 Im = 0.48379273 Square =  0.99999999

 Overlap with state 1 : n =  1  l = 0 Re =  0.8752D+00 Im =  0.4838D+00  Square =   0.1000D+01

 Overlap with state 2 : n =  2  l = 0 Re =  0.1097D-05 Im = -0.3329D-05  Square =   0.1228D-10

 Overlap with state 3 : n =  2  l = 1 Re = -0.3617D-04 Im =  0.9274D-04  Square =   0.9908D-08

 Overlap with state 4 : n =  3  l = 0 Re =  0.5038D-06 Im = -0.1735D-05  Square =   0.3264D-11

 Overlap with state 5 : n =  3  l = 1 Re = -0.1354D-04 Im =  0.3742D-04  Square =   0.1584D-08

 Overlap with state 6 : n =  3  l = 2 Re = -0.4367D-08 Im = -0.1579D-08  Square =   0.2157D-16

 channel =   0   contribution =    0.1000E+01

 channel =   1   contribution =    0.1769E-07

 channel =   2   contribution =    0.1607E-15

 channel =   3   contribution =    0.1162E-23

 channel =   4   contribution =    0.7496E-32

 norm =  1.00000000

 Autocorrelation function Re = 0.72828874 Im = 0.68527035 Square =  0.99999994

 Overlap with state 1 : n =  1  l = 0 Re =  0.7283D+00 Im =  0.6853D+00  Square =   0.1000D+01

 Overlap with state 2 : n =  2  l = 0 Re =  0.2396D-05 Im = -0.4614D-05  Square =   0.2704D-10

 Overlap with state 3 : n =  2  l = 1 Re = -0.1033D-03 Im =  0.1695D-03  Square =   0.3942D-07

 Overlap with state 4 : n =  3  l = 0 Re =  0.1101D-05 Im = -0.2435D-05  Square =   0.7140D-11

 Overlap with state 5 : n =  3  l = 1 Re = -0.3861D-04 Im =  0.6917D-04  Square =   0.6275D-08

 Overlap with state 6 : n =  3  l = 2 Re = -0.1628D-07 Im = -0.9073D-08  Square =   0.3474D-15

 channel =   0   contribution =    0.1000E+01

 channel =   1   contribution =    0.6961E-07

 channel =   2   contribution =    0.2571E-14

 channel =   3   contribution =    0.7504E-22

 channel =   4   contribution =    0.1947E-29

 norm =  1.00000000

 Autocorrelation function Re = 0.53611641 Im = 0.84414397 Square =  0.99999985

 Overlap with state 1 : n =  1  l = 0 Re =  0.5361D+00 Im =  0.8441D+00  Square =   0.1000D+01

 Overlap with state 2 : n =  2  l = 0 Re =  0.4090D-05 Im = -0.5492D-05  Square =   0.4689D-10

 Overlap with state 3 : n =  2  l = 1 Re = -0.1912D-03 Im =  0.2237D-03  Square =   0.8660D-07

 Overlap with state 4 : n =  3  l = 0 Re =  0.1882D-05 Im = -0.2956D-05  Square =   0.1228D-10

 Overlap with state 5 : n =  3  l = 1 Re = -0.7108D-04 Im =  0.9303D-04  Square =   0.1371D-07

 Overlap with state 6 : n =  3  l = 2 Re = -0.3297D-07 Im = -0.2513D-07  Square =   0.1719D-14

 channel =   0   contribution =    0.1000E+01

 channel =   1   contribution =    0.1509E-06

 channel =   2   contribution =    0.1260E-13

 channel =   3   contribution =    0.8252E-21

 channel =   4   contribution =    0.4780E-28

 norm =  1.00000000

 Autocorrelation function Re = 0.31061318 Im = 0.95053629 Square =  0.99999979

 Overlap with state 1 : n =  1  l = 0 Re =  0.3106D+00 Im =  0.9505D+00  Square =   0.1000D+01

 Overlap with state 2 : n =  2  l = 0 Re =  0.6046D-05 Im = -0.5889D-05  Square =   0.7123D-10

 Overlap with state 3 : n =  2  l = 1 Re = -0.2626D-03 Im =  0.2375D-03  Square =   0.1254D-06

 Overlap with state 4 : n =  3  l = 0 Re =  0.2792D-05 Im = -0.3264D-05  Square =   0.1845D-10

 Overlap with state 5 : n =  3  l = 1 Re = -0.9654D-04 Im =  0.1020D-03  Square =   0.1972D-07

 Overlap with state 6 : n =  3  l = 2 Re = -0.4423D-07 Im = -0.4172D-07  Square =   0.3697D-14

 channel =   0   contribution =    0.1000E+01

 channel =   1   contribution =    0.2156E-06

 channel =   2   contribution =    0.2684E-13

 channel =   3   contribution =    0.2603E-20

 channel =   4   contribution =    0.2221E-27

 norm =  1.00000000

 Autocorrelation function Re = 0.06579885 Im = 0.99783280 Square =  0.99999979

 Overlap with state 1 : n =  1  l = 0 Re =  0.6580D-01 Im =  0.9978D+00  Square =   0.1000D+01

 Overlap with state 2 : n =  2  l = 0 Re =  0.8122D-05 Im = -0.5780D-05  Square =   0.9937D-10

 Overlap with state 3 : n =  2  l = 1 Re = -0.2721D-03 Im =  0.2212D-03  Square =   0.1229D-06

 Overlap with state 4 : n =  3  l = 0 Re =  0.3767D-05 Im = -0.3345D-05  Square =   0.2538D-10

 Overlap with state 5 : n =  3  l = 1 Re = -0.9737D-04 Im =  0.9953D-04  Square =   0.1939D-07

 Overlap with state 6 : n =  3  l = 2 Re = -0.4248D-07 Im = -0.4135D-07  Square =   0.3515D-14

 channel =   0   contribution =    0.1000E+01

 channel =   1   contribution =    0.2124E-06

 channel =   2   contribution =    0.2561E-13

 channel =   3   contribution =    0.2413E-20

 channel =   4   contribution =    0.2004E-27

 norm =  1.00000000

 Autocorrelation function Re =-0.18310623 Im = 0.98309305 Square =  0.99999985

 Overlap with state 1 : n =  1  l = 0 Re = -0.1831D+00 Im =  0.9831D+00  Square =   0.1000D+01

 Overlap with state 2 : n =  2  l = 0 Re =  0.1018D-04 Im = -0.5163D-05  Square =   0.1302D-09

 Overlap with state 3 : n =  2  l = 1 Re = -0.1856D-03 Im =  0.2141D-03  Square =   0.8027D-07

 Overlap with state 4 : n =  3  l = 0 Re =  0.4743D-05 Im = -0.3195D-05  Square =   0.3270D-10

 Overlap with state 5 : n =  3  l = 1 Re = -0.6010D-04 Im =  0.1003D-03  Square =   0.1368D-07

 Overlap with state 6 : n =  3  l = 2 Re = -0.2862D-07 Im = -0.1429D-07  Square =   0.1023D-14

 channel =   0   contribution =    0.1000E+01

 channel =   1   contribution =    0.1579E-06

 channel =   2   contribution =    0.8783E-14

 channel =   3   contribution =    0.3814E-21

 channel =   4   contribution =    0.1555E-28

 norm =  1.00000000

 Autocorrelation function Re =-0.42062736 Im = 0.90723339 Square =  0.99999980

 Overlap with state 1 : n =  1  l = 0 Re = -0.4206D+00 Im =  0.9072D+00  Square =   0.1000D+01

 Overlap with state 2 : n =  2  l = 0 Re =  0.1206D-04 Im = -0.4015D-05  Square =   0.1616D-09

 Overlap with state 3 : n =  2  l = 1 Re =  0.2847D-05 Im =  0.2745D-03  Square =   0.7538D-07

 Overlap with state 4 : n =  3  l = 0 Re =  0.5651D-05 Im = -0.2805D-05  Square =   0.3981D-10

 Overlap with state 5 : n =  3  l = 1 Re =  0.1822D-04 Im =  0.1263D-03  Square =   0.1628D-07

 Overlap with state 6 : n =  3  l = 2 Re =  0.9860D-09 Im =  0.1998D-07  Square =   0.4003D-15

 channel =   0   contribution =    0.1000E+01

 channel =   1   contribution =    0.2068E-06

 channel =   2   contribution =    0.1655E-13

 channel =   3   contribution =    0.9031E-21

 channel =   4   contribution =    0.3916E-28

 norm =  1.00000000

 Autocorrelation function Re =-0.63199752 Im = 0.77496998 Square =  0.99999934

 Overlap with state 1 : n =  1  l = 0 Re = -0.6320D+00 Im =  0.7750D+00  Square =   0.1000D+01

 Overlap with state 2 : n =  2  l = 0 Re =  0.1356D-04 Im = -0.2288D-05  Square =   0.1890D-09

 Overlap with state 3 : n =  2  l = 1 Re =  0.2632D-03 Im =  0.4609D-03  Square =   0.2817D-06

 Overlap with state 4 : n =  3  l = 0 Re =  0.6400D-05 Im = -0.2160D-05  Square =   0.4562D-10

 Overlap with state 5 : n =  3  l = 1 Re =  0.1270D-03 Im =  0.1996D-03  Square =   0.5597D-07

 Overlap with state 6 : n =  3  l = 2 Re =  0.8397D-07 Im =  0.1003D-07  Square =   0.7151D-14

 channel =   0   contribution =    0.1000E+01

 channel =   1   contribution =    0.6696E-06

 channel =   2   contribution =    0.2046E-12

 channel =   3   contribution =    0.4705E-19

 channel =   4   contribution =    0.9698E-26

 norm =  1.00000000

 Autocorrelation function Re =-0.80407540 Im = 0.59452570 Square =  0.99999805

 Overlap with state 1 : n =  1  l = 0 Re = -0.8041D+00 Im =  0.5945D+00  Square =   0.1000D+01

 Overlap with state 2 : n =  2  l = 0 Re =  0.1434D-04 Im =  0.3410D-07  Square =   0.2057D-09

 Overlap with state 3 : n =  2  l = 1 Re =  0.5340D-03 Im =  0.8115D-03  Square =   0.9437D-06

 Overlap with state 4 : n =  3  l = 0 Re =  0.6862D-05 Im = -0.1254D-05  Square =   0.4866D-10

 Overlap with state 5 : n =  3  l = 1 Re =  0.2438D-03 Im =  0.3350D-03  Square =   0.1717D-06

 Overlap with state 6 : n =  3  l = 2 Re =  0.3162D-06 Im = -0.9859D-07  Square =   0.1097D-12

 channel =   0   contribution =    0.1000E+01

 channel =   1   contribution =    0.1952E-05

 channel =   2   contribution =    0.1760E-11

 channel =   3   contribution =    0.1096E-17

 channel =   4   contribution =    0.6017E-24

 norm =  1.00000000

 Autocorrelation function Re =-0.92616244 Im = 0.37711897 Square =  0.99999557

 Overlap with state 1 : n =  1  l = 0 Re = -0.9262D+00 Im =  0.3771D+00  Square =   0.1000D+01

 Overlap with state 2 : n =  2  l = 0 Re =  0.1402D-04 Im =  0.2846D-05  Square =   0.2046D-09

 Overlap with state 3 : n =  2  l = 1 Re =  0.7370D-03 Im =  0.1331D-02  Square =   0.2314D-05

 Overlap with state 4 : n =  3  l = 0 Re =  0.6883D-05 Im = -0.1205D-06  Square =   0.4739D-10

 Overlap with state 5 : n =  3  l = 1 Re =  0.3398D-03 Im =  0.5349D-03  Square =   0.4016D-06

 Overlap with state 6 : n =  3  l = 2 Re =  0.8452D-06 Im = -0.3143D-06  Square =   0.8131D-12

 channel =   0   contribution =    0.1000E+01

 channel =   1   contribution =    0.4433E-05

 channel =   2   contribution =    0.9795E-11

 channel =   3   contribution =    0.1461E-16

 channel =   4   contribution =    0.1812E-22

 norm =  1.00000000

 Autocorrelation function Re =-0.99066803 Im = 0.13626638 Square =  0.99999167

 Overlap with state 1 : n =  1  l = 0 Re = -0.9907D+00 Im =  0.1363D+00  Square =   0.1000D+01

 Overlap with state 2 : n =  2  l = 0 Re =  0.1220D-04 Im =  0.5848D-05  Square =   0.1831D-09

 Overlap with state 3 : n =  2  l = 1 Re =  0.7969D-03 Im =  0.1984D-02  Square =   0.4572D-05

 Overlap with state 4 : n =  3  l = 0 Re =  0.6315D-05 Im =  0.1141D-05  Square =   0.4119D-10

 Overlap with state 5 : n =  3  l = 1 Re =  0.3870D-03 Im =  0.7872D-03  Square =   0.7695D-06

 Overlap with state 6 : n =  3  l = 2 Re =  0.1825D-05 Im = -0.5608D-06  Square =   0.3645D-11

 channel =   0   contribution =    0.1000E+01

 channel =   1   contribution =    0.8331E-05

 channel =   2   contribution =    0.3780E-10

 channel =   3   contribution =    0.1168E-15

 channel =   4   contribution =    0.2932E-21

 norm =  1.00000000

 Autocorrelation function Re =-0.99358159 Im =-0.11305762 Square =  0.99998640

 Overlap with state 1 : n =  1  l = 0 Re = -0.9936D+00 Im = -0.1131D+00  Square =   0.1000D+01

 Overlap with state 2 : n =  2  l = 0 Re =  0.8669D-05 Im =  0.8549D-05  Square =   0.1483D-09

 Overlap with state 3 : n =  2  l = 1 Re =  0.6602D-03 Im =  0.2707D-02  Square =   0.7762D-05

 Overlap with state 4 : n =  3  l = 0 Re =  0.5062D-05 Im =  0.2367D-05  Square =   0.3123D-10

 Overlap with state 5 : n =  3  l = 1 Re =  0.3653D-03 Im =  0.1068D-02  Square =   0.1275D-05

 Overlap with state 6 : n =  3  l = 2 Re =  0.3352D-05 Im = -0.6748D-06  Square =   0.1169D-10

 channel =   0   contribution =    0.1000E+01

 channel =   1   contribution =    0.1361E-04

 channel =   2   contribution =    0.1103E-09

 channel =   3   contribution =    0.6187E-15

 channel =   4   contribution =    0.2790E-20

 norm =  1.00000000

 Autocorrelation function Re =-0.93472197 Im =-0.35535180 Square =  0.99998006

 Overlap with state 1 : n =  1  l = 0 Re = -0.9347D+00 Im = -0.3554D+00  Square =   0.1000D+01

 Overlap with state 2 : n =  2  l = 0 Re =  0.3460D-05 Im =  0.1037D-04  Square =   0.1195D-09

 Overlap with state 3 : n =  2  l = 1 Re =  0.3066D-03 Im =  0.3415D-02  Square =   0.1176D-04

 Overlap with state 4 : n =  3  l = 0 Re =  0.3121D-05 Im =  0.3361D-05  Square =   0.2103D-10

 Overlap with state 5 : n =  3  l = 1 Re =  0.2671D-03 Im =  0.1349D-02  Square =   0.1890D-05

 Overlap with state 6 : n =  3  l = 2 Re =  0.5408D-05 Im = -0.4487D-06  Square =   0.2944D-10

 channel =   0   contribution =    0.1000E+01

 channel =   1   contribution =    0.1994E-04

 channel =   2   contribution =    0.2596E-09

 channel =   3   contribution =    0.2372E-14

 channel =   4   contribution =    0.1733E-19

 norm =  1.00000000

 Autocorrelation function Re =-0.81774880 Im =-0.57555201 Square =  0.99997321

 Overlap with state 1 : n =  1  l = 0 Re = -0.8177D+00 Im = -0.5756D+00  Square =   0.1000D+01

 Overlap with state 2 : n =  2  l = 0 Re = -0.3069D-05 Im =  0.1078D-04  Square =   0.1257D-09

 Overlap with state 3 : n =  2  l = 1 Re = -0.2463D-03 Im =  0.4026D-02  Square =   0.1627D-04

 Overlap with state 4 : n =  3  l = 0 Re =  0.5960D-06 Im =  0.3937D-05  Square =   0.1586D-10

 Overlap with state 5 : n =  3  l = 1 Re =  0.9820D-04 Im =  0.1598D-02  Square =   0.2562D-05

 Overlap with state 6 : n =  3  l = 2 Re =  0.7844D-05 Im =  0.3002D-06  Square =   0.6162D-10

 channel =   0   contribution =    0.1000E+01

 channel =   1   contribution =    0.2679E-04

 channel =   2   contribution =    0.5144E-09

 channel =   3   contribution =    0.7022E-14

 channel =   4   contribution =    0.7636E-19

 norm =  1.00000000

 Autocorrelation function Re =-0.64993492 Im =-0.75996785 Square =  0.99996653

 Overlap with state 1 : n =  1  l = 0 Re = -0.6499D+00 Im = -0.7600D+00  Square =   0.1000D+01

 Overlap with state 2 : n =  2  l = 0 Re = -0.1030D-04 Im =  0.9487D-05  Square =   0.1960D-09

 Overlap with state 3 : n =  2  l = 1 Re = -0.9470D-03 Im =  0.4472D-02  Square =   0.2089D-04

 Overlap with state 4 : n =  3  l = 0 Re = -0.2308D-05 Im =  0.3977D-05  Square =   0.2114D-10

 Overlap with state 5 : n =  3  l = 1 Re = -0.1227D-03 Im =  0.1791D-02  Square =   0.3221D-05

 Overlap with state 6 : n =  3  l = 2 Re =  0.1040D-04 Im =  0.1657D-05  Square =   0.1109D-09

 channel =   0   contribution =    0.1000E+01

 channel =   1   contribution =    0.3347E-04

 channel =   2   contribution =    0.8842E-09

 channel =   3   contribution =    0.1677E-13

 channel =   4   contribution =    0.2528E-18

 norm =  1.00000000

 Autocorrelation function Re =-0.44171411 Im =-0.89713398 Square =  0.99996073

 Overlap with state 1 : n =  1  l = 0 Re = -0.4417D+00 Im = -0.8971D+00  Square =   0.1000D+01

 Overlap with state 2 : n =  2  l = 0 Re = -0.1744D-04 Im =  0.6504D-05  Square =   0.3464D-09

 Overlap with state 3 : n =  2  l = 1 Re = -0.1719D-02 Im =  0.4712D-02  Square =   0.2515D-04

 Overlap with state 4 : n =  3  l = 0 Re = -0.5320D-05 Im =  0.3463D-05  Square =   0.4029D-10

 Overlap with state 5 : n =  3  l = 1 Re = -0.3679D-03 Im =  0.1913D-02  Square =   0.3796D-05

 Overlap with state 6 : n =  3  l = 2 Re =  0.1276D-04 Im =  0.3555D-05  Square =   0.1755D-09

 channel =   0   contribution =    0.1000E+01

 channel =   1   contribution =    0.3927E-04

 channel =   2   contribution =    0.1344E-08

 channel =   3   contribution =    0.3326E-13

 channel =   4   contribution =    0.6524E-18

 norm =  1.00000000

 Autocorrelation function Re =-0.20603231 Im =-0.97852291 Square =  0.99995639

 Overlap with state 1 : n =  1  l = 0 Re = -0.2060D+00 Im = -0.9785D+00  Square =   0.1000D+01

 Overlap with state 2 : n =  2  l = 0 Re = -0.2371D-04 Im =  0.2261D-05  Square =   0.5674D-09

 Overlap with state 3 : n =  2  l = 1 Re = -0.2470D-02 Im =  0.4742D-02  Square =   0.2859D-04

 Overlap with state 4 : n =  3  l = 0 Re = -0.8140D-05 Im =  0.2507D-05  Square =   0.7254D-10

 Overlap with state 5 : n =  3  l = 1 Re = -0.6040D-03 Im =  0.1965D-02  Square =   0.4224D-05

 Overlap with state 6 : n =  3  l = 2 Re =  0.1462D-04 Im =  0.5747D-05  Square =   0.2469D-09

 channel =   0   contribution =    0.1000E+01

 channel =   1   contribution =    0.4361E-04

 channel =   2   contribution =    0.1828E-08

 channel =   3   contribution =    0.5559E-13

 channel =   4   contribution =    0.1337E-17

 norm =  1.00000000

 Autocorrelation function Re = 0.04245742 Im =-0.99907518 Square =  0.99995384

 Overlap with state 1 : n =  1  l = 0 Re =  0.4246D-01 Im = -0.9991D+00  Square =   0.1000D+01

 Overlap with state 2 : n =  2  l = 0 Re = -0.2847D-04 Im = -0.2434D-05  Square =   0.8162D-09

 Overlap with state 3 : n =  2  l = 1 Re = -0.3110D-02 Im =  0.4600D-02  Square =   0.3083D-04

 Overlap with state 4 : n =  3  l = 0 Re = -0.1048D-04 Im =  0.1340D-05  Square =   0.1116D-09

 Overlap with state 5 : n =  3  l = 1 Re = -0.7976D-03 Im =  0.1958D-02  Square =   0.4471D-05

 Overlap with state 6 : n =  3  l = 2 Re =  0.1577D-04 Im =  0.7818D-05  Square =   0.3098D-09

 channel =   0   contribution =    0.1000E+01

 channel =   1   contribution =    0.4616E-04

 channel =   2   contribution =    0.2236E-08

 channel =   3   contribution =    0.7848E-13

 channel =   4   contribution =    0.2176E-17

 norm =  1.00000000

 Autocorrelation function Re = 0.28830591 Im =-0.95751379 Square =  0.99995296

 Overlap with state 1 : n =  1  l = 0 Re =  0.2883D+00 Im = -0.9575D+00  Square =   0.1000D+01

 Overlap with state 2 : n =  2  l = 0 Re = -0.3131D-04 Im = -0.6480D-05  Square =   0.1022D-08

 Overlap with state 3 : n =  2  l = 1 Re = -0.3564D-02 Im =  0.4366D-02  Square =   0.3176D-04

 Overlap with state 4 : n =  3  l = 0 Re = -0.1208D-04 Im =  0.2929D-06  Square =   0.1461D-09

 Overlap with state 5 : n =  3  l = 1 Re = -0.9211D-03 Im =  0.1924D-02  Square =   0.4552D-05

 Overlap with state 6 : n =  3  l = 2 Re =  0.1612D-04 Im =  0.9229D-05  Square =   0.3451D-09

 channel =   0   contribution =    0.1000E+01

 channel =   1   contribution =    0.4704E-04

 channel =   2   contribution =    0.2455E-08

 channel =   3   contribution =    0.9264E-13

 channel =   4   contribution =    0.2759E-17

 norm =  1.00000000

 Autocorrelation function Re = 0.29786618 Im =-0.95458299 Square =  0.99995296

 Overlap with state 1 : n =  1  l = 0 Re =  0.2979D+00 Im = -0.9546D+00  Square =   0.1000D+01

 Overlap with state 2 : n =  2  l = 0 Re = -0.3138D-04 Im = -0.6611D-05  Square =   0.1028D-08

 Overlap with state 3 : n =  2  l = 1 Re = -0.3577D-02 Im =  0.4356D-02  Square =   0.3177D-04

 Overlap with state 4 : n =  3  l = 0 Re = -0.1213D-04 Im =  0.2588D-06  Square =   0.1472D-09

 Overlap with state 5 : n =  3  l = 1 Re = -0.9243D-03 Im =  0.1923D-02  Square =   0.4553D-05

 Overlap with state 6 : n =  3  l = 2 Re =  0.1612D-04 Im =  0.9264D-05  Square =   0.3457D-09

 channel =   0   contribution =    0.1000E+01

 channel =   1   contribution =    0.4705E-04

 channel =   2   contribution =    0.2459E-08

 channel =   3   contribution =    0.9288E-13

 channel =   4   contribution =    0.2769E-17

 norm =  1.00000000

#  E(au)      Spectr    bet0    bet1     bet2     bet3     bet4     bet5     bet6     bet7     bet8
  0.00200 0.698E-04  1.00000 -0.01687  1.99945 -0.01082  0.00011 -0.00000 -0.00000 -0.00000  0.00000
  0.00400 0.684E-04  1.00000 -0.01913  1.99947 -0.01352  0.00012 -0.00000 -0.00000 -0.00000  0.00000
  0.00600 0.671E-04  1.00000 -0.02085  1.99949 -0.01558  0.00014 -0.00000  0.00000 -0.00000  0.00000
  0.00800 0.658E-04  1.00000 -0.02229  1.99950 -0.01731  0.00015 -0.00000  0.00000 -0.00000  0.00000
  0.01000 0.646E-04  1.00000 -0.02355  1.99952 -0.01884  0.00016 -0.00000  0.00000 -0.00000  0.00000
  0.01200 0.634E-04  1.00000 -0.02469  1.99953 -0.02021  0.00018 -0.00000  0.00000 -0.00000  0.00000
  0.01400 0.621E-04  1.00000 -0.02574  1.99954 -0.02147  0.00019 -0.00000  0.00000 -0.00000  0.00000
  0.01600 0.610E-04  1.00000 -0.02671  1.99955 -0.02264  0.00020 -0.00000  0.00000 -0.00000  0.00000
  0.01800 0.598E-04  1.00000 -0.02763  1.99956 -0.02373  0.00022 -0.00000  0.00000 -0.00000  0.00000
  0.02000 0.587E-04  1.00000 -0.02850  1.99957 -0.02476  0.00023 -0.00000  0.00000 -0.00000  0.00000
  0.02200 0.575E-04  1.00000 -0.02932  1.99958 -0.02574  0.00024 -0.00000  0.00000 -0.00000  0.00000
  0.02400 0.565E-04  1.00000 -0.03012  1.99959 -0.02668  0.00026 -0.00000  0.00000 -0.00000  0.00000
  0.02600 0.554E-04  1.00000 -0.03088  1.99960 -0.02757  0.00027 -0.00000  0.00000 -0.00000  0.00000
  0.02800 0.543E-04  1.00000 -0.03162  1.99961 -0.02843  0.00028 -0.00000  0.00000 -0.00000  0.00000
  0.03000 0.533E-04  1.00000 -0.03233  1.99962 -0.02925  0.00029 -0.00000  0.00000 -0.00000  0.00000
  0.03200 0.523E-04  1.00000 -0.03303  1.99963 -0.03005  0.00030 -0.00000  0.00000 -0.00000  0.00000
  0.03400 0.513E-04  1.00000 -0.03370  1.99964 -0.03082  0.00032 -0.00000  0.00000 -0.00000  0.00000
  0.03600 0.503E-04  1.00000 -0.03436  1.99964 -0.03157  0.00033 -0.00000  0.00000 -0.00000  0.00000
  0.03800 0.494E-04  1.00000 -0.03500  1.99965 -0.03230  0.00034 -0.00000  0.00000 -0.00000  0.00000
  0.04000 0.484E-04  1.00000 -0.03563  1.99966 -0.03301  0.00035 -0.00000  0.00000 -0.00000  0.00000
  0.04200 0.475E-04  1.00000 -0.03624  1.99967 -0.03370  0.00036 -0.00000  0.00000 -0.00000  0.00000
  0.04400 0.466E-04  1.00000 -0.03684  1.99967 -0.03437  0.00038 -0.00000  0.00000 -0.00000  0.00000
  0.04600 0.457E-04  1.00000 -0.03743  1.99968 -0.03503  0.00039 -0.00000  0.00000 -0.00000  0.00000
  0.04800 0.449E-04  1.00000 -0.03800  1.99969 -0.03567  0.00040 -0.00000  0.00000 -0.00000  0.00000
  0.05000 0.440E-04  1.00000 -0.03857  1.99969 -0.03630  0.00041 -0.00000  0.00000 -0.00000  0.00000
  0.05200 0.432E-04  1.00000 -0.03912  1.99970 -0.03691  0.00042 -0.00000  0.00000 -0.00000  0.00000
  0.05400 0.424E-04  1.00000 -0.03966  1.99971 -0.03751  0.00043 -0.00000  0.00000 -0.00000  0.00000
  0.05600 0.416E-04  1.00000 -0.04019  1.99971 -0.03811  0.00044 -0.00000  0.00000 -0.00000  0.00000
  0.05800 0.408E-04  1.00000 -0.04071  1.99972 -0.03869  0.00046 -0.00000  0.00000 -0.00000  0.00000
  0.06000 0.400E-04  1.00000 -0.04123  1.99972 -0.03926  0.00047 -0.00000  0.00000 -0.00000  0.00000
  0.06200 0.393E-04  1.00000 -0.04173  1.99973 -0.03982  0.00048 -0.00000  0.00000 -0.00000  0.00000
  0.06400 0.385E-04  1.00000 -0.04223  1.99974 -0.04037  0.00049 -0.00000  0.00000 -0.00000  0.00000
  0.06600 0.378E-04  1.00000 -0.04272  1.99974 -0.04092  0.00050 -0.00000  0.00000 -0.00000  0.00000
  0.06800 0.371E-04  1.00000 -0.04321  1.99975 -0.04146  0.00051 -0.00000  0.00000 -0.00000  0.00000
  0.07000 0.364E-04  1.00000 -0.04369  1.99975 -0.04198  0.00052 -0.00000  0.00000 -0.00000  0.00000
  0.07200 0.357E-04  1.00000 -0.04417  1.99976 -0.04251  0.00054 -0.00000  0.00000 -0.00000  0.00000
  0.07400 0.350E-04  1.00000 -0.04464  1.99976 -0.04302  0.00055 -0.00000  0.00000 -0.00000  0.00000
  0.07600 0.344E-04  1.00000 -0.04512  1.99977 -0.04353  0.00056 -0.00000  0.00000 -0.00000  0.00000
  0.07800 0.337E-04  1.00000 -0.04558  1.99978 -0.04403  0.00057 -0.00000  0.00000 -0.00000  0.00000
  0.08000 0.331E-04  1.00000 -0.04605  1.99978 -0.04453  0.00058 -0.00000  0.00000 -0.00000  0.00000
  0.08200 0.325E-04  1.00000 -0.04652  1.99979 -0.04502  0.00059 -0.00000  0.00000 -0.00000  0.00000
  0.08400 0.318E-04  1.00000 -0.04698  1.99979 -0.04550  0.00060 -0.00000  0.00000 -0.00000  0.00000
  0.08600 0.312E-04  1.00000 -0.04745  1.99980 -0.04599  0.00061 -0.00000  0.00000 -0.00000  0.00000
  0.08800 0.307E-04  1.00000 -0.04791  1.99980 -0.04646  0.00062 -0.00001  0.00000 -0.00000  0.00000
  0.09000 0.301E-04  1.00000 -0.04837  1.99981 -0.04693  0.00064 -0.00001  0.00000 -0.00000  0.00000
  0.09200 0.295E-04  1.00000 -0.04884  1.99981 -0.04740  0.00065 -0.00001  0.00000 -0.00000  0.00000
  0.09400 0.289E-04  1.00000 -0.04931  1.99982 -0.04786  0.00066 -0.00001  0.00000 -0.00000  0.00000
  0.09600 0.284E-04  1.00000 -0.04977  1.99982 -0.04832  0.00067 -0.00001  0.00000 -0.00000  0.00000
  0.09800 0.279E-04  1.00000 -0.05024  1.99983 -0.04877  0.00068 -0.00001  0.00000 -0.00000  0.00000
  0.10000 0.273E-04  1.00000 -0.05071  1.99983 -0.04922  0.00069 -0.00001  0.00000 -0.00000  0.00000
  0.10200 0.268E-04  1.00000 -0.05118  1.99983 -0.04967  0.00070 -0.00001  0.00000 -0.00000  0.00000
  0.10400 0.263E-04  1.00000 -0.05165  1.99984 -0.05012  0.00071 -0.00001  0.00000 -0.00000  0.00000
  0.10600 0.258E-04  1.00000 -0.05212  1.99984 -0.05056  0.00072 -0.00001  0.00000 -0.00000  0.00000
  0.10800 0.253E-04  1.00000 -0.05260  1.99985 -0.05099  0.00074 -0.00001  0.00000 -0.00000  0.00000
  0.11000 0.248E-04  1.00000 -0.05307  1.99985 -0.05143  0.00075 -0.00001  0.00000 -0.00000  0.00000
  0.11200 0.244E-04  1.00000 -0.05355  1.99986 -0.05186  0.00076 -0.00001  0.00000 -0.00000  0.00000
  0.11400 0.239E-04  1.00000 -0.05402  1.99986 -0.05229  0.00077 -0.00001  0.00000 -0.00000  0.00000
  0.11600 0.235E-04  1.00000 -0.05450  1.99986 -0.05272  0.00078 -0.00001  0.00000 -0.00000  0.00000
  0.11800 0.230E-04  1.00000 -0.05498  1.99987 -0.05314  0.00079 -0.00001  0.00000 -0.00000  0.00000
  0.12000 0.226E-04  1.00000 -0.05545  1.99987 -0.05357  0.00080 -0.00001  0.00000 -0.00000  0.00000
  0.12200 0.221E-04  1.00000 -0.05593  1.99988 -0.05399  0.00082 -0.00001  0.00000 -0.00000  0.00000
  0.12400 0.217E-04  1.00000 -0.05641  1.99988 -0.05440  0.00083 -0.00001  0.00000 -0.00000  0.00000
  0.12600 0.213E-04  1.00000 -0.05689  1.99988 -0.05482  0.00084 -0.00001  0.00000 -0.00000  0.00000
  0.12800 0.209E-04  1.00000 -0.05736  1.99989 -0.05523  0.00085 -0.00001  0.00000 -0.00000  0.00000
  0.13000 0.205E-04  1.00000 -0.05784  1.99989 -0.05565  0.00086 -0.00001  0.00000 -0.00000  0.00000
  0.13200 0.201E-04  1.00000 -0.05832  1.99989 -0.05606  0.00087 -0.00001  0.00000 -0.00000  0.00000
  0.13400 0.197E-04  1.00000 -0.05880  1.99990 -0.05647  0.00088 -0.00001  0.00000 -0.00000  0.00000
  0.13600 0.194E-04  1.00000 -0.05928  1.99990 -0.05688  0.00090 -0.00001  0.00000 -0.00000  0.00000
  0.13800 0.190E-04  1.00000 -0.05975  1.99990 -0.05728  0.00091 -0.00001  0.00000 -0.00000  0.00000
  0.14000 0.186E-04  1.00000 -0.06023  1.99991 -0.05769  0.00092 -0.00001  0.00000 -0.00000  0.00000
  0.14200 0.183E-04  1.00000 -0.06071  1.99991 -0.05809  0.00093 -0.00001  0.00000 -0.00000  0.00000
  0.14400 0.179E-04  1.00000 -0.06119  1.99991 -0.05850  0.00094 -0.00001  0.00000 -0.00000  0.00000
  0.14600 0.176E-04  1.00000 -0.06167  1.99992 -0.05890  0.00095 -0.00001  0.00000 -0.00000  0.00000
  0.14800 0.172E-04  1.00000 -0.06215  1.99992 -0.05930  0.00097 -0.00001  0.00000 -0.00000  0.00000
  0.15000 0.169E-04  1.00000 -0.06263  1.99992 -0.05970  0.00098 -0.00001  0.00000 -0.00000  0.00000
  0.15200 0.166E-04  1.00000 -0.06312  1.99993 -0.06010  0.00099 -0.00001  0.00000 -0.00000  0.00000
  0.15400 0.163E-04  1.00000 -0.06360  1.99993 -0.06049  0.00100 -0.00001  0.00000 -0.00000  0.00000
  0.15600 0.159E-04  1.00000 -0.06409  1.99994 -0.06089  0.00101 -0.00001  0.00000 -0.00000  0.00000
  0.15800 0.156E-04  1.00000 -0.06458  1.99994 -0.06129  0.00103 -0.00001  0.00000 -0.00000  0.00000
  0.16000 0.153E-04  1.00000 -0.06507  1.99994 -0.06168  0.00104 -0.00001  0.00000 -0.00000  0.00000
  0.16200 0.150E-04  1.00000 -0.06556  1.99995 -0.06208  0.00105 -0.00001  0.00000 -0.00000  0.00000
  0.16400 0.147E-04  1.00000 -0.06606  1.99995 -0.06248  0.00106 -0.00001  0.00000 -0.00000  0.00000
  0.16600 0.145E-04  1.00000 -0.06656  1.99995 -0.06287  0.00108 -0.00001  0.00000 -0.00000  0.00000
  0.16800 0.142E-04  1.00000 -0.06707  1.99996 -0.06326  0.00109 -0.00001  0.00000 -0.00000  0.00000
  0.17000 0.139E-04  1.00000 -0.06758  1.99996 -0.06366  0.00110 -0.00001  0.00000 -0.00000  0.00000
  0.17200 0.136E-04  1.00000 -0.06809  1.99996 -0.06405  0.00111 -0.00001  0.00000 -0.00000  0.00000
  0.17400 0.134E-04  1.00000 -0.06861  1.99997 -0.06445  0.00113 -0.00001  0.00000 -0.00000  0.00000
  0.17600 0.131E-04  1.00000 -0.06913  1.99997 -0.06484  0.00114 -0.00001  0.00000 -0.00000  0.00000
  0.17800 0.128E-04  1.00000 -0.06966  1.99998 -0.06523  0.00115 -0.00001  0.00000 -0.00000  0.00000
  0.18000 0.126E-04  1.00000 -0.07019  1.99998 -0.06563  0.00117 -0.00001  0.00000 -0.00000  0.00000
  0.18200 0.124E-04  1.00000 -0.07073  1.99998 -0.06602  0.00118 -0.00001  0.00000 -0.00000  0.00000
  0.18400 0.121E-04  1.00000 -0.07127  1.99999 -0.06641  0.00119 -0.00001  0.00000 -0.00000  0.00000
  0.18600 0.119E-04  1.00000 -0.07182  1.99999 -0.06681  0.00121 -0.00001  0.00000 -0.00000  0.00000
  0.18800 0.116E-04  1.00000 -0.07238  2.00000 -0.06720  0.00122 -0.00001  0.00000 -0.00000  0.00000
  0.19000 0.114E-04  1.00000 -0.07294  2.00000 -0.06760  0.00123 -0.00001  0.00000 -0.00000  0.00000
  0.19200 0.112E-04  1.00000 -0.07350  2.00000 -0.06799  0.00125 -0.00001  0.00000 -0.00000  0.00000
  0.19400 0.110E-04  1.00000 -0.07407  2.00001 -0.06838  0.00126 -0.00001  0.00000 -0.00000  0.00000
  0.19600 0.107E-04  1.00000 -0.07465  2.00001 -0.06878  0.00127 -0.00001  0.00000 -0.00000  0.00000
  0.19800 0.105E-04  1.00000 -0.07523  2.00001 -0.06918  0.00129 -0.00001  0.00000 -0.00000  0.00000
  0.20000 0.103E-04  1.00000 -0.07582  2.00002 -0.06957  0.00130 -0.00001  0.00000 -0.00000  0.00000
  0.20200 0.101E-04  1.00000 -0.07641  2.00002 -0.06997  0.00131 -0.00001  0.00000 -0.00000  0.00000
  0.20400 0.992E-05  1.00000 -0.07701  2.00002 -0.07037  0.00133 -0.00001  0.00000 -0.00000  0.00000
  0.20600 0.972E-05  1.00000 -0.07761  2.00003 -0.07076  0.00134 -0.00001  0.00000 -0.00000  0.00000
  0.20800 0.953E-05  1.00000 -0.07822  2.00003 -0.07116  0.00136 -0.00002  0.00000 -0.00000  0.00000
  0.21000 0.934E-05  1.00000 -0.07883  2.00003 -0.07156  0.00137 -0.00002  0.00000 -0.00000  0.00000
  0.21200 0.915E-05  1.00000 -0.07945  2.00004 -0.07196  0.00139 -0.00002  0.00000 -0.00000  0.00000
  0.21400 0.897E-05  1.00000 -0.08007  2.00004 -0.07236  0.00140 -0.00002  0.00000 -0.00000  0.00000
  0.21600 0.879E-05  1.00000 -0.08069  2.00004 -0.07276  0.00142 -0.00002  0.00000 -0.00000  0.00000
  0.21800 0.861E-05  1.00000 -0.08133  2.00005 -0.07316  0.00143 -0.00002  0.00000 -0.00000  0.00000
  0.22000 0.844E-05  1.00000 -0.08196  2.00005 -0.07357  0.00145 -0.00002  0.00000 -0.00000  0.00000
  0.22200 0.827E-05  1.00000 -0.08260  2.00005 -0.07397  0.00146 -0.00002  0.00000 -0.00000  0.00000
  0.22400 0.810E-05  1.00000 -0.08324  2.00006 -0.07438  0.00148 -0.00002  0.00000 -0.00000  0.00000
  0.22600 0.794E-05  1.00000 -0.08389  2.00006 -0.07478  0.00149 -0.00002  0.00000 -0.00000  0.00000
  0.22800 0.777E-05  1.00000 -0.08454  2.00006 -0.07519  0.00151 -0.00002  0.00000 -0.00000  0.00000
  0.23000 0.762E-05  1.00000 -0.08520  2.00006 -0.07560  0.00152 -0.00002  0.00000 -0.00000  0.00000
  0.23200 0.746E-05  1.00000 -0.08586  2.00007 -0.07601  0.00154 -0.00002  0.00000 -0.00000  0.00000
  0.23400 0.731E-05  1.00000 -0.08652  2.00007 -0.07642  0.00155 -0.00002  0.00000 -0.00000  0.00000
  0.23600 0.716E-05  1.00000 -0.08718  2.00007 -0.07683  0.00157 -0.00002  0.00000 -0.00000  0.00000
  0.23800 0.701E-05  1.00000 -0.08785  2.00008 -0.07724  0.00159 -0.00002  0.00000 -0.00000  0.00000
  0.24000 0.687E-05  1.00000 -0.08853  2.00008 -0.07765  0.00160 -0.00002  0.00000 -0.00000  0.00000
  0.24200 0.673E-05  1.00000 -0.08921  2.00008 -0.07807  0.00162 -0.00002  0.00000 -0.00000  0.00000
  0.24400 0.659E-05  1.00000 -0.08989  2.00009 -0.07849  0.00164 -0.00002  0.00000 -0.00000  0.00000
  0.24600 0.645E-05  1.00000 -0.09057  2.00009 -0.07890  0.00165 -0.00002  0.00000 -0.00000  0.00000
  0.24800 0.632E-05  1.00000 -0.09127  2.00009 -0.07932  0.00167 -0.00002  0.00000 -0.00000  0.00000
  0.25000 0.619E-05  1.00000 -0.09196  2.00010 -0.07974  0.00169 -0.00002  0.00000 -0.00000  0.00000
  0.25200 0.606E-05  1.00000 -0.09266  2.00010 -0.08017  0.00171 -0.00002  0.00000 -0.00000  0.00000
  0.25400 0.594E-05  1.00000 -0.09336  2.00010 -0.08059  0.00172 -0.00002  0.00000 -0.00000  0.00000
  0.25600 0.581E-05  1.00000 -0.09407  2.00011 -0.08102  0.00174 -0.00002  0.00000 -0.00000  0.00000
  0.25800 0.569E-05  1.00000 -0.09479  2.00011 -0.08144  0.00176 -0.00002  0.00000 -0.00000  0.00000
  0.26000 0.557E-05  1.00000 -0.09551  2.00011 -0.08187  0.00178 -0.00002  0.00000 -0.00000  0.00000
  0.26200 0.545E-05  1.00000 -0.09623  2.00012 -0.08230  0.00180 -0.00002  0.00000 -0.00000  0.00000
  0.26400 0.534E-05  1.00000 -0.09697  2.00012 -0.08273  0.00181 -0.00002  0.00000 -0.00000  0.00000
  0.26600 0.523E-05  1.00000 -0.09770  2.00013 -0.08317  0.00183 -0.00002  0.00000 -0.00000  0.00000
  0.26800 0.512E-05  1.00000 -0.09845  2.00013 -0.08360  0.00185 -0.00002  0.00000 -0.00000  0.00000
  0.27000 0.501E-05  1.00000 -0.09920  2.00013 -0.08404  0.00187 -0.00002  0.00000 -0.00000  0.00000
  0.27200 0.490E-05  1.00000 -0.09996  2.00014 -0.08448  0.00189 -0.00002  0.00000 -0.00000  0.00000
  0.27400 0.480E-05  1.00000 -0.10073  2.00014 -0.08492  0.00191 -0.00002  0.00000 -0.00000  0.00000
  0.27600 0.470E-05  1.00000 -0.10150  2.00015 -0.08536  0.00193 -0.00002  0.00000 -0.00000  0.00000
  0.27800 0.460E-05  1.00000 -0.10228  2.00015 -0.08581  0.00195 -0.00002  0.00000 -0.00000  0.00000
  0.28000 0.450E-05  1.00000 -0.10307  2.00016 -0.08626  0.00197 -0.00002  0.00000 -0.00000  0.00000
  0.28200 0.440E-05  1.00000 -0.10387  2.00016 -0.08671  0.00199 -0.00003  0.00000 -0.00000  0.00000
  0.28400 0.431E-05  1.00000 -0.10468  2.00017 -0.08716  0.00201 -0.00003  0.00000 -0.00000  0.00000
  0.28600 0.421E-05  1.00000 -0.10549  2.00017 -0.08761  0.00203 -0.00003  0.00000 -0.00000  0.00000
  0.28800 0.412E-05  1.00000 -0.10632  2.00018 -0.08807  0.00205 -0.00003  0.00000 -0.00000  0.00000
  0.29000 0.403E-05  1.00000 -0.10715  2.00018 -0.08853  0.00207 -0.00003  0.00000 -0.00000  0.00000
  0.29200 0.395E-05  1.00000 -0.10800  2.00019 -0.08899  0.00210 -0.00003  0.00000 -0.00000  0.00000
  0.29400 0.386E-05  1.00000 -0.10885  2.00019 -0.08945  0.00212 -0.00003  0.00000 -0.00000  0.00000
  0.29600 0.378E-05  1.00000 -0.10971  2.00020 -0.08992  0.00214 -0.00003  0.00000 -0.00000  0.00000
  0.29800 0.369E-05  1.00000 -0.11059  2.00021 -0.09039  0.00216 -0.00003  0.00000 -0.00000  0.00000
  0.30000 0.361E-05  1.00000 -0.11147  2.00021 -0.09086  0.00218 -0.00003  0.00000 -0.00000  0.00000
  0.30200 0.353E-05  1.00000 -0.11237  2.00022 -0.09133  0.00221 -0.00003  0.00000 -0.00000  0.00000
  0.30400 0.345E-05  1.00000 -0.11327  2.00022 -0.09181  0.00223 -0.00003  0.00000 -0.00000  0.00000
  0.30600 0.338E-05  1.00000 -0.11418  2.00023 -0.09228  0.00225 -0.00003  0.00000 -0.00000  0.00000
  0.30800 0.330E-05  1.00000 -0.11511  2.00024 -0.09277  0.00228 -0.00003  0.00000 -0.00000  0.00000
  0.31000 0.323E-05  1.00000 -0.11604  2.00024 -0.09325  0.00230 -0.00003  0.00000 -0.00000  0.00000
  0.31200 0.316E-05  1.00000 -0.11699  2.00025 -0.09374  0.00233 -0.00003  0.00000 -0.00000  0.00000
  0.31400 0.309E-05  1.00000 -0.11794  2.00025 -0.09423  0.00235 -0.00003  0.00000 -0.00000  0.00000
  0.31600 0.302E-05  1.00000 -0.11891  2.00026 -0.09472  0.00238 -0.00003  0.00000 -0.00000  0.00000
  0.31800 0.295E-05  1.00000 -0.11988  2.00026 -0.09521  0.00240 -0.00003  0.00000 -0.00000  0.00000
  0.32000 0.288E-05  1.00000 -0.12087  2.00027 -0.09571  0.00243 -0.00003  0.00000 -0.00000  0.00000
  0.32200 0.282E-05  1.00000 -0.12186  2.00028 -0.09621  0.00245 -0.00003  0.00000 -0.00000  0.00000
  0.32400 0.275E-05  1.00000 -0.12287  2.00028 -0.09672  0.00248 -0.00003  0.00000 -0.00000  0.00000
  0.32600 0.269E-05  1.00000 -0.12388  2.00029 -0.09723  0.00251 -0.00003  0.00000 -0.00000  0.00000
  0.32800 0.263E-05  1.00000 -0.12491  2.00029 -0.09774  0.00253 -0.00004  0.00000 -0.00000  0.00000
  0.33000 0.257E-05  1.00000 -0.12594  2.00030 -0.09825  0.00256 -0.00004  0.00000 -0.00000  0.00000
  0.33200 0.251E-05  1.00000 -0.12698  2.00030 -0.09877  0.00259 -0.00004  0.00000 -0.00000  0.00000
  0.33400 0.245E-05  1.00000 -0.12803  2.00031 -0.09929  0.00262 -0.00004  0.00000 -0.00000  0.00000
  0.33600 0.240E-05  1.00000 -0.12910  2.00032 -0.09981  0.00265 -0.00004  0.00000 -0.00000  0.00000
  0.33800 0.234E-05  1.00000 -0.13017  2.00032 -0.10034  0.00267 -0.00004  0.00000 -0.00000  0.00000
  0.34000 0.229E-05  1.00000 -0.13125  2.00033 -0.10087  0.00270 -0.00004  0.00000 -0.00000  0.00000
  0.34200 0.223E-05  1.00000 -0.13233  2.00033 -0.10140  0.00273 -0.00004  0.00000 -0.00000  0.00000
  0.34400 0.218E-05  1.00000 -0.13343  2.00034 -0.10194  0.00276 -0.00004  0.00000 -0.00000  0.00000
  0.34600 0.213E-05  1.00000 -0.13453  2.00034 -0.10248  0.00279 -0.00004  0.00000 -0.00000  0.00000
  0.34800 0.208E-05  1.00000 -0.13565  2.00035 -0.10303  0.00283 -0.00004  0.00000 -0.00000  0.00000
  0.35000 0.203E-05  1.00000 -0.13677  2.00035 -0.10358  0.00286 -0.00004  0.00000 -0.00000  0.00000
  0.35200 0.198E-05  1.00000 -0.13790  2.00036 -0.10413  0.00289 -0.00004  0.00000 -0.00000  0.00000
  0.35400 0.194E-05  1.00000 -0.13904  2.00036 -0.10468  0.00292 -0.00004  0.00000 -0.00000  0.00000
  0.35600 0.189E-05  1.00000 -0.14019  2.00037 -0.10524  0.00295 -0.00004  0.00000 -0.00000  0.00000
  0.35800 0.184E-05  1.00000 -0.14135  2.00037 -0.10581  0.00299 -0.00004  0.00000 -0.00000  0.00000
  0.36000 0.180E-05  1.00000 -0.14251  2.00038 -0.10637  0.00302 -0.00004  0.00000 -0.00000  0.00000
  0.36200 0.176E-05  1.00000 -0.14369  2.00039 -0.10694  0.00306 -0.00005  0.00000 -0.00000  0.00000
  0.36400 0.171E-05  1.00000 -0.14487  2.00039 -0.10752  0.00309 -0.00005  0.00000 -0.00000  0.00000
  0.36600 0.167E-05  1.00000 -0.14606  2.00040 -0.10810  0.00313 -0.00005  0.00000 -0.00000  0.00000
  0.36800 0.163E-05  1.00000 -0.14726  2.00040 -0.10868  0.00316 -0.00005  0.00000 -0.00000  0.00000
  0.37000 0.159E-05  1.00000 -0.14848  2.00041 -0.10927  0.00320 -0.00005  0.00000 -0.00000  0.00000
  0.37200 0.155E-05  1.00000 -0.14970  2.00042 -0.10986  0.00324 -0.00005  0.00000 -0.00000  0.00000
  0.37400 0.151E-05  1.00000 -0.15093  2.00042 -0.11046  0.00327 -0.00005  0.00000 -0.00000  0.00000
  0.37600 0.148E-05  1.00000 -0.15217  2.00043 -0.11106  0.00331 -0.00005  0.00000 -0.00000  0.00000
  0.37800 0.144E-05  1.00000 -0.15342  2.00044 -0.11166  0.00335 -0.00005  0.00000 -0.00000  0.00000
  0.38000 0.140E-05  1.00000 -0.15468  2.00044 -0.11227  0.00339 -0.00005  0.00000 -0.00000  0.00000
  0.38200 0.137E-05  1.00000 -0.15596  2.00045 -0.11289  0.00343 -0.00005  0.00000 -0.00000  0.00000
  0.38400 0.133E-05  1.00000 -0.15725  2.00046 -0.11350  0.00347 -0.00005  0.00000 -0.00000  0.00000
  0.38600 0.130E-05  1.00000 -0.15854  2.00047 -0.11413  0.00351 -0.00005  0.00000 -0.00000  0.00000
  0.38800 0.127E-05  1.00000 -0.15986  2.00048 -0.11476  0.00356 -0.00006  0.00000 -0.00000  0.00000
  0.39000 0.124E-05  1.00000 -0.16118  2.00049 -0.11539  0.00360 -0.00006  0.00000 -0.00000  0.00000
  0.39200 0.120E-05  1.00000 -0.16252  2.00050 -0.11603  0.00364 -0.00006  0.00000 -0.00000  0.00000
  0.39400 0.117E-05  1.00000 -0.16387  2.00051 -0.11667  0.00369 -0.00006  0.00000 -0.00000  0.00000
  0.39600 0.114E-05  1.00000 -0.16524  2.00052 -0.11732  0.00373 -0.00006  0.00000 -0.00000  0.00000
  0.39800 0.111E-05  1.00000 -0.16662  2.00053 -0.11797  0.00378 -0.00006  0.00000 -0.00000  0.00000
  0.40000 0.109E-05  1.00000 -0.16801  2.00054 -0.11863  0.00383 -0.00006  0.00000 -0.00000  0.00000
  0.40200 0.106E-05  1.00000 -0.16943  2.00055 -0.11929  0.00387 -0.00006  0.00000 -0.00000  0.00000
  0.40400 0.103E-05  1.00000 -0.17086  2.00056 -0.11996  0.00392 -0.00006  0.00000 -0.00000  0.00000
  0.40600 0.100E-05  1.00000 -0.17230  2.00058 -0.12063  0.00397 -0.00006  0.00000 -0.00000  0.00000
  0.40800 0.976E-06  1.00000 -0.17377  2.00059 -0.12131  0.00402 -0.00007  0.00000 -0.00000  0.00000
  0.41000 0.950E-06  1.00000 -0.17525  2.00060 -0.12200  0.00407 -0.00007  0.00000 -0.00000  0.00000
  0.41200 0.925E-06  1.00000 -0.17675  2.00062 -0.12269  0.00413 -0.00007  0.00000 -0.00000  0.00000
  0.41400 0.900E-06  1.00000 -0.17827  2.00063 -0.12339  0.00418 -0.00007  0.00000 -0.00000  0.00000
  0.41600 0.876E-06  1.00000 -0.17981  2.00065 -0.12409  0.00423 -0.00007  0.00000 -0.00000  0.00000
  0.41800 0.853E-06  1.00000 -0.18136  2.00066 -0.12480  0.00429 -0.00007  0.00000 -0.00000  0.00000
  0.42000 0.830E-06  1.00000 -0.18294  2.00068 -0.12551  0.00434 -0.00007  0.00000 -0.00000  0.00000
  0.42200 0.807E-06  1.00000 -0.18454  2.00069 -0.12623  0.00440 -0.00007  0.00000 -0.00000  0.00000
  0.42400 0.785E-06  1.00000 -0.18616  2.00071 -0.12696  0.00446 -0.00008  0.00000 -0.00000  0.00000
  0.42600 0.764E-06  1.00000 -0.18781  2.00073 -0.12769  0.00452 -0.00008  0.00000 -0.00000  0.00000
  0.42800 0.743E-06  1.00000 -0.18947  2.00075 -0.12843  0.00458 -0.00008  0.00000 -0.00000  0.00000
  0.43000 0.722E-06  1.00000 -0.19116  2.00076 -0.12917  0.00464 -0.00008  0.00000 -0.00000  0.00000
  0.43200 0.702E-06  1.00000 -0.19287  2.00078 -0.12992  0.00470 -0.00008  0.00000 -0.00000  0.00000
  0.43400 0.682E-06  1.00000 -0.19460  2.00080 -0.13068  0.00477 -0.00008  0.00000 -0.00000  0.00000
  0.43600 0.663E-06  1.00000 -0.19635  2.00082 -0.13144  0.00483 -0.00008  0.00000 -0.00000  0.00000
  0.43800 0.645E-06  1.00000 -0.19813  2.00084 -0.13221  0.00490 -0.00009  0.00000 -0.00000  0.00000
  0.44000 0.626E-06  1.00000 -0.19993  2.00086 -0.13299  0.00497 -0.00009  0.00000 -0.00000  0.00000
  0.44200 0.609E-06  1.00000 -0.20176  2.00088 -0.13377  0.00504 -0.00009  0.00000 -0.00000  0.00000
  0.44400 0.591E-06  1.00000 -0.20361  2.00090 -0.13456  0.00511 -0.00009  0.00000 -0.00000  0.00000
  0.44600 0.574E-06  1.00000 -0.20548  2.00092 -0.13536  0.00518 -0.00009  0.00000 -0.00000  0.00000
  0.44800 0.558E-06  1.00000 -0.20738  2.00094 -0.13617  0.00526 -0.00009  0.00000 -0.00000  0.00000
  0.45000 0.541E-06  1.00000 -0.20930  2.00097 -0.13698  0.00533 -0.00010  0.00000 -0.00000  0.00000
  0.45200 0.526E-06  1.00000 -0.21125  2.00099 -0.13779  0.00541 -0.00010  0.00000 -0.00000  0.00000
  0.45400 0.510E-06  1.00000 -0.21322  2.00101 -0.13862  0.00549 -0.00010  0.00000 -0.00000  0.00000
  0.45600 0.495E-06  1.00000 -0.21521  2.00103 -0.13945  0.00557 -0.00010  0.00000 -0.00000  0.00000
  0.45800 0.480E-06  1.00000 -0.21723  2.00106 -0.14029  0.00565 -0.00010  0.00000 -0.00000  0.00000
  0.46000 0.466E-06  1.00000 -0.21927  2.00108 -0.14113  0.00574 -0.00010  0.00000 -0.00000  0.00000
  0.46200 0.452E-06  1.00000 -0.22134  2.00110 -0.14198  0.00582 -0.00011  0.00000 -0.00000  0.00000
  0.46400 0.438E-06  1.00000 -0.22343  2.00113 -0.14284  0.00591 -0.00011  0.00000 -0.00000  0.00000
  0.46600 0.425E-06  1.00000 -0.22554  2.00115 -0.14371  0.00600 -0.00011  0.00000 -0.00000  0.00000
  0.46800 0.412E-06  1.00000 -0.22768  2.00118 -0.14458  0.00609 -0.00011  0.00000 -0.00000  0.00000
  0.47000 0.399E-06  1.00000 -0.22984  2.00120 -0.14546  0.00619 -0.00012  0.00000 -0.00000  0.00000
  0.47200 0.387E-06  1.00000 -0.23203  2.00123 -0.14635  0.00628 -0.00012  0.00000 -0.00000  0.00000
  0.47400 0.375E-06  1.00000 -0.23424  2.00125 -0.14724  0.00638 -0.00012  0.00000 -0.00000  0.00000
  0.47600 0.363E-06  1.00000 -0.23647  2.00128 -0.14814  0.00649 -0.00012  0.00000 -0.00000  0.00000
  0.47800 0.352E-06  1.00000 -0.23873  2.00130 -0.14905  0.00659 -0.00013  0.00000 -0.00000  0.00000
  0.48000 0.341E-06  1.00000 -0.24101  2.00133 -0.14996  0.00670 -0.00013  0.00000 -0.00000  0.00000
  0.48200 0.330E-06  1.00000 -0.24331  2.00136 -0.15088  0.00681 -0.00013  0.00000 -0.00000  0.00000
  0.48400 0.320E-06  1.00000 -0.24563  2.00139 -0.15181  0.00692 -0.00013  0.00000 -0.00000  0.00000
  0.48600 0.309E-06  1.00000 -0.24798  2.00141 -0.15274  0.00703 -0.00014  0.00000 -0.00000  0.00000
  0.48800 0.299E-06  1.00000 -0.25035  2.00144 -0.15368  0.00715 -0.00014  0.00000 -0.00000  0.00000
  0.49000 0.289E-06  1.00000 -0.25275  2.00147 -0.15462  0.00727 -0.00014  0.00000 -0.00000  0.00000
  0.49200 0.280E-06  1.00000 -0.25516  2.00150 -0.15557  0.00739 -0.00015  0.00000 -0.00000  0.00000
  0.49400 0.271E-06  1.00000 -0.25760  2.00153 -0.15653  0.00752 -0.00015  0.00000 -0.00000  0.00000
  0.49600 0.262E-06  1.00000 -0.26006  2.00156 -0.15749  0.00765 -0.00015  0.00000 -0.00000  0.00000
  0.49800 0.253E-06  1.00000 -0.26254  2.00160 -0.15846  0.00779 -0.00016  0.00000 -0.00000  0.00000
  0.50000 0.244E-06  1.00000 -0.26505  2.00163 -0.15943  0.00792 -0.00016  0.00000 -0.00000  0.00000
  0.50200 0.236E-06  1.00000 -0.26757  2.00166 -0.16041  0.00807 -0.00016  0.00000 -0.00000  0.00000
  0.50400 0.228E-06  1.00000 -0.27012  2.00170 -0.16139  0.00821 -0.00017  0.00000 -0.00000  0.00000
  0.50600 0.220E-06  1.00000 -0.27269  2.00174 -0.16238  0.00836 -0.00017  0.00000 -0.00000  0.00000
  0.50800 0.213E-06  1.00000 -0.27529  2.00178 -0.16337  0.00851 -0.00018  0.00000 -0.00000  0.00000
  0.51000 0.205E-06  1.00000 -0.27790  2.00182 -0.16436  0.00867 -0.00018  0.00000 -0.00000  0.00000
  0.51200 0.198E-06  1.00000 -0.28054  2.00186 -0.16536  0.00883 -0.00018  0.00000 -0.00000  0.00000
  0.51400 0.191E-06  1.00000 -0.28320  2.00190 -0.16636  0.00900 -0.00019  0.00000 -0.00000  0.00000
  0.51600 0.184E-06  1.00000 -0.28588  2.00195 -0.16735  0.00917 -0.00019  0.00000 -0.00000  0.00000
  0.51800 0.178E-06  1.00000 -0.28859  2.00199 -0.16835  0.00935 -0.00020  0.00000 -0.00000  0.00000
  0.52000 0.171E-06  1.00000 -0.29132  2.00204 -0.16935  0.00953 -0.00020  0.00000 -0.00000  0.00000
  0.52200 0.165E-06  1.00000 -0.29407  2.00209 -0.17035  0.00972 -0.00021  0.00000 -0.00000  0.00000
  0.52400 0.159E-06  1.00000 -0.29684  2.00215 -0.17135  0.00992 -0.00021  0.00000 -0.00000  0.00000
  0.52600 0.153E-06  1.00000 -0.29964  2.00220 -0.17234  0.01012 -0.00022  0.00000 -0.00000  0.00000
  0.52800 0.147E-06  1.00000 -0.30246  2.00226 -0.17334  0.01032 -0.00023  0.00000 -0.00000  0.00000
  0.53000 0.142E-06  1.00000 -0.30530  2.00233 -0.17432  0.01053 -0.00023  0.00000 -0.00000  0.00000
  0.53200 0.137E-06  1.00000 -0.30816  2.00239 -0.17530  0.01075 -0.00024  0.00000 -0.00000  0.00000
  0.53400 0.131E-06  1.00000 -0.31104  2.00246 -0.17627  0.01098 -0.00024  0.00000 -0.00000  0.00000
  0.53600 0.126E-06  1.00000 -0.31395  2.00253 -0.17724  0.01122 -0.00025  0.00000 -0.00000  0.00000
  0.53800 0.121E-06  1.00000 -0.31688  2.00261 -0.17819  0.01146 -0.00026  0.00000 -0.00000  0.00000
  0.54000 0.117E-06  1.00000 -0.31983  2.00269 -0.17913  0.01171 -0.00027  0.00000 -0.00000  0.00000
  0.54200 0.112E-06  1.00000 -0.32279  2.00277 -0.18006  0.01197 -0.00027  0.00000 -0.00000  0.00000
  0.54400 0.108E-06  1.00000 -0.32578  2.00286 -0.18096  0.01223 -0.00028  0.00000 -0.00000  0.00000
  0.54600 0.103E-06  1.00000 -0.32878  2.00295 -0.18185  0.01251 -0.00029  0.00000 -0.00000  0.00000
  0.54800 0.991E-07  1.00000 -0.33180  2.00305 -0.18272  0.01280 -0.00030  0.00000 -0.00000  0.00000
  0.55000 0.951E-07  1.00000 -0.33484  2.00315 -0.18356  0.01309 -0.00031  0.00000 -0.00000  0.00000
  0.55200 0.912E-07  1.00000 -0.33789  2.00326 -0.18438  0.01340 -0.00032  0.00000 -0.00000  0.00000
  0.55400 0.874E-07  1.00000 -0.34095  2.00337 -0.18516  0.01372 -0.00032  0.00000 -0.00000  0.00000
  0.55600 0.838E-07  1.00000 -0.34402  2.00349 -0.18591  0.01405 -0.00033  0.00000 -0.00000  0.00000
  0.55800 0.802E-07  1.00000 -0.34709  2.00362 -0.18661  0.01439 -0.00035  0.00000 -0.00000  0.00000
  0.56000 0.768E-07  1.00000 -0.35017  2.00375 -0.18728  0.01475 -0.00036  0.00000 -0.00000  0.00000
  0.56200 0.735E-07  1.00000 -0.35324  2.00389 -0.18789  0.01512 -0.00037  0.00000 -0.00000  0.00000
  0.56400 0.703E-07  1.00000 -0.35631  2.00403 -0.18845  0.01550 -0.00038  0.00000 -0.00000  0.00000
  0.56600 0.673E-07  1.00000 -0.35937  2.00419 -0.18895  0.01590 -0.00039  0.00000 -0.00000  0.00000
  0.56800 0.643E-07  1.00000 -0.36241  2.00435 -0.18938  0.01631 -0.00040  0.00001 -0.00000  0.00000
  0.57000 0.614E-07  1.00000 -0.36542  2.00452 -0.18973  0.01674 -0.00042  0.00001 -0.00000  0.00000
  0.57200 0.587E-07  1.00000 -0.36841  2.00469 -0.19000  0.01718 -0.00043  0.00001 -0.00000  0.00000
  0.57400 0.560E-07  1.00000 -0.37136  2.00488 -0.19019  0.01765 -0.00045  0.00001 -0.00000  0.00000
  0.57600 0.534E-07  1.00000 -0.37425  2.00507 -0.19027  0.01813 -0.00046  0.00001 -0.00000  0.00000
  0.57800 0.510E-07  1.00000 -0.37709  2.00528 -0.19023  0.01864 -0.00048  0.00001 -0.00000  0.00000
  0.58000 0.486E-07  1.00000 -0.37986  2.00549 -0.19008  0.01916 -0.00049  0.00001 -0.00000  0.00000
  0.58200 0.463E-07  1.00000 -0.38254  2.00572 -0.18979  0.01971 -0.00051  0.00001 -0.00000  0.00000
  0.58400 0.441E-07  1.00000 -0.38513  2.00596 -0.18935  0.02027 -0.00053  0.00001 -0.00000  0.00000
  0.58600 0.420E-07  1.00000 -0.38759  2.00620 -0.18874  0.02087 -0.00055  0.00001 -0.00000  0.00000
  0.58800 0.399E-07  1.00000 -0.38992  2.00646 -0.18796  0.02149 -0.00057  0.00001 -0.00000  0.00000
  0.59000 0.380E-07  1.00000 -0.39210  2.00674 -0.18697  0.02213 -0.00059  0.00001 -0.00000  0.00000
  0.59200 0.361E-07  1.00000 -0.39409  2.00702 -0.18576  0.02280 -0.00061  0.00001 -0.00000  0.00000
  0.59400 0.343E-07  1.00000 -0.39588  2.00732 -0.18432  0.02351 -0.00064  0.00001 -0.00000  0.00000
  0.59600 0.326E-07  1.00000 -0.39743  2.00764 -0.18260  0.02424 -0.00066  0.00001 -0.00000  0.00000
  0.59800 0.309E-07  1.00000 -0.39871  2.00797 -0.18060  0.02500 -0.00069  0.00001 -0.00000  0.00000
  0.60000 0.293E-07  1.00000 -0.39969  2.00831 -0.17827  0.02580 -0.00072  0.00001 -0.00000  0.00000
  0.60200 0.278E-07  1.00000 -0.40032  2.00867 -0.17560  0.02663 -0.00075  0.00001 -0.00000  0.00000
  0.60400 0.264E-07  1.00000 -0.40056  2.00905 -0.17253  0.02750 -0.00078  0.00001 -0.00000  0.00000
  0.60600 0.250E-07  1.00000 -0.40037  2.00944 -0.16905  0.02841 -0.00081  0.00001 -0.00000  0.00000
  0.60800 0.236E-07  1.00000 -0.39968  2.00986 -0.16510  0.02936 -0.00084  0.00001 -0.00000  0.00000
  0.61000 0.224E-07  1.00000 -0.39844  2.01029 -0.16064  0.03034 -0.00088  0.00001 -0.00000  0.00000
  0.61200 0.212E-07  1.00000 -0.39658  2.01074 -0.15563  0.03137 -0.00091  0.00001 -0.00000  0.00000
  0.61400 0.200E-07  1.00000 -0.39403  2.01122 -0.15001  0.03244 -0.00095  0.00001 -0.00000  0.00000
  0.61600 0.189E-07  1.00000 -0.39071  2.01171 -0.14373  0.03356 -0.00099  0.00001 -0.00000  0.00000
  0.61800 0.179E-07  1.00000 -0.38654  2.01222 -0.13673  0.03472 -0.00104  0.00001 -0.00000  0.00000
  0.62000 0.169E-07  1.00000 -0.38142  2.01276 -0.12895  0.03592 -0.00108  0.00002 -0.00000  0.00000
  0.62200 0.160E-07  1.00000 -0.37525  2.01332 -0.12033  0.03717 -0.00113  0.00002 -0.00000  0.00000
  0.62400 0.151E-07  1.00000 -0.36793  2.01390 -0.11078  0.03846 -0.00118  0.00002 -0.00000  0.00000
  0.62600 0.143E-07  1.00000 -0.35934  2.01450 -0.10025  0.03980 -0.00123  0.00002 -0.00000  0.00000
  0.62800 0.135E-07  1.00000 -0.34936  2.01512 -0.08865  0.04117 -0.00128  0.00002 -0.00000  0.00000
  0.63000 0.127E-07  1.00000 -0.33786  2.01576 -0.07592  0.04259 -0.00134  0.00002 -0.00000  0.00000
  0.63200 0.120E-07  1.00000 -0.32471  2.01643 -0.06197  0.04403 -0.00140  0.00002 -0.00000  0.00000
  0.63400 0.114E-07  1.00000 -0.30978  2.01710 -0.04674  0.04551 -0.00146  0.00002 -0.00000  0.00000
  0.63600 0.107E-07  1.00000 -0.29294  2.01780 -0.03015  0.04701 -0.00152  0.00002 -0.00000  0.00000
  0.63800 0.101E-07  1.00000 -0.27406  2.01851 -0.01215  0.04853 -0.00158  0.00002 -0.00000  0.00000
  0.64000 0.961E-08  1.00000 -0.25302  2.01922  0.00731  0.05006 -0.00165  0.00002 -0.00000  0.00000
  0.64200 0.910E-08  1.00000 -0.22970  2.01995  0.02827  0.05158 -0.00172  0.00003 -0.00000  0.00000
  0.64400 0.863E-08  1.00000 -0.20402  2.02067  0.05076  0.05308 -0.00178  0.00003 -0.00000  0.00000
  0.64600 0.819E-08  1.00000 -0.17591  2.02138  0.07476  0.05455 -0.00185  0.00003 -0.00000  0.00000
  0.64800 0.779E-08  1.00000 -0.14534  2.02208  0.10025  0.05597 -0.00192  0.00003 -0.00000  0.00000
  0.65000 0.742E-08  1.00000 -0.11231  2.02277  0.12716  0.05732 -0.00198  0.00003 -0.00000  0.00000
  0.65200 0.707E-08  1.00000 -0.07688  2.02342  0.15540  0.05859 -0.00205  0.00003 -0.00000  0.00000
  0.65400 0.676E-08  1.00000 -0.03914  2.02404  0.18482  0.05974 -0.00211  0.00003 -0.00000  0.00000
  0.65600 0.648E-08  1.00000  0.00072  2.02460  0.21525  0.06077 -0.00217  0.00003 -0.00000  0.00000
  0.65800 0.623E-08  1.00000  0.04249  2.02512  0.24646  0.06164 -0.00222  0.00003 -0.00000  0.00000
  0.66000 0.600E-08  1.00000  0.08586  2.02556  0.27819  0.06234 -0.00227  0.00004 -0.00000  0.00000
  0.66200 0.580E-08  1.00000  0.13047  2.02593  0.31013  0.06284 -0.00232  0.00004 -0.00000  0.00000
  0.66400 0.562E-08  1.00000  0.17590  2.02621  0.34194  0.06313 -0.00235  0.00004 -0.00000  0.00000
  0.66600 0.547E-08  1.00000  0.22168  2.02641  0.37328  0.06320 -0.00238  0.00004 -0.00000  0.00000
  0.66800 0.533E-08  1.00000  0.26729  2.02650  0.40376  0.06303 -0.00240  0.00004 -0.00000  0.00000
  0.67000 0.523E-08  1.00000  0.31222  2.02649  0.43303  0.06263 -0.00242  0.00004 -0.00000  0.00000
  0.67200 0.514E-08  1.00000  0.35593  2.02638  0.46072  0.06198 -0.00242  0.00004 -0.00000  0.00000
  0.67400 0.507E-08  1.00000  0.39791  2.02617  0.48652  0.06110 -0.00241  0.00004 -0.00000  0.00000
  0.67600 0.502E-08  1.00000  0.43768  2.02586  0.51015  0.05999 -0.00240  0.00004 -0.00000  0.00000
  0.67800 0.499E-08  1.00000  0.47484  2.02545  0.53136  0.05868 -0.00237  0.00004 -0.00000  0.00000
  0.68000 0.498E-08  1.00000  0.50902  2.02496  0.55000  0.05717 -0.00234  0.00004 -0.00000  0.00000
  0.68200 0.498E-08  1.00000  0.53996  2.02439  0.56595  0.05551 -0.00230  0.00004 -0.00000  0.00000
  0.68400 0.501E-08  1.00000  0.56746  2.02374  0.57917  0.05370 -0.00226  0.00004 -0.00000  0.00000
  0.68600 0.504E-08  1.00000  0.59141  2.02304  0.58966  0.05177 -0.00220  0.00004 -0.00000  0.00000
  0.68800 0.509E-08  1.00000  0.61181  2.02228  0.59750  0.04976 -0.00215  0.00004 -0.00000  0.00000
  0.69000 0.516E-08  1.00000  0.62868  2.02149  0.60278  0.04769 -0.00208  0.00004 -0.00000  0.00000
  0.69200 0.524E-08  1.00000  0.64213  2.02067  0.60567  0.04558 -0.00202  0.00003 -0.00000  0.00000
  0.69400 0.533E-08  1.00000  0.65234  2.01984  0.60634  0.04346 -0.00195  0.00003 -0.00000  0.00000
  0.69600 0.543E-08  1.00000  0.65949  2.01899  0.60499  0.04134 -0.00188  0.00003 -0.00000  0.00000
  0.69800 0.555E-08  1.00000  0.66382  2.01814  0.60181  0.03924 -0.00181  0.00003 -0.00000  0.00000
  0.70000 0.567E-08  1.00000  0.66556  2.01730  0.59703  0.03719 -0.00174  0.00003 -0.00000  0.00000
  0.70200 0.581E-08  1.00000  0.66497  2.01647  0.59084  0.03518 -0.00168  0.00003 -0.00000  0.00000
  0.70400 0.595E-08  1.00000  0.66231  2.01565  0.58345  0.03324 -0.00161  0.00003 -0.00000  0.00000
  0.70600 0.611E-08  1.00000  0.65782  2.01486  0.57504  0.03136 -0.00154  0.00003 -0.00000  0.00000
  0.70800 0.627E-08  1.00000  0.65173  2.01408  0.56579  0.02955 -0.00147  0.00003 -0.00000  0.00000
  0.71000 0.644E-08  1.00000  0.64428  2.01334  0.55585  0.02783 -0.00141  0.00003 -0.00000  0.00000
  0.71200 0.662E-08  1.00000  0.63566  2.01261  0.54538  0.02618 -0.00135  0.00002 -0.00000  0.00000
  0.71400 0.681E-08  1.00000  0.62606  2.01192  0.53449  0.02461 -0.00129  0.00002 -0.00000  0.00000
  0.71600 0.700E-08  1.00000  0.61565  2.01126  0.52330  0.02312 -0.00123  0.00002 -0.00000  0.00000
  0.71800 0.720E-08  1.00000  0.60460  2.01062  0.51190  0.02171 -0.00118  0.00002 -0.00000  0.00000
  0.72000 0.741E-08  1.00000  0.59302  2.01001  0.50040  0.02037 -0.00112  0.00002 -0.00000  0.00000
  0.72200 0.761E-08  1.00000  0.58105  2.00943  0.48884  0.01911 -0.00107  0.00002 -0.00000  0.00000
  0.72400 0.783E-08  1.00000  0.56879  2.00888  0.47731  0.01792 -0.00103  0.00002 -0.00000  0.00000
  0.72600 0.805E-08  1.00000  0.55633  2.00835  0.46584  0.01680 -0.00098  0.00002 -0.00000  0.00000
  0.72800 0.827E-08  1.00000  0.54374  2.00785  0.45449  0.01575 -0.00094  0.00002 -0.00000  0.00000
  0.73000 0.850E-08  1.00000  0.53111  2.00737  0.44329  0.01475 -0.00090  0.00002 -0.00000  0.00000
  0.73200 0.873E-08  1.00000  0.51847  2.00692  0.43226  0.01382 -0.00086  0.00002 -0.00000  0.00000
  0.73400 0.896E-08  1.00000  0.50589  2.00648  0.42143  0.01294 -0.00082  0.00002 -0.00000  0.00000
  0.73600 0.919E-08  1.00000  0.49339  2.00607  0.41081  0.01212 -0.00078  0.00002 -0.00000  0.00000
  0.73800 0.943E-08  1.00000  0.48103  2.00568  0.40043  0.01134 -0.00075  0.00002 -0.00000  0.00000
  0.74000 0.967E-08  1.00000  0.46881  2.00531  0.39028  0.01061 -0.00072  0.00001 -0.00000  0.00000
  0.74200 0.991E-08  1.00000  0.45677  2.00495  0.38038  0.00993 -0.00069  0.00001 -0.00000  0.00000
  0.74400 0.101E-07  1.00000  0.44492  2.00462  0.37074  0.00928 -0.00066  0.00001 -0.00000  0.00000
  0.74600 0.104E-07  1.00000  0.43328  2.00429  0.36134  0.00868 -0.00063  0.00001 -0.00000  0.00000
  0.74800 0.106E-07  1.00000  0.42185  2.00399  0.35219  0.00811 -0.00061  0.00001 -0.00000  0.00000
  0.75000 0.109E-07  1.00000  0.41065  2.00369  0.34329  0.00757 -0.00058  0.00001 -0.00000  0.00000
  0.75200 0.111E-07  1.00000  0.39967  2.00341  0.33464  0.00707 -0.00056  0.00001 -0.00000  0.00000
  0.75400 0.114E-07  1.00000  0.38893  2.00315  0.32624  0.00660 -0.00054  0.00001 -0.00000  0.00000
  0.75600 0.116E-07  1.00000  0.37841  2.00289  0.31807  0.00615 -0.00051  0.00001 -0.00000  0.00000
  0.75800 0.118E-07  1.00000  0.36813  2.00265  0.31014  0.00573 -0.00049  0.00001 -0.00000  0.00000
  0.76000 0.121E-07  1.00000  0.35807  2.00242  0.30243  0.00534 -0.00048  0.00001 -0.00000  0.00000
  0.76200 0.123E-07  1.00000  0.34824  2.00219  0.29495  0.00496 -0.00046  0.00001 -0.00000  0.00000
  0.76400 0.126E-07  1.00000  0.33863  2.00198  0.28769  0.00461 -0.00044  0.00001 -0.00000  0.00000
  0.76600 0.128E-07  1.00000  0.32924  2.00177  0.28063  0.00428 -0.00042  0.00001 -0.00000  0.00000
  0.76800 0.130E-07  1.00000  0.32006  2.00158  0.27378  0.00397 -0.00041  0.00001 -0.00000  0.00000
  0.77000 0.133E-07  1.00000  0.31109  2.00139  0.26713  0.00367 -0.00039  0.00001 -0.00000  0.00000
  0.77200 0.135E-07  1.00000  0.30232  2.00121  0.26066  0.00340 -0.00038  0.00001 -0.00000  0.00000
  0.77400 0.137E-07  1.00000  0.29374  2.00104  0.25439  0.00313 -0.00036  0.00001 -0.00000  0.00000
  0.77600 0.139E-07  1.00000  0.28535  2.00087  0.24829  0.00289 -0.00035  0.00001 -0.00000  0.00000
  0.77800 0.142E-07  1.00000  0.27715  2.00071  0.24236  0.00265 -0.00034  0.00001 -0.00000  0.00000
  0.78000 0.144E-07  1.00000  0.26912  2.00055  0.23660  0.00243 -0.00033  0.00001 -0.00000  0.00000
  0.78200 0.146E-07  1.00000  0.26125  2.00040  0.23100  0.00222 -0.00032  0.00001 -0.00000  0.00000
  0.78400 0.148E-07  1.00000  0.25355  2.00026  0.22556  0.00202 -0.00030  0.00001 -0.00000  0.00000
  0.78600 0.150E-07  1.00000  0.24601  2.00012  0.22026  0.00184 -0.00029  0.00001 -0.00000  0.00000
  0.78800 0.152E-07  1.00000  0.23862  1.99999  0.21511  0.00166 -0.00028  0.00001 -0.00000  0.00000
  0.79000 0.154E-07  1.00000  0.23137  1.99986  0.21010  0.00149 -0.00027  0.00001 -0.00000  0.00000
  0.79200 0.156E-07  1.00000  0.22426  1.99973  0.20522  0.00133 -0.00027  0.00001 -0.00000  0.00000
  0.79400 0.158E-07  1.00000  0.21728  1.99961  0.20047  0.00118 -0.00026  0.00001 -0.00000  0.00000
  0.79600 0.160E-07  1.00000  0.21042  1.99950  0.19585  0.00104 -0.00025  0.00001 -0.00000  0.00000
  0.79800 0.162E-07  1.00000  0.20369  1.99938  0.19134  0.00091 -0.00024  0.00001 -0.00000  0.00000
  0.80000 0.164E-07  1.00000  0.19707  1.99927  0.18695  0.00078 -0.00023  0.00001 -0.00000  0.00000
