  E[a.u.]     partial cross sections for l = 0, 1, 2, 3, ...
  2.000000E-03  2.625434E-09  6.976158E-05  8.774981E-09  1.531046E-13  1.187387E-18
  4.000000E-03  2.589646E-09  6.842580E-05  8.721241E-09  1.562635E-13  1.271716E-18
  6.000000E-03  2.553983E-09  6.711676E-05  8.666449E-09  1.592936E-13  1.355714E-18
  8.000000E-03  2.518820E-09  6.583387E-05  8.610685E-09  1.621974E-13  1.439296E-18
  1.000000E-02  2.484499E-09  6.457653E-05  8.554029E-09  1.649774E-13  1.522401E-18
  1.200000E-02  2.451310E-09  6.334419E-05  8.496554E-09  1.676359E-13  1.604979E-18
  1.400000E-02  2.419492E-09  6.213628E-05  8.438330E-09  1.701755E-13  1.686987E-18
  1.600000E-02  2.389221E-09  6.095226E-05  8.379422E-09  1.725984E-13  1.768375E-18
  1.800000E-02  2.360617E-09  5.979162E-05  8.319894E-09  1.749073E-13  1.849085E-18
  2.000000E-02  2.333742E-09  5.865384E-05  8.259805E-09  1.771045E-13  1.929046E-18
  2.200000E-02  2.308606E-09  5.753843E-05  8.199210E-09  1.791928E-13  2.008177E-18
  2.400000E-02  2.285171E-09  5.644489E-05  8.138162E-09  1.811747E-13  2.086385E-18
  2.600000E-02  2.263362E-09  5.537277E-05  8.076711E-09  1.830531E-13  2.163567E-18
  2.800000E-02  2.243067E-09  5.432160E-05  8.014904E-09  1.848306E-13  2.239615E-18
  3.000000E-02  2.224153E-09  5.329092E-05  7.952786E-09  1.865102E-13  2.314417E-18
  3.200000E-02  2.206464E-09  5.228032E-05  7.890397E-09  1.880947E-13  2.387861E-18
  3.400000E-02  2.189836E-09  5.128936E-05  7.827779E-09  1.895870E-13  2.459838E-18
  3.600000E-02  2.174099E-09  5.031762E-05  7.764968E-09  1.909899E-13  2.530247E-18
  3.800000E-02  2.159082E-09  4.936471E-05  7.702001E-09  1.923062E-13  2.598994E-18
  4.000000E-02  2.144622E-09  4.843022E-05  7.638910E-09  1.935389E-13  2.665997E-18
  4.200000E-02  2.130565E-09  4.751378E-05  7.575729E-09  1.946906E-13  2.731186E-18
  4.400000E-02  2.116771E-09  4.661499E-05  7.512488E-09  1.957641E-13  2.794504E-18
  4.600000E-02  2.103118E-09  4.573351E-05  7.449216E-09  1.967619E-13  2.855909E-18
  4.800000E-02  2.089502E-09  4.486896E-05  7.385940E-09  1.976866E-13  2.915373E-18
  5.000000E-02  2.075838E-09  4.402099E-05  7.322688E-09  1.985407E-13  2.972882E-18
  5.200000E-02  2.062062E-09  4.318927E-05  7.259485E-09  1.993265E-13  3.028433E-18
  5.400000E-02  2.048132E-09  4.237345E-05  7.196354E-09  2.000463E-13  3.082036E-18
  5.600000E-02  2.034024E-09  4.157321E-05  7.133320E-09  2.007023E-13  3.133711E-18
  5.800000E-02  2.019733E-09  4.078822E-05  7.070403E-09  2.012966E-13  3.183485E-18
  6.000000E-02  2.005271E-09  4.001818E-05  7.007624E-09  2.018312E-13  3.231392E-18
  6.200000E-02  1.990665E-09  3.926277E-05  6.945004E-09  2.023081E-13  3.277472E-18
  6.400000E-02  1.975955E-09  3.852170E-05  6.882561E-09  2.027292E-13  3.321768E-18
  6.600000E-02  1.961191E-09  3.779467E-05  6.820313E-09  2.030963E-13  3.364322E-18
  6.800000E-02  1.946432E-09  3.708140E-05  6.758277E-09  2.034111E-13  3.405179E-18
  7.000000E-02  1.931742E-09  3.638161E-05  6.696468E-09  2.036754E-13  3.444382E-18
  7.200000E-02  1.917188E-09  3.569503E-05  6.634902E-09  2.038908E-13  3.481971E-18
  7.400000E-02  1.902839E-09  3.502138E-05  6.573593E-09  2.040590E-13  3.517985E-18
  7.600000E-02  1.888761E-09  3.436040E-05  6.512555E-09  2.041816E-13  3.552458E-18
  7.800000E-02  1.875020E-09  3.371185E-05  6.451798E-09  2.042600E-13  3.585422E-18
  8.000000E-02  1.861676E-09  3.307547E-05  6.391336E-09  2.042960E-13  3.616903E-18
  8.200000E-02  1.848783E-09  3.245101E-05  6.331178E-09  2.042910E-13  3.646926E-18
  8.400000E-02  1.836389E-09  3.183825E-05  6.271334E-09  2.042464E-13  3.675511E-18
  8.600000E-02  1.824535E-09  3.123695E-05  6.211814E-09  2.041638E-13  3.702674E-18
  8.800000E-02  1.813251E-09  3.064687E-05  6.152626E-09  2.040446E-13  3.728431E-18
  9.000000E-02  1.802561E-09  3.006781E-05  6.093777E-09  2.038903E-13  3.752795E-18
  9.200000E-02  1.792479E-09  2.949953E-05  6.035276E-09  2.037022E-13  3.775776E-18
  9.400000E-02  1.783010E-09  2.894184E-05  5.977128E-09  2.034817E-13  3.797386E-18
  9.600000E-02  1.774151E-09  2.839452E-05  5.919338E-09  2.032303E-13  3.817636E-18
  9.800000E-02  1.765890E-09  2.785737E-05  5.861913E-09  2.029492E-13  3.836535E-18
  1.000000E-01  1.758208E-09  2.733019E-05  5.804858E-09  2.026397E-13  3.854095E-18
  1.020000E-01  1.751079E-09  2.681279E-05  5.748176E-09  2.023031E-13  3.870331E-18
  1.040000E-01  1.744471E-09  2.630498E-05  5.691871E-09  2.019406E-13  3.885257E-18
  1.060000E-01  1.738345E-09  2.580657E-05  5.635947E-09  2.015535E-13  3.898891E-18
  1.080000E-01  1.732660E-09  2.531739E-05  5.580407E-09  2.011429E-13  3.911252E-18
  1.100000E-01  1.727369E-09  2.483725E-05  5.525254E-09  2.007098E-13  3.922363E-18
  1.120000E-01  1.722424E-09  2.436598E-05  5.470491E-09  2.002555E-13  3.932248E-18
  1.140000E-01  1.717773E-09  2.390342E-05  5.416119E-09  1.997809E-13  3.940937E-18
  1.160000E-01  1.713365E-09  2.344939E-05  5.362140E-09  1.992870E-13  3.948458E-18
  1.180000E-01  1.709149E-09  2.300373E-05  5.308556E-09  1.987748E-13  3.954846E-18
  1.200000E-01  1.705074E-09  2.256629E-05  5.255370E-09  1.982451E-13  3.960136E-18
  1.220000E-01  1.701091E-09  2.213691E-05  5.202581E-09  1.976988E-13  3.964365E-18
  1.240000E-01  1.697154E-09  2.171544E-05  5.150191E-09  1.971368E-13  3.967573E-18
  1.260000E-01  1.693219E-09  2.130172E-05  5.098201E-09  1.965598E-13  3.969800E-18
  1.280000E-01  1.689245E-09  2.089561E-05  5.046612E-09  1.959685E-13  3.971088E-18
  1.300000E-01  1.685198E-09  2.049697E-05  4.995424E-09  1.953636E-13  3.971481E-18
  1.320000E-01  1.681046E-09  2.010566E-05  4.944639E-09  1.947458E-13  3.971021E-18
  1.340000E-01  1.676761E-09  1.972153E-05  4.894256E-09  1.941158E-13  3.969752E-18
  1.360000E-01  1.672324E-09  1.934446E-05  4.844276E-09  1.934740E-13  3.967716E-18
  1.380000E-01  1.667716E-09  1.897430E-05  4.794698E-09  1.928210E-13  3.964955E-18
  1.400000E-01  1.662927E-09  1.861094E-05  4.745524E-09  1.921574E-13  3.961511E-18
  1.420000E-01  1.657949E-09  1.825425E-05  4.696752E-09  1.914837E-13  3.957423E-18
  1.440000E-01  1.652783E-09  1.790409E-05  4.648383E-09  1.908003E-13  3.952728E-18
  1.460000E-01  1.647431E-09  1.756035E-05  4.600417E-09  1.901077E-13  3.947464E-18
  1.480000E-01  1.641899E-09  1.722291E-05  4.552852E-09  1.894064E-13  3.941665E-18
  1.500000E-01  1.636201E-09  1.689165E-05  4.505689E-09  1.886967E-13  3.935362E-18
  1.520000E-01  1.630351E-09  1.656645E-05  4.458926E-09  1.879791E-13  3.928585E-18
  1.540000E-01  1.624366E-09  1.624721E-05  4.412563E-09  1.872540E-13  3.921362E-18
  1.560000E-01  1.618269E-09  1.593382E-05  4.366600E-09  1.865217E-13  3.913717E-18
  1.580000E-01  1.612082E-09  1.562615E-05  4.321034E-09  1.857827E-13  3.905675E-18
  1.600000E-01  1.605829E-09  1.532412E-05  4.275865E-09  1.850373E-13  3.897254E-18
  1.620000E-01  1.599538E-09  1.502761E-05  4.231092E-09  1.842859E-13  3.888473E-18
  1.640000E-01  1.593234E-09  1.473652E-05  4.186713E-09  1.835288E-13  3.879350E-18
  1.660000E-01  1.586944E-09  1.445076E-05  4.142727E-09  1.827664E-13  3.869898E-18
  1.680000E-01  1.580694E-09  1.417022E-05  4.099132E-09  1.819991E-13  3.860131E-18
  1.700000E-01  1.574510E-09  1.389482E-05  4.055926E-09  1.812271E-13  3.850059E-18
  1.720000E-01  1.568417E-09  1.362445E-05  4.013108E-09  1.804510E-13  3.839693E-18
  1.740000E-01  1.562438E-09  1.335902E-05  3.970675E-09  1.796709E-13  3.829042E-18
  1.760000E-01  1.556593E-09  1.309844E-05  3.928626E-09  1.788872E-13  3.818114E-18
  1.780000E-01  1.550901E-09  1.284264E-05  3.886958E-09  1.781003E-13  3.806916E-18
  1.800000E-01  1.545379E-09  1.259150E-05  3.845670E-09  1.773105E-13  3.795456E-18
  1.820000E-01  1.540042E-09  1.234497E-05  3.804758E-09  1.765181E-13  3.783741E-18
  1.840000E-01  1.534899E-09  1.210294E-05  3.764221E-09  1.757234E-13  3.771777E-18
  1.860000E-01  1.529959E-09  1.186534E-05  3.724055E-09  1.749268E-13  3.759570E-18
  1.880000E-01  1.525228E-09  1.163210E-05  3.684260E-09  1.741285E-13  3.747129E-18
  1.900000E-01  1.520708E-09  1.140312E-05  3.644831E-09  1.733288E-13  3.734460E-18
  1.920000E-01  1.516398E-09  1.117833E-05  3.605766E-09  1.725280E-13  3.721572E-18
  1.940000E-01  1.512295E-09  1.095766E-05  3.567064E-09  1.717264E-13  3.708473E-18
  1.960000E-01  1.508394E-09  1.074104E-05  3.528720E-09  1.709243E-13  3.695172E-18
  1.980000E-01  1.504685E-09  1.052839E-05  3.490732E-09  1.701219E-13  3.681680E-18
  2.000000E-01  1.501157E-09  1.031964E-05  3.453098E-09  1.693193E-13  3.668006E-18
  2.020000E-01  1.497798E-09  1.011472E-05  3.415815E-09  1.685170E-13  3.654163E-18
  2.040000E-01  1.494590E-09  9.913563E-06  3.378879E-09  1.677150E-13  3.640162E-18
  2.060000E-01  1.491518E-09  9.716101E-06  3.342289E-09  1.669135E-13  3.626017E-18
  2.080000E-01  1.488563E-09  9.522269E-06  3.306042E-09  1.661128E-13  3.611741E-18
  2.100000E-01  1.485703E-09  9.332001E-06  3.270134E-09  1.653130E-13  3.597348E-18
  2.120000E-01  1.482920E-09  9.145235E-06  3.234563E-09  1.645143E-13  3.582853E-18
  2.140000E-01  1.480190E-09  8.961908E-06  3.199327E-09  1.637167E-13  3.568272E-18
  2.160000E-01  1.477491E-09  8.781960E-06  3.164422E-09  1.629205E-13  3.553620E-18
  2.180000E-01  1.474801E-09  8.605330E-06  3.129846E-09  1.621256E-13  3.538914E-18
  2.200000E-01  1.472097E-09  8.431960E-06  3.095597E-09  1.613324E-13  3.524168E-18
  2.220000E-01  1.469358E-09  8.261791E-06  3.061671E-09  1.605407E-13  3.509401E-18
  2.240000E-01  1.466562E-09  8.094768E-06  3.028066E-09  1.597507E-13  3.494627E-18
  2.260000E-01  1.463688E-09  7.930834E-06  2.994780E-09  1.589624E-13  3.479863E-18
  2.280000E-01  1.460717E-09  7.769934E-06  2.961811E-09  1.581759E-13  3.465126E-18
  2.300000E-01  1.457631E-09  7.612016E-06  2.929154E-09  1.573913E-13  3.450429E-18
  2.320000E-01  1.454413E-09  7.457026E-06  2.896810E-09  1.566085E-13  3.435790E-18
  2.340000E-01  1.451047E-09  7.304912E-06  2.864773E-09  1.558276E-13  3.421221E-18
  2.360000E-01  1.447521E-09  7.155624E-06  2.833044E-09  1.550486E-13  3.406737E-18
  2.380000E-01  1.443822E-09  7.009112E-06  2.801618E-09  1.542715E-13  3.392350E-18
  2.400000E-01  1.439941E-09  6.865327E-06  2.770494E-09  1.534963E-13  3.378074E-18
  2.420000E-01  1.435870E-09  6.724219E-06  2.739669E-09  1.527229E-13  3.363919E-18
  2.440000E-01  1.431603E-09  6.585743E-06  2.709142E-09  1.519515E-13  3.349896E-18
  2.460000E-01  1.427138E-09  6.449852E-06  2.678909E-09  1.511820E-13  3.336014E-18
  2.480000E-01  1.422473E-09  6.316499E-06  2.648969E-09  1.504144E-13  3.322282E-18
  2.500000E-01  1.417607E-09  6.185640E-06  2.619319E-09  1.496487E-13  3.308706E-18
  2.520000E-01  1.412543E-09  6.057231E-06  2.589958E-09  1.488848E-13  3.295294E-18
  2.540000E-01  1.407286E-09  5.931228E-06  2.560883E-09  1.481227E-13  3.282050E-18
  2.560000E-01  1.401842E-09  5.807590E-06  2.532091E-09  1.473626E-13  3.268978E-18
  2.580000E-01  1.396218E-09  5.686273E-06  2.503581E-09  1.466042E-13  3.256081E-18
  2.600000E-01  1.390422E-09  5.567238E-06  2.475350E-09  1.458477E-13  3.243362E-18
  2.620000E-01  1.384467E-09  5.450443E-06  2.447397E-09  1.450931E-13  3.230821E-18
  2.640000E-01  1.378363E-09  5.335850E-06  2.419718E-09  1.443403E-13  3.218458E-18
  2.660000E-01  1.372122E-09  5.223418E-06  2.392313E-09  1.435894E-13  3.206273E-18
  2.680000E-01  1.365759E-09  5.113111E-06  2.365178E-09  1.428404E-13  3.194264E-18
  2.700000E-01  1.359287E-09  5.004890E-06  2.338312E-09  1.420932E-13  3.182429E-18
  2.720000E-01  1.352721E-09  4.898718E-06  2.311711E-09  1.413479E-13  3.170764E-18
  2.740000E-01  1.346075E-09  4.794560E-06  2.285375E-09  1.406046E-13  3.159267E-18
  2.760000E-01  1.339364E-09  4.692379E-06  2.259301E-09  1.398633E-13  3.147932E-18
  2.780000E-01  1.332604E-09  4.592141E-06  2.233487E-09  1.391239E-13  3.136755E-18
  2.800000E-01  1.325808E-09  4.493812E-06  2.207930E-09  1.383866E-13  3.125732E-18
  2.820000E-01  1.318991E-09  4.397357E-06  2.182629E-09  1.376514E-13  3.114857E-18
  2.840000E-01  1.312167E-09  4.302743E-06  2.157580E-09  1.369183E-13  3.104125E-18
  2.860000E-01  1.305347E-09  4.209939E-06  2.132782E-09  1.361873E-13  3.093531E-18
  2.880000E-01  1.298544E-09  4.118911E-06  2.108233E-09  1.354586E-13  3.083068E-18
  2.900000E-01  1.291769E-09  4.029629E-06  2.083931E-09  1.347321E-13  3.072732E-18
  2.920000E-01  1.285032E-09  3.942062E-06  2.059872E-09  1.340080E-13  3.062517E-18
  2.940000E-01  1.278342E-09  3.856180E-06  2.036055E-09  1.332862E-13  3.052418E-18
  2.960000E-01  1.271707E-09  3.771952E-06  2.012479E-09  1.325668E-13  3.042431E-18
  2.980000E-01  1.265132E-09  3.689349E-06  1.989139E-09  1.318499E-13  3.032551E-18
  3.000000E-01  1.258622E-09  3.608344E-06  1.966035E-09  1.311356E-13  3.022773E-18
  3.020000E-01  1.252183E-09  3.528907E-06  1.943164E-09  1.304238E-13  3.013095E-18
  3.040000E-01  1.245815E-09  3.451011E-06  1.920523E-09  1.297146E-13  3.003513E-18
  3.060000E-01  1.239520E-09  3.374629E-06  1.898112E-09  1.290081E-13  2.994024E-18
  3.080000E-01  1.233299E-09  3.299734E-06  1.875926E-09  1.283043E-13  2.984626E-18
  3.100000E-01  1.227149E-09  3.226300E-06  1.853965E-09  1.276032E-13  2.975317E-18
  3.120000E-01  1.221067E-09  3.154300E-06  1.832227E-09  1.269049E-13  2.966096E-18
  3.140000E-01  1.215051E-09  3.083710E-06  1.810708E-09  1.262095E-13  2.956963E-18
  3.160000E-01  1.209096E-09  3.014505E-06  1.789407E-09  1.255169E-13  2.947917E-18
  3.180000E-01  1.203195E-09  2.946660E-06  1.768322E-09  1.248271E-13  2.938959E-18
  3.200000E-01  1.197342E-09  2.880151E-06  1.747450E-09  1.241403E-13  2.930090E-18
  3.220000E-01  1.191529E-09  2.814954E-06  1.726791E-09  1.234563E-13  2.921311E-18
  3.240000E-01  1.185748E-09  2.751047E-06  1.706341E-09  1.227753E-13  2.912624E-18
  3.260000E-01  1.179991E-09  2.688406E-06  1.686098E-09  1.220972E-13  2.904032E-18
  3.280000E-01  1.174247E-09  2.627009E-06  1.666061E-09  1.214219E-13  2.895536E-18
  3.300000E-01  1.168508E-09  2.566833E-06  1.646228E-09  1.207496E-13  2.887141E-18
  3.320000E-01  1.162763E-09  2.507858E-06  1.626597E-09  1.200802E-13  2.878850E-18
  3.340000E-01  1.157003E-09  2.450062E-06  1.607166E-09  1.194137E-13  2.870667E-18
  3.360000E-01  1.151216E-09  2.393423E-06  1.587933E-09  1.187500E-13  2.862595E-18
  3.380000E-01  1.145394E-09  2.337922E-06  1.568896E-09  1.180892E-13  2.854638E-18
  3.400000E-01  1.139525E-09  2.283537E-06  1.550053E-09  1.174311E-13  2.846801E-18
  3.420000E-01  1.133601E-09  2.230250E-06  1.531403E-09  1.167758E-13  2.839088E-18
  3.440000E-01  1.127612E-09  2.178040E-06  1.512944E-09  1.161233E-13  2.831503E-18
  3.460000E-01  1.121549E-09  2.126888E-06  1.494675E-09  1.154734E-13  2.824051E-18
  3.480000E-01  1.115405E-09  2.076775E-06  1.476592E-09  1.148262E-13  2.816735E-18
  3.500000E-01  1.109170E-09  2.027682E-06  1.458696E-09  1.141816E-13  2.809561E-18
  3.520000E-01  1.102839E-09  1.979592E-06  1.440983E-09  1.135395E-13  2.802531E-18
  3.540000E-01  1.096405E-09  1.932486E-06  1.423454E-09  1.129000E-13  2.795650E-18
  3.560000E-01  1.089863E-09  1.886346E-06  1.406105E-09  1.122628E-13  2.788920E-18
  3.580000E-01  1.083208E-09  1.841156E-06  1.388935E-09  1.116281E-13  2.782345E-18
  3.600000E-01  1.076436E-09  1.796897E-06  1.371944E-09  1.109957E-13  2.775927E-18
  3.620000E-01  1.069544E-09  1.753553E-06  1.355128E-09  1.103656E-13  2.769670E-18
  3.640000E-01  1.062532E-09  1.711107E-06  1.338488E-09  1.097377E-13  2.763573E-18
  3.660000E-01  1.055397E-09  1.669544E-06  1.322021E-09  1.091120E-13  2.757640E-18
  3.680000E-01  1.048140E-09  1.628846E-06  1.305725E-09  1.084885E-13  2.751871E-18
  3.700000E-01  1.040761E-09  1.588999E-06  1.289601E-09  1.078670E-13  2.746265E-18
  3.720000E-01  1.033263E-09  1.549986E-06  1.273645E-09  1.072475E-13  2.740824E-18
  3.740000E-01  1.025648E-09  1.511793E-06  1.257856E-09  1.066300E-13  2.735546E-18
  3.760000E-01  1.017919E-09  1.474404E-06  1.242234E-09  1.060145E-13  2.730431E-18
  3.780000E-01  1.010082E-09  1.437804E-06  1.226776E-09  1.054009E-13  2.725476E-18
  3.800000E-01  1.002140E-09  1.401980E-06  1.211482E-09  1.047892E-13  2.720679E-18
  3.820000E-01  9.941004E-10  1.366917E-06  1.196350E-09  1.041793E-13  2.716038E-18
  3.840000E-01  9.859686E-10  1.332601E-06  1.181378E-09  1.035711E-13  2.711548E-18
  3.860000E-01  9.777519E-10  1.299017E-06  1.166566E-09  1.029648E-13  2.707207E-18
  3.880000E-01  9.694576E-10  1.266153E-06  1.151911E-09  1.023603E-13  2.703010E-18
  3.900000E-01  9.610937E-10  1.233996E-06  1.137413E-09  1.017574E-13  2.698952E-18
  3.920000E-01  9.526684E-10  1.202531E-06  1.123071E-09  1.011563E-13  2.695028E-18
  3.940000E-01  9.441902E-10  1.171746E-06  1.108881E-09  1.005570E-13  2.691232E-18
  3.960000E-01  9.356678E-10  1.141629E-06  1.094845E-09  9.995930E-14  2.687558E-18
  3.980000E-01  9.271100E-10  1.112166E-06  1.080960E-09  9.936335E-14  2.684000E-18
  4.000000E-01  9.185256E-10  1.083347E-06  1.067224E-09  9.876910E-14  2.680552E-18
  4.020000E-01  9.099236E-10  1.055158E-06  1.053637E-09  9.817657E-14  2.677206E-18
  4.040000E-01  9.013126E-10  1.027587E-06  1.040197E-09  9.758576E-14  2.673956E-18
  4.060000E-01  8.927011E-10  1.000624E-06  1.026903E-09  9.699669E-14  2.670794E-18
  4.080000E-01  8.840975E-10  9.742571E-07  1.013754E-09  9.640937E-14  2.667713E-18
  4.100000E-01  8.755098E-10  9.484743E-07  1.000747E-09  9.582382E-14  2.664706E-18
  4.120000E-01  8.669455E-10  9.232649E-07  9.878831E-10  9.524006E-14  2.661764E-18
  4.140000E-01  8.584118E-10  8.986181E-07  9.751594E-10  9.465811E-14  2.658881E-18
  4.160000E-01  8.499154E-10  8.745232E-07  9.625750E-10  9.407800E-14  2.656050E-18
  4.180000E-01  8.414626E-10  8.509696E-07  9.501286E-10  9.349975E-14  2.653263E-18
  4.200000E-01  8.330589E-10  8.279472E-07  9.378188E-10  9.292340E-14  2.650513E-18
  4.220000E-01  8.247094E-10  8.054457E-07  9.256445E-10  9.234898E-14  2.647793E-18
  4.240000E-01  8.164185E-10  7.834551E-07  9.136043E-10  9.177650E-14  2.645097E-18
  4.260000E-01  8.081900E-10  7.619658E-07  9.016969E-10  9.120601E-14  2.642419E-18
  4.280000E-01  8.000270E-10  7.409680E-07  8.899211E-10  9.063754E-14  2.639752E-18
  4.300000E-01  7.919320E-10  7.204523E-07  8.782755E-10  9.007111E-14  2.637090E-18
  4.320000E-01  7.839068E-10  7.004095E-07  8.667589E-10  8.950677E-14  2.634429E-18
  4.340000E-01  7.759526E-10  6.808304E-07  8.553701E-10  8.894453E-14  2.631764E-18
  4.360000E-01  7.680699E-10  6.617059E-07  8.441077E-10  8.838443E-14  2.629090E-18
  4.380000E-01  7.602586E-10  6.430274E-07  8.329707E-10  8.782649E-14  2.626403E-18
  4.400000E-01  7.525181E-10  6.247860E-07  8.219576E-10  8.727075E-14  2.623700E-18
  4.420000E-01  7.448471E-10  6.069734E-07  8.110673E-10  8.671723E-14  2.620978E-18
  4.440000E-01  7.372438E-10  5.895811E-07  8.002987E-10  8.616595E-14  2.618233E-18
  4.460000E-01  7.297059E-10  5.726010E-07  7.896504E-10  8.561693E-14  2.615465E-18
  4.480000E-01  7.222306E-10  5.560248E-07  7.791212E-10  8.507019E-14  2.612671E-18
  4.500000E-01  7.148149E-10  5.398448E-07  7.687101E-10  8.452575E-14  2.609850E-18
  4.520000E-01  7.074550E-10  5.240529E-07  7.584159E-10  8.398362E-14  2.607002E-18
  4.540000E-01  7.001472E-10  5.086417E-07  7.482373E-10  8.344382E-14  2.604127E-18
  4.560000E-01  6.928873E-10  4.936036E-07  7.381732E-10  8.290634E-14  2.601225E-18
  4.580000E-01  6.856710E-10  4.789310E-07  7.282226E-10  8.237120E-14  2.598296E-18
  4.600000E-01  6.784936E-10  4.646168E-07  7.183843E-10  8.183840E-14  2.595342E-18
  4.620000E-01  6.713506E-10  4.506538E-07  7.086571E-10  8.130794E-14  2.592365E-18
  4.640000E-01  6.642373E-10  4.370350E-07  6.990401E-10  8.077982E-14  2.589366E-18
  4.660000E-01  6.571488E-10  4.237534E-07  6.895320E-10  8.025402E-14  2.586347E-18
  4.680000E-01  6.500804E-10  4.108022E-07  6.801320E-10  7.973055E-14  2.583313E-18
  4.700000E-01  6.430276E-10  3.981748E-07  6.708388E-10  7.920939E-14  2.580264E-18
  4.720000E-01  6.359858E-10  3.858645E-07  6.616516E-10  7.869052E-14  2.577205E-18
  4.740000E-01  6.289507E-10  3.738650E-07  6.525692E-10  7.817394E-14  2.574138E-18
  4.760000E-01  6.219181E-10  3.621699E-07  6.435907E-10  7.765961E-14  2.571068E-18
  4.780000E-01  6.148843E-10  3.507729E-07  6.347150E-10  7.714753E-14  2.567998E-18
  4.800000E-01  6.078457E-10  3.396680E-07  6.259412E-10  7.663767E-14  2.564932E-18
  4.820000E-01  6.007989E-10  3.288490E-07  6.172684E-10  7.613001E-14  2.561873E-18
  4.840000E-01  5.937411E-10  3.183102E-07  6.086955E-10  7.562451E-14  2.558826E-18
  4.860000E-01  5.866697E-10  3.080456E-07  6.002217E-10  7.512116E-14  2.555795E-18
  4.880000E-01  5.795826E-10  2.980496E-07  5.918460E-10  7.461992E-14  2.552782E-18
  4.900000E-01  5.724782E-10  2.883165E-07  5.835674E-10  7.412076E-14  2.549792E-18
  4.920000E-01  5.653550E-10  2.788408E-07  5.753852E-10  7.362366E-14  2.546829E-18
  4.940000E-01  5.582122E-10  2.696171E-07  5.672983E-10  7.312858E-14  2.543895E-18
  4.960000E-01  5.510494E-10  2.606401E-07  5.593060E-10  7.263550E-14  2.540995E-18
  4.980000E-01  5.438667E-10  2.519045E-07  5.514073E-10  7.214437E-14  2.538131E-18
  5.000000E-01  5.366644E-10  2.434052E-07  5.436014E-10  7.165518E-14  2.535305E-18
  5.020000E-01  5.294436E-10  2.351371E-07  5.358874E-10  7.116789E-14  2.532521E-18
  5.040000E-01  5.222055E-10  2.270952E-07  5.282645E-10  7.068247E-14  2.529779E-18
  5.060000E-01  5.149519E-10  2.192748E-07  5.207319E-10  7.019889E-14  2.527083E-18
  5.080000E-01  5.076849E-10  2.116709E-07  5.132887E-10  6.971712E-14  2.524433E-18
  5.100000E-01  5.004071E-10  2.042788E-07  5.059341E-10  6.923715E-14  2.521831E-18
  5.120000E-01  4.931213E-10  1.970940E-07  4.986673E-10  6.875893E-14  2.519277E-18
  5.140000E-01  4.858308E-10  1.901119E-07  4.914875E-10  6.828246E-14  2.516771E-18
  5.160000E-01  4.785392E-10  1.833281E-07  4.843939E-10  6.780770E-14  2.514314E-18
  5.180000E-01  4.712502E-10  1.767380E-07  4.773857E-10  6.733464E-14  2.511903E-18
  5.200000E-01  4.639679E-10  1.703376E-07  4.704621E-10  6.686326E-14  2.509540E-18
  5.220000E-01  4.566967E-10  1.641224E-07  4.636223E-10  6.639353E-14  2.507221E-18
  5.240000E-01  4.494411E-10  1.580884E-07  4.568656E-10  6.592546E-14  2.504946E-18
  5.260000E-01  4.422057E-10  1.522314E-07  4.501911E-10  6.545902E-14  2.502711E-18
  5.280000E-01  4.349952E-10  1.465476E-07  4.435982E-10  6.499421E-14  2.500515E-18
  5.300000E-01  4.278147E-10  1.410329E-07  4.370860E-10  6.453102E-14  2.498354E-18
  5.320000E-01  4.206688E-10  1.356835E-07  4.306538E-10  6.406945E-14  2.496224E-18
  5.340000E-01  4.135627E-10  1.304955E-07  4.243008E-10  6.360948E-14  2.494122E-18
  5.360000E-01  4.065013E-10  1.254654E-07  4.180263E-10  6.315113E-14  2.492044E-18
  5.380000E-01  3.994893E-10  1.205894E-07  4.118295E-10  6.269439E-14  2.489985E-18
  5.400000E-01  3.925317E-10  1.158640E-07  4.057096E-10  6.223927E-14  2.487940E-18
  5.420000E-01  3.856331E-10  1.112856E-07  3.996660E-10  6.178578E-14  2.485905E-18
  5.440000E-01  3.787980E-10  1.068508E-07  3.936978E-10  6.133392E-14  2.483874E-18
  5.460000E-01  3.720308E-10  1.025562E-07  3.878043E-10  6.088370E-14  2.481841E-18
  5.480000E-01  3.653357E-10  9.839851E-08  3.819849E-10  6.043514E-14  2.479802E-18
  5.500000E-01  3.587167E-10  9.437445E-08  3.762387E-10  5.998825E-14  2.477749E-18
  5.520000E-01  3.521773E-10  9.048082E-08  3.705650E-10  5.954304E-14  2.475679E-18
  5.540000E-01  3.457211E-10  8.671449E-08  3.649630E-10  5.909955E-14  2.473583E-18
  5.560000E-01  3.393511E-10  8.307239E-08  3.594322E-10  5.865777E-14  2.471457E-18
  5.580000E-01  3.330703E-10  7.955150E-08  3.539716E-10  5.821774E-14  2.469295E-18
  5.600000E-01  3.268810E-10  7.614887E-08  3.485806E-10  5.777947E-14  2.467090E-18
  5.620000E-01  3.207856E-10  7.286159E-08  3.432586E-10  5.734300E-14  2.464837E-18
  5.640000E-01  3.147858E-10  6.968681E-08  3.380046E-10  5.690833E-14  2.462530E-18
  5.660000E-01  3.088831E-10  6.662176E-08  3.328182E-10  5.647550E-14  2.460163E-18
  5.680000E-01  3.030788E-10  6.366369E-08  3.276984E-10  5.604452E-14  2.457731E-18
  5.700000E-01  2.973735E-10  6.080992E-08  3.226447E-10  5.561543E-14  2.455229E-18
  5.720000E-01  2.917677E-10  5.805783E-08  3.176563E-10  5.518825E-14  2.452652E-18
  5.740000E-01  2.862615E-10  5.540483E-08  3.127325E-10  5.476300E-14  2.449995E-18
  5.760000E-01  2.808548E-10  5.284840E-08  3.078726E-10  5.433970E-14  2.447254E-18
  5.780000E-01  2.755469E-10  5.038607E-08  3.030760E-10  5.391839E-14  2.444424E-18
  5.800000E-01  2.703369E-10  4.801540E-08  2.983419E-10  5.349908E-14  2.441502E-18
  5.820000E-01  2.652237E-10  4.573402E-08  2.936697E-10  5.308180E-14  2.438485E-18
  5.840000E-01  2.602058E-10  4.353959E-08  2.890587E-10  5.266656E-14  2.435369E-18
  5.860000E-01  2.552814E-10  4.142983E-08  2.845082E-10  5.225339E-14  2.432151E-18
  5.880000E-01  2.504487E-10  3.940251E-08  2.800175E-10  5.184232E-14  2.428831E-18
  5.900000E-01  2.457052E-10  3.745542E-08  2.755860E-10  5.143335E-14  2.425405E-18
  5.920000E-01  2.410486E-10  3.558641E-08  2.712131E-10  5.102650E-14  2.421873E-18
  5.940000E-01  2.364764E-10  3.379339E-08  2.668980E-10  5.062179E-14  2.418233E-18
  5.960000E-01  2.319856E-10  3.207429E-08  2.626402E-10  5.021924E-14  2.414486E-18
  5.980000E-01  2.275734E-10  3.042709E-08  2.584390E-10  4.981886E-14  2.410631E-18
  6.000000E-01  2.232367E-10  2.884980E-08  2.542938E-10  4.942066E-14  2.406668E-18
  6.020000E-01  2.189724E-10  2.734048E-08  2.502039E-10  4.902464E-14  2.402598E-18
  6.040000E-01  2.147774E-10  2.589725E-08  2.461688E-10  4.863082E-14  2.398423E-18
  6.060000E-01  2.106484E-10  2.451823E-08  2.421878E-10  4.823920E-14  2.394144E-18
  6.080000E-01  2.065823E-10  2.320161E-08  2.382604E-10  4.784979E-14  2.389763E-18
  6.100000E-01  2.025757E-10  2.194560E-08  2.343858E-10  4.746259E-14  2.385283E-18
  6.120000E-01  1.986256E-10  2.074846E-08  2.305636E-10  4.707759E-14  2.380705E-18
  6.140000E-01  1.947288E-10  1.960847E-08  2.267932E-10  4.669481E-14  2.376035E-18
  6.160000E-01  1.908824E-10  1.852396E-08  2.230740E-10  4.631423E-14  2.371274E-18
  6.180000E-01  1.870834E-10  1.749329E-08  2.194054E-10  4.593585E-14  2.366426E-18
  6.200000E-01  1.833290E-10  1.651487E-08  2.157868E-10  4.555967E-14  2.361496E-18
  6.220000E-01  1.796167E-10  1.558711E-08  2.122177E-10  4.518568E-14  2.356487E-18
  6.240000E-01  1.759440E-10  1.470848E-08  2.086976E-10  4.481387E-14  2.351405E-18
  6.260000E-01  1.723086E-10  1.387747E-08  2.052259E-10  4.444422E-14  2.346253E-18
  6.280000E-01  1.687084E-10  1.309263E-08  2.018021E-10  4.407674E-14  2.341036E-18
  6.300000E-01  1.651415E-10  1.235250E-08  1.984256E-10  4.371140E-14  2.335760E-18
  6.320000E-01  1.616064E-10  1.165568E-08  1.950960E-10  4.334819E-14  2.330429E-18
  6.340000E-01  1.581015E-10  1.100079E-08  1.918126E-10  4.298709E-14  2.325048E-18
  6.360000E-01  1.546256E-10  1.038649E-08  1.885751E-10  4.262810E-14  2.319622E-18
  6.380000E-01  1.511779E-10  9.811452E-09  1.853829E-10  4.227119E-14  2.314157E-18
  6.400000E-01  1.477575E-10  9.274395E-09  1.822355E-10  4.191634E-14  2.308656E-18
  6.420000E-01  1.443641E-10  8.774058E-09  1.791324E-10  4.156354E-14  2.303126E-18
  6.440000E-01  1.409972E-10  8.309210E-09  1.760731E-10  4.121277E-14  2.297571E-18
  6.460000E-01  1.376570E-10  7.878648E-09  1.730572E-10  4.086401E-14  2.291996E-18
  6.480000E-01  1.343437E-10  7.481195E-09  1.700841E-10  4.051725E-14  2.286405E-18
  6.500000E-01  1.310577E-10  7.115702E-09  1.671535E-10  4.017245E-14  2.280802E-18
  6.520000E-01  1.277996E-10  6.781048E-09  1.642648E-10  3.982961E-14  2.275193E-18
  6.540000E-01  1.245703E-10  6.476134E-09  1.614176E-10  3.948870E-14  2.269580E-18
  6.560000E-01  1.213709E-10  6.199890E-09  1.586114E-10  3.914971E-14  2.263967E-18
  6.580000E-01  1.182027E-10  5.951270E-09  1.558457E-10  3.881262E-14  2.258359E-18
  6.600000E-01  1.150669E-10  5.729252E-09  1.531202E-10  3.847741E-14  2.252757E-18
  6.620000E-01  1.119653E-10  5.532839E-09  1.504344E-10  3.814405E-14  2.247165E-18
  6.640000E-01  1.088994E-10  5.361058E-09  1.477878E-10  3.781255E-14  2.241585E-18
  6.660000E-01  1.058711E-10  5.212958E-09  1.451800E-10  3.748287E-14  2.236020E-18
  6.680000E-01  1.028823E-10  5.087613E-09  1.426106E-10  3.715500E-14  2.230471E-18
  6.700000E-01  9.993510E-11  4.984118E-09  1.400792E-10  3.682894E-14  2.224940E-18
  6.720000E-01  9.703147E-11  4.901592E-09  1.375852E-10  3.650466E-14  2.219428E-18
  6.740000E-01  9.417356E-11  4.839173E-09  1.351284E-10  3.618216E-14  2.213935E-18
  6.760000E-01  9.136354E-11  4.796024E-09  1.327082E-10  3.586142E-14  2.208463E-18
  6.780000E-01  8.860357E-11  4.771325E-09  1.303243E-10  3.554243E-14  2.203010E-18
  6.800000E-01  8.589583E-11  4.764282E-09  1.279762E-10  3.522518E-14  2.197577E-18
  6.820000E-01  8.324246E-11  4.774115E-09  1.256635E-10  3.490967E-14  2.192162E-18
  6.840000E-01  8.064557E-11  4.800070E-09  1.233859E-10  3.459588E-14  2.186766E-18
  6.860000E-01  7.810720E-11  4.841409E-09  1.211429E-10  3.428382E-14  2.181386E-18
  6.880000E-01  7.562933E-11  4.897413E-09  1.189341E-10  3.397348E-14  2.176021E-18
  6.900000E-01  7.321386E-11  4.967385E-09  1.167592E-10  3.366485E-14  2.170668E-18
  6.920000E-01  7.086258E-11  5.050642E-09  1.146176E-10  3.335793E-14  2.165326E-18
  6.940000E-01  6.857716E-11  5.146525E-09  1.125091E-10  3.305273E-14  2.159992E-18
  6.960000E-01  6.635914E-11  5.254386E-09  1.104331E-10  3.274923E-14  2.154663E-18
  6.980000E-01  6.420995E-11  5.373601E-09  1.083894E-10  3.244745E-14  2.149335E-18
  7.000000E-01  6.213084E-11  5.503559E-09  1.063775E-10  3.214738E-14  2.144006E-18
  7.020000E-01  6.012290E-11  5.643667E-09  1.043971E-10  3.184903E-14  2.138672E-18
  7.040000E-01  5.818709E-11  5.793349E-09  1.024478E-10  3.155240E-14  2.133328E-18
  7.060000E-01  5.632415E-11  5.952045E-09  1.005291E-10  3.125750E-14  2.127972E-18
  7.080000E-01  5.453469E-11  6.119210E-09  9.864067E-11  3.096433E-14  2.122600E-18
  7.100000E-01  5.281909E-11  6.294315E-09  9.678218E-11  3.067291E-14  2.117206E-18
  7.120000E-01  5.117759E-11  6.476848E-09  9.495323E-11  3.038322E-14  2.111787E-18
  7.140000E-01  4.961022E-11  6.666309E-09  9.315345E-11  3.009529E-14  2.106339E-18
  7.160000E-01  4.811682E-11  6.862214E-09  9.138244E-11  2.980913E-14  2.100858E-18
  7.180000E-01  4.669705E-11  7.064094E-09  8.963986E-11  2.952473E-14  2.095338E-18
  7.200000E-01  4.535039E-11  7.271493E-09  8.792532E-11  2.924212E-14  2.089777E-18
  7.220000E-01  4.407615E-11  7.483970E-09  8.623847E-11  2.896129E-14  2.084169E-18
  7.240000E-01  4.287344E-11  7.701095E-09  8.457894E-11  2.868227E-14  2.078511E-18
  7.260000E-01  4.174121E-11  7.922454E-09  8.294637E-11  2.840505E-14  2.072798E-18
  7.280000E-01  4.067825E-11  8.147643E-09  8.134040E-11  2.812965E-14  2.067028E-18
  7.300000E-01  3.968320E-11  8.376274E-09  7.976068E-11  2.785608E-14  2.061195E-18
  7.320000E-01  3.875453E-11  8.607969E-09  7.820685E-11  2.758435E-14  2.055297E-18
  7.340000E-01  3.789059E-11  8.842362E-09  7.667858E-11  2.731447E-14  2.049330E-18
  7.360000E-01  3.708960E-11  9.079100E-09  7.517550E-11  2.704644E-14  2.043291E-18
  7.380000E-01  3.634965E-11  9.317841E-09  7.369729E-11  2.678028E-14  2.037177E-18
  7.400000E-01  3.566873E-11  9.558254E-09  7.224360E-11  2.651599E-14  2.030985E-18
  7.420000E-01  3.504472E-11  9.800019E-09  7.081409E-11  2.625358E-14  2.024714E-18
  7.440000E-01  3.447544E-11  1.004283E-08  6.940843E-11  2.599306E-14  2.018361E-18
  7.460000E-01  3.395863E-11  1.028638E-08  6.802630E-11  2.573443E-14  2.011924E-18
  7.480000E-01  3.349195E-11  1.053039E-08  6.666736E-11  2.547770E-14  2.005401E-18
  7.500000E-01  3.307304E-11  1.077458E-08  6.533130E-11  2.522288E-14  1.998792E-18
  7.520000E-01  3.269949E-11  1.101869E-08  6.401779E-11  2.496997E-14  1.992096E-18
  7.540000E-01  3.236888E-11  1.126244E-08  6.272652E-11  2.471897E-14  1.985312E-18
  7.560000E-01  3.207877E-11  1.150560E-08  6.145719E-11  2.446989E-14  1.978440E-18
  7.580000E-01  3.182674E-11  1.174793E-08  6.020947E-11  2.422272E-14  1.971480E-18
  7.600000E-01  3.161037E-11  1.198919E-08  5.898307E-11  2.397747E-14  1.964432E-18
  7.620000E-01  3.142727E-11  1.222916E-08  5.777769E-11  2.373414E-14  1.957298E-18
  7.640000E-01  3.127511E-11  1.246763E-08  5.659303E-11  2.349272E-14  1.950078E-18
  7.660000E-01  3.115160E-11  1.270440E-08  5.542880E-11  2.325322E-14  1.942773E-18
  7.680000E-01  3.105449E-11  1.293927E-08  5.428471E-11  2.301563E-14  1.935386E-18
  7.700000E-01  3.098166E-11  1.317205E-08  5.316047E-11  2.277994E-14  1.927919E-18
  7.720000E-01  3.093100E-11  1.340256E-08  5.205581E-11  2.254616E-14  1.920373E-18
  7.740000E-01  3.090056E-11  1.363062E-08  5.097044E-11  2.231427E-14  1.912752E-18
  7.760000E-01  3.088844E-11  1.385608E-08  4.990409E-11  2.208427E-14  1.905057E-18
  7.780000E-01  3.089288E-11  1.407878E-08  4.885650E-11  2.185615E-14  1.897293E-18
  7.800000E-01  3.091221E-11  1.429856E-08  4.782739E-11  2.162990E-14  1.889462E-18
  7.820000E-01  3.094491E-11  1.451528E-08  4.681650E-11  2.140552E-14  1.881569E-18
  7.840000E-01  3.098955E-11  1.472881E-08  4.582357E-11  2.118298E-14  1.873616E-18
  7.860000E-01  3.104486E-11  1.493901E-08  4.484836E-11  2.096229E-14  1.865608E-18
  7.880000E-01  3.110968E-11  1.514576E-08  4.389060E-11  2.074342E-14  1.857548E-18
  7.900000E-01  3.118301E-11  1.534895E-08  4.295005E-11  2.052637E-14  1.849441E-18
  7.920000E-01  3.126396E-11  1.554846E-08  4.202646E-11  2.031113E-14  1.841292E-18
  7.940000E-01  3.135181E-11  1.574420E-08  4.111960E-11  2.009767E-14  1.833104E-18
  7.960000E-01  3.144594E-11  1.593605E-08  4.022922E-11  1.988598E-14  1.824882E-18
  7.980000E-01  3.154590E-11  1.612394E-08  3.935509E-11  1.967605E-14  1.816630E-18
  8.000000E-01  3.165137E-11  1.630777E-08  3.849698E-11  1.946787E-14  1.808353E-18
