  0.000000E+00  1.000000E+00  8.886510E-19  0.000000E+00  2.633063E-19  0.000000E+00  0.000000E+00  1.000000E+00 -5.332480E-09
  4.800000E-01  1.000000E+00  3.161033E-12  7.095574E-10  8.428345E-13  1.136964E-10  1.094830E-19  1.000000E+00 -4.850784E-09
  9.800000E-01  1.000000E+00  1.228421E-11  9.908015E-09  3.263666E-12  1.583780E-09  2.156775E-17  1.000000E+00  9.436678E-10
  1.480000E+00  9.999999E-01  2.703514E-11  3.941799E-08  7.140178E-12  6.274885E-09  3.473971E-16  1.000000E+00  1.872288E-08
  1.980000E+00  9.999999E-01  4.689030E-11  8.660500E-08  1.228025E-11  1.370677E-08  1.718511E-15  1.000000E+00  4.542670E-08
  2.480000E+00  9.999998E-01  7.123189E-11  1.253765E-07  1.844875E-11  1.972018E-08  3.697069E-15  9.999999E-01  6.537545E-08
  2.980000E+00  9.999998E-01  9.936858E-11  1.229410E-07  2.537776E-11  1.938718E-08  3.515046E-15  9.999999E-01  6.497571E-08
  3.480000E+00  9.999998E-01  1.302303E-10  8.026805E-08  3.270373E-11  1.367778E-08  1.022905E-15  9.999999E-01  5.889236E-08
  3.980000E+00  9.999998E-01  1.615733E-10  7.538447E-08  3.980651E-11  1.628271E-08  4.002962E-16  9.999999E-01  1.101305E-07
  4.480000E+00  9.999993E-01  1.889785E-10  2.817037E-07  4.562197E-11  5.596626E-08  7.151464E-15  9.999997E-01  3.268749E-07
  4.980000E+00  9.999981E-01  2.056819E-10  9.437312E-07  4.865784E-11  1.717072E-07  1.097104E-13  9.999992E-01  8.314089E-07
  5.480000E+00  9.999956E-01  2.046287E-10  2.313695E-06  4.739435E-11  4.015708E-07  8.131363E-13  9.999983E-01  1.712730E-06
  5.980000E+00  9.999917E-01  1.831267E-10  4.572082E-06  4.118582E-11  7.694953E-07  3.645303E-12  9.999970E-01  2.984161E-06
  6.480000E+00  9.999864E-01  1.482526E-10  7.761704E-06  3.122929E-11  1.275119E-06  1.168853E-11  9.999954E-01  4.564782E-06
  6.980000E+00  9.999801E-01  1.195004E-10  1.175649E-05  2.103460E-11  1.890130E-06  2.944417E-11  9.999937E-01  6.291573E-06
  7.480000E+00  9.999732E-01  1.257327E-10  1.626972E-05  1.585602E-11  2.561682E-06  6.161882E-11  9.999920E-01  7.955955E-06
  7.980000E+00  9.999665E-01  1.959891E-10  2.089280E-05  2.113960E-11  3.221153E-06  1.109282E-10  9.999906E-01  9.351543E-06
  8.480000E+00  9.999607E-01  3.464066E-10  2.515287E-05  4.029396E-11  3.796056E-06  1.755134E-10  9.999897E-01  1.032167E-05
  8.980000E+00  9.999564E-01  5.673534E-10  2.858514E-05  7.253579E-11  4.224244E-06  2.469097E-10  9.999892E-01  1.080195E-05
  9.480000E+00  9.999538E-01  8.162223E-10  3.082832E-05  1.115699E-10  4.471239E-06  3.098137E-10  9.999891E-01  1.085878E-05
  9.980000E+00  9.999530E-01  1.022165E-09  3.175727E-05  1.460628E-10  4.551985E-06  3.450721E-10  9.999893E-01  1.072512E-05
  1.002000E+01  9.999530E-01  1.030594E-09  3.176934E-05  1.475688E-10  4.552720E-06  3.456511E-10  9.999893E-01  1.072117E-05
